TN:
SF:src/L1/L1WrappedStakedTON.sol
FN:44,L1WrappedStakedTON.whenNotPaused
FNDA:6,L1WrappedStakedTON.whenNotPaused
DA:45,0
BRDA:45,0,0,-
DA:46,0
FN:54,L1WrappedStakedTON.whenPaused
FNDA:4,L1WrappedStakedTON.whenPaused
DA:55,4
BRDA:55,1,0,2
DA:56,2
FN:65,L1WrappedStakedTON.decimals
FNDA:0,L1WrappedStakedTON.decimals
DA:66,0
FN:73,L1WrappedStakedTON.pause
FNDA:8,L1WrappedStakedTON.pause
DA:74,8
DA:75,8
FN:82,L1WrappedStakedTON.unpause
FNDA:2,L1WrappedStakedTON.unpause
DA:83,2
DA:84,2
FN:101,L1WrappedStakedTON.initialize
FNDA:77,L1WrappedStakedTON.initialize
DA:111,77
DA:112,77
DA:113,77
DA:114,77
DA:115,77
DA:116,77
DA:117,77
DA:118,77
FN:124,L1WrappedStakedTON.setDepositManagerAddress
FNDA:2,L1WrappedStakedTON.setDepositManagerAddress
DA:125,2
FN:131,L1WrappedStakedTON.setSeigManagerAddress
FNDA:2,L1WrappedStakedTON.setSeigManagerAddress
DA:132,2
FN:146,L1WrappedStakedTON.onApprove
FNDA:6,L1WrappedStakedTON.onApprove
DA:147,6
BRDA:147,2,0,2
DA:148,2
DA:151,4
DA:152,2
DA:154,2
BRDA:154,3,0,-
DA:155,0
DA:158,2
DA:159,2
BRDA:159,4,0,2
BRDA:159,4,1,-
DA:160,2
DA:162,0
DA:165,2
BRDA:165,5,0,-
DA:166,0
DA:169,2
FN:178,L1WrappedStakedTON._decodeDepositAndGetWSTONOnApproveData
FNDA:4,L1WrappedStakedTON._decodeDepositAndGetWSTONOnApproveData
DA:183,4
BRDA:183,6,0,2
DA:184,2
DA:192,0
DA:195,0
FN:203,L1WrappedStakedTON.depositWTONAndGetWSTON
FNDA:40,L1WrappedStakedTON.depositWTONAndGetWSTON
DA:204,40
BRDA:204,7,0,-
DA:205,0
FN:214,L1WrappedStakedTON.depositWTONAndGetWSTONTo
FNDA:0,L1WrappedStakedTON.depositWTONAndGetWSTONTo
DA:215,0
BRDA:215,8,0,-
DA:216,0
FN:230,L1WrappedStakedTON.requestWithdrawal
FNDA:24,L1WrappedStakedTON.requestWithdrawal
DA:231,24
DA:232,24
BRDA:232,9,0,-
DA:233,0
FN:243,L1WrappedStakedTON.claimWithdrawalTotal
FNDA:6,L1WrappedStakedTON.claimWithdrawalTotal
DA:244,6
BRDA:244,10,0,-
DA:245,0
FN:256,L1WrappedStakedTON.claimWithdrawalIndex
FNDA:10,L1WrappedStakedTON.claimWithdrawalIndex
DA:257,10
BRDA:257,11,0,-
DA:258,0
FN:268,L1WrappedStakedTON.updateSeigniorage
FNDA:0,L1WrappedStakedTON.updateSeigniorage
DA:269,0
FN:293,L1WrappedStakedTON._depositAndGetWSTONTo
FNDA:42,L1WrappedStakedTON._depositAndGetWSTONTo
DA:295,42
DA:298,42
BRDA:298,12,0,2
DA:299,2
DA:303,40
BRDA:303,13,0,16
DA:304,16
BRDA:304,14,0,-
DA:305,0
DA:307,16
DA:309,40
DA:312,40
DA:313,40
DA:315,40
DA:317,40
BRDA:317,15,0,36
BRDA:317,15,1,-
DA:319,36
DA:322,36
BRDA:322,16,0,20
DA:323,20
DA:327,36
BRDA:327,17,0,-
DA:328,0
DA:331,36
DA:334,4
DA:337,4
DA:338,4
BRDA:338,18,0,-
DA:339,0
DA:341,4
DA:345,40
DA:347,36
DA:349,40
FN:358,L1WrappedStakedTON._requestWithdrawal
FNDA:24,L1WrappedStakedTON._requestWithdrawal
DA:359,24
BRDA:359,19,0,2
DA:360,2
DA:364,22
DA:365,22
DA:368,22
DA:370,22
BRDA:370,20,0,-
DA:371,0
DA:375,22
DA:384,22
DA:388,22
DA:390,22
DA:391,0
FN:399,L1WrappedStakedTON._claimWithdrawalTotal
FNDA:6,L1WrappedStakedTON._claimWithdrawalTotal
DA:400,6
DA:401,4
DA:404,6
DA:405,6
DA:408,6
BRDA:408,21,0,4
DA:409,4
DA:410,4
DA:415,6
BRDA:415,22,0,2
DA:416,2
DA:420,0
BRDA:420,23,0,-
BRDA:420,23,1,-
DA:421,0
BRDA:421,24,0,-
DA:422,0
DA:424,0
DA:425,0
DA:427,4
BRDA:427,25,0,-
DA:428,0
DA:430,4
DA:433,0
DA:434,4
FN:443,L1WrappedStakedTON._claimWithdrawalIndex
FNDA:10,L1WrappedStakedTON._claimWithdrawalIndex
DA:444,10
BRDA:444,26,0,2
DA:445,2
DA:449,8
DA:452,8
BRDA:452,27,0,2
DA:453,2
DA:457,6
BRDA:457,28,0,2
DA:458,2
DA:462,4
DA:464,4
DA:467,0
BRDA:467,29,0,-
BRDA:467,29,1,-
DA:468,0
DA:469,0
BRDA:469,30,0,-
DA:470,0
DA:472,0
DA:474,4
DA:475,4
BRDA:475,31,0,-
DA:476,0
DA:478,4
DA:481,0
DA:482,0
FN:492,L1WrappedStakedTON.updateStakingIndex
FNDA:62,L1WrappedStakedTON.updateStakingIndex
DA:493,62
DA:494,62
DA:496,62
BRDA:496,32,0,38
BRDA:496,32,1,24
DA:498,38
DA:500,24
DA:503,62
DA:504,62
DA:505,0
FN:514,L1WrappedStakedTON.addUser
FNDA:42,L1WrappedStakedTON.addUser
DA:515,42
BRDA:515,33,0,42
DA:516,42
DA:517,42
FN:527,L1WrappedStakedTON.getDepositWstonAmount
FNDA:40,L1WrappedStakedTON.getDepositWstonAmount
DA:528,40
DA:529,0
FN:536,L1WrappedStakedTON.stakeOf
FNDA:64,L1WrappedStakedTON.stakeOf
DA:537,64
FN:540,L1WrappedStakedTON.getLastWithdrawalRequest
FNDA:2,L1WrappedStakedTON.getLastWithdrawalRequest
DA:541,2
DA:542,2
DA:543,0
FN:552,L1WrappedStakedTON.getTotalClaimableAmountByUser
FNDA:0,L1WrappedStakedTON.getTotalClaimableAmountByUser
DA:553,0
DA:554,0
DA:555,0
DA:557,0
DA:558,0
DA:561,0
BRDA:561,34,0,-
DA:562,0
DA:566,0
FN:569,L1WrappedStakedTON.getWithdrawalRequest
FNDA:6,L1WrappedStakedTON.getWithdrawalRequest
DA:570,6
DA:571,0
FN:574,L1WrappedStakedTON.getDepositManager
FNDA:7,L1WrappedStakedTON.getDepositManager
DA:575,7
FN:578,L1WrappedStakedTON.getSeigManager
FNDA:7,L1WrappedStakedTON.getSeigManager
DA:579,7
FN:582,L1WrappedStakedTON.getStakingIndex
FNDA:20,L1WrappedStakedTON.getStakingIndex
DA:583,20
FN:586,L1WrappedStakedTON.getTonAddress
FNDA:0,L1WrappedStakedTON.getTonAddress
DA:587,0
FN:590,L1WrappedStakedTON.getWtonAddress
FNDA:0,L1WrappedStakedTON.getWtonAddress
DA:591,0
FN:594,L1WrappedStakedTON.getLayer2Address
FNDA:0,L1WrappedStakedTON.getLayer2Address
DA:595,0
FN:598,L1WrappedStakedTON.getWithdrawalRequestIndex
FNDA:0,L1WrappedStakedTON.getWithdrawalRequestIndex
DA:599,0
FN:602,L1WrappedStakedTON.getlastSeigBlock
FNDA:0,L1WrappedStakedTON.getlastSeigBlock
DA:603,0
FN:606,L1WrappedStakedTON.getPaused
FNDA:10,L1WrappedStakedTON.getPaused
DA:607,10
FNF:36
FNH:27
LF:161
LH:109
BRF:40
BRH:17
end_of_record
TN:
SF:src/L1/L1WrappedStakedTONFactory.sol
FN:12,L1WrappedStakedTONFactory.nonZeroAddress
FNDA:78,L1WrappedStakedTONFactory.nonZeroAddress
DA:13,78
BRDA:13,0,0,-
BRDA:13,0,1,-
FN:22,L1WrappedStakedTONFactory.initialize
FNDA:77,L1WrappedStakedTONFactory.initialize
DA:23,1
BRDA:23,1,0,1
DA:24,1
DA:26,76
DA:27,76
DA:28,76
DA:29,76
FN:42,L1WrappedStakedTONFactory.createWSTONToken
FNDA:77,L1WrappedStakedTONFactory.createWSTONToken
DA:55,77
DA:57,77
DA:58,0
DA:59,77
DA:71,77
DA:73,0
FN:80,L1WrappedStakedTONFactory.setWstonImplementation
FNDA:77,L1WrappedStakedTONFactory.setWstonImplementation
DA:81,77
FN:90,L1WrappedStakedTONFactory.upgradeWstonTo
FNDA:3,L1WrappedStakedTONFactory.upgradeWstonTo
DA:91,3
BRDA:91,2,0,1
DA:92,1
DA:94,2
DA:95,2
FNF:5
FNH:5
LF:18
LH:16
BRF:4
BRH:2
end_of_record
TN:
SF:src/L1/Mock/Candidate.sol
FN:34,Candidate.onlyCandidate
FNDA:0,Candidate.onlyCandidate
DA:35,0
BRDA:35,0,0,-
BRDA:35,0,1,-
DA:36,0
DA:37,0
BRDA:37,1,0,-
BRDA:37,1,1,-
DA:39,0
BRDA:39,2,0,-
BRDA:39,2,1,-
FN:44,Candidate.supportsInterface
FNDA:0,Candidate.supportsInterface
DA:45,0
FN:53,Candidate.initialize
FNDA:76,Candidate.initialize
DA:60,76
BRDA:60,3,0,76
BRDA:60,3,1,-
DA:66,76
DA:67,76
DA:68,76
DA:69,76
DA:70,76
FN:74,Candidate.setSeigManager
FNDA:0,Candidate.setSeigManager
DA:75,0
BRDA:75,4,0,-
BRDA:75,4,1,-
DA:76,0
FN:81,Candidate.setCommittee
FNDA:0,Candidate.setCommittee
DA:82,0
BRDA:82,5,0,-
BRDA:82,5,1,-
DA:83,0
FN:88,Candidate.setMemo
FNDA:0,Candidate.setMemo
DA:89,0
FN:95,Candidate.updateSeigniorage
FNDA:16,Candidate.updateSeigniorage
DA:96,16
BRDA:96,6,0,-
BRDA:96,6,1,-
DA:98,16
BRDA:98,7,0,16
BRDA:98,7,1,-
DA:99,16
FN:105,Candidate.changeMember
FNDA:0,Candidate.changeMember
DA:110,0
FN:115,Candidate.retireMember
FNDA:0,Candidate.retireMember
DA:116,0
FN:123,Candidate.castVote
FNDA:0,Candidate.castVote
DA:131,0
FN:134,Candidate.claimActivityReward
FNDA:0,Candidate.claimActivityReward
DA:138,0
DA:140,0
BRDA:140,8,0,-
BRDA:140,8,1,-
DA:141,0
DA:142,0
DA:144,0
DA:146,0
FN:151,Candidate.isCandidateContract
FNDA:0,Candidate.isCandidateContract
DA:152,0
FN:155,Candidate.isCandidateFwContract
FNDA:0,Candidate.isCandidateFwContract
DA:156,0
FN:159,Candidate.operator
FNDA:94,Candidate.operator
DA:159,94
FN:160,Candidate.isLayer2
FNDA:76,Candidate.isLayer2
DA:160,76
FN:161,Candidate.currentFork
FNDA:0,Candidate.currentFork
DA:161,0
FN:162,Candidate.lastEpoch
FNDA:0,Candidate.lastEpoch
DA:162,0
FN:163,Candidate.changeOperator
FNDA:0,Candidate.changeOperator
FN:167,Candidate.totalStaked
FNDA:0,Candidate.totalStaked
DA:172,0
DA:173,0
FN:179,Candidate.stakedOf
FNDA:0,Candidate.stakedOf
DA:186,0
DA:187,0
FN:190,Candidate._getCoinageToken
FNDA:0,Candidate._getCoinageToken
DA:191,0
DA:192,0
BRDA:192,9,0,-
BRDA:192,9,1,-
DA:193,0
DA:195,0
DA:198,0
BRDA:198,10,0,-
BRDA:198,10,1,-
DA:200,0
FNF:21
FNH:4
LF:44
LH:11
BRF:22
BRH:2
end_of_record
TN:
SF:src/L1/Mock/CoinageFactory.sol
FN:25,CoinageFactory.
FNDA:76,CoinageFactory.
FN:27,CoinageFactory.setAutoCoinageLogic
FNDA:0,CoinageFactory.setAutoCoinageLogic
DA:28,0
FN:31,CoinageFactory.deploy
FNDA:152,CoinageFactory.deploy
DA:32,152
DA:35,152
DA:42,152
FNF:3
FNH:2
LF:4
LH:3
BRF:0
BRH:0
end_of_record
TN:
SF:src/L1/Mock/DepositManager.sol
FN:40,DepositManager.onlyLayer2
FNDA:0,DepositManager.onlyLayer2
DA:41,0
BRDA:41,0,0,-
BRDA:41,0,1,-
FN:45,DepositManager.onlySeigManager
FNDA:0,DepositManager.onlySeigManager
DA:46,0
BRDA:46,1,0,-
BRDA:46,1,1,-
FN:58,DepositManager.initialize
FNDA:76,DepositManager.initialize
DA:64,76
BRDA:64,2,0,-
BRDA:64,2,1,-
DA:66,76
DA:67,76
DA:68,76
DA:69,76
FN:76,DepositManager.setSeigManager
FNDA:76,DepositManager.setSeigManager
DA:77,76
FN:84,DepositManager.onApprove
FNDA:4,DepositManager.onApprove
DA:90,4
BRDA:90,3,0,-
BRDA:90,3,1,-
DA:92,4
DA:93,4
BRDA:93,4,0,-
BRDA:93,4,1,-
DA:95,4
FN:98,DepositManager._decodeDepositManagerOnApproveData
FNDA:4,DepositManager._decodeDepositManagerOnApproveData
DA:101,4
BRDA:101,5,0,-
BRDA:101,5,1,-
DA:104,0
FN:116,DepositManager.deposit
FNDA:36,DepositManager.deposit
DA:117,36
BRDA:117,6,0,-
BRDA:117,6,1,-
DA:118,36
FN:121,DepositManager.deposit
FNDA:0,DepositManager.deposit
DA:122,0
BRDA:122,7,0,-
BRDA:122,7,1,-
DA:123,0
FN:126,DepositManager.deposit
FNDA:0,DepositManager.deposit
DA:127,0
BRDA:127,8,0,-
BRDA:127,8,1,-
DA:128,0
BRDA:128,9,0,-
BRDA:128,9,1,-
DA:130,0
DA:131,0
BRDA:131,10,0,-
BRDA:131,10,1,-
DA:134,0
FN:137,DepositManager._deposit
FNDA:40,DepositManager._deposit
DA:138,40
BRDA:138,11,0,40
BRDA:138,11,1,40
DA:139,40
DA:140,40
DA:141,40
DA:143,40
DA:145,40
DA:147,40
BRDA:147,12,0,40
BRDA:147,12,1,-
DA:149,40
FN:160,DepositManager.redeposit
FNDA:0,DepositManager.redeposit
DA:161,0
DA:162,0
BRDA:162,13,0,-
BRDA:162,13,1,-
DA:163,0
FN:166,DepositManager.redepositMulti
FNDA:0,DepositManager.redepositMulti
DA:167,0
DA:168,0
BRDA:168,14,0,-
BRDA:168,14,1,-
DA:169,0
FN:172,DepositManager._redeposit
FNDA:0,DepositManager._redeposit
DA:173,0
DA:175,0
BRDA:175,15,0,-
BRDA:175,15,1,-
DA:176,0
BRDA:176,16,0,-
BRDA:176,16,1,-
DA:178,0
DA:179,0
DA:180,0
DA:181,0
DA:183,0
BRDA:183,17,0,-
BRDA:183,17,1,-
DA:184,0
BRDA:184,18,0,-
BRDA:184,18,1,-
DA:186,0
DA:187,0
DA:192,0
DA:193,0
DA:194,0
DA:197,0
DA:198,0
DA:199,0
DA:201,0
DA:203,0
DA:205,0
BRDA:205,19,0,-
BRDA:205,19,1,-
DA:207,0
FN:214,DepositManager.slash
FNDA:0,DepositManager.slash
FN:222,DepositManager.setGlobalWithdrawalDelay
FNDA:0,DepositManager.setGlobalWithdrawalDelay
DA:223,0
FN:226,DepositManager.setWithdrawalDelay
FNDA:0,DepositManager.setWithdrawalDelay
DA:227,0
BRDA:227,20,0,-
BRDA:227,20,1,-
DA:228,0
FN:235,DepositManager.requestWithdrawal
FNDA:22,DepositManager.requestWithdrawal
DA:236,22
FN:239,DepositManager._requestWithdrawal
FNDA:22,DepositManager._requestWithdrawal
DA:240,22
BRDA:240,21,0,-
BRDA:240,21,1,-
DA:242,22
DA:248,22
DA:249,22
DA:250,22
DA:252,22
DA:254,22
BRDA:254,22,0,22
BRDA:254,22,1,-
DA:256,22
FN:259,DepositManager.processRequest
FNDA:8,DepositManager.processRequest
DA:260,8
FN:263,DepositManager._processRequest
FNDA:8,DepositManager._processRequest
DA:264,8
DA:265,8
BRDA:265,23,0,-
BRDA:265,23,1,-
DA:267,8
DA:269,8
BRDA:269,24,0,-
BRDA:269,24,1,-
DA:270,8
DA:272,8
DA:274,8
DA:276,8
DA:277,8
DA:278,8
DA:280,8
DA:281,8
DA:282,8
DA:284,0
BRDA:284,25,0,-
BRDA:284,25,1,-
DA:285,0
BRDA:285,26,0,-
BRDA:285,26,1,-
DA:287,8
DA:290,0
DA:291,0
FN:294,DepositManager.requestWithdrawalAll
FNDA:0,DepositManager.requestWithdrawalAll
DA:295,0
DA:296,0
FN:299,DepositManager.processRequests
FNDA:0,DepositManager.processRequests
DA:300,0
DA:301,0
BRDA:301,27,0,-
BRDA:301,27,1,-
DA:303,0
FN:306,DepositManager.numRequests
FNDA:0,DepositManager.numRequests
DA:307,0
FN:310,DepositManager.numPendingRequests
FNDA:0,DepositManager.numPendingRequests
DA:311,0
DA:312,0
DA:314,0
DA:316,0
FN:319,DepositManager._isOperator
FNDA:0,DepositManager._isOperator
DA:320,0
FN:323,DepositManager.getDelayBlocks
FNDA:46,DepositManager.getDelayBlocks
DA:324,46
FN:332,DepositManager.wton
FNDA:0,DepositManager.wton
DA:332,0
FN:333,DepositManager.registry
FNDA:0,DepositManager.registry
DA:333,0
FN:334,DepositManager.seigManager
FNDA:0,DepositManager.seigManager
DA:334,0
FN:336,DepositManager.accStaked
FNDA:0,DepositManager.accStaked
DA:336,0
FN:337,DepositManager.accStakedLayer2
FNDA:0,DepositManager.accStakedLayer2
DA:337,0
FN:338,DepositManager.accStakedAccount
FNDA:0,DepositManager.accStakedAccount
DA:338,0
FN:340,DepositManager.pendingUnstaked
FNDA:0,DepositManager.pendingUnstaked
DA:340,0
FN:341,DepositManager.pendingUnstakedLayer2
FNDA:0,DepositManager.pendingUnstakedLayer2
DA:341,0
FN:342,DepositManager.pendingUnstakedAccount
FNDA:0,DepositManager.pendingUnstakedAccount
DA:342,0
FN:344,DepositManager.accUnstaked
FNDA:0,DepositManager.accUnstaked
DA:344,0
FN:345,DepositManager.accUnstakedLayer2
FNDA:0,DepositManager.accUnstakedLayer2
DA:345,0
FN:346,DepositManager.accUnstakedAccount
FNDA:0,DepositManager.accUnstakedAccount
DA:346,0
FN:348,DepositManager.withdrawalRequestIndex
FNDA:0,DepositManager.withdrawalRequestIndex
DA:348,0
FN:349,DepositManager.withdrawalRequest
FNDA:0,DepositManager.withdrawalRequest
DA:350,0
DA:351,0
DA:352,0
FNF:40
FNH:11
LF:117
LH:46
BRF:56
BRH:4
end_of_record
TN:
SF:src/L1/Mock/Layer2Registry.sol
FN:23,Layer2Registry.onlyMinterOrOperator
FNDA:0,Layer2Registry.onlyMinterOrOperator
DA:24,0
BRDA:24,0,0,-
BRDA:24,0,1,-
FN:30,Layer2Registry.deployCoinage
FNDA:0,Layer2Registry.deployCoinage
DA:38,0
FN:41,Layer2Registry.registerAndDeployCoinage
FNDA:76,Layer2Registry.registerAndDeployCoinage
DA:48,76
BRDA:48,1,0,-
BRDA:48,1,1,-
DA:49,76
BRDA:49,2,0,-
BRDA:49,2,1,-
DA:50,76
FN:53,Layer2Registry.registerAndDeployCoinageAndSetCommissionRate
FNDA:0,Layer2Registry.registerAndDeployCoinageAndSetCommissionRate
DA:63,0
BRDA:63,3,0,-
BRDA:63,3,1,-
DA:64,0
BRDA:64,4,0,-
BRDA:64,4,1,-
DA:65,0
BRDA:65,5,0,-
BRDA:65,5,1,-
DA:66,0
FN:69,Layer2Registry.register
FNDA:0,Layer2Registry.register
DA:74,0
FN:77,Layer2Registry.unregister
FNDA:0,Layer2Registry.unregister
DA:78,0
BRDA:78,6,0,-
BRDA:78,6,1,-
DA:80,0
DA:81,0
FN:87,Layer2Registry.layer2s
FNDA:0,Layer2Registry.layer2s
DA:88,0
FN:91,Layer2Registry.numLayer2s
FNDA:0,Layer2Registry.numLayer2s
DA:92,0
FN:95,Layer2Registry.layer2ByIndex
FNDA:0,Layer2Registry.layer2ByIndex
DA:96,0
FN:101,Layer2Registry._register
FNDA:76,Layer2Registry._register
DA:102,76
BRDA:102,7,0,-
BRDA:102,7,1,-
DA:103,76
BRDA:103,8,0,76
BRDA:103,8,1,-
DA:105,76
DA:106,76
DA:107,76
DA:109,0
FN:112,Layer2Registry._deployCoinage
FNDA:76,Layer2Registry._deployCoinage
DA:119,76
FN:122,Layer2Registry._setCommissionRate
FNDA:0,Layer2Registry._setCommissionRate
DA:131,0
FNF:12
FNH:3
LF:24
LH:9
BRF:18
BRH:1
end_of_record
TN:
SF:src/L1/Mock/MockToken.sol
FN:8,MockToken.
FNDA:0,MockToken.
DA:9,0
FN:12,MockToken.decimals
FNDA:0,MockToken.decimals
DA:13,0
FN:16,MockToken.mint
FNDA:0,MockToken.mint
DA:17,0
FNF:3
FNH:0
LF:3
LH:0
BRF:0
BRH:0
end_of_record
TN:
SF:src/L1/Mock/SeigManager.sol
FN:94,SeigManager.onlyRegistry
FNDA:0,SeigManager.onlyRegistry
DA:95,0
BRDA:95,0,0,-
BRDA:95,0,1,-
FN:99,SeigManager.onlyRegistryOrOperator
FNDA:0,SeigManager.onlyRegistryOrOperator
DA:100,0
BRDA:100,1,0,-
BRDA:100,1,1,-
FN:104,SeigManager.onlyDepositManager
FNDA:40,SeigManager.onlyDepositManager
DA:105,40
BRDA:105,2,0,-
BRDA:105,2,1,-
FN:109,SeigManager.onlyLayer2
FNDA:0,SeigManager.onlyLayer2
DA:110,0
BRDA:110,3,0,-
BRDA:110,3,1,-
FN:114,SeigManager.checkCoinage
FNDA:40,SeigManager.checkCoinage
DA:115,40
BRDA:115,4,0,-
BRDA:115,4,1,-
FN:119,SeigManager.whenNotPaused
FNDA:0,SeigManager.whenNotPaused
DA:120,0
BRDA:120,5,0,-
BRDA:120,5,1,-
FN:127,SeigManager.whenPaused
FNDA:0,SeigManager.whenPaused
DA:128,0
BRDA:128,6,0,-
BRDA:128,6,1,-
FN:158,SeigManager.initialize
FNDA:76,SeigManager.initialize
DA:167,76
BRDA:167,7,0,76
BRDA:167,7,1,76
DA:169,76
DA:170,76
DA:171,76
DA:172,76
DA:173,76
DA:175,76
DA:176,76
DA:177,76
BRDA:177,8,0,-
BRDA:177,8,1,-
DA:178,76
DA:180,76
FN:188,SeigManager.pause
FNDA:0,SeigManager.pause
DA:189,0
DA:190,0
DA:191,0
FN:197,SeigManager.unpause
FNDA:0,SeigManager.unpause
DA:198,0
DA:199,0
DA:200,0
FN:208,SeigManager.setData
FNDA:0,SeigManager.setData
DA:217,0
BRDA:217,9,0,-
BRDA:217,9,1,-
DA:220,0
DA:221,0
DA:222,0
DA:223,0
DA:224,0
DA:225,0
DA:226,0
DA:228,0
DA:229,0
DA:230,0
FN:233,SeigManager.setPowerTON
FNDA:0,SeigManager.setPowerTON
DA:234,0
FN:237,SeigManager.setDao
FNDA:0,SeigManager.setDao
DA:238,0
FN:241,SeigManager.setPowerTONSeigRate
FNDA:0,SeigManager.setPowerTONSeigRate
DA:242,0
BRDA:242,10,0,-
BRDA:242,10,1,-
DA:243,0
DA:244,0
FN:247,SeigManager.setDaoSeigRate
FNDA:0,SeigManager.setDaoSeigRate
DA:248,0
BRDA:248,11,0,-
BRDA:248,11,1,-
DA:249,0
DA:250,0
FN:253,SeigManager.setPseigRate
FNDA:0,SeigManager.setPseigRate
DA:254,0
BRDA:254,12,0,-
BRDA:254,12,1,-
DA:255,0
DA:256,0
FN:259,SeigManager.setCoinageFactory
FNDA:0,SeigManager.setCoinageFactory
DA:260,0
FN:263,SeigManager.transferCoinageOwnership
FNDA:0,SeigManager.transferCoinageOwnership
DA:264,0
DA:265,0
DA:266,0
DA:267,0
DA:268,0
FN:272,SeigManager.renounceWTONMinter
FNDA:0,SeigManager.renounceWTONMinter
DA:273,0
FN:276,SeigManager.setAdjustDelay
FNDA:0,SeigManager.setAdjustDelay
DA:277,0
FN:280,SeigManager.setMinimumAmount
FNDA:0,SeigManager.setMinimumAmount
DA:281,0
FN:292,SeigManager.deployCoinage
FNDA:76,SeigManager.deployCoinage
DA:294,76
DA:295,76
BRDA:295,13,0,76
DA:296,76
DA:298,76
DA:299,76
DA:302,76
FN:305,SeigManager.setCommissionRate
FNDA:0,SeigManager.setCommissionRate
DA:315,0
BRDA:315,14,0,-
BRDA:315,14,1,-
DA:321,0
DA:322,0
DA:323,0
BRDA:323,15,0,-
BRDA:322,15,1,-
DA:324,0
DA:326,0
DA:327,0
DA:328,0
DA:331,0
DA:333,0
FN:342,SeigManager.slash
FNDA:0,SeigManager.slash
DA:343,0
DA:345,0
FN:355,SeigManager.onDeposit
FNDA:40,SeigManager.onDeposit
DA:361,40
DA:362,0
BRDA:362,16,0,-
DA:363,0
BRDA:363,17,0,-
BRDA:363,17,1,-
DA:365,40
DA:366,40
DA:368,40
FN:371,SeigManager.onWithdraw
FNDA:22,SeigManager.onWithdraw
DA:377,22
BRDA:377,18,0,22
BRDA:377,18,1,-
DA:379,22
DA:380,0
BRDA:380,19,0,-
DA:381,0
BRDA:381,20,0,-
BRDA:381,20,1,-
DA:385,22
DA:386,22
DA:389,22
DA:391,22
DA:393,22
FN:404,SeigManager.updateSeigniorage
FNDA:16,SeigManager.updateSeigniorage
DA:411,0
BRDA:411,21,0,-
DA:413,16
BRDA:413,22,0,-
BRDA:413,22,1,-
DA:415,16
DA:416,16
BRDA:416,23,0,-
BRDA:416,23,1,-
DA:418,16
DA:420,16
DA:422,16
DA:424,16
DA:425,16
DA:430,16
DA:431,0
BRDA:431,24,0,-
DA:432,0
DA:435,16
DA:436,16
DA:437,16
DA:441,16
DA:443,16
DA:454,16
DA:462,16
DA:463,0
BRDA:463,25,0,-
DA:464,0
BRDA:464,26,0,-
BRDA:463,26,1,-
DA:466,0
DA:470,16
BRDA:470,27,0,16
BRDA:470,27,1,-
DA:471,16
DA:473,16
DA:474,16
DA:476,16
FN:484,SeigManager.getOperatorAmount
FNDA:16,SeigManager.getOperatorAmount
DA:485,16
DA:486,16
FN:492,SeigManager.onTransfer
FNDA:0,SeigManager.onTransfer
DA:493,0
BRDA:493,28,0,-
BRDA:493,28,1,-
DA:496,0
DA:497,0
BRDA:497,29,0,-
DA:500,0
FN:504,SeigManager.additionalTotBurnAmount
FNDA:0,SeigManager.additionalTotBurnAmount
DA:509,0
FN:513,SeigManager.uncomittedStakeOf
FNDA:0,SeigManager.uncomittedStakeOf
DA:514,0
DA:516,0
DA:517,0
DA:518,0
DA:519,0
DA:521,0
DA:526,0
FN:529,SeigManager.stakeOf
FNDA:72,SeigManager.stakeOf
DA:530,72
FN:533,SeigManager.stakeOfAt
FNDA:0,SeigManager.stakeOfAt
DA:534,0
FN:537,SeigManager.stakeOf
FNDA:0,SeigManager.stakeOf
DA:538,0
DA:540,0
DA:541,0
DA:542,0
FN:546,SeigManager.stakeOfAt
FNDA:0,SeigManager.stakeOfAt
DA:547,0
DA:549,0
DA:550,0
DA:551,0
FN:555,SeigManager.stakeOfTotal
FNDA:0,SeigManager.stakeOfTotal
DA:556,0
FN:559,SeigManager.stakeOfTotalAt
FNDA:0,SeigManager.stakeOfTotalAt
DA:560,0
FN:563,SeigManager.onSnapshot
FNDA:0,SeigManager.onSnapshot
DA:564,0
DA:565,0
DA:566,0
FN:569,SeigManager.updateSeigniorageLayer
FNDA:0,SeigManager.updateSeigniorageLayer
DA:570,0
BRDA:570,30,0,-
BRDA:570,30,1,-
DA:571,0
FN:584,SeigManager._additionalTotBurnAmount
FNDA:22,SeigManager._additionalTotBurnAmount
DA:589,22
DA:590,22
DA:594,22
DA:595,22
BRDA:595,31,0,22
DA:598,0
DA:599,0
FN:608,SeigManager._calcSeigsDistribution
FNDA:16,SeigManager._calcSeigsDistribution
DA:619,16
DA:620,0
BRDA:620,32,0,-
DA:621,0
DA:622,0
DA:625,16
DA:627,16
DA:630,16
DA:631,16
BRDA:631,33,0,16
DA:635,0
DA:636,0
BRDA:636,34,0,-
DA:637,0
DA:638,0
DA:642,0
DA:643,0
BRDA:643,35,0,-
DA:647,0
DA:650,0
DA:651,0
BRDA:651,36,0,-
DA:654,0
DA:657,0
DA:663,0
DA:668,0
DA:672,0
DA:674,0
FN:677,SeigManager._calcNewFactor
FNDA:32,SeigManager._calcNewFactor
DA:678,32
FN:682,SeigManager._calcNumSeigBlocks
FNDA:16,SeigManager._calcNumSeigBlocks
DA:683,16
BRDA:683,37,0,-
BRDA:683,37,1,-
DA:685,16
DA:686,16
DA:687,16
BRDA:687,38,0,16
DA:688,16
DA:690,0
FN:693,SeigManager._isOperator
FNDA:62,SeigManager._isOperator
DA:694,62
FN:698,SeigManager._increaseTot
FNDA:16,SeigManager._increaseTot
DA:700,16
DA:701,0
BRDA:701,39,0,-
DA:702,0
DA:704,16
DA:705,0
BRDA:705,40,0,-
DA:707,0
DA:709,16
DA:710,16
DA:715,16
DA:718,16
DA:721,16
DA:724,16
DA:725,16
DA:733,16
DA:735,16
DA:737,16
DA:739,16
DA:741,16
DA:743,16
DA:744,16
DA:745,16
DA:747,16
DA:748,0
BRDA:748,41,0,-
DA:749,0
DA:750,0
DA:753,16
DA:754,0
BRDA:754,42,0,-
DA:755,0
DA:758,16
DA:759,0
BRDA:759,43,0,-
DA:760,0
DA:763,16
DA:766,16
FN:774,SeigManager.registry
FNDA:0,SeigManager.registry
DA:774,0
FN:775,SeigManager.depositManager
FNDA:0,SeigManager.depositManager
DA:775,0
FN:776,SeigManager.ton
FNDA:0,SeigManager.ton
DA:776,0
FN:777,SeigManager.wton
FNDA:0,SeigManager.wton
DA:777,0
FN:778,SeigManager.powerton
FNDA:0,SeigManager.powerton
DA:778,0
FN:779,SeigManager.tot
FNDA:0,SeigManager.tot
DA:779,0
FN:780,SeigManager.coinages
FNDA:0,SeigManager.coinages
DA:780,0
FN:781,SeigManager.commissionRates
FNDA:0,SeigManager.commissionRates
DA:781,0
FN:782,SeigManager.isCommissionRateNegative
FNDA:0,SeigManager.isCommissionRateNegative
DA:782,0
FN:784,SeigManager.lastCommitBlock
FNDA:0,SeigManager.lastCommitBlock
DA:784,0
FN:785,SeigManager.seigPerBlock
FNDA:0,SeigManager.seigPerBlock
DA:785,0
FN:786,SeigManager.lastSeigBlock
FNDA:16,SeigManager.lastSeigBlock
DA:786,16
FN:787,SeigManager.pausedBlock
FNDA:0,SeigManager.pausedBlock
DA:787,0
FN:788,SeigManager.unpausedBlock
FNDA:0,SeigManager.unpausedBlock
DA:788,0
FN:790,SeigManager.DEFAULT_FACTOR
FNDA:0,SeigManager.DEFAULT_FACTOR
DA:790,0
FN:795,SeigManager.renounceMinter
FNDA:0,SeigManager.renounceMinter
DA:796,0
FN:799,SeigManager.renouncePauser
FNDA:0,SeigManager.renouncePauser
DA:800,0
FN:803,SeigManager.renounceOwnership
FNDA:0,SeigManager.renounceOwnership
DA:804,0
FN:807,SeigManager.transferOwnership
FNDA:0,SeigManager.transferOwnership
DA:808,0
FN:813,SeigManager.progressSnapshotId
FNDA:156,SeigManager.progressSnapshotId
DA:814,156
FN:819,SeigManager.totalSupplyOfTon
FNDA:16,SeigManager.totalSupplyOfTon
DA:821,16
FNF:66
FNH:18
LF:237
LH:95
BRF:69
BRH:8
end_of_record
TN:
SF:src/L1/Mock/common/AccessibleCommon.sol
FN:9,AccessibleCommon.onlyOwner
FNDA:0,AccessibleCommon.onlyOwner
DA:10,0
BRDA:10,0,0,-
BRDA:10,0,1,-
FN:16,AccessibleCommon.addAdmin
FNDA:0,AccessibleCommon.addAdmin
DA:17,0
FN:22,AccessibleCommon.removeAdmin
FNDA:0,AccessibleCommon.removeAdmin
DA:23,0
FN:28,AccessibleCommon.transferAdmin
FNDA:0,AccessibleCommon.transferAdmin
DA:29,0
BRDA:29,1,0,-
BRDA:29,1,1,-
DA:30,0
BRDA:30,2,0,-
BRDA:30,2,1,-
DA:32,0
DA:33,0
FN:36,AccessibleCommon.transferOwnership
FNDA:0,AccessibleCommon.transferOwnership
DA:37,0
FN:40,AccessibleCommon.renounceOwnership
FNDA:0,AccessibleCommon.renounceOwnership
DA:41,0
FN:46,AccessibleCommon.isAdmin
FNDA:0,AccessibleCommon.isAdmin
DA:47,0
FN:50,AccessibleCommon.isOwner
FNDA:0,AccessibleCommon.isOwner
DA:51,0
FN:54,AccessibleCommon.supportsInterface
FNDA:0,AccessibleCommon.supportsInterface
DA:55,0
FNF:9
FNH:0
LF:12
LH:0
BRF:6
BRH:0
end_of_record
TN:
SF:src/L1/Mock/common/AuthControlCoinage.sol
FN:9,AuthControlCoinage.onlyOwner
FNDA:0,AuthControlCoinage.onlyOwner
DA:10,0
BRDA:10,0,0,-
BRDA:10,0,1,-
FN:14,AuthControlCoinage.onlyMinter
FNDA:0,AuthControlCoinage.onlyMinter
DA:15,0
BRDA:15,1,0,-
BRDA:15,1,1,-
FN:19,AuthControlCoinage.onlyOperator
FNDA:0,AuthControlCoinage.onlyOperator
DA:20,0
BRDA:20,2,0,-
BRDA:20,2,1,-
FN:27,AuthControlCoinage.addAdmin
FNDA:0,AuthControlCoinage.addAdmin
DA:28,0
FN:31,AuthControlCoinage.addMinter
FNDA:0,AuthControlCoinage.addMinter
DA:32,0
FN:35,AuthControlCoinage.addOperator
FNDA:0,AuthControlCoinage.addOperator
DA:36,0
FN:41,AuthControlCoinage.removeAdmin
FNDA:0,AuthControlCoinage.removeAdmin
DA:42,0
FN:45,AuthControlCoinage.removeMinter
FNDA:0,AuthControlCoinage.removeMinter
DA:46,0
FN:49,AuthControlCoinage.removeOperator
FNDA:0,AuthControlCoinage.removeOperator
DA:50,0
FN:55,AuthControlCoinage.transferAdmin
FNDA:0,AuthControlCoinage.transferAdmin
DA:56,0
BRDA:56,3,0,-
BRDA:56,3,1,-
DA:57,0
BRDA:57,4,0,-
BRDA:57,4,1,-
DA:59,0
DA:60,0
FN:63,AuthControlCoinage.transferOwnership
FNDA:0,AuthControlCoinage.transferOwnership
DA:64,0
FN:67,AuthControlCoinage.renounceOwnership
FNDA:0,AuthControlCoinage.renounceOwnership
DA:68,0
FN:71,AuthControlCoinage.renounceMinter
FNDA:0,AuthControlCoinage.renounceMinter
DA:72,0
FN:75,AuthControlCoinage.renounceOperator
FNDA:0,AuthControlCoinage.renounceOperator
DA:76,0
FN:79,AuthControlCoinage.revokeMinter
FNDA:0,AuthControlCoinage.revokeMinter
DA:80,0
FN:83,AuthControlCoinage.revokeOperator
FNDA:0,AuthControlCoinage.revokeOperator
DA:84,0
FN:89,AuthControlCoinage.isAdmin
FNDA:0,AuthControlCoinage.isAdmin
DA:90,0
FN:93,AuthControlCoinage.isOwner
FNDA:0,AuthControlCoinage.isOwner
DA:94,0
FN:97,AuthControlCoinage.isMinter
FNDA:0,AuthControlCoinage.isMinter
DA:98,0
FN:101,AuthControlCoinage.isOperator
FNDA:0,AuthControlCoinage.isOperator
DA:102,0
FN:105,AuthControlCoinage.supportsInterface
FNDA:0,AuthControlCoinage.supportsInterface
DA:106,0
FNF:21
FNH:0
LF:24
LH:0
BRF:10
BRH:0
end_of_record
TN:
SF:src/L1/Mock/common/AuthControlSeigManager.sol
FN:9,AuthControlSeigManager.onlyOwner
FNDA:0,AuthControlSeigManager.onlyOwner
DA:10,0
BRDA:10,0,0,-
BRDA:10,0,1,-
FN:14,AuthControlSeigManager.onlyMinter
FNDA:0,AuthControlSeigManager.onlyMinter
DA:15,0
BRDA:15,1,0,-
BRDA:15,1,1,-
FN:19,AuthControlSeigManager.onlyOperator
FNDA:0,AuthControlSeigManager.onlyOperator
DA:20,0
BRDA:20,2,0,-
BRDA:20,2,1,-
FN:24,AuthControlSeigManager.onlyChallenger
FNDA:0,AuthControlSeigManager.onlyChallenger
DA:25,0
BRDA:25,3,0,-
BRDA:25,3,1,-
FN:29,AuthControlSeigManager.onlyPauser
FNDA:0,AuthControlSeigManager.onlyPauser
DA:30,0
BRDA:30,4,0,-
BRDA:30,4,1,-
FN:34,AuthControlSeigManager.onlyMinterOrAdmin
FNDA:0,AuthControlSeigManager.onlyMinterOrAdmin
DA:35,0
BRDA:35,5,0,-
BRDA:35,5,1,-
FN:41,AuthControlSeigManager.addAdmin
FNDA:0,AuthControlSeigManager.addAdmin
DA:42,0
FN:45,AuthControlSeigManager.addMinter
FNDA:0,AuthControlSeigManager.addMinter
DA:46,0
FN:49,AuthControlSeigManager.addOperator
FNDA:0,AuthControlSeigManager.addOperator
DA:50,0
FN:53,AuthControlSeigManager.addChallenger
FNDA:0,AuthControlSeigManager.addChallenger
DA:54,0
FN:59,AuthControlSeigManager.removeAdmin
FNDA:0,AuthControlSeigManager.removeAdmin
DA:60,0
FN:63,AuthControlSeigManager.removeMinter
FNDA:0,AuthControlSeigManager.removeMinter
DA:64,0
FN:67,AuthControlSeigManager.removeChallenger
FNDA:0,AuthControlSeigManager.removeChallenger
DA:68,0
FN:71,AuthControlSeigManager.removeOperator
FNDA:0,AuthControlSeigManager.removeOperator
DA:72,0
FN:76,AuthControlSeigManager.transferAdmin
FNDA:0,AuthControlSeigManager.transferAdmin
DA:77,0
BRDA:77,6,0,-
BRDA:77,6,1,-
DA:78,0
BRDA:78,7,0,-
BRDA:78,7,1,-
DA:80,0
DA:81,0
FN:84,AuthControlSeigManager.transferOwnership
FNDA:0,AuthControlSeigManager.transferOwnership
DA:85,0
FN:88,AuthControlSeigManager.renounceOwnership
FNDA:0,AuthControlSeigManager.renounceOwnership
DA:89,0
FN:92,AuthControlSeigManager.renounceMinter
FNDA:0,AuthControlSeigManager.renounceMinter
DA:93,0
FN:96,AuthControlSeigManager.renounceOperator
FNDA:0,AuthControlSeigManager.renounceOperator
DA:97,0
FN:100,AuthControlSeigManager.renounceChallenger
FNDA:0,AuthControlSeigManager.renounceChallenger
DA:101,0
FN:104,AuthControlSeigManager.revokeMinter
FNDA:0,AuthControlSeigManager.revokeMinter
DA:105,0
FN:108,AuthControlSeigManager.revokeOperator
FNDA:0,AuthControlSeigManager.revokeOperator
DA:109,0
FN:112,AuthControlSeigManager.revokeChallenger
FNDA:0,AuthControlSeigManager.revokeChallenger
DA:113,0
FN:118,AuthControlSeigManager.isAdmin
FNDA:0,AuthControlSeigManager.isAdmin
DA:119,0
FN:122,AuthControlSeigManager.isOwner
FNDA:0,AuthControlSeigManager.isOwner
DA:123,0
FN:126,AuthControlSeigManager.isMinter
FNDA:0,AuthControlSeigManager.isMinter
DA:127,0
FN:130,AuthControlSeigManager.isOperator
FNDA:0,AuthControlSeigManager.isOperator
DA:131,0
FN:134,AuthControlSeigManager.isChallenger
FNDA:0,AuthControlSeigManager.isChallenger
DA:135,0
FN:138,AuthControlSeigManager.supportsInterface
FNDA:0,AuthControlSeigManager.supportsInterface
DA:139,0
FNF:29
FNH:0
LF:32
LH:0
BRF:16
BRH:0
end_of_record
TN:
SF:src/L1/Mock/libraries/DSMath.sol
FN:5,DSMath.add
FNDA:112,DSMath.add
DA:6,112
BRDA:6,0,0,-
BRDA:6,0,1,-
FN:8,DSMath.sub
FNDA:0,DSMath.sub
DA:9,0
BRDA:9,1,0,-
BRDA:9,1,1,-
FN:11,DSMath.mul
FNDA:706,DSMath.mul
DA:12,706
BRDA:12,2,0,706
BRDA:12,2,1,690
FN:15,DSMath.min
FNDA:0,DSMath.min
DA:16,0
FN:18,DSMath.max
FNDA:0,DSMath.max
DA:19,0
FN:21,DSMath.imin
FNDA:0,DSMath.imin
DA:22,0
FN:24,DSMath.imax
FNDA:0,DSMath.imax
DA:25,0
FN:31,DSMath.wmul
FNDA:0,DSMath.wmul
DA:32,0
FN:34,DSMath.rmul
FNDA:64,DSMath.rmul
DA:35,64
FN:37,DSMath.wdiv
FNDA:0,DSMath.wdiv
DA:38,0
FN:40,DSMath.rdiv
FNDA:48,DSMath.rdiv
DA:41,48
FN:44,DSMath.wmul2
FNDA:0,DSMath.wmul2
DA:45,0
FN:47,DSMath.rmul2
FNDA:346,DSMath.rmul2
DA:48,346
FN:50,DSMath.wdiv2
FNDA:0,DSMath.wdiv2
DA:51,0
FN:53,DSMath.rdiv2
FNDA:248,DSMath.rdiv2
DA:54,248
FN:72,DSMath.wpow
FNDA:0,DSMath.wpow
DA:73,0
DA:75,0
DA:76,0
DA:78,0
BRDA:78,3,0,-
DA:79,0
FN:84,DSMath.rpow
FNDA:0,DSMath.rpow
DA:85,0
DA:87,0
DA:88,0
DA:90,0
BRDA:90,4,0,-
DA:91,0
FNF:17
FNH:6
LF:25
LH:6
BRF:8
BRH:2
end_of_record
TN:
SF:src/L1/Mock/libraries/SArrays.sol
FN:19,SArrays.findUpperBound
FNDA:0,SArrays.findUpperBound
DA:20,0
BRDA:20,0,0,-
DA:21,0
DA:24,0
DA:25,0
DA:27,0
DA:28,0
DA:32,0
BRDA:32,1,0,-
BRDA:32,1,1,-
DA:33,0
DA:35,0
DA:40,0
BRDA:40,2,0,-
BRDA:40,2,1,-
DA:41,0
DA:43,0
FN:47,SArrays.findIndex
FNDA:0,SArrays.findIndex
DA:49,0
DA:52,0
DA:54,0
DA:57,0
DA:58,0
DA:59,0
DA:60,0
DA:62,0
BRDA:62,6,0,-
BRDA:62,6,1,-
DA:63,0
DA:65,0
DA:69,0
FN:72,SArrays.findValue
FNDA:0,SArrays.findValue
DA:74,0
DA:77,0
DA:79,0
DA:82,0
DA:83,0
DA:84,0
DA:85,0
DA:87,0
BRDA:87,10,0,-
BRDA:87,10,1,-
DA:88,0
DA:90,0
DA:94,0
FNF:3
FNH:0
LF:34
LH:0
BRF:9
BRH:0
end_of_record
TN:
SF:src/L1/Mock/proxy/ProxyCoinage.sol
FN:18,ProxyCoinage.
FNDA:0,ProxyCoinage.
DA:19,0
DA:20,0
DA:21,0
FN:28,ProxyCoinage.setProxyPause
FNDA:0,ProxyCoinage.setProxyPause
DA:29,0
FN:34,ProxyCoinage.upgradeTo
FNDA:0,ProxyCoinage.upgradeTo
DA:35,0
BRDA:35,0,0,-
BRDA:35,0,1,-
DA:36,0
BRDA:36,1,0,-
BRDA:36,1,1,-
DA:40,0
DA:41,0
FN:46,ProxyCoinage.setImplementation2
FNDA:0,ProxyCoinage.setImplementation2
DA:51,0
FN:55,ProxyCoinage.setAliveImplementation2
FNDA:0,ProxyCoinage.setAliveImplementation2
DA:58,0
FN:62,ProxyCoinage.setSelectorImplementations2
FNDA:0,ProxyCoinage.setSelectorImplementations2
DA:66,0
BRDA:66,2,0,-
BRDA:66,2,1,-
DA:70,0
BRDA:70,3,0,-
BRDA:70,3,1,-
DA:72,0
DA:73,0
BRDA:73,4,0,-
BRDA:73,4,1,-
DA:77,0
DA:78,0
FN:89,ProxyCoinage.implementation
FNDA:0,ProxyCoinage.implementation
DA:90,0
FN:94,ProxyCoinage.implementation2
FNDA:0,ProxyCoinage.implementation2
DA:95,0
FN:100,ProxyCoinage.getSelectorImplementation2
FNDA:0,ProxyCoinage.getSelectorImplementation2
DA:105,0
DA:106,0
DA:107,0
BRDA:107,5,0,-
BRDA:106,5,1,-
DA:108,0
BRDA:108,6,0,-
DA:109,0
DA:111,0
FN:121,ProxyCoinage.
FNDA:0,ProxyCoinage.
DA:122,0
FN:130,ProxyCoinage._implementation2
FNDA:0,ProxyCoinage._implementation2
DA:135,0
FN:139,ProxyCoinage._fallback
FNDA:0,ProxyCoinage._fallback
DA:140,0
DA:142,0
BRDA:142,7,0,-
BRDA:142,7,1,-
DA:151,0
DA:155,0
DA:158,0
DA:162,0
DA:163,0
DA:165,0
DA:166,0
FN:175,ProxyCoinage._setImplementation2
FNDA:0,ProxyCoinage._setImplementation2
DA:180,0
BRDA:180,8,0,-
DA:181,0
FN:187,ProxyCoinage._setAliveImplementation2
FNDA:0,ProxyCoinage._setAliveImplementation2
DA:190,0
DA:191,0
FNF:14
FNH:0
LF:39
LH:0
BRF:16
BRH:0
end_of_record
TN:
SF:src/L1/Mock/proxy/RefactorCoinageSnapshot.sol
FN:39,RefactorCoinageSnapshot.initialize
FNDA:152,RefactorCoinageSnapshot.initialize
DA:46,152
BRDA:46,0,0,-
BRDA:46,0,1,-
DA:48,152
DA:49,152
DA:50,152
DA:51,152
FN:59,RefactorCoinageSnapshot.setFactor
FNDA:32,RefactorCoinageSnapshot.setFactor
DA:60,32
DA:63,32
DA:64,32
DA:66,32
DA:67,0
DA:70,32
DA:71,32
DA:74,32
DA:75,32
FN:78,RefactorCoinageSnapshot.setSeigManager
FNDA:0,RefactorCoinageSnapshot.setSeigManager
DA:79,0
FN:86,RefactorCoinageSnapshot.mint
FNDA:80,RefactorCoinageSnapshot.mint
DA:87,80
DA:88,80
FN:91,RefactorCoinageSnapshot.burnFrom
FNDA:44,RefactorCoinageSnapshot.burnFrom
DA:92,44
FN:97,RefactorCoinageSnapshot.burn
FNDA:0,RefactorCoinageSnapshot.burn
DA:98,0
FN:101,RefactorCoinageSnapshot.decimals
FNDA:0,RefactorCoinageSnapshot.decimals
DA:102,0
FN:107,RefactorCoinageSnapshot.factor
FNDA:32,RefactorCoinageSnapshot.factor
DA:108,32
DA:109,32
FN:114,RefactorCoinageSnapshot._mint
FNDA:80,RefactorCoinageSnapshot._mint
DA:115,80
BRDA:115,1,0,-
BRDA:115,1,1,-
DA:117,80
DA:118,80
DA:119,80
DA:121,80
DA:122,80
DA:124,80
DA:125,80
DA:127,80
DA:128,80
DA:130,80
DA:132,80
DA:134,80
FN:137,RefactorCoinageSnapshot._burn
FNDA:44,RefactorCoinageSnapshot._burn
DA:138,44
BRDA:138,2,0,-
BRDA:138,2,1,-
DA:139,44
DA:140,44
DA:141,44
DA:143,44
DA:144,44
DA:146,44
BRDA:146,3,0,44
BRDA:146,3,1,44
DA:149,44
DA:150,44
DA:152,44
DA:153,44
DA:155,44
DA:157,44
DA:159,44
FN:165,RefactorCoinageSnapshot._applyFactor
FNDA:482,RefactorCoinageSnapshot._applyFactor
DA:167,482
BRDA:167,4,0,136
DA:168,136
DA:171,346
DA:173,346
DA:175,346
BRDA:175,5,0,-
DA:176,0
DA:178,346
FN:181,RefactorCoinageSnapshot._applyFactorAt
FNDA:0,RefactorCoinageSnapshot._applyFactorAt
DA:182,0
BRDA:182,6,0,-
DA:183,0
DA:185,0
DA:186,0
BRDA:186,7,0,-
DA:187,0
DA:189,0
FN:195,RefactorCoinageSnapshot._toRAYBased
FNDA:248,RefactorCoinageSnapshot._toRAYBased
DA:196,248
FN:202,RefactorCoinageSnapshot._toRAYFactored
FNDA:0,RefactorCoinageSnapshot._toRAYFactored
DA:203,0
FN:206,RefactorCoinageSnapshot._lastSnapshotId
FNDA:280,RefactorCoinageSnapshot._lastSnapshotId
DA:207,280
FN:210,RefactorCoinageSnapshot._updateFactor
FNDA:32,RefactorCoinageSnapshot._updateFactor
DA:212,32
DA:213,32
DA:215,32
BRDA:215,8,0,-
DA:216,32
FN:220,RefactorCoinageSnapshot._update
FNDA:124,RefactorCoinageSnapshot._update
DA:228,124
DA:229,124
DA:230,124
DA:232,124
BRDA:232,9,0,124
DA:233,124
BRDA:233,10,0,-
BRDA:233,10,1,-
DA:234,124
BRDA:234,11,0,-
DA:235,124
DA:238,124
BRDA:238,12,0,124
DA:239,124
BRDA:239,13,0,-
DA:240,124
FN:245,RefactorCoinageSnapshot.progressSnapshotId
FNDA:156,RefactorCoinageSnapshot.progressSnapshotId
DA:246,156
FN:249,RefactorCoinageSnapshot.applyFactor
FNDA:482,RefactorCoinageSnapshot.applyFactor
DA:251,482
FN:254,RefactorCoinageSnapshot.totalSupply
FNDA:86,RefactorCoinageSnapshot.totalSupply
DA:256,86
FN:259,RefactorCoinageSnapshot.balanceOf
FNDA:148,RefactorCoinageSnapshot.balanceOf
DA:261,148
FN:264,RefactorCoinageSnapshot.totalSupplyAt
FNDA:0,RefactorCoinageSnapshot.totalSupplyAt
DA:266,0
DA:267,0
FN:270,RefactorCoinageSnapshot.balanceOfAt
FNDA:0,RefactorCoinageSnapshot.balanceOfAt
DA:273,0
DA:274,0
FN:277,RefactorCoinageSnapshot.getTotalAndFactor
FNDA:0,RefactorCoinageSnapshot.getTotalAndFactor
DA:279,0
FN:282,RefactorCoinageSnapshot.getBalanceAndFactor
FNDA:0,RefactorCoinageSnapshot.getBalanceAndFactor
DA:284,0
FN:287,RefactorCoinageSnapshot.getTotalAndFactorAt
FNDA:0,RefactorCoinageSnapshot.getTotalAndFactorAt
DA:289,0
FN:292,RefactorCoinageSnapshot.getBalanceAndFactorAt
FNDA:0,RefactorCoinageSnapshot.getBalanceAndFactorAt
DA:294,0
FN:297,RefactorCoinageSnapshot._valueAtTotalSupplyLast
FNDA:210,RefactorCoinageSnapshot._valueAtTotalSupplyLast
DA:300,210
DA:301,210
DA:302,210
BRDA:302,14,0,-
DA:303,210
FN:306,RefactorCoinageSnapshot._valueAtFactorLast
FNDA:782,RefactorCoinageSnapshot._valueAtFactorLast
DA:309,782
DA:310,782
DA:311,782
BRDA:311,15,0,-
DA:312,782
FN:315,RefactorCoinageSnapshot._valueAtAccountBalanceLast
FNDA:272,RefactorCoinageSnapshot._valueAtAccountBalanceLast
DA:318,272
DA:319,272
DA:320,272
BRDA:320,16,0,-
DA:321,272
FN:324,RefactorCoinageSnapshot._valueAtTotalSupply
FNDA:0,RefactorCoinageSnapshot._valueAtTotalSupply
DA:327,0
BRDA:327,17,0,-
BRDA:327,17,1,-
DA:328,0
DA:329,0
FN:332,RefactorCoinageSnapshot._valueAtFactor
FNDA:0,RefactorCoinageSnapshot._valueAtFactor
DA:335,0
BRDA:335,18,0,-
BRDA:335,18,1,-
DA:336,0
DA:337,0
FN:340,RefactorCoinageSnapshot._valueAtAccount
FNDA:0,RefactorCoinageSnapshot._valueAtAccount
DA:343,0
BRDA:343,19,0,-
BRDA:343,19,1,-
DA:344,0
DA:345,0
FNF:33
FNH:19
LF:112
LH:83
BRF:28
BRH:5
end_of_record
TN:
SF:src/L1/Mock/token/ERC20OnApprove.sol
FN:14,ERC20OnApprove.approveAndCall
FNDA:8,ERC20OnApprove.approveAndCall
DA:15,8
BRDA:15,0,0,8
BRDA:15,0,1,-
DA:16,8
DA:17,6
FN:20,ERC20OnApprove._callOnApprove
FNDA:12,ERC20OnApprove._callOnApprove
DA:21,12
DA:25,12
DA:36,12
BRDA:36,1,0,-
BRDA:36,1,1,-
DA:39,0
DA:43,12
BRDA:43,2,0,-
BRDA:43,2,1,-
FNF:2
FNH:2
LF:8
LH:7
BRF:6
BRH:1
end_of_record
TN:
SF:src/L1/Mock/token/OnApprove.sol
FN:8,OnApprove.
FNDA:76,OnApprove.
FN:12,OnApprove.onApprove
FNDA:0,OnApprove.onApprove
FNF:2
FNH:1
LF:0
LH:0
BRF:0
BRH:0
end_of_record
TN:
SF:src/L1/Mock/token/SeigToken.sol
FN:17,SeigToken.
FNDA:76,SeigToken.
FN:18,SeigToken.enableCallback
FNDA:0,SeigToken.enableCallback
DA:19,0
FN:22,SeigToken.setSeigManager
FNDA:0,SeigToken.setSeigManager
DA:23,0
FNF:3
FNH:1
LF:2
LH:0
BRF:0
BRH:0
end_of_record
TN:
SF:src/L1/Mock/token/TON.sol
FN:17,TON.
FNDA:76,TON.
FN:19,TON.mint
FNDA:76,TON.mint
DA:20,76
FNF:2
FNH:2
LF:1
LH:1
BRF:0
BRH:0
end_of_record
TN:
SF:src/L1/Mock/token/WTON.sol
FN:33,WTON.
FNDA:76,WTON.
DA:34,76
FN:37,WTON.decimals
FNDA:0,WTON.decimals
DA:38,0
FN:41,WTON.mint
FNDA:16,WTON.mint
DA:42,16
DA:43,16
DA:44,16
FN:51,WTON.onApprove
FNDA:4,WTON.onApprove
DA:57,4
BRDA:57,0,0,-
BRDA:57,0,1,-
DA:60,4
DA:62,4
DA:63,4
DA:66,4
DA:69,4
DA:70,4
DA:71,4
DA:73,4
FN:79,WTON._decodeTONApproveData
FNDA:4,WTON._decodeTONApproveData
DA:82,4
BRDA:82,1,0,-
BRDA:82,1,1,-
DA:85,0
DA:86,0
FN:90,WTON._encodeDepositManagerOnApproveData
FNDA:4,WTON._encodeDepositManagerOnApproveData
DA:93,4
DA:96,0
FN:105,WTON.burnFrom
FNDA:0,WTON.burnFrom
DA:106,0
FN:116,WTON.swapToTON
FNDA:0,WTON.swapToTON
DA:117,0
FN:123,WTON.swapFromTON
FNDA:152,WTON.swapFromTON
DA:124,152
FN:131,WTON.swapToTONAndTransfer
FNDA:0,WTON.swapToTONAndTransfer
DA:132,0
FN:138,WTON.swapFromTONAndTransfer
FNDA:0,WTON.swapFromTONAndTransfer
DA:139,0
FN:146,WTON._swapToTON
FNDA:0,WTON._swapToTON
DA:147,0
DA:150,0
DA:151,0
DA:152,0
BRDA:152,2,0,-
DA:153,0
DA:156,0
DA:157,0
FN:160,WTON._swapFromTON
FNDA:156,WTON._swapFromTON
DA:161,156
DA:162,156
DA:163,156
FN:169,WTON._toRAY
FNDA:160,WTON._toRAY
DA:170,160
FN:176,WTON._toWAD
FNDA:0,WTON._toWAD
DA:177,0
FNF:15
FNH:8
LF:36
LH:20
BRF:5
BRH:0
end_of_record
TN:
SF:src/L2/Airdrop.sol
FN:28,Airdrop.whenNotPaused
FNDA:3,Airdrop.whenNotPaused
DA:29,1
BRDA:29,0,0,1
DA:30,1
FN:38,Airdrop.whenPaused
FNDA:0,Airdrop.whenPaused
DA:39,0
BRDA:39,1,0,-
DA:40,0
FN:48,Airdrop.pause
FNDA:1,Airdrop.pause
DA:49,1
FN:56,Airdrop.unpause
FNDA:0,Airdrop.unpause
DA:57,0
FN:66,Airdrop.initialize
FNDA:201,Airdrop.initialize
DA:67,0
BRDA:67,2,0,-
DA:68,0
DA:70,201
DA:71,201
DA:72,201
DA:73,201
FN:89,Airdrop.assignGemForAirdrop
FNDA:5,Airdrop.assignGemForAirdrop
DA:90,5
DA:91,5
DA:92,5
DA:94,5
DA:95,10
DA:97,10
DA:98,0
BRDA:98,3,0,-
DA:99,0
DA:103,10
BRDA:103,4,0,-
DA:104,0
DA:106,10
BRDA:106,5,0,-
DA:107,0
DA:111,10
DA:112,10
DA:115,5
DA:118,5
BRDA:118,6,0,5
DA:119,5
DA:120,5
DA:123,5
DA:124,5
FN:131,Airdrop.claimAirdrop
FNDA:2,Airdrop.claimAirdrop
DA:133,2
BRDA:133,7,0,-
DA:134,0
DA:136,2
DA:137,2
DA:138,2
BRDA:138,8,0,1
DA:139,1
DA:143,1
DA:144,1
DA:145,1
DA:147,1
DA:149,2
BRDA:149,9,0,2
DA:150,2
DA:151,2
DA:155,1
FN:163,Airdrop.clearEligibleTokensList
FNDA:1,Airdrop.clearEligibleTokensList
DA:164,1
DA:166,1
BRDA:166,10,0,-
DA:167,0
DA:171,1
DA:172,1
DA:173,1
DA:174,1
DA:175,1
DA:179,1
DA:181,1
DA:182,1
FN:194,Airdrop.getTokensEligible
FNDA:6,Airdrop.getTokensEligible
DA:195,6
FN:203,Airdrop.getUserClaimed
FNDA:1,Airdrop.getUserClaimed
DA:204,1
FN:211,Airdrop.getTreasury
FNDA:0,Airdrop.getTreasury
DA:212,0
FN:219,Airdrop.getGemFactory
FNDA:0,Airdrop.getGemFactory
DA:220,0
FN:227,Airdrop.getUsersWithEligibleTokens
FNDA:1,Airdrop.getUsersWithEligibleTokens
DA:228,1
FN:235,Airdrop.isPaused
FNDA:0,Airdrop.isPaused
DA:236,0
FN:243,Airdrop.isInitialized
FNDA:0,Airdrop.isInitialized
DA:244,0
FN:252,Airdrop.hasEligibleTokens
FNDA:1,Airdrop.hasEligibleTokens
DA:253,1
FNF:16
FNH:10
LF:65
LH:50
BRF:11
BRH:4
end_of_record
TN:
SF:src/L2/GemFactory.sol
FN:67,GemFactory.whenNotPaused
FNDA:25,GemFactory.whenNotPaused
DA:68,0
BRDA:68,0,0,-
DA:69,0
FN:77,GemFactory.whenPaused
FNDA:1,GemFactory.whenPaused
DA:78,1
BRDA:78,1,0,-
DA:79,0
FN:87,GemFactory.onlyTreasury
FNDA:26,GemFactory.onlyTreasury
DA:88,26
BRDA:88,2,0,1
DA:89,1
FN:97,GemFactory.onlyMarketPlaceOrAirdrop
FNDA:35,GemFactory.onlyMarketPlaceOrAirdrop
DA:98,35
BRDA:98,3,0,-
DA:99,0
FN:109,GemFactory.pause
FNDA:8,GemFactory.pause
DA:110,8
DA:111,8
FN:118,GemFactory.unpause
FNDA:1,GemFactory.unpause
DA:119,1
DA:120,1
FN:134,GemFactory.initialize
FNDA:201,GemFactory.initialize
DA:135,201
DA:136,201
DA:137,201
DA:138,201
DA:139,201
FN:150,GemFactory.setGemsMiningPeriods
FNDA:201,GemFactory.setGemsMiningPeriods
DA:157,201
DA:158,201
DA:159,201
DA:160,201
DA:161,201
DA:163,201
FN:180,GemFactory.setGemsCooldownPeriods
FNDA:201,GemFactory.setGemsCooldownPeriods
DA:187,201
DA:188,201
DA:189,201
DA:190,201
DA:191,201
DA:193,201
FN:210,GemFactory.setMiningTries
FNDA:201,GemFactory.setMiningTries
DA:217,201
DA:218,201
DA:219,201
DA:220,201
DA:221,201
DA:223,201
FN:237,GemFactory.setGemsValue
FNDA:201,GemFactory.setGemsValue
DA:245,201
DA:246,201
DA:247,201
DA:248,201
DA:249,201
DA:250,201
DA:252,201
FN:261,GemFactory.setTreasury
FNDA:1,GemFactory.setTreasury
DA:262,1
FN:269,GemFactory.setMarketPlaceAddress
FNDA:201,GemFactory.setMarketPlaceAddress
DA:270,201
FN:277,GemFactory.setAirdrop
FNDA:201,GemFactory.setAirdrop
DA:278,201
FN:292,GemFactory.meltGEM
FNDA:4,GemFactory.meltGEM
DA:294,4
BRDA:294,4,0,1
DA:295,1
DA:298,3
BRDA:298,5,0,1
DA:299,1
DA:302,2
DA:304,2
DA:306,2
DA:308,2
BRDA:308,6,0,-
DA:309,0
DA:312,2
FN:324,GemFactory.createGEM
FNDA:151,GemFactory.createGEM
DA:331,151
BRDA:331,7,0,1
DA:332,1
DA:336,150
DA:337,150
DA:338,150
DA:339,150
DA:342,150
DA:345,150
BRDA:345,8,0,54
BRDA:345,8,1,1
DA:347,54
BRDA:347,9,0,1
DA:348,53
BRDA:348,10,0,2
DA:349,51
BRDA:349,11,0,2
DA:350,49
BRDA:350,12,0,2
DA:351,47
BRDA:351,13,0,2
DA:354,45
DA:355,45
DA:356,45
DA:357,45
DA:358,96
BRDA:358,14,0,42
BRDA:358,14,1,1
DA:360,42
BRDA:360,15,0,3
DA:361,39
BRDA:361,16,0,2
DA:362,37
BRDA:362,17,0,2
DA:363,35
BRDA:363,18,0,2
DA:364,33
BRDA:364,19,0,1
DA:367,32
DA:368,32
DA:369,32
DA:370,32
DA:371,54
BRDA:371,20,0,31
BRDA:371,20,1,1
DA:373,31
BRDA:373,21,0,3
DA:374,28
BRDA:374,22,0,2
DA:375,26
BRDA:375,23,0,2
DA:376,24
BRDA:376,24,0,2
DA:377,22
BRDA:377,25,0,1
DA:380,21
DA:381,21
DA:382,21
DA:383,21
DA:384,23
BRDA:384,26,0,15
BRDA:384,26,1,1
DA:386,15
BRDA:386,27,0,3
DA:387,12
BRDA:387,28,0,2
DA:388,10
BRDA:388,29,0,2
DA:389,8
BRDA:389,30,0,2
DA:390,6
BRDA:390,31,0,1
DA:393,5
DA:394,5
DA:395,5
DA:396,5
DA:397,8
BRDA:397,32,0,2
BRDA:397,32,1,1
DA:399,6
BRDA:399,33,0,2
DA:400,4
BRDA:400,34,0,1
DA:401,3
BRDA:401,35,0,1
DA:402,2
BRDA:402,36,0,1
DA:403,1
BRDA:403,37,0,2
DA:406,1
DA:407,1
DA:408,1
DA:409,1
DA:410,2
BRDA:410,38,0,2
BRDA:410,38,1,1
DA:412,2
BRDA:412,39,0,2
DA:413,2
DA:416,1
DA:417,1
DA:418,1
DA:419,1
DA:422,0
DA:426,45
DA:429,45
DA:444,105
DA:445,105
DA:448,45
DA:451,0
FN:462,GemFactory.createGEMPool
FNDA:25,GemFactory.createGEMPool
DA:469,25
DA:472,25
BRDA:472,40,0,-
DA:473,0
DA:477,25
DA:480,25
DA:482,70
DA:486,0
FN:497,GemFactory.transferFrom
FNDA:68,GemFactory.transferFrom
DA:503,68
BRDA:503,41,0,-
DA:504,0
DA:508,1
BRDA:508,42,0,1
DA:509,1
DA:513,67
DA:516,67
DA:519,67
FN:531,GemFactory.safeTransferFrom
FNDA:2,GemFactory.safeTransferFrom
DA:537,2
BRDA:537,43,0,-
DA:538,0
DA:542,0
BRDA:542,44,0,-
DA:543,0
DA:547,2
DA:550,2
DA:553,2
DA:556,2
FN:565,GemFactory.setIsLocked
FNDA:35,GemFactory.setIsLocked
DA:566,35
FN:576,GemFactory.addColor
FNDA:2613,GemFactory.addColor
DA:577,2613
DA:578,2613
DA:579,2613
DA:581,2613
FN:589,GemFactory.setTokenURI
FNDA:0,GemFactory.setTokenURI
DA:590,0
FN:603,GemFactory.colorExists
FNDA:151,GemFactory.colorExists
DA:605,151
FN:615,GemFactory._transferGEM
FNDA:69,GemFactory._transferGEM
DA:617,69
DA:619,69
DA:621,69
DA:623,69
FN:632,GemFactory._setTokenURI
FNDA:105,GemFactory._setTokenURI
DA:634,105
BRDA:634,45,0,-
DA:635,0
DA:638,105
FN:649,GemFactory._checkOnERC721
FNDA:2,GemFactory._checkOnERC721
DA:651,2
BRDA:651,46,0,1
DA:652,1
DA:654,0
BRDA:654,47,0,-
DA:655,0
DA:657,1
DA:659,1
BRDA:659,48,0,1
BRDA:659,48,1,-
DA:660,1
DA:664,0
FN:676,GemFactory._getCooldownPeriod
FNDA:69,GemFactory._getCooldownPeriod
DA:678,69
DA:679,34
DA:680,17
DA:681,5
DA:682,0
DA:683,0
DA:685,0
FN:696,GemFactory.preMintedGemsAvailable
FNDA:0,GemFactory.preMintedGemsAvailable
DA:698,0
FN:706,GemFactory.balanceOf
FNDA:3,GemFactory.balanceOf
DA:708,3
FN:715,GemFactory.tokenURI
FNDA:6,GemFactory.tokenURI
DA:718,6
BRDA:718,55,0,-
DA:719,0
DA:722,6
FN:731,GemFactory._exists
FNDA:6,GemFactory._exists
DA:733,6
FN:741,GemFactory.getGem
FNDA:6,GemFactory.getGem
DA:743,6
DA:744,12
BRDA:744,56,0,6
DA:745,6
DA:749,0
FN:757,GemFactory.getValueBasedOnRarity
FNDA:103,GemFactory.getValueBasedOnRarity
DA:759,103
BRDA:759,57,0,45
BRDA:759,57,1,-
DA:760,45
DA:761,58
BRDA:761,58,0,32
BRDA:761,58,1,-
DA:762,32
DA:763,26
BRDA:763,59,0,21
BRDA:763,59,1,-
DA:764,21
DA:765,5
BRDA:765,60,0,5
BRDA:765,60,1,-
DA:766,5
DA:767,0
BRDA:767,61,0,-
BRDA:767,61,1,-
DA:768,0
DA:769,0
BRDA:769,62,0,-
BRDA:769,62,1,-
DA:770,0
DA:773,0
FN:782,GemFactory.isTokenLocked
FNDA:53,GemFactory.isTokenLocked
DA:784,53
FN:792,GemFactory.getRandomRequest
FNDA:5,GemFactory.getRandomRequest
DA:794,5
FN:803,GemFactory.getColorName
FNDA:0,GemFactory.getColorName
DA:805,0
FN:808,GemFactory.availableGemsRandomPack
FNDA:2,GemFactory.availableGemsRandomPack
DA:809,2
DA:811,2
DA:812,1
BRDA:812,63,0,1
DA:813,1
DA:816,0
FN:823,GemFactory.getGemListAvailableByRarity
FNDA:1,GemFactory.getGemListAvailableByRarity
DA:824,1
DA:825,1
DA:826,1
DA:827,1
DA:829,1
DA:830,3
BRDA:830,64,0,1
DA:831,1
DA:833,1
DA:834,1
DA:840,1
DA:841,1
DA:842,1
DA:845,1
FN:853,GemFactory.tokensOfOwner
FNDA:3,GemFactory.tokensOfOwner
DA:854,3
DA:856,3
BRDA:856,65,0,-
BRDA:856,65,1,-
DA:858,0
DA:860,3
DA:861,3
DA:862,3
DA:865,3
DA:867,3
DA:868,0
BRDA:868,66,0,-
DA:869,0
DA:870,0
DA:874,3
FN:882,GemFactory.totalSupply
FNDA:3,GemFactory.totalSupply
DA:884,3
FN:891,GemFactory.getGemsSupplyTotalValue
FNDA:58,GemFactory.getGemsSupplyTotalValue
DA:892,58
DA:895,58
DA:896,0
FN:904,GemFactory.getTreasuryAddress
FNDA:9,GemFactory.getTreasuryAddress
DA:905,9
FN:908,GemFactory.getTonAddress
FNDA:9,GemFactory.getTonAddress
DA:909,9
FN:912,GemFactory.getWstonAddress
FNDA:9,GemFactory.getWstonAddress
DA:913,9
FN:916,GemFactory.getMarketPlaceAddress
FNDA:2,GemFactory.getMarketPlaceAddress
DA:917,2
FN:920,GemFactory.getAirdropAddress
FNDA:2,GemFactory.getAirdropAddress
DA:921,2
FN:924,GemFactory.getCommonGemsValue
FNDA:5,GemFactory.getCommonGemsValue
DA:925,5
FN:928,GemFactory.getRareGemsValue
FNDA:1,GemFactory.getRareGemsValue
DA:929,1
FN:932,GemFactory.getUniqueGemsValue
FNDA:1,GemFactory.getUniqueGemsValue
DA:933,1
FN:936,GemFactory.getEpicGemsValue
FNDA:1,GemFactory.getEpicGemsValue
DA:937,1
FN:940,GemFactory.getLegendaryGemsValue
FNDA:1,GemFactory.getLegendaryGemsValue
DA:941,1
FN:944,GemFactory.getMythicGemsValue
FNDA:1,GemFactory.getMythicGemsValue
DA:945,1
FN:948,GemFactory.getRareminingTry
FNDA:5,GemFactory.getRareminingTry
DA:949,5
FN:952,GemFactory.getUniqueminingTry
FNDA:1,GemFactory.getUniqueminingTry
DA:953,1
FN:956,GemFactory.getEpicminingTry
FNDA:1,GemFactory.getEpicminingTry
DA:957,1
FN:960,GemFactory.getLegendaryminingTry
FNDA:1,GemFactory.getLegendaryminingTry
DA:961,1
FN:964,GemFactory.getMythicminingTry
FNDA:1,GemFactory.getMythicminingTry
DA:965,1
FN:968,GemFactory.getRareGemsMiningPeriod
FNDA:1,GemFactory.getRareGemsMiningPeriod
DA:969,1
FN:972,GemFactory.getUniqueGemsMiningPeriod
FNDA:1,GemFactory.getUniqueGemsMiningPeriod
DA:973,1
FN:976,GemFactory.getEpicGemsMiningPeriod
FNDA:1,GemFactory.getEpicGemsMiningPeriod
DA:977,1
FN:980,GemFactory.getLegendaryGemsMiningPeriod
FNDA:1,GemFactory.getLegendaryGemsMiningPeriod
DA:981,1
FN:984,GemFactory.getMythicGemsMiningPeriod
FNDA:1,GemFactory.getMythicGemsMiningPeriod
DA:985,1
FN:988,GemFactory.getRareGemsCooldownPeriod
FNDA:1,GemFactory.getRareGemsCooldownPeriod
DA:989,1
FN:992,GemFactory.getUniqueGemsCooldownPeriod
FNDA:1,GemFactory.getUniqueGemsCooldownPeriod
DA:993,1
FN:996,GemFactory.getEpicGemsCooldownPeriod
FNDA:1,GemFactory.getEpicGemsCooldownPeriod
DA:997,1
FN:1000,GemFactory.getLegendaryGemsCooldownPeriod
FNDA:1,GemFactory.getLegendaryGemsCooldownPeriod
DA:1001,1
FN:1004,GemFactory.getMythicGemsCooldownPeriod
FNDA:1,GemFactory.getMythicGemsCooldownPeriod
DA:1005,1
FN:1008,GemFactory.getRequestIds
FNDA:0,GemFactory.getRequestIds
DA:1009,0
FN:1011,GemFactory.getPaused
FNDA:4,GemFactory.getPaused
DA:1011,4
FN:1014,GemFactory.getRequestCount
FNDA:1,GemFactory.getRequestCount
DA:1015,1
FN:1018,GemFactory.getOwnershipTokenCount
FNDA:5,GemFactory.getOwnershipTokenCount
DA:1019,5
FNF:71
FNH:67
LF:267
LH:230
BRF:75
BRH:52
end_of_record
TN:
SF:src/L2/GemFactoryForging.sol
FN:23,GemFactoryForging.whenNotPaused
FNDA:7,GemFactoryForging.whenNotPaused
DA:24,7
BRDA:24,0,0,-
BRDA:24,0,1,-
FN:38,GemFactoryForging.forgeTokens
FNDA:6,GemFactoryForging.forgeTokens
DA:45,6
DA:69,6
DA:70,6
DA:71,6
DA:72,6
DA:73,6
DA:74,6
DA:77,6
DA:88,2
DA:91,2
DA:94,2
DA:95,2
DA:98,2
DA:100,0
FN:108,GemFactoryForging.burnTokens
FNDA:2,GemFactoryForging.burnTokens
DA:109,2
DA:111,6
DA:112,6
DA:113,6
DA:115,6
FNF:3
FNH:3
LF:20
LH:19
BRF:2
BRH:0
end_of_record
TN:
SF:src/L2/GemFactoryMining.sol
FN:37,GemFactoryMining.whenNotPaused
FNDA:15,GemFactoryMining.whenNotPaused
DA:38,15
BRDA:38,0,0,-
BRDA:38,0,1,-
FN:46,GemFactoryMining.DRBInitialize
FNDA:201,GemFactoryMining.DRBInitialize
DA:47,0
BRDA:47,1,0,-
DA:48,0
DA:50,201
DA:51,201
DA:52,201
FN:68,GemFactoryMining.startMiningGEM
FNDA:14,GemFactoryMining.startMiningGEM
DA:70,14
BRDA:70,2,0,-
DA:71,0
DA:74,14
BRDA:74,3,0,1
DA:75,1
DA:78,13
BRDA:78,4,0,1
DA:79,1
DA:82,1
BRDA:82,5,0,1
DA:83,1
DA:86,11
BRDA:86,6,0,-
DA:87,0
DA:90,11
BRDA:90,7,0,1
DA:91,1
DA:95,10
DA:98,10
DA:99,10
FN:109,GemFactoryMining.cancelMining
FNDA:2,GemFactoryMining.cancelMining
DA:111,2
BRDA:111,8,0,1
DA:112,1
DA:115,1
BRDA:115,9,0,-
DA:116,0
DA:119,1
BRDA:119,10,0,-
DA:120,0
DA:123,1
BRDA:123,11,0,-
DA:124,0
DA:128,1
DA:131,1
DA:132,0
FN:141,GemFactoryMining.pickMinedGEM
FNDA:5,GemFactoryMining.pickMinedGEM
DA:143,5
BRDA:143,12,0,-
DA:144,0
DA:147,5
BRDA:147,13,0,-
DA:148,0
DA:151,5
BRDA:151,14,0,-
DA:152,0
DA:155,5
BRDA:155,15,0,-
DA:156,0
DA:160,5
DA:162,5
DA:165,5
DA:166,5
DA:167,5
DA:170,5
DA:174,5
BRDA:174,16,0,5
DA:176,5
DA:177,5
DA:178,5
BRDA:178,17,0,-
DA:179,0
DA:182,5
DA:186,5
DA:187,0
FN:204,GemFactoryMining.fulfillRandomWords
FNDA:4,GemFactoryMining.fulfillRandomWords
DA:206,4
BRDA:206,18,0,-
DA:207,0
DA:210,4
DA:211,4
DA:212,4
DA:215,4
DA:218,4
DA:219,4
DA:221,4
BRDA:221,19,0,4
BRDA:221,19,1,-
DA:223,4
DA:224,4
DA:227,4
DA:230,4
BRDA:230,20,0,4
BRDA:230,20,1,-
DA:233,4
DA:236,4
DA:239,0
DA:240,0
DA:244,4
DA:245,4
DA:246,4
DA:249,4
DA:250,4
FN:261,GemFactoryMining.countGemsByQuadrant
FNDA:4,GemFactoryMining.countGemsByQuadrant
DA:262,4
DA:263,4
DA:264,4
DA:265,4
DA:266,4
DA:268,4
DA:269,20
DA:270,20
DA:271,16
DA:272,15
DA:273,15
BRDA:273,21,0,15
DA:274,15
DA:276,15
DA:277,15
DA:282,4
DA:283,4
DA:284,15
DA:287,4
FN:296,GemFactoryMining._getCooldownPeriod
FNDA:4,GemFactoryMining._getCooldownPeriod
DA:298,4
DA:299,4
DA:300,4
DA:301,2
DA:302,0
DA:303,0
DA:305,0
FNF:8
FNH:8
LF:101
LH:81
BRF:25
BRH:9
end_of_record
TN:
SF:src/L2/L2StandardERC20.sol
FN:17,L2StandardERC20.
FNDA:201,L2StandardERC20.
DA:23,201
DA:24,201
FN:27,L2StandardERC20.onlyL2Bridge
FNDA:1005,L2StandardERC20.onlyL2Bridge
DA:28,1005
BRDA:28,0,0,-
BRDA:28,0,1,-
FN:33,L2StandardERC20.supportsInterface
FNDA:0,L2StandardERC20.supportsInterface
DA:34,0
DA:35,0
DA:38,0
FN:41,L2StandardERC20.decimals
FNDA:0,L2StandardERC20.decimals
DA:42,0
FN:46,L2StandardERC20.mint
FNDA:1005,L2StandardERC20.mint
DA:47,1005
DA:49,1005
FN:53,L2StandardERC20.burn
FNDA:0,L2StandardERC20.burn
DA:54,0
DA:56,0
FNF:6
FNH:3
LF:11
LH:5
BRF:2
BRH:0
end_of_record
TN:
SF:src/L2/MarketPlace.sol
FN:43,MarketPlace.whenNotPaused
FNDA:6,MarketPlace.whenNotPaused
DA:44,0
BRDA:44,0,0,-
FN:51,MarketPlace.whenPaused
FNDA:2,MarketPlace.whenPaused
DA:52,2
BRDA:52,1,0,1
FN:60,MarketPlace.pause
FNDA:5,MarketPlace.pause
DA:61,5
FN:68,MarketPlace.unpause
FNDA:1,MarketPlace.unpause
DA:69,1
FN:84,MarketPlace.initialize
FNDA:202,MarketPlace.initialize
DA:91,1
BRDA:91,2,0,1
DA:92,201
DA:93,201
DA:94,201
DA:95,201
DA:96,201
DA:97,201
DA:98,201
FN:106,MarketPlace.setDiscountRate
FNDA:1,MarketPlace.setDiscountRate
DA:108,1
DA:109,1
FN:116,MarketPlace.setStakingIndex
FNDA:4,MarketPlace.setStakingIndex
DA:117,4
BRDA:117,3,0,1
DA:118,1
DA:121,3
DA:122,3
FN:136,MarketPlace.buyGem
FNDA:6,MarketPlace.buyGem
DA:138,6
BRDA:138,4,0,-
FN:147,MarketPlace.putGemForSale
FNDA:16,MarketPlace.putGemForSale
DA:149,16
BRDA:149,5,0,-
DA:151,16
BRDA:151,6,0,-
FN:160,MarketPlace.putGemListForSale
FNDA:5,MarketPlace.putGemListForSale
DA:161,5
DA:162,5
DA:164,5
BRDA:164,7,0,1
DA:165,1
DA:168,4
BRDA:168,8,0,1
DA:169,1
DA:173,3
DA:175,5
BRDA:175,9,0,1
DA:177,4
BRDA:177,10,0,-
FN:186,MarketPlace.removeGemForSale
FNDA:3,MarketPlace.removeGemForSale
DA:188,3
BRDA:188,11,0,1
DA:189,1
DA:192,2
BRDA:192,12,0,1
DA:193,1
DA:197,1
DA:198,1
DA:199,1
FN:214,MarketPlace._putGemForSale
FNDA:20,MarketPlace._putGemForSale
DA:216,20
BRDA:216,13,0,-
DA:217,0
DA:220,20
BRDA:220,14,0,1
DA:221,1
DA:224,19
BRDA:224,15,0,1
DA:225,1
DA:229,18
DA:230,18
DA:237,18
DA:238,0
FN:249,MarketPlace._buyGem
FNDA:6,MarketPlace._buyGem
DA:251,6
BRDA:251,16,0,-
DA:252,0
DA:255,6
BRDA:255,17,0,1
DA:256,1
DA:259,5
DA:260,5
DA:263,5
BRDA:263,18,0,1
DA:264,1
DA:268,1
BRDA:268,19,0,1
BRDA:268,19,1,-
DA:270,1
DA:273,3
DA:275,3
DA:277,3
DA:278,3
BRDA:278,20,0,3
DA:280,3
DA:281,3
DA:286,4
DA:287,4
DA:289,4
DA:292,4
DA:293,4
FN:301,MarketPlace._toWAD
FNDA:3,MarketPlace._toWAD
DA:302,3
FN:309,MarketPlace.getStakingIndex
FNDA:2,MarketPlace.getStakingIndex
DA:309,2
FN:310,MarketPlace.getTonFeesRate
FNDA:0,MarketPlace.getTonFeesRate
DA:310,0
FN:311,MarketPlace.getGemFactoryAddress
FNDA:0,MarketPlace.getGemFactoryAddress
DA:311,0
FN:312,MarketPlace.getTreasuryAddress
FNDA:0,MarketPlace.getTreasuryAddress
DA:312,0
FN:313,MarketPlace.getTonAddress
FNDA:0,MarketPlace.getTonAddress
DA:313,0
FN:314,MarketPlace.getWstonAddress
FNDA:0,MarketPlace.getWstonAddress
DA:314,0
FN:315,MarketPlace.getPauseStatus
FNDA:0,MarketPlace.getPauseStatus
DA:315,0
FN:316,MarketPlace.getGemForSale
FNDA:0,MarketPlace.getGemForSale
DA:316,0
FN:317,MarketPlace.getPaused
FNDA:6,MarketPlace.getPaused
DA:317,6
FNF:23
FNH:16
LF:78
LH:67
BRF:22
BRH:14
end_of_record
TN:
SF:src/L2/Mock/DRBCoordinatorMock.sol
FN:48,DRBCoordinatorMock.
FNDA:201,DRBCoordinatorMock.
DA:54,201
DA:55,201
DA:56,201
DA:57,201
FN:60,DRBCoordinatorMock.requestRandomWordDirectFunding
FNDA:7,DRBCoordinatorMock.requestRandomWordDirectFunding
DA:63,7
DA:64,7
BRDA:64,0,0,-
BRDA:64,0,1,-
DA:65,7
DA:66,7
DA:67,7
DA:73,7
FN:76,DRBCoordinatorMock.fulfillRandomness
FNDA:6,DRBCoordinatorMock.fulfillRandomness
DA:78,6
BRDA:78,1,0,-
BRDA:78,1,1,-
DA:81,6
BRDA:81,2,0,-
BRDA:81,2,1,-
DA:84,6
DA:95,6
DA:106,6
DA:113,6
FN:116,DRBCoordinatorMock.calculateDirectFundingPrice
FNDA:10,DRBCoordinatorMock.calculateDirectFundingPrice
DA:119,10
FN:122,DRBCoordinatorMock.estimateDirectFundingPrice
FNDA:0,DRBCoordinatorMock.estimateDirectFundingPrice
DA:126,0
FN:129,DRBCoordinatorMock._calculateDirectFundingPrice
FNDA:17,DRBCoordinatorMock._calculateDirectFundingPrice
DA:133,17
DA:134,17
DA:137,17
FN:140,DRBCoordinatorMock._call
FNDA:6,DRBCoordinatorMock._call
DA:146,0
DA:153,0
BRDA:153,3,0,-
DA:154,0
DA:156,0
DA:159,0
DA:160,0
BRDA:160,4,0,-
DA:161,0
DA:164,0
BRDA:164,5,0,-
DA:165,0
DA:169,0
DA:179,0
FNF:7
FNH:6
LF:32
LH:20
BRF:9
BRH:0
end_of_record
TN:
SF:src/L2/Mock/MockTON.sol
FN:17,MockTON.
FNDA:201,MockTON.
DA:23,201
DA:24,201
FN:27,MockTON.onlyL2Bridge
FNDA:1005,MockTON.onlyL2Bridge
DA:28,1005
BRDA:28,0,0,-
BRDA:28,0,1,-
FN:33,MockTON.supportsInterface
FNDA:0,MockTON.supportsInterface
DA:34,0
DA:35,0
DA:38,0
FN:41,MockTON.decimals
FNDA:0,MockTON.decimals
DA:42,0
FN:46,MockTON.mint
FNDA:1005,MockTON.mint
DA:47,1005
DA:49,1005
FN:53,MockTON.burn
FNDA:0,MockTON.burn
DA:54,0
DA:56,0
FNF:6
FNH:3
LF:11
LH:5
BRF:2
BRH:0
end_of_record
TN:
SF:src/L2/Mock/OptimismL1Fees.sol
FN:40,OptimismL1Fees.setL1FeeCalculation
FNDA:0,OptimismL1Fees.setL1FeeCalculation
DA:44,0
FN:47,OptimismL1Fees._setL1FeeCalculationInternal
FNDA:0,OptimismL1Fees._setL1FeeCalculationInternal
DA:51,0
BRDA:51,0,0,-
DA:52,0
DA:54,0
BRDA:54,1,0,-
DA:55,0
DA:58,0
DA:59,0
DA:61,0
FN:64,OptimismL1Fees._getL1CostWeiForCalldataSize
FNDA:17,OptimismL1Fees._getL1CostWeiForCalldataSize
DA:67,17
DA:68,17
BRDA:68,2,0,-
BRDA:68,2,1,17
DA:70,0
DA:71,0
DA:74,17
BRDA:74,3,0,-
BRDA:74,3,1,17
DA:76,0
DA:77,0
DA:80,17
FN:85,OptimismL1Fees._getOptimismL1UpperBoundDataFee
FNDA:0,OptimismL1Fees._getOptimismL1UpperBoundDataFee
DA:89,0
DA:90,0
FN:96,OptimismL1Fees._calculateOptimismL1DataFee
FNDA:0,OptimismL1Fees._calculateOptimismL1DataFee
DA:103,0
DA:105,0
DA:107,0
DA:108,0
DA:109,0
DA:110,0
DA:111,0
DA:112,0
FN:116,OptimismL1Fees._calculateLegacyL1DataFee
FNDA:0,OptimismL1Fees._calculateLegacyL1DataFee
DA:119,0
DA:122,0
DA:123,0
DA:124,0
DA:125,0
DA:126,0
DA:127,0
FNF:6
FNH:1
LF:33
LH:4
BRF:6
BRH:2
end_of_record
TN:
SF:src/L2/Mock/ReentrancyGuardTransient.sol
FN:29,ReentrancyGuardTransient.nonReentrant
FNDA:7,ReentrancyGuardTransient.nonReentrant
DA:30,0
DA:32,0
FN:35,ReentrancyGuardTransient._nonReentrantBefore
FNDA:13,ReentrancyGuardTransient._nonReentrantBefore
DA:37,13
BRDA:37,0,0,-
DA:38,0
DA:42,13
FN:48,ReentrancyGuardTransient._nonReentrantAfter
FNDA:13,ReentrancyGuardTransient._nonReentrantAfter
DA:49,13
FN:59,ReentrancyGuardTransient._reentrancyGuardEntered
FNDA:13,ReentrancyGuardTransient._reentrancyGuardEntered
DA:60,13
DA:61,13
FNF:4
FNH:4
LF:8
LH:5
BRF:1
BRH:0
end_of_record
TN:
SF:src/L2/Mock/StorageSlot.sol
FN:84,StorageSlot.getAddressSlot
FNDA:0,StorageSlot.getAddressSlot
DA:89,0
FN:96,StorageSlot.getBooleanSlot
FNDA:0,StorageSlot.getBooleanSlot
DA:101,0
FN:108,StorageSlot.getBytes32Slot
FNDA:0,StorageSlot.getBytes32Slot
DA:113,0
FN:120,StorageSlot.getUint256Slot
FNDA:0,StorageSlot.getUint256Slot
DA:125,0
FN:132,StorageSlot.getInt256Slot
FNDA:0,StorageSlot.getInt256Slot
DA:137,0
FN:144,StorageSlot.getStringSlot
FNDA:0,StorageSlot.getStringSlot
DA:149,0
FN:156,StorageSlot.getStringSlot
FNDA:0,StorageSlot.getStringSlot
DA:161,0
FN:168,StorageSlot.getBytesSlot
FNDA:0,StorageSlot.getBytesSlot
DA:173,0
FN:180,StorageSlot.getBytesSlot
FNDA:0,StorageSlot.getBytesSlot
DA:185,0
FN:197,StorageSlot.asAddress
FNDA:0,StorageSlot.asAddress
DA:198,0
FN:209,StorageSlot.asBoolean
FNDA:39,StorageSlot.asBoolean
DA:210,39
FN:221,StorageSlot.asBytes32
FNDA:0,StorageSlot.asBytes32
DA:222,0
FN:233,StorageSlot.asUint256
FNDA:0,StorageSlot.asUint256
DA:234,0
FN:245,StorageSlot.asInt256
FNDA:0,StorageSlot.asInt256
DA:246,0
FN:252,StorageSlot.tload
FNDA:0,StorageSlot.tload
DA:255,0
FN:262,StorageSlot.tstore
FNDA:0,StorageSlot.tstore
DA:265,0
FN:272,StorageSlot.tload
FNDA:13,StorageSlot.tload
DA:275,0
FN:282,StorageSlot.tstore
FNDA:26,StorageSlot.tstore
DA:285,0
FN:292,StorageSlot.tload
FNDA:0,StorageSlot.tload
DA:295,0
FN:302,StorageSlot.tstore
FNDA:0,StorageSlot.tstore
DA:305,0
FN:312,StorageSlot.tload
FNDA:0,StorageSlot.tload
DA:315,0
FN:322,StorageSlot.tstore
FNDA:0,StorageSlot.tstore
DA:325,0
FN:332,StorageSlot.tload
FNDA:0,StorageSlot.tload
DA:335,0
FN:342,StorageSlot.tstore
FNDA:0,StorageSlot.tstore
DA:345,0
FNF:24
FNH:3
LF:24
LH:1
BRF:0
BRH:0
end_of_record
TN:
SF:src/L2/RandomPack.sol
FN:43,RandomPack.whenNotPaused
FNDA:3,RandomPack.whenNotPaused
DA:44,3
BRDA:44,0,0,-
BRDA:44,0,1,-
FN:51,RandomPack.whenPaused
FNDA:2,RandomPack.whenPaused
DA:52,2
BRDA:52,1,0,-
BRDA:52,1,1,-
FN:60,RandomPack.pause
FNDA:4,RandomPack.pause
DA:61,4
FN:68,RandomPack.unpause
FNDA:1,RandomPack.unpause
DA:69,1
FN:84,RandomPack.initialize
FNDA:202,RandomPack.initialize
DA:91,1
BRDA:91,2,0,1
DA:92,1
DA:94,201
DA:95,201
DA:96,201
DA:97,201
DA:98,201
DA:99,201
DA:100,201
DA:101,201
DA:102,201
FN:109,RandomPack.setGemFactory
FNDA:2,RandomPack.setGemFactory
DA:110,2
BRDA:110,3,0,1
DA:111,1
DA:113,1
DA:114,1
FN:121,RandomPack.setRandomPackFees
FNDA:2,RandomPack.setRandomPackFees
DA:122,2
BRDA:122,4,0,1
DA:123,1
DA:125,1
DA:126,1
FN:133,RandomPack.setTreasury
FNDA:2,RandomPack.setTreasury
DA:134,2
BRDA:134,5,0,1
DA:135,1
DA:137,1
DA:138,1
FN:145,RandomPack.setPerfectCommonGemURI
FNDA:1,RandomPack.setPerfectCommonGemURI
DA:146,1
DA:147,1
FN:154,RandomPack.setCallbackGasLimit
FNDA:1,RandomPack.setCallbackGasLimit
DA:155,1
DA:156,1
FN:171,RandomPack.setProbabilities
FNDA:26,RandomPack.setProbabilities
DA:181,26
DA:182,1
DA:183,1
DA:184,1
DA:185,1
DA:186,1
DA:187,1
BRDA:187,6,0,1
DA:188,1
DA:190,25
DA:191,25
BRDA:191,7,0,1
DA:192,1
DA:195,24
DA:196,24
DA:197,24
DA:198,24
DA:199,24
DA:200,24
DA:203,24
FN:216,RandomPack.requestRandomGem
FNDA:3,RandomPack.requestRandomGem
DA:218,3
BRDA:218,8,0,-
DA:219,0
DA:222,3
BRDA:222,9,0,-
DA:223,0
DA:227,3
DA:230,3
DA:233,2
DA:234,2
DA:237,2
DA:240,2
BRDA:240,10,0,2
DA:242,2
DA:243,2
DA:244,2
BRDA:244,11,0,-
DA:245,0
DA:248,2
DA:252,2
DA:253,0
FN:260,RandomPack.onERC721Received
FNDA:0,RandomPack.onERC721Received
DA:266,0
FN:281,RandomPack.fulfillRandomWords
FNDA:2,RandomPack.fulfillRandomWords
DA:283,2
DA:286,2
BRDA:286,12,0,-
DA:287,0
DA:289,2
DA:290,2
DA:293,2
BRDA:293,13,0,1
DA:294,1
DA:295,1
DA:299,1
DA:302,1
DA:303,5
BRDA:303,14,0,-
DA:304,0
BRDA:304,15,0,-
DA:305,0
DA:311,1
BRDA:311,16,0,1
DA:312,1
DA:316,0
FN:324,RandomPack.mintCommonGem
FNDA:1,RandomPack.mintCommonGem
DA:325,1
DA:326,1
DA:327,1
FN:338,RandomPack.transferGemByRarity
FNDA:1,RandomPack.transferGemByRarity
DA:339,1
BRDA:339,17,0,1
DA:340,1
DA:341,1
BRDA:341,18,0,1
DA:342,1
DA:343,1
DA:344,1
DA:345,1
DA:346,1
DA:349,0
FN:356,RandomPack.sumProbabilities
FNDA:5,RandomPack.sumProbabilities
DA:357,5
DA:358,5
DA:359,15
DA:361,5
FN:371,RandomPack.getTreasuryAddress
FNDA:26,RandomPack.getTreasuryAddress
DA:371,26
FN:372,RandomPack.getGemFactoryAddress
FNDA:26,RandomPack.getGemFactoryAddress
DA:372,26
FN:373,RandomPack.getTonAddress
FNDA:25,RandomPack.getTonAddress
DA:373,25
FN:374,RandomPack.getCallbackGasLimit
FNDA:26,RandomPack.getCallbackGasLimit
DA:374,26
FN:375,RandomPack.getRequestCount
FNDA:24,RandomPack.getRequestCount
DA:375,24
FN:376,RandomPack.getRandomPackFees
FNDA:26,RandomPack.getRandomPackFees
DA:376,26
FN:377,RandomPack.getPerfectCommonGemURI
FNDA:25,RandomPack.getPerfectCommonGemURI
DA:377,25
FN:378,RandomPack.getPaused
FNDA:5,RandomPack.getPaused
DA:378,5
FNF:25
FNH:24
LF:107
LH:97
BRF:21
BRH:11
end_of_record
TN:
SF:src/L2/Randomness/DRBConsumerBase.sol
FN:23,DRBConsumerBase.__DRBConsumerBase_init
FNDA:402,DRBConsumerBase.__DRBConsumerBase_init
DA:24,402
FN:32,DRBConsumerBase.requestRandomness
FNDA:8,DRBConsumerBase.requestRandomness
DA:33,8
DA:36,8
FN:56,DRBConsumerBase.rawFulfillRandomWords
FNDA:6,DRBConsumerBase.rawFulfillRandomWords
DA:60,6
BRDA:60,0,0,-
DA:61,0
DA:66,6
FNF:3
FNH:3
LF:6
LH:5
BRF:1
BRH:0
end_of_record
TN:
SF:src/L2/Treasury.sol
FN:39,Treasury.whenNotPaused
FNDA:0,Treasury.whenNotPaused
DA:40,0
BRDA:40,0,0,-
BRDA:40,0,1,-
FN:45,Treasury.whenPaused
FNDA:0,Treasury.whenPaused
DA:46,0
BRDA:46,1,0,-
BRDA:46,1,1,-
FN:50,Treasury.onlyMarketPlace
FNDA:3,Treasury.onlyMarketPlace
DA:51,3
BRDA:51,2,0,-
BRDA:51,2,1,-
FN:55,Treasury.onlyWstonSwapPoolOrOwner
FNDA:9,Treasury.onlyWstonSwapPoolOrOwner
DA:56,9
BRDA:56,3,0,9
BRDA:56,3,1,-
FN:61,Treasury.onlyOwnerOrRandomPackOrMarketplace
FNDA:26,Treasury.onlyOwnerOrRandomPackOrMarketplace
DA:62,26
BRDA:62,4,0,34
BRDA:62,4,1,32
FN:70,Treasury.onlyGemFactoryOrMarketPlaceOrRandomPackOrAirdropOrOwner
FNDA:2,Treasury.onlyGemFactoryOrMarketPlaceOrRandomPackOrAirdropOrOwner
DA:71,2
BRDA:71,5,0,9
BRDA:71,5,1,-
FN:81,Treasury.pause
FNDA:0,Treasury.pause
DA:82,0
FN:85,Treasury.unpause
FNDA:0,Treasury.unpause
DA:86,0
FN:99,Treasury.initialize
FNDA:201,Treasury.initialize
DA:100,201
BRDA:100,6,0,-
BRDA:100,6,1,-
DA:101,201
DA:102,201
DA:103,201
DA:104,201
DA:105,201
FN:112,Treasury.setGemFactory
FNDA:0,Treasury.setGemFactory
DA:113,0
DA:114,0
FN:121,Treasury.setRandomPack
FNDA:201,Treasury.setRandomPack
DA:122,201
DA:123,201
FN:130,Treasury.setMarketPlace
FNDA:201,Treasury.setMarketPlace
DA:131,201
DA:132,201
FN:139,Treasury.setAirdrop
FNDA:201,Treasury.setAirdrop
DA:140,201
DA:141,201
FN:148,Treasury.setWstonSwapPool
FNDA:52,Treasury.setWstonSwapPool
DA:149,52
DA:150,52
FN:156,Treasury.tonApproveWstonSwapPool
FNDA:9,Treasury.tonApproveWstonSwapPool
DA:157,9
DA:158,9
DA:159,9
FN:167,Treasury.approveGem
FNDA:5,Treasury.approveGem
DA:168,5
FN:175,Treasury.approveWstonForMarketplace
FNDA:3,Treasury.approveWstonForMarketplace
DA:176,3
FN:190,Treasury.transferWSTON
FNDA:2,Treasury.transferWSTON
DA:192,2
DA:195,2
DA:196,2
BRDA:196,7,0,-
DA:197,0
DA:201,2
DA:202,2
FN:212,Treasury.transferTON
FNDA:2,Treasury.transferTON
DA:214,2
DA:217,2
DA:218,2
BRDA:218,8,0,-
DA:219,0
DA:223,2
DA:224,2
FN:236,Treasury.createPreminedGEM
FNDA:33,Treasury.createPreminedGEM
DA:243,33
BRDA:243,9,0,-
DA:244,0
DA:248,33
FN:265,Treasury.createPreminedGEMPool
FNDA:25,Treasury.createPreminedGEMPool
DA:271,25
DA:273,25
DA:274,25
DA:275,70
DA:279,25
BRDA:279,10,0,-
DA:280,0
DA:284,25
FN:299,Treasury.transferTreasuryGEMto
FNDA:9,Treasury.transferTreasuryGEMto
DA:300,9
DA:301,9
FN:310,Treasury.putGemForSale
FNDA:2,Treasury.putGemForSale
DA:311,2
BRDA:311,11,0,2
DA:312,2
DA:314,2
FN:323,Treasury.putGemListForSale
FNDA:1,Treasury.putGemListForSale
DA:324,1
BRDA:324,12,0,1
DA:325,1
DA:327,1
FN:334,Treasury.removeGemFromSale
FNDA:0,Treasury.removeGemFromSale
DA:335,0
FN:343,Treasury.buyGem
FNDA:1,Treasury.buyGem
DA:344,1
FN:351,Treasury.onERC721Received
FNDA:105,Treasury.onERC721Received
DA:357,105
FN:368,Treasury._checkNonAddress
FNDA:668,Treasury._checkNonAddress
DA:369,668
BRDA:369,13,0,-
FN:377,Treasury.getTONBalance
FNDA:2,Treasury.getTONBalance
DA:378,2
FN:382,Treasury.getWSTONBalance
FNDA:60,Treasury.getWSTONBalance
DA:383,60
FN:386,Treasury.getGemFactoryAddress
FNDA:0,Treasury.getGemFactoryAddress
DA:386,0
FN:387,Treasury.getMarketPlaceAddress
FNDA:0,Treasury.getMarketPlaceAddress
DA:387,0
FN:388,Treasury.getRandomPackAddress
FNDA:0,Treasury.getRandomPackAddress
DA:388,0
FN:389,Treasury.getAirdropAddress
FNDA:0,Treasury.getAirdropAddress
DA:389,0
FN:390,Treasury.getTonAddress
FNDA:0,Treasury.getTonAddress
DA:390,0
FN:391,Treasury.getWstonAddress
FNDA:0,Treasury.getWstonAddress
DA:391,0
FN:392,Treasury.getSwapPoolAddress
FNDA:0,Treasury.getSwapPoolAddress
DA:392,0
FNF:37
FNH:24
LF:72
LH:54
BRF:21
BRH:6
end_of_record
TN:
SF:src/L2/WstonSwapPool.sol
FN:28,WstonSwapPool.whenNotPaused
FNDA:10,WstonSwapPool.whenNotPaused
DA:29,10
BRDA:29,0,0,-
BRDA:29,0,1,-
FN:36,WstonSwapPool.whenPaused
FNDA:4,WstonSwapPool.whenPaused
DA:37,4
BRDA:37,1,0,-
BRDA:37,1,1,-
FN:45,WstonSwapPool.pause
FNDA:8,WstonSwapPool.pause
DA:46,8
FN:53,WstonSwapPool.unpause
FNDA:2,WstonSwapPool.unpause
DA:54,2
FN:69,WstonSwapPool.initialize
FNDA:55,WstonSwapPool.initialize
DA:75,55
BRDA:75,2,0,-
BRDA:75,2,1,-
DA:76,52
DA:77,55
DA:78,55
DA:79,55
DA:80,55
DA:81,52
FN:95,WstonSwapPool.swap
FNDA:13,WstonSwapPool.swap
DA:97,13
BRDA:97,3,0,2
DA:98,2
DA:102,11
BRDA:102,4,0,2
DA:103,2
DA:107,9
DA:110,9
BRDA:110,5,0,-
DA:111,0
DA:115,9
BRDA:115,6,0,2
DA:116,2
DA:120,7
DA:122,7
DA:124,7
FN:133,WstonSwapPool.updateStakingIndex
FNDA:9,WstonSwapPool.updateStakingIndex
DA:134,9
BRDA:134,7,0,2
DA:135,2
DA:137,7
DA:138,7
FN:145,WstonSwapPool._safeTransferFrom
FNDA:14,WstonSwapPool._safeTransferFrom
DA:146,14
DA:147,14
BRDA:147,8,0,-
BRDA:147,8,1,-
FN:154,WstonSwapPool.getStakingIndex
FNDA:58,WstonSwapPool.getStakingIndex
DA:154,58
FN:155,WstonSwapPool.getPaused
FNDA:10,WstonSwapPool.getPaused
DA:155,10
FN:156,WstonSwapPool.getTreasuryAddress
FNDA:52,WstonSwapPool.getTreasuryAddress
DA:156,52
FN:157,WstonSwapPool.getWstonAddress
FNDA:52,WstonSwapPool.getWstonAddress
DA:157,52
FN:158,WstonSwapPool.getTonAddress
FNDA:52,WstonSwapPool.getTonAddress
DA:158,52
FNF:13
FNH:13
LF:34
LH:33
BRF:13
BRH:4
end_of_record
TN:
SF:src/common/AuthControl.sol
FN:14,AuthControl.onlyAdmin
FNDA:2,AuthControl.onlyAdmin
DA:15,2
BRDA:15,0,0,-
BRDA:15,0,1,-
FN:19,AuthControl.onlyOwner
FNDA:1239,AuthControl.onlyOwner
DA:20,1239
BRDA:20,1,0,-
BRDA:20,1,1,-
FN:24,AuthControl.onlyPauser
FNDA:0,AuthControl.onlyPauser
DA:25,0
BRDA:25,2,0,-
BRDA:25,2,1,-
FN:32,AuthControl.onlyOwnerOrAdmin
FNDA:82,AuthControl.onlyOwnerOrAdmin
DA:33,82
BRDA:33,3,0,286
BRDA:33,3,1,286
FN:40,AuthControl.onlyOwnerOrPauser
FNDA:2,AuthControl.onlyOwnerOrPauser
DA:41,2
BRDA:41,4,0,2
BRDA:41,4,1,1
FN:50,AuthControl.addAdmin
FNDA:6,AuthControl.addAdmin
DA:51,6
FN:54,AuthControl.addPauser
FNDA:3,AuthControl.addPauser
DA:55,3
FN:59,AuthControl.removeAdmin
FNDA:1,AuthControl.removeAdmin
DA:60,1
FN:63,AuthControl.removePauser
FNDA:1,AuthControl.removePauser
DA:64,1
FN:69,AuthControl.transferOwnership
FNDA:3,AuthControl.transferOwnership
DA:70,3
BRDA:70,5,0,1
DA:71,1
DA:74,2
BRDA:74,6,0,1
DA:75,1
DA:79,1
DA:80,1
DA:81,1
FN:86,AuthControl.isAdmin
FNDA:770,AuthControl.isAdmin
DA:87,770
FN:90,AuthControl.isOwner
FNDA:3038,AuthControl.isOwner
DA:91,3038
FN:94,AuthControl.isPauser
FNDA:4,AuthControl.isPauser
DA:95,4
FN:98,AuthControl.supportsInterface
FNDA:0,AuthControl.supportsInterface
DA:101,0
FNF:14
FNH:12
LF:20
LH:18
BRF:12
BRH:6
end_of_record
TN:
SF:src/libraries/ForgeLibrary.sol
FN:60,ForgeLibrary.forgeTokens
FNDA:6,ForgeLibrary.forgeTokens
DA:71,6
BRDA:71,0,0,-
DA:72,0
DA:74,6
DA:77,6
BRDA:77,1,0,5
BRDA:77,1,1,-
DA:78,5
BRDA:78,2,0,1
DA:79,1
DA:81,4
DA:82,4
DA:83,4
DA:84,4
DA:85,1
BRDA:85,3,0,-
BRDA:85,3,1,-
DA:86,0
BRDA:86,4,0,-
DA:87,0
DA:89,0
DA:90,0
DA:91,0
DA:92,0
DA:93,1
BRDA:93,5,0,1
BRDA:93,5,1,-
DA:94,1
BRDA:94,6,0,-
DA:95,0
DA:97,1
DA:98,1
DA:99,1
DA:100,1
DA:101,0
BRDA:101,7,0,-
BRDA:101,7,1,-
DA:102,0
BRDA:102,8,0,-
DA:103,0
DA:105,0
DA:106,0
DA:107,0
DA:108,0
DA:109,0
BRDA:109,9,0,1
BRDA:109,9,1,-
DA:110,0
BRDA:110,10,0,1
DA:111,1
DA:113,0
DA:114,0
DA:115,0
DA:116,0
DA:118,0
DA:122,5
DA:123,5
DA:126,5
DA:127,11
BRDA:127,11,0,1
DA:128,1
DA:130,10
BRDA:130,12,0,-
DA:131,0
DA:133,10
BRDA:133,13,0,1
DA:134,1
DA:138,9
DA:139,9
DA:140,9
DA:141,9
DA:144,9
DA:145,26
BRDA:145,14,0,15
DA:146,15
DA:147,3
BRDA:147,15,0,3
DA:148,3
DA:154,3
BRDA:154,16,0,1
DA:155,1
DA:159,2
DA:160,2
DA:161,2
DA:162,2
DA:164,2
DA:165,2
BRDA:165,17,0,1
BRDA:165,17,1,-
DA:166,1
BRDA:166,18,0,-
BRDA:166,18,1,-
DA:167,1
BRDA:167,19,0,1
BRDA:167,19,1,-
DA:168,0
BRDA:168,20,0,-
BRDA:168,20,1,-
DA:169,0
BRDA:169,21,0,-
DA:171,2
DA:172,8
DA:176,2
DA:177,0
DA:178,0
DA:179,0
DA:180,0
BRDA:180,22,0,-
DA:181,0
DA:182,0
DA:183,0
DA:184,0
DA:188,2
DA:191,2
DA:194,2
DA:207,2
DA:208,2
DA:209,2
DA:212,2
BRDA:212,23,0,-
BRDA:212,23,1,-
DA:213,2
DA:214,2
DA:217,2
FN:236,ForgeLibrary._checkColor
FNDA:15,ForgeLibrary._checkColor
DA:243,15
DA:245,15
BRDA:245,24,0,9
BRDA:245,24,1,-
DA:247,9
DA:248,9
DA:249,9
DA:250,9
DA:251,9
DA:252,9
DA:255,9
BRDA:255,25,0,-
DA:256,0
DA:257,0
DA:260,9
BRDA:260,26,0,7
DA:261,7
DA:262,7
DA:265,2
BRDA:265,27,0,1
DA:266,0
BRDA:266,28,0,-
BRDA:266,28,1,1
DA:267,0
DA:268,0
DA:270,1
DA:271,1
DA:275,1
BRDA:275,29,0,1
DA:276,0
BRDA:276,30,0,-
BRDA:276,30,1,-
DA:277,0
DA:278,0
DA:280,1
DA:281,1
DA:285,0
BRDA:285,31,0,-
DA:286,0
DA:287,0
DA:290,0
BRDA:290,32,0,-
DA:291,0
BRDA:291,33,0,-
BRDA:291,33,1,-
DA:292,0
DA:293,0
DA:294,0
BRDA:294,34,0,-
BRDA:294,34,1,-
DA:295,0
DA:296,0
DA:297,0
BRDA:297,35,0,-
BRDA:297,35,1,-
DA:298,0
DA:299,0
DA:300,0
BRDA:300,36,0,-
DA:301,0
DA:302,0
DA:306,0
BRDA:306,37,0,-
DA:307,0
DA:308,0
DA:312,6
FN:323,ForgeLibrary.isTokenLocked
FNDA:10,ForgeLibrary.isTokenLocked
DA:324,10
FNF:3
FNH:3
LF:137
LH:77
BRF:54
BRH:17
end_of_record
TN:
SF:src/libraries/GemLibrary.sol
FN:24,GemLibrary.createGem
FNDA:105,GemLibrary.createGem
DA:38,105
DA:52,105
DA:53,105
DA:54,105
DA:56,105
DA:57,105
DA:59,0
FN:71,GemLibrary.burnGem
FNDA:2,GemLibrary.burnGem
DA:78,2
DA:79,2
DA:80,2
FN:92,GemLibrary.burnGems
FNDA:0,GemLibrary.burnGems
DA:99,0
DA:100,0
FNF:3
FNH:2
LF:12
LH:9
BRF:0
BRH:0
end_of_record
TN:
SF:src/libraries/MiningLibrary.sol
FN:16,MiningLibrary.startMining
FNDA:10,MiningLibrary.startMining
DA:23,10
DA:24,10
DA:25,10
DA:26,10
FN:37,MiningLibrary.cancelMining
FNDA:1,MiningLibrary.cancelMining
DA:44,1
DA:45,1
DA:46,1
FNF:2
FNH:2
LF:7
LH:7
BRF:0
BRH:0
end_of_record
TN:
SF:src/proxy/Proxy.sol
FN:20,Proxy.
FNDA:1210,Proxy.
DA:21,1210
FN:27,Proxy.setProxyPause
FNDA:1,Proxy.setProxyPause
DA:28,1
FN:33,Proxy.upgradeTo
FNDA:1222,Proxy.upgradeTo
DA:34,1222
BRDA:34,0,0,-
BRDA:34,0,1,-
DA:35,1222
BRDA:35,1,0,-
BRDA:35,1,1,-
DA:36,1222
DA:37,1222
FN:41,Proxy.setImplementation2
FNDA:402,Proxy.setImplementation2
DA:46,402
FN:50,Proxy.setAliveImplementation2
FNDA:1,Proxy.setAliveImplementation2
DA:54,1
FN:58,Proxy.setSelectorImplementations2
FNDA:404,Proxy.setSelectorImplementations2
DA:62,404
BRDA:62,2,0,-
BRDA:62,2,1,-
DA:63,403
BRDA:63,3,0,-
BRDA:63,3,1,-
DA:65,402
DA:66,1206
BRDA:66,4,0,-
BRDA:66,4,1,-
DA:70,1206
DA:71,1206
FN:80,Proxy.implementation
FNDA:0,Proxy.implementation
DA:81,0
FN:85,Proxy.implementation2
FNDA:0,Proxy.implementation2
DA:88,0
FN:92,Proxy.getSelectorImplementation2
FNDA:8226,Proxy.getSelectorImplementation2
DA:95,8226
DA:96,7588
BRDA:96,5,0,7588
BRDA:95,5,1,-
DA:97,638
BRDA:97,6,0,638
BRDA:97,6,1,-
DA:98,638
DA:99,0
FN:108,Proxy.
FNDA:7824,Proxy.
DA:109,0
FN:117,Proxy._implementation2
FNDA:1222,Proxy._implementation2
DA:120,1222
FN:124,Proxy._fallback
FNDA:7824,Proxy._fallback
DA:125,7824
DA:126,7824
BRDA:126,7,0,7824
BRDA:126,7,1,7824
DA:135,0
DA:139,0
DA:142,0
DA:146,0
DA:147,0
DA:149,0
DA:150,0
FN:159,Proxy._setImplementation2
FNDA:1623,Proxy._setImplementation2
DA:164,1623
BRDA:164,8,0,-
BRDA:164,8,1,-
DA:165,1623
BRDA:165,9,0,1623
DA:166,1623
FN:172,Proxy._setAliveImplementation2
FNDA:1624,Proxy._setAliveImplementation2
DA:176,1624
DA:177,1624
FN:180,Proxy.isContract
FNDA:1623,Proxy.isContract
DA:185,1623
FNF:15
FNH:13
LF:38
LH:27
BRF:19
BRH:5
end_of_record
TN:
SF:test/L1/mock/MockL1WrappedStakedTONFactoryUpgraded.sol
FN:10,MockL1WrappedStakedTONFactoryUpgraded.incrementCounter
FNDA:1,MockL1WrappedStakedTONFactoryUpgraded.incrementCounter
DA:11,1
FN:14,MockL1WrappedStakedTONFactoryUpgraded.getCounter
FNDA:1,MockL1WrappedStakedTONFactoryUpgraded.getCounter
DA:15,1
FNF:2
FNH:2
LF:2
LH:2
BRF:0
BRH:0
end_of_record
TN:
SF:test/L1/mock/MockL1WrappedStakedTONUpgraded.sol
FN:33,MockL1WrappedStakedTONUpgraded.whenNotPaused
FNDA:0,MockL1WrappedStakedTONUpgraded.whenNotPaused
DA:34,0
BRDA:34,0,0,-
BRDA:34,0,1,-
FN:38,MockL1WrappedStakedTONUpgraded.whenPaused
FNDA:0,MockL1WrappedStakedTONUpgraded.whenPaused
DA:39,0
BRDA:39,1,0,-
BRDA:39,1,1,-
FN:43,MockL1WrappedStakedTONUpgraded.
FNDA:3,MockL1WrappedStakedTONUpgraded.
DA:44,0
FN:58,MockL1WrappedStakedTONUpgraded.initialize
FNDA:0,MockL1WrappedStakedTONUpgraded.initialize
DA:68,0
DA:69,0
DA:70,0
DA:71,0
DA:72,0
DA:73,0
DA:74,0
DA:75,0
FN:82,MockL1WrappedStakedTONUpgraded.decimals
FNDA:0,MockL1WrappedStakedTONUpgraded.decimals
DA:83,0
FN:90,MockL1WrappedStakedTONUpgraded.pause
FNDA:0,MockL1WrappedStakedTONUpgraded.pause
DA:91,0
DA:92,0
FN:99,MockL1WrappedStakedTONUpgraded.unpause
FNDA:0,MockL1WrappedStakedTONUpgraded.unpause
DA:100,0
DA:101,0
FN:111,MockL1WrappedStakedTONUpgraded.onApprove
FNDA:0,MockL1WrappedStakedTONUpgraded.onApprove
DA:116,0
BRDA:116,2,0,-
BRDA:116,2,1,-
DA:118,0
DA:119,0
BRDA:119,3,0,-
BRDA:119,3,1,-
DA:120,0
BRDA:120,4,0,-
BRDA:120,4,1,-
DA:121,0
BRDA:121,5,0,-
BRDA:121,5,1,-
DA:123,0
BRDA:123,6,0,-
BRDA:123,6,1,-
DA:124,0
BRDA:124,7,0,-
BRDA:124,7,1,-
DA:127,0
FN:136,MockL1WrappedStakedTONUpgraded._decodeDepositAndGetWSTONOnApproveData
FNDA:0,MockL1WrappedStakedTONUpgraded._decodeDepositAndGetWSTONOnApproveData
DA:137,0
BRDA:137,8,0,-
BRDA:137,8,1,-
DA:142,0
DA:143,0
FN:151,MockL1WrappedStakedTONUpgraded.depositWTONAndGetWSTON
FNDA:0,MockL1WrappedStakedTONUpgraded.depositWTONAndGetWSTON
DA:155,0
BRDA:155,9,0,-
DA:156,0
FN:165,MockL1WrappedStakedTONUpgraded.depositWTONAndGetWSTONTo
FNDA:0,MockL1WrappedStakedTONUpgraded.depositWTONAndGetWSTONTo
DA:170,0
BRDA:170,10,0,-
DA:171,0
FN:191,MockL1WrappedStakedTONUpgraded._depositAndGetWSTONTo
FNDA:0,MockL1WrappedStakedTONUpgraded._depositAndGetWSTONTo
DA:198,0
DA:201,0
BRDA:201,11,0,-
DA:202,0
DA:206,0
BRDA:206,12,0,-
DA:207,0
BRDA:207,13,0,-
BRDA:207,13,1,-
DA:208,0
DA:210,0
DA:213,0
DA:214,0
DA:216,0
DA:218,0
BRDA:218,14,0,-
BRDA:218,14,1,-
DA:220,0
DA:223,0
BRDA:223,15,0,-
DA:224,0
DA:228,0
BRDA:228,16,0,-
BRDA:228,16,1,-
DA:232,0
DA:237,0
DA:240,0
DA:241,0
BRDA:241,17,0,-
BRDA:241,17,1,-
DA:245,0
DA:250,0
DA:252,0
DA:254,0
FN:261,MockL1WrappedStakedTONUpgraded.requestWithdrawal
FNDA:0,MockL1WrappedStakedTONUpgraded.requestWithdrawal
DA:262,0
DA:263,0
BRDA:263,18,0,-
BRDA:263,18,1,-
FN:272,MockL1WrappedStakedTONUpgraded._requestWithdrawal
FNDA:0,MockL1WrappedStakedTONUpgraded._requestWithdrawal
DA:273,0
BRDA:273,19,0,-
DA:274,0
DA:278,0
DA:279,0
DA:281,0
DA:282,0
DA:284,0
BRDA:284,20,0,-
BRDA:284,20,1,-
DA:289,0
DA:296,0
DA:300,0
DA:302,0
DA:303,0
FN:306,MockL1WrappedStakedTONUpgraded.claimWithdrawalTotal
FNDA:0,MockL1WrappedStakedTONUpgraded.claimWithdrawalTotal
DA:307,0
BRDA:307,21,0,-
BRDA:307,21,1,-
FN:310,MockL1WrappedStakedTONUpgraded._claimWithdrawalTotal
FNDA:0,MockL1WrappedStakedTONUpgraded._claimWithdrawalTotal
DA:311,0
DA:312,0
DA:315,0
DA:316,0
DA:319,0
BRDA:319,22,0,-
DA:320,0
DA:321,0
DA:326,0
BRDA:326,23,0,-
DA:327,0
DA:331,0
BRDA:331,24,0,-
BRDA:331,24,1,-
DA:332,0
BRDA:332,25,0,-
BRDA:332,25,1,-
DA:333,0
DA:334,0
DA:336,0
BRDA:336,26,0,-
BRDA:336,26,1,-
DA:337,0
DA:340,0
DA:341,0
FN:344,MockL1WrappedStakedTONUpgraded.claimWithdrawalIndex
FNDA:0,MockL1WrappedStakedTONUpgraded.claimWithdrawalIndex
DA:345,0
BRDA:345,27,0,-
BRDA:345,27,1,-
FN:348,MockL1WrappedStakedTONUpgraded._claimWithdrawalIndex
FNDA:0,MockL1WrappedStakedTONUpgraded._claimWithdrawalIndex
DA:349,0
BRDA:349,28,0,-
DA:350,0
DA:353,0
DA:354,0
BRDA:354,29,0,-
DA:355,0
DA:357,0
BRDA:357,30,0,-
DA:358,0
DA:361,0
DA:363,0
DA:365,0
BRDA:365,31,0,-
BRDA:365,31,1,-
DA:366,0
DA:367,0
BRDA:367,32,0,-
BRDA:367,32,1,-
DA:368,0
DA:370,0
DA:371,0
BRDA:371,33,0,-
BRDA:371,33,1,-
DA:372,0
DA:375,0
DA:376,0
FN:379,MockL1WrappedStakedTONUpgraded.updateSeigniorage
FNDA:0,MockL1WrappedStakedTONUpgraded.updateSeigniorage
DA:380,0
FN:383,MockL1WrappedStakedTONUpgraded.updateStakingIndex
FNDA:0,MockL1WrappedStakedTONUpgraded.updateStakingIndex
DA:384,0
DA:385,0
DA:387,0
BRDA:387,34,0,-
BRDA:387,34,1,-
DA:389,0
DA:391,0
DA:394,0
DA:395,0
DA:396,0
FN:399,MockL1WrappedStakedTONUpgraded.addUser
FNDA:0,MockL1WrappedStakedTONUpgraded.addUser
DA:400,0
BRDA:400,35,0,-
DA:401,0
DA:402,0
FN:406,MockL1WrappedStakedTONUpgraded.getDepositWstonAmount
FNDA:0,MockL1WrappedStakedTONUpgraded.getDepositWstonAmount
DA:407,0
DA:408,0
FN:412,MockL1WrappedStakedTONUpgraded.setDepositManagerAddress
FNDA:0,MockL1WrappedStakedTONUpgraded.setDepositManagerAddress
DA:413,0
FN:416,MockL1WrappedStakedTONUpgraded.setSeigManagerAddress
FNDA:0,MockL1WrappedStakedTONUpgraded.setSeigManagerAddress
DA:417,0
FN:420,MockL1WrappedStakedTONUpgraded.stakeOf
FNDA:0,MockL1WrappedStakedTONUpgraded.stakeOf
DA:421,0
FN:424,MockL1WrappedStakedTONUpgraded.getLastWithdrawalRequest
FNDA:0,MockL1WrappedStakedTONUpgraded.getLastWithdrawalRequest
DA:425,0
DA:426,0
DA:427,0
FN:430,MockL1WrappedStakedTONUpgraded.getWithdrawalRequest
FNDA:0,MockL1WrappedStakedTONUpgraded.getWithdrawalRequest
DA:431,0
DA:432,0
FN:441,MockL1WrappedStakedTONUpgraded.getTotalClaimableAmountByUser
FNDA:0,MockL1WrappedStakedTONUpgraded.getTotalClaimableAmountByUser
DA:442,0
DA:443,0
DA:446,0
DA:447,0
DA:450,0
BRDA:450,36,0,-
DA:451,0
DA:455,0
FN:458,MockL1WrappedStakedTONUpgraded.incrementCounter
FNDA:2,MockL1WrappedStakedTONUpgraded.incrementCounter
DA:459,2
FN:462,MockL1WrappedStakedTONUpgraded.getCounter
FNDA:2,MockL1WrappedStakedTONUpgraded.getCounter
DA:463,2
FNF:30
FNH:3
LF:136
LH:2
BRF:61
BRH:0
end_of_record
TN:
SF:test/L2/mock/MockAirdropUpgraded.sol
FN:20,MockAirdropUpgraded.whenNotPaused
FNDA:0,MockAirdropUpgraded.whenNotPaused
DA:21,0
BRDA:21,0,0,-
BRDA:21,0,1,-
FN:25,MockAirdropUpgraded.whenPaused
FNDA:0,MockAirdropUpgraded.whenPaused
DA:26,0
BRDA:26,1,0,-
BRDA:26,1,1,-
FN:30,MockAirdropUpgraded.initialize
FNDA:0,MockAirdropUpgraded.initialize
DA:31,0
BRDA:31,2,0,-
BRDA:31,2,1,-
DA:32,0
DA:33,0
DA:34,0
DA:35,0
FN:51,MockAirdropUpgraded.assignGemForAirdrop
FNDA:0,MockAirdropUpgraded.assignGemForAirdrop
DA:52,0
DA:53,0
DA:54,0
DA:56,0
DA:57,0
DA:58,0
DA:61,0
DA:62,0
BRDA:62,3,0,-
DA:63,0
DA:64,0
DA:69,0
BRDA:69,4,0,-
DA:70,0
DA:71,0
BRDA:71,5,0,-
DA:72,0
DA:73,0
DA:78,0
BRDA:78,6,0,-
DA:79,0
DA:81,0
BRDA:81,7,0,-
DA:82,0
DA:86,0
DA:87,0
DA:88,0
DA:92,0
DA:93,0
DA:94,0
DA:98,0
DA:99,0
DA:101,0
DA:102,0
FN:109,MockAirdropUpgraded.claimAirdrop
FNDA:0,MockAirdropUpgraded.claimAirdrop
DA:110,0
BRDA:110,8,0,-
DA:111,0
DA:113,0
DA:114,0
BRDA:114,9,0,-
DA:115,0
DA:118,0
DA:119,0
DA:120,0
DA:121,0
DA:125,0
DA:127,0
FN:134,MockAirdropUpgraded.getTokensEligible
FNDA:0,MockAirdropUpgraded.getTokensEligible
DA:135,0
FN:138,MockAirdropUpgraded.incrementCounter
FNDA:1,MockAirdropUpgraded.incrementCounter
DA:139,1
FN:142,MockAirdropUpgraded.getCounter
FNDA:1,MockAirdropUpgraded.getCounter
DA:143,1
FN:146,MockAirdropUpgraded.getTreasuryAddress
FNDA:1,MockAirdropUpgraded.getTreasuryAddress
DA:147,1
FN:150,MockAirdropUpgraded.getGemFactoryAddress
FNDA:1,MockAirdropUpgraded.getGemFactoryAddress
DA:151,1
FNF:10
FNH:4
LF:52
LH:4
BRF:13
BRH:0
end_of_record
TN:
SF:test/L2/mock/MockGemFactoryUpgraded.sol
FN:8,MockGemFactoryUpgraded.setRareMiningTry
FNDA:2,MockGemFactoryUpgraded.setRareMiningTry
DA:9,2
FNF:1
FNH:1
LF:1
LH:1
BRF:0
BRH:0
end_of_record
TN:
SF:test/L2/mock/MockMarketPlaceUpgraded.sol
FN:32,MockMarketPlaceUpgraded.whenNotPaused
FNDA:0,MockMarketPlaceUpgraded.whenNotPaused
DA:33,0
BRDA:33,0,0,-
BRDA:33,0,1,-
FN:38,MockMarketPlaceUpgraded.whenPaused
FNDA:0,MockMarketPlaceUpgraded.whenPaused
DA:39,0
BRDA:39,1,0,-
BRDA:39,1,1,-
FN:43,MockMarketPlaceUpgraded.initialize
FNDA:0,MockMarketPlaceUpgraded.initialize
DA:50,0
BRDA:50,2,0,-
BRDA:50,2,1,-
DA:51,0
BRDA:51,3,0,-
BRDA:51,3,1,-
DA:52,0
DA:53,0
DA:54,0
DA:55,0
DA:56,0
DA:57,0
DA:58,0
DA:59,0
FN:62,MockMarketPlaceUpgraded.setTonFeesRate
FNDA:0,MockMarketPlaceUpgraded.setTonFeesRate
DA:63,0
FN:66,MockMarketPlaceUpgraded.setCommonGemTokenUri
FNDA:0,MockMarketPlaceUpgraded.setCommonGemTokenUri
DA:67,0
FN:79,MockMarketPlaceUpgraded.buyGem
FNDA:0,MockMarketPlaceUpgraded.buyGem
DA:80,0
BRDA:80,4,0,-
BRDA:80,4,1,-
FN:88,MockMarketPlaceUpgraded.putGemForSale
FNDA:0,MockMarketPlaceUpgraded.putGemForSale
DA:89,0
BRDA:89,5,0,-
BRDA:89,5,1,-
DA:90,0
BRDA:90,6,0,-
BRDA:90,6,1,-
FN:98,MockMarketPlaceUpgraded.putGemListForSale
FNDA:0,MockMarketPlaceUpgraded.putGemListForSale
DA:99,0
BRDA:99,7,0,-
DA:100,0
DA:102,0
BRDA:102,8,0,-
DA:103,0
DA:106,0
DA:107,0
BRDA:107,9,0,-
BRDA:107,9,1,-
DA:108,0
BRDA:108,10,0,-
BRDA:108,10,1,-
FN:116,MockMarketPlaceUpgraded.removeGemForSale
FNDA:0,MockMarketPlaceUpgraded.removeGemForSale
DA:117,0
BRDA:117,11,0,-
DA:118,0
DA:120,0
BRDA:120,12,0,-
DA:121,0
DA:124,0
DA:126,0
DA:127,0
FN:131,MockMarketPlaceUpgraded.setDiscountRate
FNDA:0,MockMarketPlaceUpgraded.setDiscountRate
DA:132,0
BRDA:132,13,0,-
BRDA:132,13,1,-
DA:133,0
DA:134,0
FN:137,MockMarketPlaceUpgraded.setStakingIndex
FNDA:0,MockMarketPlaceUpgraded.setStakingIndex
DA:138,0
BRDA:138,14,0,-
DA:139,0
DA:141,0
FN:149,MockMarketPlaceUpgraded._putGemForSale
FNDA:0,MockMarketPlaceUpgraded._putGemForSale
DA:150,0
BRDA:150,15,0,-
DA:151,0
DA:153,0
BRDA:153,16,0,-
DA:154,0
DA:156,0
BRDA:156,17,0,-
DA:157,0
DA:160,0
DA:162,0
DA:168,0
DA:169,0
FN:172,MockMarketPlaceUpgraded._buyGem
FNDA:0,MockMarketPlaceUpgraded._buyGem
DA:173,0
BRDA:173,18,0,-
DA:174,0
DA:176,0
BRDA:176,19,0,-
DA:177,0
DA:180,0
DA:181,0
BRDA:181,20,0,-
DA:182,0
DA:185,0
DA:186,0
BRDA:186,21,0,-
DA:187,0
DA:190,0
BRDA:190,22,0,-
DA:191,0
DA:195,0
BRDA:195,23,0,-
BRDA:195,23,1,-
DA:196,0
DA:198,0
DA:199,0
DA:200,0
DA:201,0
BRDA:201,24,0,-
DA:202,0
DA:203,0
DA:207,0
DA:208,0
DA:210,0
DA:213,0
DA:214,0
FN:217,MockMarketPlaceUpgraded.buyCommonGem
FNDA:1,MockMarketPlaceUpgraded.buyCommonGem
DA:219,1
DA:221,1
DA:223,1
DA:225,1
DA:226,1
FN:232,MockMarketPlaceUpgraded._toRAY
FNDA:0,MockMarketPlaceUpgraded._toRAY
DA:233,0
FN:239,MockMarketPlaceUpgraded._toWAD
FNDA:0,MockMarketPlaceUpgraded._toWAD
DA:240,0
FN:243,MockMarketPlaceUpgraded.getTonFeesRate
FNDA:1,MockMarketPlaceUpgraded.getTonFeesRate
DA:244,1
FN:247,MockMarketPlaceUpgraded.getStakingIndex
FNDA:1,MockMarketPlaceUpgraded.getStakingIndex
DA:248,1
FN:251,MockMarketPlaceUpgraded.getGemFactoryAddress
FNDA:1,MockMarketPlaceUpgraded.getGemFactoryAddress
DA:252,1
FN:255,MockMarketPlaceUpgraded.getTreasuryAddress
FNDA:1,MockMarketPlaceUpgraded.getTreasuryAddress
DA:256,1
FNF:20
FNH:5
LF:83
LH:9
BRF:36
BRH:0
end_of_record
TN:
SF:test/L2/mock/MockRandomPackUpgraded.sol
FN:10,MockRandomPackUpgraded.incrementCounter
FNDA:1,MockRandomPackUpgraded.incrementCounter
DA:11,1
FN:14,MockRandomPackUpgraded.getCounter
FNDA:1,MockRandomPackUpgraded.getCounter
DA:15,1
FNF:2
FNH:2
LF:2
LH:2
BRF:0
BRH:0
end_of_record
TN:
SF:test/L2/mock/MockSwapPoolUpgraded.sol
FN:10,MockWstonSwapPoolUpgraded.incrementCounter
FNDA:2,MockWstonSwapPoolUpgraded.incrementCounter
DA:11,2
FN:14,MockWstonSwapPoolUpgraded.getCounter
FNDA:2,MockWstonSwapPoolUpgraded.getCounter
DA:15,2
FNF:2
FNH:2
LF:2
LH:2
BRF:0
BRH:0
end_of_record
TN:
SF:test/L2/mock/MockTreasuryUpgraded.sol
FN:35,MockTreasuryUpgraded.whenNotPaused
FNDA:0,MockTreasuryUpgraded.whenNotPaused
DA:36,0
BRDA:36,0,0,-
BRDA:36,0,1,-
FN:41,MockTreasuryUpgraded.whenPaused
FNDA:0,MockTreasuryUpgraded.whenPaused
DA:42,0
BRDA:42,1,0,-
BRDA:42,1,1,-
FN:46,MockTreasuryUpgraded.onlyMarketPlace
FNDA:0,MockTreasuryUpgraded.onlyMarketPlace
DA:47,0
BRDA:47,2,0,-
BRDA:47,2,1,-
FN:51,MockTreasuryUpgraded.onlyOwnerOrRandomPackOrMarketplace
FNDA:0,MockTreasuryUpgraded.onlyOwnerOrRandomPackOrMarketplace
DA:52,0
BRDA:52,3,0,-
BRDA:52,3,1,-
FN:60,MockTreasuryUpgraded.onlyGemFactoryOrMarketPlaceOrRandomPackOrAirdropOrOwner
FNDA:0,MockTreasuryUpgraded.onlyGemFactoryOrMarketPlaceOrRandomPackOrAirdropOrOwner
DA:61,0
BRDA:61,4,0,-
BRDA:61,4,1,-
FN:71,MockTreasuryUpgraded.initialize
FNDA:0,MockTreasuryUpgraded.initialize
DA:72,0
BRDA:72,5,0,-
BRDA:72,5,1,-
DA:73,0
DA:74,0
DA:75,0
DA:76,0
DA:77,0
FN:81,MockTreasuryUpgraded.setGemFactory
FNDA:0,MockTreasuryUpgraded.setGemFactory
DA:82,0
DA:83,0
FN:86,MockTreasuryUpgraded.setRandomPack
FNDA:0,MockTreasuryUpgraded.setRandomPack
DA:87,0
DA:88,0
FN:91,MockTreasuryUpgraded.setMarketPlace
FNDA:0,MockTreasuryUpgraded.setMarketPlace
DA:92,0
DA:93,0
FN:96,MockTreasuryUpgraded.setAirdrop
FNDA:0,MockTreasuryUpgraded.setAirdrop
DA:97,0
DA:98,0
FN:101,MockTreasuryUpgraded.setWstonSwapPool
FNDA:0,MockTreasuryUpgraded.setWstonSwapPool
DA:102,0
DA:103,0
FN:106,MockTreasuryUpgraded.approveGemFactory
FNDA:0,MockTreasuryUpgraded.approveGemFactory
DA:107,0
DA:108,0
FN:111,MockTreasuryUpgraded.wstonApproveMarketPlace
FNDA:0,MockTreasuryUpgraded.wstonApproveMarketPlace
DA:112,0
DA:113,0
FN:116,MockTreasuryUpgraded.tonApproveMarketPlace
FNDA:0,MockTreasuryUpgraded.tonApproveMarketPlace
DA:117,0
DA:118,0
FN:121,MockTreasuryUpgraded.tonApproveWstonSwapPool
FNDA:0,MockTreasuryUpgraded.tonApproveWstonSwapPool
DA:122,0
DA:123,0
FN:126,MockTreasuryUpgraded.approveGem
FNDA:0,MockTreasuryUpgraded.approveGem
DA:127,0
FN:130,MockTreasuryUpgraded.approveWstonForMarketplace
FNDA:0,MockTreasuryUpgraded.approveWstonForMarketplace
DA:131,0
FN:134,MockTreasuryUpgraded.transferWSTON
FNDA:0,MockTreasuryUpgraded.transferWSTON
DA:136,0
DA:138,0
DA:139,0
BRDA:139,6,0,-
DA:140,0
DA:143,0
DA:144,0
FN:147,MockTreasuryUpgraded.transferTON
FNDA:0,MockTreasuryUpgraded.transferTON
DA:148,0
DA:149,0
DA:150,0
BRDA:150,7,0,-
DA:151,0
DA:153,0
DA:154,0
FN:157,MockTreasuryUpgraded.createPreminedGEM
FNDA:0,MockTreasuryUpgraded.createPreminedGEM
DA:164,0
BRDA:164,8,0,-
DA:165,0
DA:168,0
FN:176,MockTreasuryUpgraded.createPreminedGEMPool
FNDA:0,MockTreasuryUpgraded.createPreminedGEMPool
DA:182,0
DA:183,0
DA:184,0
DA:186,0
BRDA:186,9,0,-
DA:187,0
DA:190,0
FN:198,MockTreasuryUpgraded.transferTreasuryGEMto
FNDA:0,MockTreasuryUpgraded.transferTreasuryGEMto
DA:199,0
DA:200,0
FN:203,MockTreasuryUpgraded.putGemForSale
FNDA:0,MockTreasuryUpgraded.putGemForSale
DA:204,0
BRDA:204,10,0,-
DA:205,0
DA:207,0
FN:210,MockTreasuryUpgraded.putGemListForSale
FNDA:0,MockTreasuryUpgraded.putGemListForSale
DA:211,0
BRDA:211,11,0,-
DA:212,0
DA:214,0
FN:217,MockTreasuryUpgraded.removeGemFromSale
FNDA:0,MockTreasuryUpgraded.removeGemFromSale
DA:218,0
FN:221,MockTreasuryUpgraded.buyGem
FNDA:0,MockTreasuryUpgraded.buyGem
DA:222,0
FN:225,MockTreasuryUpgraded.swapTONforWSTON
FNDA:0,MockTreasuryUpgraded.swapTONforWSTON
DA:226,0
FN:230,MockTreasuryUpgraded.onERC721Received
FNDA:0,MockTreasuryUpgraded.onERC721Received
DA:236,0
FN:239,MockTreasuryUpgraded._checkNonAddress
FNDA:0,MockTreasuryUpgraded._checkNonAddress
DA:240,0
BRDA:240,12,0,-
FN:248,MockTreasuryUpgraded.getTONBalance
FNDA:1,MockTreasuryUpgraded.getTONBalance
DA:249,1
FN:253,MockTreasuryUpgraded.getWSTONBalance
FNDA:1,MockTreasuryUpgraded.getWSTONBalance
DA:254,1
FN:257,MockTreasuryUpgraded.getGemFactoryAddress
FNDA:1,MockTreasuryUpgraded.getGemFactoryAddress
DA:258,1
FN:261,MockTreasuryUpgraded.getRandomPackAddress
FNDA:1,MockTreasuryUpgraded.getRandomPackAddress
DA:262,1
FN:265,MockTreasuryUpgraded.getCounter
FNDA:1,MockTreasuryUpgraded.getCounter
DA:266,1
FN:269,MockTreasuryUpgraded.incrementCounter
FNDA:1,MockTreasuryUpgraded.incrementCounter
DA:270,1
FNF:35
FNH:6
LF:71
LH:6
BRF:19
BRH:0
end_of_record
