{
"src/common/AuthControl.sol":{"l":{"14":0,"15":0,"19":0,"20":0,"24":0,"28":0,"32":0,"36":0,"42":0,"46":0,"52":0,"56":0,"62":0,"63":0,"66":0,"67":0,"70":0,"71":0,"75":0,"79":0,"86":0,"90":0,"96":0},"path":"/Users/mehdiberiane/Documents/tokamak/gem-nft-contract/src/common/AuthControl.sol","s":{"1":0,"2":0,"3":0,"4":0,"5":0,"6":0,"7":0,"8":0,"9":0,"10":0,"11":0,"12":0,"13":0,"14":0,"15":0,"16":0,"17":0},"b":{"1":[0,0],"2":[0,0],"3":[0,0],"4":[0,0],"5":[0,0],"6":[0,0],"7":[0,0],"8":[0,0],"9":[0,0],"10":[0,0],"11":[0,0],"12":[0,0],"13":[0,0],"14":[0,0]},"f":{"1":0,"2":0,"3":0,"4":0,"5":0,"6":0,"7":0,"8":0,"9":0,"10":0,"11":0,"12":0,"13":0,"14":0},"fnMap":{"1":{"name":"onlyAdmin","line":13,"loc":{"start":{"line":13,"column":4},"end":{"line":16,"column":4}}},"2":{"name":"onlyOwner","line":18,"loc":{"start":{"line":18,"column":4},"end":{"line":21,"column":4}}},"3":{"name":"onlyPauser","line":23,"loc":{"start":{"line":23,"column":4},"end":{"line":29,"column":4}}},"4":{"name":"onlyOwnerOrAdmin","line":31,"loc":{"start":{"line":31,"column":4},"end":{"line":37,"column":4}}},"5":{"name":"addAdmin","line":41,"loc":{"start":{"line":41,"column":4},"end":{"line":43,"column":4}}},"6":{"name":"addPauser","line":45,"loc":{"start":{"line":45,"column":4},"end":{"line":47,"column":4}}},"7":{"name":"removeAdmin","line":51,"loc":{"start":{"line":51,"column":4},"end":{"line":53,"column":4}}},"8":{"name":"removePauser","line":55,"loc":{"start":{"line":55,"column":4},"end":{"line":57,"column":4}}},"9":{"name":"transferAdmin","line":61,"loc":{"start":{"line":61,"column":4},"end":{"line":72,"column":4}}},"10":{"name":"transferOwnership","line":74,"loc":{"start":{"line":74,"column":4},"end":{"line":76,"column":4}}},"11":{"name":"renounceOwnership","line":78,"loc":{"start":{"line":78,"column":4},"end":{"line":80,"column":4}}},"12":{"name":"isAdmin","line":85,"loc":{"start":{"line":85,"column":4},"end":{"line":87,"column":4}}},"13":{"name":"isOwner","line":89,"loc":{"start":{"line":89,"column":4},"end":{"line":91,"column":4}}},"14":{"name":"supportsInterface","line":93,"loc":{"start":{"line":93,"column":4},"end":{"line":97,"column":4}}}},"statementMap":{"1":{"start":{"line":14,"column":8},"end":{"line":14,"column":74}},"2":{"start":{"line":19,"column":8},"end":{"line":19,"column":65}},"3":{"start":{"line":24,"column":8},"end":{"line":24,"column":624}},"4":{"start":{"line":32,"column":8},"end":{"line":32,"column":799}},"5":{"start":{"line":42,"column":8},"end":{"line":42,"column":37}},"6":{"start":{"line":46,"column":8},"end":{"line":46,"column":37}},"7":{"start":{"line":52,"column":8},"end":{"line":52,"column":40}},"8":{"start":{"line":56,"column":8},"end":{"line":56,"column":40}},"9":{"start":{"line":62,"column":8},"end":{"line":62,"column":1669}},"10":{"start":{"line":66,"column":8},"end":{"line":66,"column":1760}},"11":{"start":{"line":70,"column":8},"end":{"line":70,"column":38}},"12":{"start":{"line":71,"column":8},"end":{"line":71,"column":43}},"13":{"start":{"line":75,"column":8},"end":{"line":75,"column":30}},"14":{"start":{"line":79,"column":8},"end":{"line":79,"column":51}},"15":{"start":{"line":86,"column":8},"end":{"line":86,"column":43}},"16":{"start":{"line":90,"column":8},"end":{"line":90,"column":54}},"17":{"start":{"line":96,"column":8},"end":{"line":96,"column":51}}},"branchMap":{"1":{"line":14,"type":"if","locations":[{"start":{"line":14,"column":8},"end":{"line":14,"column":8}},{"start":{"line":14,"column":8},"end":{"line":14,"column":8}}]},"2":{"line":19,"type":"if","locations":[{"start":{"line":19,"column":8},"end":{"line":19,"column":8}},{"start":{"line":19,"column":8},"end":{"line":19,"column":8}}]},"3":{"line":24,"type":"if","locations":[{"start":{"line":24,"column":8},"end":{"line":24,"column":8}},{"start":{"line":24,"column":8},"end":{"line":24,"column":8}}]},"4":{"line":32,"type":"if","locations":[{"start":{"line":32,"column":8},"end":{"line":32,"column":8}},{"start":{"line":32,"column":8},"end":{"line":32,"column":8}}]},"5":{"line":33,"type":"cond-expr","locations":[{"start":{"line":33,"column":12},"end":{"line":33,"column":30}},{"start":{"line":33,"column":35},"end":{"line":33,"column":43}}]},"6":{"line":41,"type":"if","locations":[{"start":{"line":41,"column":54},"end":{"line":41,"column":54}},{"start":{"line":41,"column":54},"end":{"line":41,"column":54}}]},"7":{"line":45,"type":"if","locations":[{"start":{"line":45,"column":55},"end":{"line":45,"column":55}},{"start":{"line":45,"column":55},"end":{"line":45,"column":55}}]},"8":{"line":51,"type":"if","locations":[{"start":{"line":51,"column":57},"end":{"line":51,"column":57}},{"start":{"line":51,"column":57},"end":{"line":51,"column":57}}]},"9":{"line":55,"type":"if","locations":[{"start":{"line":55,"column":58},"end":{"line":55,"column":58}},{"start":{"line":55,"column":58},"end":{"line":55,"column":58}}]},"10":{"line":61,"type":"if","locations":[{"start":{"line":61,"column":60},"end":{"line":61,"column":60}},{"start":{"line":61,"column":60},"end":{"line":61,"column":60}}]},"11":{"line":62,"type":"if","locations":[{"start":{"line":62,"column":8},"end":{"line":62,"column":8}},{"start":{"line":62,"column":8},"end":{"line":62,"column":8}}]},"12":{"line":66,"type":"if","locations":[{"start":{"line":66,"column":8},"end":{"line":66,"column":8}},{"start":{"line":66,"column":8},"end":{"line":66,"column":8}}]},"13":{"line":74,"type":"if","locations":[{"start":{"line":74,"column":64},"end":{"line":74,"column":64}},{"start":{"line":74,"column":64},"end":{"line":74,"column":64}}]},"14":{"line":78,"type":"if","locations":[{"start":{"line":78,"column":40},"end":{"line":78,"column":40}},{"start":{"line":78,"column":40},"end":{"line":78,"column":40}}]}}},
"src/common/AuthRole.sol":{"l":{},"path":"/Users/mehdiberiane/Documents/tokamak/gem-nft-contract/src/common/AuthRole.sol","s":{},"b":{},"f":{},"fnMap":{},"statementMap":{},"branchMap":{}},
"src/interfaces/ICRRRNGCoordinator.sol":{"l":{},"path":"/Users/mehdiberiane/Documents/tokamak/gem-nft-contract/src/interfaces/ICRRRNGCoordinator.sol","s":{},"b":{},"f":{},"fnMap":{},"statementMap":{},"branchMap":{}},
"src/interfaces/IDepositManager.sol":{"l":{},"path":"/Users/mehdiberiane/Documents/tokamak/gem-nft-contract/src/interfaces/IDepositManager.sol","s":{},"b":{},"f":{},"fnMap":{},"statementMap":{},"branchMap":{}},
"src/interfaces/IDRBCoordinator.sol":{"l":{},"path":"/Users/mehdiberiane/Documents/tokamak/gem-nft-contract/src/interfaces/IDRBCoordinator.sol","s":{},"b":{},"f":{},"fnMap":{},"statementMap":{},"branchMap":{}},
"src/interfaces/IGemFactory.sol":{"l":{},"path":"/Users/mehdiberiane/Documents/tokamak/gem-nft-contract/src/interfaces/IGemFactory.sol","s":{},"b":{},"f":{},"fnMap":{},"statementMap":{},"branchMap":{}},
"src/interfaces/IL1StandardBridge.sol":{"l":{},"path":"/Users/mehdiberiane/Documents/tokamak/gem-nft-contract/src/interfaces/IL1StandardBridge.sol","s":{},"b":{},"f":{},"fnMap":{},"statementMap":{},"branchMap":{}},
"src/interfaces/IL2StandardERC20.sol":{"l":{},"path":"/Users/mehdiberiane/Documents/tokamak/gem-nft-contract/src/interfaces/IL2StandardERC20.sol","s":{},"b":{},"f":{},"fnMap":{},"statementMap":{},"branchMap":{}},
"src/interfaces/IMockL2WSTON.sol":{"l":{},"path":"/Users/mehdiberiane/Documents/tokamak/gem-nft-contract/src/interfaces/IMockL2WSTON.sol","s":{},"b":{},"f":{},"fnMap":{},"statementMap":{},"branchMap":{}},
"src/interfaces/IProxyAction.sol":{"l":{},"path":"/Users/mehdiberiane/Documents/tokamak/gem-nft-contract/src/interfaces/IProxyAction.sol","s":{},"b":{},"f":{},"fnMap":{},"statementMap":{},"branchMap":{}},
"src/interfaces/IProxyEvent.sol":{"l":{},"path":"/Users/mehdiberiane/Documents/tokamak/gem-nft-contract/src/interfaces/IProxyEvent.sol","s":{},"b":{},"f":{},"fnMap":{},"statementMap":{},"branchMap":{}},
"src/interfaces/ISeigManager.sol":{"l":{},"path":"/Users/mehdiberiane/Documents/tokamak/gem-nft-contract/src/interfaces/ISeigManager.sol","s":{},"b":{},"f":{},"fnMap":{},"statementMap":{},"branchMap":{}},
"src/L1/L1WrappedStakedTON.sol":{"l":{"31":0,"32":0,"36":0,"37":0,"41":0,"65":0,"66":0,"67":0,"68":0,"69":0,"70":0,"71":0,"72":0,"80":0,"88":0,"89":0,"97":0,"98":0,"113":0,"115":0,"116":0,"117":0,"118":0,"120":0,"121":0,"124":0,"134":0,"135":0,"152":0,"153":0,"167":0,"168":0,"195":0,"198":0,"199":0,"203":0,"204":0,"205":0,"207":0,"210":0,"211":0,"213":0,"215":0,"217":0,"220":0,"221":0,"225":0,"229":0,"230":0,"235":0,"238":0,"239":0,"243":0,"244":0,"247":0,"250":0,"252":0,"254":0,"262":0,"263":0,"273":0,"274":0,"278":0,"279":0,"281":0,"282":0,"284":0,"289":0,"295":0,"296":0,"300":0,"302":0,"303":0,"307":0,"311":0,"312":0,"315":0,"316":0,"319":0,"320":0,"321":0,"326":0,"327":0,"331":0,"332":0,"333":0,"334":0,"336":0,"337":0,"340":0,"341":0,"345":0,"349":0,"350":0,"353":0,"354":0,"355":0,"357":0,"358":0,"361":0,"363":0,"365":0,"366":0,"367":0,"368":0,"370":0,"371":0,"372":0,"375":0,"376":0,"380":0,"384":0,"385":0,"387":0,"389":0,"391":0,"394":0,"395":0,"396":0,"400":0,"401":0,"402":0,"407":0,"408":0,"413":0,"417":0,"421":0,"425":0,"431":0,"432":0,"433":0,"437":0,"438":0,"448":0,"449":0,"452":0,"453":0,"456":0,"457":0,"461":0,"465":0,"469":0,"473":0},"path":"/Users/mehdiberiane/Documents/tokamak/gem-nft-contract/src/L1/L1WrappedStakedTON.sol","s":{"1":0,"2":0,"3":0,"4":0,"5":0,"6":0,"7":0,"8":0,"9":0,"10":0,"11":0,"12":0,"13":0,"14":0,"15":0,"16":0,"17":0,"18":0,"19":0,"20":0,"21":0,"22":0,"23":0,"24":0,"25":0,"26":0,"27":0,"28":0,"29":0,"30":0,"31":0,"32":0,"33":0,"34":0,"35":0,"36":0,"37":0,"38":0,"39":0,"40":0,"41":0,"42":0,"43":0,"44":0,"45":0,"46":0,"47":0,"48":0,"49":0,"50":0,"51":0,"52":0,"53":0,"54":0,"55":0,"56":0,"57":0,"58":0,"59":0,"60":0,"61":0,"62":0,"63":0,"64":0,"65":0,"66":0,"67":0,"68":0,"69":0,"70":0,"71":0,"72":0,"73":0,"74":0,"75":0,"76":0,"77":0,"78":0,"79":0,"80":0,"81":0,"82":0,"83":0,"84":0,"85":0,"86":0,"87":0,"88":0,"89":0,"90":0,"91":0,"92":0,"93":0,"94":0,"95":0,"96":0,"97":0,"98":0,"99":0,"100":0,"101":0},"b":{"1":[0,0],"2":[0,0],"3":[0,0],"4":[0,0],"5":[0,0],"6":[0,0],"7":[0,0],"8":[0,0],"9":[0,0],"10":[0,0],"11":[0,0],"12":[0,0],"13":[0,0],"14":[0,0],"15":[0,0],"16":[0,0],"17":[0,0],"18":[0,0],"19":[0,0],"20":[0,0],"21":[0,0],"22":[0,0],"23":[0,0],"24":[0,0],"25":[0,0],"26":[0,0],"27":[0,0],"28":[0,0],"29":[0,0],"30":[0,0],"31":[0,0],"32":[0,0],"33":[0,0],"34":[0,0],"35":[0,0],"36":[0,0],"37":[0,0],"38":[0,0],"39":[0,0],"40":[0,0],"41":[0,0],"42":[0,0],"43":[0,0],"44":[0,0],"45":[0,0],"46":[0,0],"47":[0,0],"48":[0,0],"49":[0,0],"50":[0,0],"51":[0,0],"52":[0,0],"53":[0,0]},"f":{"1":0,"2":0,"3":0,"4":0,"5":0,"6":0,"7":0,"8":0,"9":0,"10":0,"11":0,"12":0,"13":0,"14":0,"15":0,"16":0,"17":0,"18":0,"19":0,"20":0,"21":0,"22":0,"23":0,"24":0,"25":0,"26":0,"27":0,"28":0,"29":0,"30":0,"31":0,"32":0,"33":0},"fnMap":{"1":{"name":"whenNotPaused","line":30,"loc":{"start":{"line":30,"column":4},"end":{"line":33,"column":4}}},"2":{"name":"whenPaused","line":35,"loc":{"start":{"line":35,"column":4},"end":{"line":38,"column":4}}},"3":{"name":"constructor","line":40,"loc":{"start":{"line":40,"column":4},"end":{"line":42,"column":4}}},"4":{"name":"initialize","line":64,"loc":{"start":{"line":55,"column":4},"end":{"line":73,"column":4}}},"5":{"name":"decimals","line":79,"loc":{"start":{"line":79,"column":4},"end":{"line":81,"column":4}}},"6":{"name":"pause","line":87,"loc":{"start":{"line":87,"column":4},"end":{"line":90,"column":4}}},"7":{"name":"unpause","line":96,"loc":{"start":{"line":96,"column":4},"end":{"line":99,"column":4}}},"8":{"name":"onApprove","line":108,"loc":{"start":{"line":108,"column":4},"end":{"line":125,"column":4}}},"9":{"name":"_decodeDepositAndGetWSTONOnApproveData","line":133,"loc":{"start":{"line":133,"column":4},"end":{"line":142,"column":4}}},"10":{"name":"depositWTONAndGetWSTON","line":151,"loc":{"start":{"line":148,"column":4},"end":{"line":155,"column":4}}},"11":{"name":"depositWTONAndGetWSTONTo","line":166,"loc":{"start":{"line":162,"column":4},"end":{"line":170,"column":4}}},"12":{"name":"_depositAndGetWSTONTo","line":188,"loc":{"start":{"line":188,"column":4},"end":{"line":255,"column":4}}},"13":{"name":"requestWithdrawal","line":261,"loc":{"start":{"line":261,"column":4},"end":{"line":264,"column":4}}},"14":{"name":"_requestWithdrawal","line":272,"loc":{"start":{"line":272,"column":4},"end":{"line":304,"column":4}}},"15":{"name":"claimWithdrawalTotal","line":306,"loc":{"start":{"line":306,"column":4},"end":{"line":308,"column":4}}},"16":{"name":"_claimWithdrawalTotal","line":310,"loc":{"start":{"line":310,"column":4},"end":{"line":342,"column":4}}},"17":{"name":"claimWithdrawalIndex","line":344,"loc":{"start":{"line":344,"column":4},"end":{"line":346,"column":4}}},"18":{"name":"_claimWithdrawalIndex","line":348,"loc":{"start":{"line":348,"column":4},"end":{"line":377,"column":4}}},"19":{"name":"updateSeigniorage","line":379,"loc":{"start":{"line":379,"column":4},"end":{"line":381,"column":4}}},"20":{"name":"updateStakingIndex","line":383,"loc":{"start":{"line":383,"column":4},"end":{"line":397,"column":4}}},"21":{"name":"addUser","line":399,"loc":{"start":{"line":399,"column":4},"end":{"line":404,"column":4}}},"22":{"name":"getDepositWstonAmount","line":406,"loc":{"start":{"line":406,"column":4},"end":{"line":409,"column":4}}},"23":{"name":"setDepositManagerAddress","line":412,"loc":{"start":{"line":412,"column":4},"end":{"line":414,"column":4}}},"24":{"name":"setSeigManagerAddress","line":416,"loc":{"start":{"line":416,"column":4},"end":{"line":418,"column":4}}},"25":{"name":"stakeOf","line":420,"loc":{"start":{"line":420,"column":4},"end":{"line":422,"column":4}}},"26":{"name":"totalSupply","line":424,"loc":{"start":{"line":424,"column":4},"end":{"line":426,"column":4}}},"27":{"name":"getTotalWSTONSupply","line":428,"loc":{"start":{"line":428,"column":4},"end":{"line":428,"column":88}}},"28":{"name":"getLastWithdrawalRequest","line":430,"loc":{"start":{"line":430,"column":4},"end":{"line":434,"column":4}}},"29":{"name":"getWithdrawalRequest","line":436,"loc":{"start":{"line":436,"column":4},"end":{"line":439,"column":4}}},"30":{"name":"getTotalClaimableAmountByUser","line":447,"loc":{"start":{"line":447,"column":4},"end":{"line":462,"column":4}}},"31":{"name":"getDepositManager","line":464,"loc":{"start":{"line":464,"column":4},"end":{"line":466,"column":4}}},"32":{"name":"getSeigManager","line":468,"loc":{"start":{"line":468,"column":4},"end":{"line":470,"column":4}}},"33":{"name":"getStakingIndex","line":472,"loc":{"start":{"line":472,"column":4},"end":{"line":474,"column":4}}}},"statementMap":{"1":{"start":{"line":31,"column":8},"end":{"line":31,"column":43}},"2":{"start":{"line":36,"column":8},"end":{"line":36,"column":46}},"3":{"start":{"line":41,"column":8},"end":{"line":41,"column":29}},"4":{"start":{"line":65,"column":8},"end":{"line":65,"column":35}},"5":{"start":{"line":66,"column":8},"end":{"line":66,"column":29}},"6":{"start":{"line":80,"column":8},"end":{"line":80,"column":17}},"7":{"start":{"line":89,"column":8},"end":{"line":89,"column":31}},"8":{"start":{"line":98,"column":8},"end":{"line":98,"column":33}},"9":{"start":{"line":113,"column":8},"end":{"line":113,"column":99}},"10":{"start":{"line":115,"column":8},"end":{"line":115,"column":83}},"11":{"start":{"line":116,"column":8},"end":{"line":116,"column":3883}},"12":{"start":{"line":117,"column":12},"end":{"line":117,"column":50}},"13":{"start":{"line":118,"column":12},"end":{"line":118,"column":59}},"14":{"start":{"line":120,"column":12},"end":{"line":120,"column":50}},"15":{"start":{"line":121,"column":12},"end":{"line":121,"column":60}},"16":{"start":{"line":124,"column":8},"end":{"line":124,"column":19}},"17":{"start":{"line":134,"column":8},"end":{"line":134,"column":82}},"18":{"start":{"line":152,"column":8},"end":{"line":152,"column":5197}},"19":{"start":{"line":167,"column":8},"end":{"line":167,"column":5667}},"20":{"start":{"line":195,"column":8},"end":{"line":195,"column":19}},"21":{"start":{"line":198,"column":8},"end":{"line":198,"column":6948}},"22":{"start":{"line":203,"column":8},"end":{"line":203,"column":7084}},"23":{"start":{"line":204,"column":12},"end":{"line":204,"column":97}},"24":{"start":{"line":205,"column":12},"end":{"line":205,"column":37}},"25":{"start":{"line":211,"column":8},"end":{"line":211,"column":46}},"26":{"start":{"line":213,"column":8},"end":{"line":213,"column":27}},"27":{"start":{"line":215,"column":8},"end":{"line":215,"column":7527}},"28":{"start":{"line":217,"column":12},"end":{"line":217,"column":69}},"29":{"start":{"line":220,"column":12},"end":{"line":220,"column":7785}},"30":{"start":{"line":221,"column":16},"end":{"line":221,"column":70}},"31":{"start":{"line":225,"column":12},"end":{"line":225,"column":8007}},"32":{"start":{"line":235,"column":12},"end":{"line":235,"column":68}},"33":{"start":{"line":238,"column":12},"end":{"line":238,"column":73}},"34":{"start":{"line":239,"column":12},"end":{"line":239,"column":8543}},"35":{"start":{"line":250,"column":8},"end":{"line":250,"column":30}},"36":{"start":{"line":252,"column":8},"end":{"line":252,"column":88}},"37":{"start":{"line":254,"column":8},"end":{"line":254,"column":19}},"38":{"start":{"line":262,"column":8},"end":{"line":262,"column":85}},"39":{"start":{"line":263,"column":8},"end":{"line":263,"column":87}},"40":{"start":{"line":273,"column":8},"end":{"line":273,"column":9785}},"41":{"start":{"line":279,"column":8},"end":{"line":279,"column":46}},"42":{"start":{"line":281,"column":8},"end":{"line":281,"column":33}},"43":{"start":{"line":284,"column":8},"end":{"line":284,"column":10122}},"44":{"start":{"line":289,"column":8},"end":{"line":289,"column":10318}},"45":{"start":{"line":300,"column":8},"end":{"line":300,"column":38}},"46":{"start":{"line":302,"column":8},"end":{"line":302,"column":58}},"47":{"start":{"line":303,"column":8},"end":{"line":303,"column":19}},"48":{"start":{"line":307,"column":8},"end":{"line":307,"column":64}},"49":{"start":{"line":311,"column":8},"end":{"line":311,"column":40}},"50":{"start":{"line":312,"column":8},"end":{"line":312,"column":43}},"51":{"start":{"line":315,"column":8},"end":{"line":315,"column":11130}},"52":{"start":{"line":316,"column":12},"end":{"line":316,"column":80}},"53":{"start":{"line":319,"column":12},"end":{"line":319,"column":11360}},"54":{"start":{"line":326,"column":8},"end":{"line":326,"column":11642}},"55":{"start":{"line":331,"column":8},"end":{"line":331,"column":11784}},"56":{"start":{"line":332,"column":12},"end":{"line":332,"column":87}},"57":{"start":{"line":334,"column":12},"end":{"line":334,"column":69}},"58":{"start":{"line":336,"column":12},"end":{"line":336,"column":88}},"59":{"start":{"line":337,"column":12},"end":{"line":337,"column":70}},"60":{"start":{"line":340,"column":8},"end":{"line":340,"column":66}},"61":{"start":{"line":341,"column":8},"end":{"line":341,"column":19}},"62":{"start":{"line":345,"column":8},"end":{"line":345,"column":72}},"63":{"start":{"line":349,"column":8},"end":{"line":349,"column":12602}},"64":{"start":{"line":353,"column":8},"end":{"line":353,"column":82}},"65":{"start":{"line":354,"column":8},"end":{"line":354,"column":12800}},"66":{"start":{"line":357,"column":8},"end":{"line":357,"column":12896}},"67":{"start":{"line":363,"column":8},"end":{"line":363,"column":22}},"68":{"start":{"line":365,"column":8},"end":{"line":365,"column":13107}},"69":{"start":{"line":367,"column":12},"end":{"line":367,"column":87}},"70":{"start":{"line":368,"column":12},"end":{"line":368,"column":55}},"71":{"start":{"line":371,"column":12},"end":{"line":371,"column":88}},"72":{"start":{"line":372,"column":12},"end":{"line":372,"column":56}},"73":{"start":{"line":375,"column":8},"end":{"line":375,"column":52}},"74":{"start":{"line":376,"column":8},"end":{"line":376,"column":19}},"75":{"start":{"line":380,"column":8},"end":{"line":380,"column":78}},"76":{"start":{"line":384,"column":8},"end":{"line":384,"column":29}},"77":{"start":{"line":385,"column":8},"end":{"line":385,"column":38}},"78":{"start":{"line":387,"column":8},"end":{"line":387,"column":13910}},"79":{"start":{"line":395,"column":8},"end":{"line":395,"column":47}},"80":{"start":{"line":396,"column":8},"end":{"line":396,"column":28}},"81":{"start":{"line":400,"column":8},"end":{"line":400,"column":14351}},"82":{"start":{"line":401,"column":12},"end":{"line":401,"column":27}},"83":{"start":{"line":407,"column":8},"end":{"line":407,"column":66}},"84":{"start":{"line":408,"column":8},"end":{"line":408,"column":27}},"85":{"start":{"line":421,"column":8},"end":{"line":421,"column":78}},"86":{"start":{"line":425,"column":8},"end":{"line":425,"column":31}},"87":{"start":{"line":428,"column":67},"end":{"line":428,"column":87}},"88":{"start":{"line":431,"column":8},"end":{"line":431,"column":61}},"89":{"start":{"line":432,"column":8},"end":{"line":432,"column":79}},"90":{"start":{"line":433,"column":8},"end":{"line":433,"column":22}},"91":{"start":{"line":437,"column":8},"end":{"line":437,"column":79}},"92":{"start":{"line":438,"column":8},"end":{"line":438,"column":22}},"93":{"start":{"line":448,"column":8},"end":{"line":448,"column":43}},"94":{"start":{"line":449,"column":8},"end":{"line":449,"column":56}},"95":{"start":{"line":452,"column":8},"end":{"line":452,"column":16430}},"96":{"start":{"line":453,"column":12},"end":{"line":453,"column":74}},"97":{"start":{"line":456,"column":12},"end":{"line":456,"column":16656}},"98":{"start":{"line":461,"column":8},"end":{"line":461,"column":35}},"99":{"start":{"line":465,"column":8},"end":{"line":465,"column":29}},"100":{"start":{"line":469,"column":8},"end":{"line":469,"column":26}},"101":{"start":{"line":473,"column":8},"end":{"line":473,"column":27}}},"branchMap":{"1":{"line":31,"type":"if","locations":[{"start":{"line":31,"column":8},"end":{"line":31,"column":8}},{"start":{"line":31,"column":8},"end":{"line":31,"column":8}}]},"2":{"line":36,"type":"if","locations":[{"start":{"line":36,"column":8},"end":{"line":36,"column":8}},{"start":{"line":36,"column":8},"end":{"line":36,"column":8}}]},"3":{"line":64,"type":"if","locations":[{"start":{"line":64,"column":13},"end":{"line":64,"column":13}},{"start":{"line":64,"column":13},"end":{"line":64,"column":13}}]},"4":{"line":87,"type":"if","locations":[{"start":{"line":87,"column":28},"end":{"line":87,"column":28}},{"start":{"line":87,"column":28},"end":{"line":87,"column":28}}]},"5":{"line":87,"type":"if","locations":[{"start":{"line":87,"column":38},"end":{"line":87,"column":38}},{"start":{"line":87,"column":38},"end":{"line":87,"column":38}}]},"6":{"line":96,"type":"if","locations":[{"start":{"line":96,"column":30},"end":{"line":96,"column":30}},{"start":{"line":96,"column":30},"end":{"line":96,"column":30}}]},"7":{"line":96,"type":"if","locations":[{"start":{"line":96,"column":40},"end":{"line":96,"column":40}},{"start":{"line":96,"column":40},"end":{"line":96,"column":40}}]},"8":{"line":113,"type":"if","locations":[{"start":{"line":113,"column":8},"end":{"line":113,"column":8}},{"start":{"line":113,"column":8},"end":{"line":113,"column":8}}]},"9":{"line":113,"type":"cond-expr","locations":[{"start":{"line":113,"column":16},"end":{"line":113,"column":32}},{"start":{"line":113,"column":37},"end":{"line":113,"column":54}}]},"10":{"line":116,"type":"if","locations":[{"start":{"line":116,"column":8},"end":{"line":116,"column":8}},{"start":{"line":116,"column":8},"end":{"line":116,"column":8}}]},"11":{"line":117,"type":"if","locations":[{"start":{"line":117,"column":12},"end":{"line":117,"column":12}},{"start":{"line":117,"column":12},"end":{"line":117,"column":12}}]},"12":{"line":118,"type":"if","locations":[{"start":{"line":118,"column":12},"end":{"line":118,"column":12}},{"start":{"line":118,"column":12},"end":{"line":118,"column":12}}]},"13":{"line":120,"type":"if","locations":[{"start":{"line":120,"column":12},"end":{"line":120,"column":12}},{"start":{"line":120,"column":12},"end":{"line":120,"column":12}}]},"14":{"line":121,"type":"if","locations":[{"start":{"line":121,"column":12},"end":{"line":121,"column":12}},{"start":{"line":121,"column":12},"end":{"line":121,"column":12}}]},"15":{"line":134,"type":"if","locations":[{"start":{"line":134,"column":8},"end":{"line":134,"column":8}},{"start":{"line":134,"column":8},"end":{"line":134,"column":8}}]},"16":{"line":151,"type":"if","locations":[{"start":{"line":151,"column":15},"end":{"line":151,"column":15}},{"start":{"line":151,"column":15},"end":{"line":151,"column":15}}]},"17":{"line":151,"type":"if","locations":[{"start":{"line":151,"column":29},"end":{"line":151,"column":29}},{"start":{"line":151,"column":29},"end":{"line":151,"column":29}}]},"18":{"line":152,"type":"if","locations":[{"start":{"line":152,"column":8},"end":{"line":152,"column":8}},{"start":{"line":152,"column":8},"end":{"line":152,"column":8}}]},"19":{"line":166,"type":"if","locations":[{"start":{"line":166,"column":15},"end":{"line":166,"column":15}},{"start":{"line":166,"column":15},"end":{"line":166,"column":15}}]},"20":{"line":166,"type":"if","locations":[{"start":{"line":166,"column":29},"end":{"line":166,"column":29}},{"start":{"line":166,"column":29},"end":{"line":166,"column":29}}]},"21":{"line":167,"type":"if","locations":[{"start":{"line":167,"column":8},"end":{"line":167,"column":8}},{"start":{"line":167,"column":8},"end":{"line":167,"column":8}}]},"22":{"line":198,"type":"if","locations":[{"start":{"line":198,"column":8},"end":{"line":198,"column":8}},{"start":{"line":198,"column":8},"end":{"line":198,"column":8}}]},"23":{"line":203,"type":"if","locations":[{"start":{"line":203,"column":8},"end":{"line":203,"column":8}},{"start":{"line":203,"column":8},"end":{"line":203,"column":8}}]},"24":{"line":204,"type":"if","locations":[{"start":{"line":204,"column":12},"end":{"line":204,"column":12}},{"start":{"line":204,"column":12},"end":{"line":204,"column":12}}]},"25":{"line":215,"type":"if","locations":[{"start":{"line":215,"column":8},"end":{"line":215,"column":8}},{"start":{"line":215,"column":8},"end":{"line":215,"column":8}}]},"26":{"line":220,"type":"if","locations":[{"start":{"line":220,"column":12},"end":{"line":220,"column":12}},{"start":{"line":220,"column":12},"end":{"line":220,"column":12}}]},"27":{"line":225,"type":"if","locations":[{"start":{"line":225,"column":12},"end":{"line":225,"column":12}},{"start":{"line":225,"column":12},"end":{"line":225,"column":12}}]},"28":{"line":239,"type":"if","locations":[{"start":{"line":239,"column":12},"end":{"line":239,"column":12}},{"start":{"line":239,"column":12},"end":{"line":239,"column":12}}]},"29":{"line":261,"type":"if","locations":[{"start":{"line":261,"column":62},"end":{"line":261,"column":62}},{"start":{"line":261,"column":62},"end":{"line":261,"column":62}}]},"30":{"line":263,"type":"if","locations":[{"start":{"line":263,"column":8},"end":{"line":263,"column":8}},{"start":{"line":263,"column":8},"end":{"line":263,"column":8}}]},"31":{"line":273,"type":"if","locations":[{"start":{"line":273,"column":8},"end":{"line":273,"column":8}},{"start":{"line":273,"column":8},"end":{"line":273,"column":8}}]},"32":{"line":284,"type":"if","locations":[{"start":{"line":284,"column":8},"end":{"line":284,"column":8}},{"start":{"line":284,"column":8},"end":{"line":284,"column":8}}]},"33":{"line":306,"type":"if","locations":[{"start":{"line":306,"column":56},"end":{"line":306,"column":56}},{"start":{"line":306,"column":56},"end":{"line":306,"column":56}}]},"34":{"line":307,"type":"if","locations":[{"start":{"line":307,"column":8},"end":{"line":307,"column":8}},{"start":{"line":307,"column":8},"end":{"line":307,"column":8}}]},"35":{"line":319,"type":"if","locations":[{"start":{"line":319,"column":12},"end":{"line":319,"column":12}},{"start":{"line":319,"column":12},"end":{"line":319,"column":12}}]},"36":{"line":326,"type":"if","locations":[{"start":{"line":326,"column":8},"end":{"line":326,"column":8}},{"start":{"line":326,"column":8},"end":{"line":326,"column":8}}]},"37":{"line":331,"type":"if","locations":[{"start":{"line":331,"column":8},"end":{"line":331,"column":8}},{"start":{"line":331,"column":8},"end":{"line":331,"column":8}}]},"38":{"line":332,"type":"if","locations":[{"start":{"line":332,"column":12},"end":{"line":332,"column":12}},{"start":{"line":332,"column":12},"end":{"line":332,"column":12}}]},"39":{"line":336,"type":"if","locations":[{"start":{"line":336,"column":12},"end":{"line":336,"column":12}},{"start":{"line":336,"column":12},"end":{"line":336,"column":12}}]},"40":{"line":344,"type":"if","locations":[{"start":{"line":344,"column":72},"end":{"line":344,"column":72}},{"start":{"line":344,"column":72},"end":{"line":344,"column":72}}]},"41":{"line":345,"type":"if","locations":[{"start":{"line":345,"column":8},"end":{"line":345,"column":8}},{"start":{"line":345,"column":8},"end":{"line":345,"column":8}}]},"42":{"line":348,"type":"if","locations":[{"start":{"line":348,"column":73},"end":{"line":348,"column":73}},{"start":{"line":348,"column":73},"end":{"line":348,"column":73}}]},"43":{"line":349,"type":"if","locations":[{"start":{"line":349,"column":8},"end":{"line":349,"column":8}},{"start":{"line":349,"column":8},"end":{"line":349,"column":8}}]},"44":{"line":354,"type":"if","locations":[{"start":{"line":354,"column":8},"end":{"line":354,"column":8}},{"start":{"line":354,"column":8},"end":{"line":354,"column":8}}]},"45":{"line":357,"type":"if","locations":[{"start":{"line":357,"column":8},"end":{"line":357,"column":8}},{"start":{"line":357,"column":8},"end":{"line":357,"column":8}}]},"46":{"line":365,"type":"if","locations":[{"start":{"line":365,"column":8},"end":{"line":365,"column":8}},{"start":{"line":365,"column":8},"end":{"line":365,"column":8}}]},"47":{"line":367,"type":"if","locations":[{"start":{"line":367,"column":12},"end":{"line":367,"column":12}},{"start":{"line":367,"column":12},"end":{"line":367,"column":12}}]},"48":{"line":371,"type":"if","locations":[{"start":{"line":371,"column":12},"end":{"line":371,"column":12}},{"start":{"line":371,"column":12},"end":{"line":371,"column":12}}]},"49":{"line":387,"type":"if","locations":[{"start":{"line":387,"column":8},"end":{"line":387,"column":8}},{"start":{"line":387,"column":8},"end":{"line":387,"column":8}}]},"50":{"line":400,"type":"if","locations":[{"start":{"line":400,"column":8},"end":{"line":400,"column":8}},{"start":{"line":400,"column":8},"end":{"line":400,"column":8}}]},"51":{"line":412,"type":"if","locations":[{"start":{"line":412,"column":72},"end":{"line":412,"column":72}},{"start":{"line":412,"column":72},"end":{"line":412,"column":72}}]},"52":{"line":416,"type":"if","locations":[{"start":{"line":416,"column":66},"end":{"line":416,"column":66}},{"start":{"line":416,"column":66},"end":{"line":416,"column":66}}]},"53":{"line":456,"type":"if","locations":[{"start":{"line":456,"column":12},"end":{"line":456,"column":12}},{"start":{"line":456,"column":12},"end":{"line":456,"column":12}}]}}},
"src/L1/L1WrappedStakedTONFactory.sol":{"l":{"13":0,"14":0,"23":0,"24":0,"26":0,"27":0,"28":0,"29":0,"55":0,"57":0,"58":0,"59":0,"71":0,"73":0,"81":0,"91":0,"92":0,"94":0,"95":0},"path":"/Users/mehdiberiane/Documents/tokamak/gem-nft-contract/src/L1/L1WrappedStakedTONFactory.sol","s":{"1":0,"2":0,"3":0,"4":0,"5":0,"6":0,"7":0,"8":0,"9":0,"10":0,"11":0,"12":0},"b":{"1":[0,0],"2":[0,0],"3":[0,0],"4":[0,0],"5":[0,0],"6":[0,0],"7":[0,0],"8":[0,0]},"f":{"1":0,"2":0,"3":0,"4":0,"5":0},"fnMap":{"1":{"name":"nonZeroAddress","line":12,"loc":{"start":{"line":12,"column":4},"end":{"line":15,"column":4}}},"2":{"name":"initialize","line":22,"loc":{"start":{"line":22,"column":4},"end":{"line":30,"column":4}}},"3":{"name":"createWSTONToken","line":51,"loc":{"start":{"line":42,"column":4},"end":{"line":74,"column":4}}},"4":{"name":"setWstonImplementation","line":80,"loc":{"start":{"line":80,"column":4},"end":{"line":82,"column":4}}},"5":{"name":"upgradeWstonTo","line":90,"loc":{"start":{"line":90,"column":4},"end":{"line":96,"column":4}}}},"statementMap":{"1":{"start":{"line":13,"column":8},"end":{"line":13,"column":61}},"2":{"start":{"line":23,"column":8},"end":{"line":23,"column":902}},"3":{"start":{"line":26,"column":8},"end":{"line":26,"column":49}},"4":{"start":{"line":55,"column":8},"end":{"line":55,"column":69}},"5":{"start":{"line":57,"column":8},"end":{"line":57,"column":43}},"6":{"start":{"line":58,"column":8},"end":{"line":58,"column":45}},"7":{"start":{"line":59,"column":8},"end":{"line":59,"column":2406}},"8":{"start":{"line":71,"column":8},"end":{"line":71,"column":60}},"9":{"start":{"line":73,"column":8},"end":{"line":73,"column":20}},"10":{"start":{"line":91,"column":8},"end":{"line":91,"column":3355}},"11":{"start":{"line":94,"column":8},"end":{"line":94,"column":87}},"12":{"start":{"line":95,"column":8},"end":{"line":95,"column":65}}},"branchMap":{"1":{"line":13,"type":"if","locations":[{"start":{"line":13,"column":8},"end":{"line":13,"column":8}},{"start":{"line":13,"column":8},"end":{"line":13,"column":8}}]},"2":{"line":23,"type":"if","locations":[{"start":{"line":23,"column":8},"end":{"line":23,"column":8}},{"start":{"line":23,"column":8},"end":{"line":23,"column":8}}]},"3":{"line":48,"type":"if","locations":[{"start":{"line":48,"column":15},"end":{"line":48,"column":15}},{"start":{"line":48,"column":15},"end":{"line":48,"column":15}}]},"4":{"line":49,"type":"if","locations":[{"start":{"line":49,"column":4},"end":{"line":49,"column":4}},{"start":{"line":49,"column":4},"end":{"line":49,"column":4}}]},"5":{"line":50,"type":"if","locations":[{"start":{"line":50,"column":4},"end":{"line":50,"column":4}},{"start":{"line":50,"column":4},"end":{"line":50,"column":4}}]},"6":{"line":51,"type":"if","locations":[{"start":{"line":51,"column":4},"end":{"line":51,"column":4}},{"start":{"line":51,"column":4},"end":{"line":51,"column":4}}]},"7":{"line":80,"type":"if","locations":[{"start":{"line":80,"column":59},"end":{"line":80,"column":59}},{"start":{"line":80,"column":59},"end":{"line":80,"column":59}}]},"8":{"line":91,"type":"if","locations":[{"start":{"line":91,"column":8},"end":{"line":91,"column":8}},{"start":{"line":91,"column":8},"end":{"line":91,"column":8}}]}}},
"src/L1/L1WrappedStakedTONFactoryProxy.sol":{"l":{},"path":"/Users/mehdiberiane/Documents/tokamak/gem-nft-contract/src/L1/L1WrappedStakedTONFactoryProxy.sol","s":{},"b":{},"f":{},"fnMap":{},"statementMap":{},"branchMap":{}},
"src/L1/L1WrappedStakedTONFactoryStorage.sol":{"l":{},"path":"/Users/mehdiberiane/Documents/tokamak/gem-nft-contract/src/L1/L1WrappedStakedTONFactoryStorage.sol","s":{},"b":{},"f":{},"fnMap":{},"statementMap":{},"branchMap":{}},
"src/L1/L1WrappedStakedTONProxy.sol":{"l":{},"path":"/Users/mehdiberiane/Documents/tokamak/gem-nft-contract/src/L1/L1WrappedStakedTONProxy.sol","s":{},"b":{},"f":{},"fnMap":{},"statementMap":{},"branchMap":{}},
"src/L1/L1WrappedStakedTONStorage.sol":{"l":{},"path":"/Users/mehdiberiane/Documents/tokamak/gem-nft-contract/src/L1/L1WrappedStakedTONStorage.sol","s":{},"b":{},"f":{},"fnMap":{},"statementMap":{},"branchMap":{}},
"src/L1/Mock/Candidate.sol":{"l":{"35":0,"36":0,"37":0,"39":0,"41":0,"45":0,"60":0,"66":0,"67":0,"68":0,"69":0,"70":0,"75":0,"76":0,"82":0,"83":0,"89":0,"96":0,"98":0,"99":0,"110":0,"116":0,"131":0,"138":0,"140":0,"141":0,"142":0,"144":0,"146":0,"152":0,"156":0,"172":0,"173":0,"186":0,"187":0,"191":0,"192":0,"193":0,"195":0,"198":0,"200":0},"path":"/Users/mehdiberiane/Documents/tokamak/gem-nft-contract/src/L1/Mock/Candidate.sol","s":{"1":0,"2":0,"3":0,"4":0,"5":0,"6":0,"7":0,"8":0,"9":0,"10":0,"11":0,"12":0,"13":0,"14":0,"15":0,"16":0,"17":0,"18":0,"19":0,"20":0,"21":0,"22":0,"23":0,"24":0,"25":0,"26":0,"27":0,"28":0,"29":0,"30":0,"31":0,"32":0},"b":{"1":[0,0],"2":[0,0],"3":[0,0],"4":[0,0],"5":[0,0],"6":[0,0],"7":[0,0],"8":[0,0],"9":[0,0],"10":[0,0],"11":[0,0],"12":[0,0],"13":[0,0],"14":[0,0],"15":[0,0],"16":[0,0],"17":[0,0],"18":[0,0],"19":[0,0],"20":[0,0],"21":[0,0]},"f":{"1":0,"2":0,"3":0,"4":0,"5":0,"6":0,"7":0,"8":0,"9":0,"10":0,"11":0,"12":0,"13":0,"14":0,"15":0,"16":0,"17":0,"18":0,"19":0,"20":0,"21":0},"fnMap":{"1":{"name":"onlyCandidate","line":34,"loc":{"start":{"line":34,"column":4},"end":{"line":42,"column":4}}},"2":{"name":"supportsInterface","line":44,"loc":{"start":{"line":44,"column":4},"end":{"line":46,"column":4}}},"3":{"name":"initialize","line":53,"loc":{"start":{"line":53,"column":4},"end":{"line":72,"column":4}}},"4":{"name":"setSeigManager","line":74,"loc":{"start":{"line":74,"column":4},"end":{"line":77,"column":4}}},"5":{"name":"setCommittee","line":81,"loc":{"start":{"line":81,"column":4},"end":{"line":84,"column":4}}},"6":{"name":"setMemo","line":88,"loc":{"start":{"line":88,"column":4},"end":{"line":90,"column":4}}},"7":{"name":"updateSeigniorage","line":95,"loc":{"start":{"line":95,"column":4},"end":{"line":100,"column":4}}},"8":{"name":"changeMember","line":107,"loc":{"start":{"line":105,"column":4},"end":{"line":111,"column":4}}},"9":{"name":"retireMember","line":115,"loc":{"start":{"line":115,"column":4},"end":{"line":117,"column":4}}},"10":{"name":"castVote","line":129,"loc":{"start":{"line":123,"column":4},"end":{"line":132,"column":4}}},"11":{"name":"claimActivityReward","line":136,"loc":{"start":{"line":134,"column":4},"end":{"line":147,"column":4}}},"12":{"name":"isCandidateContract","line":151,"loc":{"start":{"line":151,"column":4},"end":{"line":153,"column":4}}},"13":{"name":"isCandidateFwContract","line":155,"loc":{"start":{"line":155,"column":4},"end":{"line":157,"column":4}}},"14":{"name":"operator","line":159,"loc":{"start":{"line":159,"column":4},"end":{"line":159,"column":85}}},"15":{"name":"isLayer2","line":160,"loc":{"start":{"line":160,"column":4},"end":{"line":160,"column":77}}},"16":{"name":"currentFork","line":161,"loc":{"start":{"line":161,"column":4},"end":{"line":161,"column":80}}},"17":{"name":"lastEpoch","line":162,"loc":{"start":{"line":162,"column":4},"end":{"line":162,"column":100}}},"18":{"name":"changeOperator","line":163,"loc":{"start":{"line":163,"column":4},"end":{"line":163,"column":67}}},"19":{"name":"totalStaked","line":167,"loc":{"start":{"line":167,"column":4},"end":{"line":174,"column":4}}},"20":{"name":"stakedOf","line":179,"loc":{"start":{"line":179,"column":4},"end":{"line":188,"column":4}}},"21":{"name":"_getCoinageToken","line":190,"loc":{"start":{"line":190,"column":4},"end":{"line":201,"column":4}}}},"statementMap":{"1":{"start":{"line":35,"column":8},"end":{"line":35,"column":1232}},"2":{"start":{"line":36,"column":12},"end":{"line":36,"column":47}},"3":{"start":{"line":37,"column":12},"end":{"line":37,"column":109}},"4":{"start":{"line":39,"column":12},"end":{"line":39,"column":102}},"5":{"start":{"line":45,"column":8},"end":{"line":45,"column":90}},"6":{"start":{"line":60,"column":8},"end":{"line":60,"column":2177}},"7":{"start":{"line":75,"column":8},"end":{"line":75,"column":70}},"8":{"start":{"line":82,"column":8},"end":{"line":82,"column":68}},"9":{"start":{"line":96,"column":8},"end":{"line":96,"column":75}},"10":{"start":{"line":98,"column":8},"end":{"line":98,"column":88}},"11":{"start":{"line":99,"column":8},"end":{"line":99,"column":19}},"12":{"start":{"line":110,"column":8},"end":{"line":110,"column":66}},"13":{"start":{"line":116,"column":8},"end":{"line":116,"column":54}},"14":{"start":{"line":131,"column":8},"end":{"line":131,"column":68}},"15":{"start":{"line":138,"column":8},"end":{"line":138,"column":24}},"16":{"start":{"line":140,"column":8},"end":{"line":140,"column":4662}},"17":{"start":{"line":141,"column":12},"end":{"line":141,"column":47}},"18":{"start":{"line":146,"column":8},"end":{"line":146,"column":61}},"19":{"start":{"line":152,"column":8},"end":{"line":152,"column":19}},"20":{"start":{"line":156,"column":8},"end":{"line":156,"column":19}},"21":{"start":{"line":159,"column":67},"end":{"line":159,"column":83}},"22":{"start":{"line":160,"column":64},"end":{"line":160,"column":75}},"23":{"start":{"line":161,"column":70},"end":{"line":161,"column":78}},"24":{"start":{"line":162,"column":90},"end":{"line":162,"column":98}},"25":{"start":{"line":172,"column":8},"end":{"line":172,"column":43}},"26":{"start":{"line":173,"column":8},"end":{"line":173,"column":36}},"27":{"start":{"line":186,"column":8},"end":{"line":186,"column":43}},"28":{"start":{"line":187,"column":8},"end":{"line":187,"column":42}},"29":{"start":{"line":191,"column":8},"end":{"line":191,"column":17}},"30":{"start":{"line":192,"column":8},"end":{"line":192,"column":6496}},"31":{"start":{"line":198,"column":8},"end":{"line":198,"column":61}},"32":{"start":{"line":200,"column":8},"end":{"line":200,"column":61}}},"branchMap":{"1":{"line":35,"type":"if","locations":[{"start":{"line":35,"column":8},"end":{"line":35,"column":8}},{"start":{"line":35,"column":8},"end":{"line":35,"column":8}}]},"2":{"line":37,"type":"if","locations":[{"start":{"line":37,"column":12},"end":{"line":37,"column":12}},{"start":{"line":37,"column":12},"end":{"line":37,"column":12}}]},"3":{"line":39,"type":"if","locations":[{"start":{"line":39,"column":12},"end":{"line":39,"column":12}},{"start":{"line":39,"column":12},"end":{"line":39,"column":12}}]},"4":{"line":45,"type":"cond-expr","locations":[{"start":{"line":45,"column":16},"end":{"line":45,"column":48}},{"start":{"line":45,"column":53},"end":{"line":45,"column":88}}]},"5":{"line":60,"type":"if","locations":[{"start":{"line":60,"column":8},"end":{"line":60,"column":8}},{"start":{"line":60,"column":8},"end":{"line":60,"column":8}}]},"6":{"line":61,"type":"cond-expr","locations":[{"start":{"line":61,"column":12},"end":{"line":61,"column":35}},{"start":{"line":62,"column":15},"end":{"line":62,"column":38}}]},"7":{"line":61,"type":"cond-expr","locations":[{"start":{"line":61,"column":12},"end":{"line":62,"column":38}},{"start":{"line":63,"column":15},"end":{"line":63,"column":40}}]},"8":{"line":74,"type":"if","locations":[{"start":{"line":74,"column":59},"end":{"line":74,"column":59}},{"start":{"line":74,"column":59},"end":{"line":74,"column":59}}]},"9":{"line":75,"type":"if","locations":[{"start":{"line":75,"column":8},"end":{"line":75,"column":8}},{"start":{"line":75,"column":8},"end":{"line":75,"column":8}}]},"10":{"line":81,"type":"if","locations":[{"start":{"line":81,"column":55},"end":{"line":81,"column":55}},{"start":{"line":81,"column":55},"end":{"line":81,"column":55}}]},"11":{"line":82,"type":"if","locations":[{"start":{"line":82,"column":8},"end":{"line":82,"column":8}},{"start":{"line":82,"column":8},"end":{"line":82,"column":8}}]},"12":{"line":88,"type":"if","locations":[{"start":{"line":88,"column":53},"end":{"line":88,"column":53}},{"start":{"line":88,"column":53},"end":{"line":88,"column":53}}]},"13":{"line":96,"type":"if","locations":[{"start":{"line":96,"column":8},"end":{"line":96,"column":8}},{"start":{"line":96,"column":8},"end":{"line":96,"column":8}}]},"14":{"line":98,"type":"if","locations":[{"start":{"line":98,"column":8},"end":{"line":98,"column":8}},{"start":{"line":98,"column":8},"end":{"line":98,"column":8}}]},"15":{"line":107,"type":"if","locations":[{"start":{"line":107,"column":8},"end":{"line":107,"column":8}},{"start":{"line":107,"column":8},"end":{"line":107,"column":8}}]},"16":{"line":115,"type":"if","locations":[{"start":{"line":115,"column":37},"end":{"line":115,"column":37}},{"start":{"line":115,"column":37},"end":{"line":115,"column":37}}]},"17":{"line":129,"type":"if","locations":[{"start":{"line":129,"column":8},"end":{"line":129,"column":8}},{"start":{"line":129,"column":8},"end":{"line":129,"column":8}}]},"18":{"line":136,"type":"if","locations":[{"start":{"line":136,"column":8},"end":{"line":136,"column":8}},{"start":{"line":136,"column":8},"end":{"line":136,"column":8}}]},"19":{"line":140,"type":"if","locations":[{"start":{"line":140,"column":8},"end":{"line":140,"column":8}},{"start":{"line":140,"column":8},"end":{"line":140,"column":8}}]},"20":{"line":192,"type":"if","locations":[{"start":{"line":192,"column":8},"end":{"line":192,"column":8}},{"start":{"line":192,"column":8},"end":{"line":192,"column":8}}]},"21":{"line":198,"type":"if","locations":[{"start":{"line":198,"column":8},"end":{"line":198,"column":8}},{"start":{"line":198,"column":8},"end":{"line":198,"column":8}}]}}},
"src/L1/Mock/CandidateStorage.sol":{"l":{},"path":"/Users/mehdiberiane/Documents/tokamak/gem-nft-contract/src/L1/Mock/CandidateStorage.sol","s":{},"b":{},"f":{},"fnMap":{},"statementMap":{},"branchMap":{}},
"src/L1/Mock/CoinageFactory.sol":{"l":{"28":0,"32":0,"35":0,"42":0},"path":"/Users/mehdiberiane/Documents/tokamak/gem-nft-contract/src/L1/Mock/CoinageFactory.sol","s":{"1":0,"2":0,"3":0},"b":{"1":[0,0]},"f":{"1":0,"2":0,"3":0},"fnMap":{"1":{"name":"constructor","line":25,"loc":{"start":{"line":25,"column":2},"end":{"line":25,"column":37}}},"2":{"name":"setAutoCoinageLogic","line":27,"loc":{"start":{"line":27,"column":2},"end":{"line":29,"column":2}}},"3":{"name":"deploy","line":31,"loc":{"start":{"line":31,"column":2},"end":{"line":43,"column":2}}}},"statementMap":{"1":{"start":{"line":32,"column":4},"end":{"line":32,"column":61}},"2":{"start":{"line":35,"column":4},"end":{"line":35,"column":1079}},"3":{"start":{"line":42,"column":4},"end":{"line":42,"column":21}}},"branchMap":{"1":{"line":27,"type":"if","locations":[{"start":{"line":27,"column":58},"end":{"line":27,"column":58}},{"start":{"line":27,"column":58},"end":{"line":27,"column":58}}]}}},
"src/L1/Mock/common/AccessibleCommon.sol":{"l":{"10":0,"11":0,"17":0,"23":0,"29":0,"30":0,"32":0,"33":0,"37":0,"41":0,"47":0,"51":0,"55":0},"path":"/Users/mehdiberiane/Documents/tokamak/gem-nft-contract/src/L1/Mock/common/AccessibleCommon.sol","s":{"1":0,"2":0,"3":0,"4":0,"5":0,"6":0,"7":0,"8":0,"9":0,"10":0,"11":0,"12":0},"b":{"1":[0,0],"2":[0,0],"3":[0,0],"4":[0,0],"5":[0,0],"6":[0,0],"7":[0,0],"8":[0,0]},"f":{"1":0,"2":0,"3":0,"4":0,"5":0,"6":0,"7":0,"8":0,"9":0},"fnMap":{"1":{"name":"onlyOwner","line":9,"loc":{"start":{"line":9,"column":4},"end":{"line":12,"column":4}}},"2":{"name":"addAdmin","line":16,"loc":{"start":{"line":16,"column":4},"end":{"line":18,"column":4}}},"3":{"name":"removeAdmin","line":22,"loc":{"start":{"line":22,"column":4},"end":{"line":24,"column":4}}},"4":{"name":"transferAdmin","line":28,"loc":{"start":{"line":28,"column":4},"end":{"line":34,"column":4}}},"5":{"name":"transferOwnership","line":36,"loc":{"start":{"line":36,"column":4},"end":{"line":38,"column":4}}},"6":{"name":"renounceOwnership","line":40,"loc":{"start":{"line":40,"column":4},"end":{"line":42,"column":4}}},"7":{"name":"isAdmin","line":46,"loc":{"start":{"line":46,"column":4},"end":{"line":48,"column":4}}},"8":{"name":"isOwner","line":50,"loc":{"start":{"line":50,"column":4},"end":{"line":52,"column":4}}},"9":{"name":"supportsInterface","line":54,"loc":{"start":{"line":54,"column":4},"end":{"line":56,"column":4}}}},"statementMap":{"1":{"start":{"line":10,"column":8},"end":{"line":10,"column":73}},"2":{"start":{"line":17,"column":8},"end":{"line":17,"column":45}},"3":{"start":{"line":23,"column":8},"end":{"line":23,"column":48}},"4":{"start":{"line":29,"column":8},"end":{"line":29,"column":66}},"5":{"start":{"line":30,"column":8},"end":{"line":30,"column":64}},"6":{"start":{"line":32,"column":8},"end":{"line":32,"column":46}},"7":{"start":{"line":33,"column":8},"end":{"line":33,"column":51}},"8":{"start":{"line":37,"column":8},"end":{"line":37,"column":30}},"9":{"start":{"line":41,"column":8},"end":{"line":41,"column":51}},"10":{"start":{"line":47,"column":8},"end":{"line":47,"column":51}},"11":{"start":{"line":51,"column":8},"end":{"line":51,"column":54}},"12":{"start":{"line":55,"column":8},"end":{"line":55,"column":51}}},"branchMap":{"1":{"line":10,"type":"if","locations":[{"start":{"line":10,"column":8},"end":{"line":10,"column":8}},{"start":{"line":10,"column":8},"end":{"line":10,"column":8}}]},"2":{"line":16,"type":"if","locations":[{"start":{"line":16,"column":54},"end":{"line":16,"column":54}},{"start":{"line":16,"column":54},"end":{"line":16,"column":54}}]},"3":{"line":22,"type":"if","locations":[{"start":{"line":22,"column":57},"end":{"line":22,"column":57}},{"start":{"line":22,"column":57},"end":{"line":22,"column":57}}]},"4":{"line":28,"type":"if","locations":[{"start":{"line":28,"column":60},"end":{"line":28,"column":60}},{"start":{"line":28,"column":60},"end":{"line":28,"column":60}}]},"5":{"line":29,"type":"if","locations":[{"start":{"line":29,"column":8},"end":{"line":29,"column":8}},{"start":{"line":29,"column":8},"end":{"line":29,"column":8}}]},"6":{"line":30,"type":"if","locations":[{"start":{"line":30,"column":8},"end":{"line":30,"column":8}},{"start":{"line":30,"column":8},"end":{"line":30,"column":8}}]},"7":{"line":36,"type":"if","locations":[{"start":{"line":36,"column":64},"end":{"line":36,"column":64}},{"start":{"line":36,"column":64},"end":{"line":36,"column":64}}]},"8":{"line":40,"type":"if","locations":[{"start":{"line":40,"column":40},"end":{"line":40,"column":40}},{"start":{"line":40,"column":40},"end":{"line":40,"column":40}}]}}},
"src/L1/Mock/common/AccessRoleCommon.sol":{"l":{},"path":"/Users/mehdiberiane/Documents/tokamak/gem-nft-contract/src/L1/Mock/common/AccessRoleCommon.sol","s":{},"b":{},"f":{},"fnMap":{},"statementMap":{},"branchMap":{}},
"src/L1/Mock/common/AuthControlCoinage.sol":{"l":{"10":0,"11":0,"15":0,"16":0,"20":0,"21":0,"28":0,"32":0,"36":0,"42":0,"46":0,"50":0,"56":0,"57":0,"59":0,"60":0,"64":0,"68":0,"72":0,"76":0,"80":0,"84":0,"90":0,"94":0,"98":0,"102":0,"106":0},"path":"/Users/mehdiberiane/Documents/tokamak/gem-nft-contract/src/L1/Mock/common/AuthControlCoinage.sol","s":{"1":0,"2":0,"3":0,"4":0,"5":0,"6":0,"7":0,"8":0,"9":0,"10":0,"11":0,"12":0,"13":0,"14":0,"15":0,"16":0,"17":0,"18":0,"19":0,"20":0,"21":0,"22":0,"23":0,"24":0},"b":{"1":[0,0],"2":[0,0],"3":[0,0],"4":[0,0],"5":[0,0],"6":[0,0],"7":[0,0],"8":[0,0],"9":[0,0],"10":[0,0],"11":[0,0],"12":[0,0],"13":[0,0],"14":[0,0],"15":[0,0],"16":[0,0]},"f":{"1":0,"2":0,"3":0,"4":0,"5":0,"6":0,"7":0,"8":0,"9":0,"10":0,"11":0,"12":0,"13":0,"14":0,"15":0,"16":0,"17":0,"18":0,"19":0,"20":0,"21":0},"fnMap":{"1":{"name":"onlyOwner","line":9,"loc":{"start":{"line":9,"column":4},"end":{"line":12,"column":4}}},"2":{"name":"onlyMinter","line":14,"loc":{"start":{"line":14,"column":4},"end":{"line":17,"column":4}}},"3":{"name":"onlyOperator","line":19,"loc":{"start":{"line":19,"column":4},"end":{"line":22,"column":4}}},"4":{"name":"addAdmin","line":27,"loc":{"start":{"line":27,"column":4},"end":{"line":29,"column":4}}},"5":{"name":"addMinter","line":31,"loc":{"start":{"line":31,"column":4},"end":{"line":33,"column":4}}},"6":{"name":"addOperator","line":35,"loc":{"start":{"line":35,"column":4},"end":{"line":37,"column":4}}},"7":{"name":"removeAdmin","line":41,"loc":{"start":{"line":41,"column":4},"end":{"line":43,"column":4}}},"8":{"name":"removeMinter","line":45,"loc":{"start":{"line":45,"column":4},"end":{"line":47,"column":4}}},"9":{"name":"removeOperator","line":49,"loc":{"start":{"line":49,"column":4},"end":{"line":51,"column":4}}},"10":{"name":"transferAdmin","line":55,"loc":{"start":{"line":55,"column":4},"end":{"line":61,"column":4}}},"11":{"name":"transferOwnership","line":63,"loc":{"start":{"line":63,"column":4},"end":{"line":65,"column":4}}},"12":{"name":"renounceOwnership","line":67,"loc":{"start":{"line":67,"column":4},"end":{"line":69,"column":4}}},"13":{"name":"renounceMinter","line":71,"loc":{"start":{"line":71,"column":4},"end":{"line":73,"column":4}}},"14":{"name":"renounceOperator","line":75,"loc":{"start":{"line":75,"column":4},"end":{"line":77,"column":4}}},"15":{"name":"revokeMinter","line":79,"loc":{"start":{"line":79,"column":4},"end":{"line":81,"column":4}}},"16":{"name":"revokeOperator","line":83,"loc":{"start":{"line":83,"column":4},"end":{"line":85,"column":4}}},"17":{"name":"isAdmin","line":89,"loc":{"start":{"line":89,"column":4},"end":{"line":91,"column":4}}},"18":{"name":"isOwner","line":93,"loc":{"start":{"line":93,"column":4},"end":{"line":95,"column":4}}},"19":{"name":"isMinter","line":97,"loc":{"start":{"line":97,"column":4},"end":{"line":99,"column":4}}},"20":{"name":"isOperator","line":101,"loc":{"start":{"line":101,"column":4},"end":{"line":103,"column":4}}},"21":{"name":"supportsInterface","line":105,"loc":{"start":{"line":105,"column":4},"end":{"line":107,"column":4}}}},"statementMap":{"1":{"start":{"line":10,"column":8},"end":{"line":10,"column":74}},"2":{"start":{"line":15,"column":8},"end":{"line":15,"column":87}},"3":{"start":{"line":20,"column":8},"end":{"line":20,"column":92}},"4":{"start":{"line":28,"column":8},"end":{"line":28,"column":45}},"5":{"start":{"line":32,"column":8},"end":{"line":32,"column":38}},"6":{"start":{"line":36,"column":8},"end":{"line":36,"column":40}},"7":{"start":{"line":42,"column":8},"end":{"line":42,"column":48}},"8":{"start":{"line":46,"column":8},"end":{"line":46,"column":41}},"9":{"start":{"line":50,"column":8},"end":{"line":50,"column":43}},"10":{"start":{"line":56,"column":8},"end":{"line":56,"column":66}},"11":{"start":{"line":57,"column":8},"end":{"line":57,"column":64}},"12":{"start":{"line":59,"column":8},"end":{"line":59,"column":46}},"13":{"start":{"line":60,"column":8},"end":{"line":60,"column":51}},"14":{"start":{"line":64,"column":8},"end":{"line":64,"column":30}},"15":{"start":{"line":68,"column":8},"end":{"line":68,"column":51}},"16":{"start":{"line":72,"column":8},"end":{"line":72,"column":44}},"17":{"start":{"line":76,"column":8},"end":{"line":76,"column":46}},"18":{"start":{"line":80,"column":8},"end":{"line":80,"column":39}},"19":{"start":{"line":84,"column":8},"end":{"line":84,"column":41}},"20":{"start":{"line":90,"column":8},"end":{"line":90,"column":51}},"21":{"start":{"line":94,"column":8},"end":{"line":94,"column":54}},"22":{"start":{"line":98,"column":8},"end":{"line":98,"column":44}},"23":{"start":{"line":102,"column":8},"end":{"line":102,"column":46}},"24":{"start":{"line":106,"column":8},"end":{"line":106,"column":51}}},"branchMap":{"1":{"line":10,"type":"if","locations":[{"start":{"line":10,"column":8},"end":{"line":10,"column":8}},{"start":{"line":10,"column":8},"end":{"line":10,"column":8}}]},"2":{"line":15,"type":"if","locations":[{"start":{"line":15,"column":8},"end":{"line":15,"column":8}},{"start":{"line":15,"column":8},"end":{"line":15,"column":8}}]},"3":{"line":20,"type":"if","locations":[{"start":{"line":20,"column":8},"end":{"line":20,"column":8}},{"start":{"line":20,"column":8},"end":{"line":20,"column":8}}]},"4":{"line":27,"type":"if","locations":[{"start":{"line":27,"column":54},"end":{"line":27,"column":54}},{"start":{"line":27,"column":54},"end":{"line":27,"column":54}}]},"5":{"line":31,"type":"if","locations":[{"start":{"line":31,"column":55},"end":{"line":31,"column":55}},{"start":{"line":31,"column":55},"end":{"line":31,"column":55}}]},"6":{"line":35,"type":"if","locations":[{"start":{"line":35,"column":57},"end":{"line":35,"column":57}},{"start":{"line":35,"column":57},"end":{"line":35,"column":57}}]},"7":{"line":41,"type":"if","locations":[{"start":{"line":41,"column":57},"end":{"line":41,"column":57}},{"start":{"line":41,"column":57},"end":{"line":41,"column":57}}]},"8":{"line":45,"type":"if","locations":[{"start":{"line":45,"column":58},"end":{"line":45,"column":58}},{"start":{"line":45,"column":58},"end":{"line":45,"column":58}}]},"9":{"line":49,"type":"if","locations":[{"start":{"line":49,"column":60},"end":{"line":49,"column":60}},{"start":{"line":49,"column":60},"end":{"line":49,"column":60}}]},"10":{"line":55,"type":"if","locations":[{"start":{"line":55,"column":60},"end":{"line":55,"column":60}},{"start":{"line":55,"column":60},"end":{"line":55,"column":60}}]},"11":{"line":56,"type":"if","locations":[{"start":{"line":56,"column":8},"end":{"line":56,"column":8}},{"start":{"line":56,"column":8},"end":{"line":56,"column":8}}]},"12":{"line":57,"type":"if","locations":[{"start":{"line":57,"column":8},"end":{"line":57,"column":8}},{"start":{"line":57,"column":8},"end":{"line":57,"column":8}}]},"13":{"line":63,"type":"if","locations":[{"start":{"line":63,"column":64},"end":{"line":63,"column":64}},{"start":{"line":63,"column":64},"end":{"line":63,"column":64}}]},"14":{"line":67,"type":"if","locations":[{"start":{"line":67,"column":40},"end":{"line":67,"column":40}},{"start":{"line":67,"column":40},"end":{"line":67,"column":40}}]},"15":{"line":79,"type":"if","locations":[{"start":{"line":79,"column":50},"end":{"line":79,"column":50}},{"start":{"line":79,"column":50},"end":{"line":79,"column":50}}]},"16":{"line":83,"type":"if","locations":[{"start":{"line":83,"column":52},"end":{"line":83,"column":52}},{"start":{"line":83,"column":52},"end":{"line":83,"column":52}}]}}},
"src/L1/Mock/common/AuthControlSeigManager.sol":{"l":{"10":0,"11":0,"15":0,"16":0,"20":0,"21":0,"25":0,"26":0,"30":0,"31":0,"35":0,"36":0,"42":0,"46":0,"50":0,"54":0,"60":0,"64":0,"68":0,"72":0,"77":0,"78":0,"80":0,"81":0,"85":0,"89":0,"93":0,"97":0,"101":0,"105":0,"109":0,"113":0,"119":0,"123":0,"127":0,"131":0,"135":0,"139":0},"path":"/Users/mehdiberiane/Documents/tokamak/gem-nft-contract/src/L1/Mock/common/AuthControlSeigManager.sol","s":{"1":0,"2":0,"3":0,"4":0,"5":0,"6":0,"7":0,"8":0,"9":0,"10":0,"11":0,"12":0,"13":0,"14":0,"15":0,"16":0,"17":0,"18":0,"19":0,"20":0,"21":0,"22":0,"23":0,"24":0,"25":0,"26":0,"27":0,"28":0,"29":0,"30":0,"31":0,"32":0},"b":{"1":[0,0],"2":[0,0],"3":[0,0],"4":[0,0],"5":[0,0],"6":[0,0],"7":[0,0],"8":[0,0],"9":[0,0],"10":[0,0],"11":[0,0],"12":[0,0],"13":[0,0],"14":[0,0],"15":[0,0],"16":[0,0],"17":[0,0],"18":[0,0],"19":[0,0],"20":[0,0],"21":[0,0],"22":[0,0],"23":[0,0]},"f":{"1":0,"2":0,"3":0,"4":0,"5":0,"6":0,"7":0,"8":0,"9":0,"10":0,"11":0,"12":0,"13":0,"14":0,"15":0,"16":0,"17":0,"18":0,"19":0,"20":0,"21":0,"22":0,"23":0,"24":0,"25":0,"26":0,"27":0,"28":0,"29":0},"fnMap":{"1":{"name":"onlyOwner","line":9,"loc":{"start":{"line":9,"column":4},"end":{"line":12,"column":4}}},"2":{"name":"onlyMinter","line":14,"loc":{"start":{"line":14,"column":4},"end":{"line":17,"column":4}}},"3":{"name":"onlyOperator","line":19,"loc":{"start":{"line":19,"column":4},"end":{"line":22,"column":4}}},"4":{"name":"onlyChallenger","line":24,"loc":{"start":{"line":24,"column":4},"end":{"line":27,"column":4}}},"5":{"name":"onlyPauser","line":29,"loc":{"start":{"line":29,"column":4},"end":{"line":32,"column":4}}},"6":{"name":"onlyMinterOrAdmin","line":34,"loc":{"start":{"line":34,"column":4},"end":{"line":37,"column":4}}},"7":{"name":"addAdmin","line":41,"loc":{"start":{"line":41,"column":4},"end":{"line":43,"column":4}}},"8":{"name":"addMinter","line":45,"loc":{"start":{"line":45,"column":4},"end":{"line":47,"column":4}}},"9":{"name":"addOperator","line":49,"loc":{"start":{"line":49,"column":4},"end":{"line":51,"column":4}}},"10":{"name":"addChallenger","line":53,"loc":{"start":{"line":53,"column":4},"end":{"line":55,"column":4}}},"11":{"name":"removeAdmin","line":59,"loc":{"start":{"line":59,"column":4},"end":{"line":61,"column":4}}},"12":{"name":"removeMinter","line":63,"loc":{"start":{"line":63,"column":4},"end":{"line":65,"column":4}}},"13":{"name":"removeChallenger","line":67,"loc":{"start":{"line":67,"column":4},"end":{"line":69,"column":4}}},"14":{"name":"removeOperator","line":71,"loc":{"start":{"line":71,"column":4},"end":{"line":73,"column":4}}},"15":{"name":"transferAdmin","line":76,"loc":{"start":{"line":76,"column":4},"end":{"line":82,"column":4}}},"16":{"name":"transferOwnership","line":84,"loc":{"start":{"line":84,"column":4},"end":{"line":86,"column":4}}},"17":{"name":"renounceOwnership","line":88,"loc":{"start":{"line":88,"column":4},"end":{"line":90,"column":4}}},"18":{"name":"renounceMinter","line":92,"loc":{"start":{"line":92,"column":4},"end":{"line":94,"column":4}}},"19":{"name":"renounceOperator","line":96,"loc":{"start":{"line":96,"column":4},"end":{"line":98,"column":4}}},"20":{"name":"renounceChallenger","line":100,"loc":{"start":{"line":100,"column":4},"end":{"line":102,"column":4}}},"21":{"name":"revokeMinter","line":104,"loc":{"start":{"line":104,"column":4},"end":{"line":106,"column":4}}},"22":{"name":"revokeOperator","line":108,"loc":{"start":{"line":108,"column":4},"end":{"line":110,"column":4}}},"23":{"name":"revokeChallenger","line":112,"loc":{"start":{"line":112,"column":4},"end":{"line":114,"column":4}}},"24":{"name":"isAdmin","line":118,"loc":{"start":{"line":118,"column":4},"end":{"line":120,"column":4}}},"25":{"name":"isOwner","line":122,"loc":{"start":{"line":122,"column":4},"end":{"line":124,"column":4}}},"26":{"name":"isMinter","line":126,"loc":{"start":{"line":126,"column":4},"end":{"line":128,"column":4}}},"27":{"name":"isOperator","line":130,"loc":{"start":{"line":130,"column":4},"end":{"line":132,"column":4}}},"28":{"name":"isChallenger","line":134,"loc":{"start":{"line":134,"column":4},"end":{"line":136,"column":4}}},"29":{"name":"supportsInterface","line":138,"loc":{"start":{"line":138,"column":4},"end":{"line":140,"column":4}}}},"statementMap":{"1":{"start":{"line":10,"column":8},"end":{"line":10,"column":74}},"2":{"start":{"line":15,"column":8},"end":{"line":15,"column":87}},"3":{"start":{"line":20,"column":8},"end":{"line":20,"column":92}},"4":{"start":{"line":25,"column":8},"end":{"line":25,"column":95}},"5":{"start":{"line":30,"column":8},"end":{"line":30,"column":86}},"6":{"start":{"line":35,"column":8},"end":{"line":35,"column":96}},"7":{"start":{"line":42,"column":8},"end":{"line":42,"column":45}},"8":{"start":{"line":46,"column":8},"end":{"line":46,"column":38}},"9":{"start":{"line":50,"column":8},"end":{"line":50,"column":40}},"10":{"start":{"line":54,"column":8},"end":{"line":54,"column":42}},"11":{"start":{"line":60,"column":8},"end":{"line":60,"column":48}},"12":{"start":{"line":64,"column":8},"end":{"line":64,"column":41}},"13":{"start":{"line":68,"column":8},"end":{"line":68,"column":45}},"14":{"start":{"line":72,"column":8},"end":{"line":72,"column":43}},"15":{"start":{"line":77,"column":8},"end":{"line":77,"column":66}},"16":{"start":{"line":78,"column":8},"end":{"line":78,"column":64}},"17":{"start":{"line":80,"column":8},"end":{"line":80,"column":46}},"18":{"start":{"line":81,"column":8},"end":{"line":81,"column":51}},"19":{"start":{"line":85,"column":8},"end":{"line":85,"column":30}},"20":{"start":{"line":89,"column":8},"end":{"line":89,"column":51}},"21":{"start":{"line":93,"column":8},"end":{"line":93,"column":44}},"22":{"start":{"line":97,"column":8},"end":{"line":97,"column":46}},"23":{"start":{"line":101,"column":8},"end":{"line":101,"column":48}},"24":{"start":{"line":105,"column":8},"end":{"line":105,"column":39}},"25":{"start":{"line":109,"column":8},"end":{"line":109,"column":41}},"26":{"start":{"line":113,"column":8},"end":{"line":113,"column":43}},"27":{"start":{"line":119,"column":8},"end":{"line":119,"column":51}},"28":{"start":{"line":123,"column":8},"end":{"line":123,"column":54}},"29":{"start":{"line":127,"column":8},"end":{"line":127,"column":44}},"30":{"start":{"line":131,"column":8},"end":{"line":131,"column":46}},"31":{"start":{"line":135,"column":8},"end":{"line":135,"column":48}},"32":{"start":{"line":139,"column":8},"end":{"line":139,"column":51}}},"branchMap":{"1":{"line":10,"type":"if","locations":[{"start":{"line":10,"column":8},"end":{"line":10,"column":8}},{"start":{"line":10,"column":8},"end":{"line":10,"column":8}}]},"2":{"line":15,"type":"if","locations":[{"start":{"line":15,"column":8},"end":{"line":15,"column":8}},{"start":{"line":15,"column":8},"end":{"line":15,"column":8}}]},"3":{"line":20,"type":"if","locations":[{"start":{"line":20,"column":8},"end":{"line":20,"column":8}},{"start":{"line":20,"column":8},"end":{"line":20,"column":8}}]},"4":{"line":25,"type":"if","locations":[{"start":{"line":25,"column":8},"end":{"line":25,"column":8}},{"start":{"line":25,"column":8},"end":{"line":25,"column":8}}]},"5":{"line":30,"type":"if","locations":[{"start":{"line":30,"column":8},"end":{"line":30,"column":8}},{"start":{"line":30,"column":8},"end":{"line":30,"column":8}}]},"6":{"line":35,"type":"if","locations":[{"start":{"line":35,"column":8},"end":{"line":35,"column":8}},{"start":{"line":35,"column":8},"end":{"line":35,"column":8}}]},"7":{"line":35,"type":"cond-expr","locations":[{"start":{"line":35,"column":16},"end":{"line":35,"column":34}},{"start":{"line":35,"column":39},"end":{"line":35,"column":70}}]},"8":{"line":41,"type":"if","locations":[{"start":{"line":41,"column":54},"end":{"line":41,"column":54}},{"start":{"line":41,"column":54},"end":{"line":41,"column":54}}]},"9":{"line":45,"type":"if","locations":[{"start":{"line":45,"column":55},"end":{"line":45,"column":55}},{"start":{"line":45,"column":55},"end":{"line":45,"column":55}}]},"10":{"line":49,"type":"if","locations":[{"start":{"line":49,"column":57},"end":{"line":49,"column":57}},{"start":{"line":49,"column":57},"end":{"line":49,"column":57}}]},"11":{"line":53,"type":"if","locations":[{"start":{"line":53,"column":59},"end":{"line":53,"column":59}},{"start":{"line":53,"column":59},"end":{"line":53,"column":59}}]},"12":{"line":59,"type":"if","locations":[{"start":{"line":59,"column":57},"end":{"line":59,"column":57}},{"start":{"line":59,"column":57},"end":{"line":59,"column":57}}]},"13":{"line":63,"type":"if","locations":[{"start":{"line":63,"column":58},"end":{"line":63,"column":58}},{"start":{"line":63,"column":58},"end":{"line":63,"column":58}}]},"14":{"line":67,"type":"if","locations":[{"start":{"line":67,"column":62},"end":{"line":67,"column":62}},{"start":{"line":67,"column":62},"end":{"line":67,"column":62}}]},"15":{"line":71,"type":"if","locations":[{"start":{"line":71,"column":60},"end":{"line":71,"column":60}},{"start":{"line":71,"column":60},"end":{"line":71,"column":60}}]},"16":{"line":76,"type":"if","locations":[{"start":{"line":76,"column":60},"end":{"line":76,"column":60}},{"start":{"line":76,"column":60},"end":{"line":76,"column":60}}]},"17":{"line":77,"type":"if","locations":[{"start":{"line":77,"column":8},"end":{"line":77,"column":8}},{"start":{"line":77,"column":8},"end":{"line":77,"column":8}}]},"18":{"line":78,"type":"if","locations":[{"start":{"line":78,"column":8},"end":{"line":78,"column":8}},{"start":{"line":78,"column":8},"end":{"line":78,"column":8}}]},"19":{"line":84,"type":"if","locations":[{"start":{"line":84,"column":64},"end":{"line":84,"column":64}},{"start":{"line":84,"column":64},"end":{"line":84,"column":64}}]},"20":{"line":88,"type":"if","locations":[{"start":{"line":88,"column":40},"end":{"line":88,"column":40}},{"start":{"line":88,"column":40},"end":{"line":88,"column":40}}]},"21":{"line":104,"type":"if","locations":[{"start":{"line":104,"column":50},"end":{"line":104,"column":50}},{"start":{"line":104,"column":50},"end":{"line":104,"column":50}}]},"22":{"line":108,"type":"if","locations":[{"start":{"line":108,"column":52},"end":{"line":108,"column":52}},{"start":{"line":108,"column":52},"end":{"line":108,"column":52}}]},"23":{"line":112,"type":"if","locations":[{"start":{"line":112,"column":54},"end":{"line":112,"column":54}},{"start":{"line":112,"column":54},"end":{"line":112,"column":54}}]}}},
"src/L1/Mock/common/AuthRoleCoinage.sol":{"l":{},"path":"/Users/mehdiberiane/Documents/tokamak/gem-nft-contract/src/L1/Mock/common/AuthRoleCoinage.sol","s":{},"b":{},"f":{},"fnMap":{},"statementMap":{},"branchMap":{}},
"src/L1/Mock/common/AuthRoleSeigManager.sol":{"l":{},"path":"/Users/mehdiberiane/Documents/tokamak/gem-nft-contract/src/L1/Mock/common/AuthRoleSeigManager.sol","s":{},"b":{},"f":{},"fnMap":{},"statementMap":{},"branchMap":{}},
"src/L1/Mock/DepositManager.sol":{"l":{"41":0,"42":0,"46":0,"47":0,"64":0,"66":0,"67":0,"68":0,"69":0,"77":0,"90":0,"92":0,"93":0,"95":0,"101":0,"103":0,"117":0,"118":0,"122":0,"123":0,"127":0,"128":0,"130":0,"131":0,"134":0,"138":0,"139":0,"140":0,"141":0,"143":0,"145":0,"147":0,"149":0,"161":0,"162":0,"163":0,"167":0,"168":0,"169":0,"173":0,"175":0,"176":0,"178":0,"179":0,"180":0,"181":0,"183":0,"184":0,"186":0,"187":0,"192":0,"193":0,"194":0,"197":0,"198":0,"199":0,"201":0,"203":0,"205":0,"207":0,"223":0,"227":0,"228":0,"236":0,"240":0,"242":0,"248":0,"249":0,"250":0,"252":0,"254":0,"256":0,"260":0,"264":0,"265":0,"267":0,"269":0,"270":0,"272":0,"274":0,"276":0,"277":0,"278":0,"280":0,"281":0,"282":0,"284":0,"285":0,"287":0,"290":0,"291":0,"295":0,"296":0,"300":0,"301":0,"303":0,"307":0,"311":0,"312":0,"314":0,"316":0,"320":0,"324":0,"350":0,"351":0,"352":0},"path":"/Users/mehdiberiane/Documents/tokamak/gem-nft-contract/src/L1/Mock/DepositManager.sol","s":{"1":0,"2":0,"3":0,"4":0,"5":0,"6":0,"7":0,"8":0,"9":0,"10":0,"11":0,"12":0,"13":0,"14":0,"15":0,"16":0,"17":0,"18":0,"19":0,"20":0,"21":0,"22":0,"23":0,"24":0,"25":0,"26":0,"27":0,"28":0,"29":0,"30":0,"31":0,"32":0,"33":0,"34":0,"35":0,"36":0,"37":0,"38":0,"39":0,"40":0,"41":0,"42":0,"43":0,"44":0,"45":0,"46":0,"47":0,"48":0,"49":0,"50":0,"51":0,"52":0,"53":0,"54":0,"55":0,"56":0,"57":0,"58":0,"59":0,"60":0,"61":0,"62":0,"63":0,"64":0,"65":0,"66":0,"67":0,"68":0,"69":0,"70":0,"71":0,"72":0,"73":0,"74":0,"75":0,"76":0,"77":0,"78":0,"79":0,"80":0,"81":0,"82":0,"83":0,"84":0},"b":{"1":[0,0],"2":[0,0],"3":[0,0],"4":[0,0],"5":[0,0],"6":[0,0],"7":[0,0],"8":[0,0],"9":[0,0],"10":[0,0],"11":[0,0],"12":[0,0],"13":[0,0],"14":[0,0],"15":[0,0],"16":[0,0],"17":[0,0],"18":[0,0],"19":[0,0],"20":[0,0],"21":[0,0],"22":[0,0],"23":[0,0],"24":[0,0],"25":[0,0],"26":[0,0],"27":[0,0],"28":[0,0],"29":[0,0],"30":[0,0]},"f":{"1":0,"2":0,"3":0,"4":0,"5":0,"6":0,"7":0,"8":0,"9":0,"10":0,"11":0,"12":0,"13":0,"14":0,"15":0,"16":0,"17":0,"18":0,"19":0,"20":0,"21":0,"22":0,"23":0,"24":0,"25":0,"26":0,"27":0,"28":0,"29":0,"30":0,"31":0,"32":0,"33":0,"34":0,"35":0,"36":0,"37":0,"38":0,"39":0,"40":0},"fnMap":{"1":{"name":"onlyLayer2","line":40,"loc":{"start":{"line":40,"column":2},"end":{"line":43,"column":2}}},"2":{"name":"onlySeigManager","line":45,"loc":{"start":{"line":45,"column":2},"end":{"line":48,"column":2}}},"3":{"name":"initialize","line":58,"loc":{"start":{"line":58,"column":2},"end":{"line":70,"column":2}}},"4":{"name":"setSeigManager","line":76,"loc":{"start":{"line":76,"column":2},"end":{"line":78,"column":2}}},"5":{"name":"onApprove","line":84,"loc":{"start":{"line":84,"column":2},"end":{"line":96,"column":2}}},"6":{"name":"_decodeDepositManagerOnApproveData","line":98,"loc":{"start":{"line":98,"column":2},"end":{"line":106,"column":2}}},"7":{"name":"deposit","line":116,"loc":{"start":{"line":116,"column":2},"end":{"line":119,"column":2}}},"8":{"name":"deposit","line":121,"loc":{"start":{"line":121,"column":2},"end":{"line":124,"column":2}}},"9":{"name":"deposit","line":126,"loc":{"start":{"line":126,"column":2},"end":{"line":135,"column":2}}},"10":{"name":"_deposit","line":137,"loc":{"start":{"line":137,"column":2},"end":{"line":150,"column":2}}},"11":{"name":"redeposit","line":160,"loc":{"start":{"line":160,"column":2},"end":{"line":164,"column":2}}},"12":{"name":"redepositMulti","line":166,"loc":{"start":{"line":166,"column":2},"end":{"line":170,"column":2}}},"13":{"name":"_redeposit","line":172,"loc":{"start":{"line":172,"column":2},"end":{"line":208,"column":2}}},"14":{"name":"slash","line":214,"loc":{"start":{"line":214,"column":2},"end":{"line":216,"column":2}}},"15":{"name":"setGlobalWithdrawalDelay","line":222,"loc":{"start":{"line":222,"column":2},"end":{"line":224,"column":2}}},"16":{"name":"setWithdrawalDelay","line":226,"loc":{"start":{"line":226,"column":2},"end":{"line":229,"column":2}}},"17":{"name":"requestWithdrawal","line":235,"loc":{"start":{"line":235,"column":2},"end":{"line":237,"column":2}}},"18":{"name":"_requestWithdrawal","line":239,"loc":{"start":{"line":239,"column":2},"end":{"line":257,"column":2}}},"19":{"name":"processRequest","line":259,"loc":{"start":{"line":259,"column":2},"end":{"line":261,"column":2}}},"20":{"name":"_processRequest","line":263,"loc":{"start":{"line":263,"column":2},"end":{"line":292,"column":2}}},"21":{"name":"requestWithdrawalAll","line":294,"loc":{"start":{"line":294,"column":2},"end":{"line":297,"column":2}}},"22":{"name":"processRequests","line":299,"loc":{"start":{"line":299,"column":2},"end":{"line":304,"column":2}}},"23":{"name":"numRequests","line":306,"loc":{"start":{"line":306,"column":2},"end":{"line":308,"column":2}}},"24":{"name":"numPendingRequests","line":310,"loc":{"start":{"line":310,"column":2},"end":{"line":317,"column":2}}},"25":{"name":"_isOperator","line":319,"loc":{"start":{"line":319,"column":2},"end":{"line":321,"column":2}}},"26":{"name":"getDelayBlocks","line":323,"loc":{"start":{"line":323,"column":2},"end":{"line":325,"column":2}}},"27":{"name":"wton","line":332,"loc":{"start":{"line":332,"column":2},"end":{"line":332,"column":66}}},"28":{"name":"registry","line":333,"loc":{"start":{"line":333,"column":2},"end":{"line":333,"column":74}}},"29":{"name":"seigManager","line":334,"loc":{"start":{"line":334,"column":2},"end":{"line":334,"column":80}}},"30":{"name":"accStaked","line":336,"loc":{"start":{"line":336,"column":2},"end":{"line":336,"column":135}}},"31":{"name":"accStakedLayer2","line":337,"loc":{"start":{"line":337,"column":2},"end":{"line":337,"column":121}}},"32":{"name":"accStakedAccount","line":338,"loc":{"start":{"line":338,"column":2},"end":{"line":338,"column":125}}},"33":{"name":"pendingUnstaked","line":340,"loc":{"start":{"line":340,"column":2},"end":{"line":340,"column":147}}},"34":{"name":"pendingUnstakedLayer2","line":341,"loc":{"start":{"line":341,"column":2},"end":{"line":341,"column":133}}},"35":{"name":"pendingUnstakedAccount","line":342,"loc":{"start":{"line":342,"column":2},"end":{"line":342,"column":137}}},"36":{"name":"accUnstaked","line":344,"loc":{"start":{"line":344,"column":2},"end":{"line":344,"column":139}}},"37":{"name":"accUnstakedLayer2","line":345,"loc":{"start":{"line":345,"column":2},"end":{"line":345,"column":125}}},"38":{"name":"accUnstakedAccount","line":346,"loc":{"start":{"line":346,"column":2},"end":{"line":346,"column":129}}},"39":{"name":"withdrawalRequestIndex","line":348,"loc":{"start":{"line":348,"column":2},"end":{"line":348,"column":156}}},"40":{"name":"withdrawalRequest","line":349,"loc":{"start":{"line":349,"column":2},"end":{"line":353,"column":2}}}},"statementMap":{"1":{"start":{"line":41,"column":4},"end":{"line":41,"column":54}},"2":{"start":{"line":46,"column":4},"end":{"line":46,"column":38}},"3":{"start":{"line":64,"column":4},"end":{"line":64,"column":54}},"4":{"start":{"line":90,"column":4},"end":{"line":90,"column":84}},"5":{"start":{"line":92,"column":4},"end":{"line":92,"column":61}},"6":{"start":{"line":93,"column":4},"end":{"line":93,"column":50}},"7":{"start":{"line":95,"column":4},"end":{"line":95,"column":15}},"8":{"start":{"line":101,"column":4},"end":{"line":101,"column":31}},"9":{"start":{"line":117,"column":4},"end":{"line":117,"column":60}},"10":{"start":{"line":118,"column":4},"end":{"line":118,"column":15}},"11":{"start":{"line":122,"column":4},"end":{"line":122,"column":57}},"12":{"start":{"line":123,"column":4},"end":{"line":123,"column":15}},"13":{"start":{"line":127,"column":4},"end":{"line":127,"column":46}},"14":{"start":{"line":128,"column":4},"end":{"line":128,"column":60}},"15":{"start":{"line":130,"column":4},"end":{"line":130,"column":3704}},"16":{"start":{"line":131,"column":6},"end":{"line":131,"column":67}},"17":{"start":{"line":134,"column":4},"end":{"line":134,"column":15}},"18":{"start":{"line":138,"column":4},"end":{"line":138,"column":79}},"19":{"start":{"line":143,"column":4},"end":{"line":143,"column":63}},"20":{"start":{"line":145,"column":4},"end":{"line":145,"column":43}},"21":{"start":{"line":147,"column":4},"end":{"line":147,"column":73}},"22":{"start":{"line":149,"column":4},"end":{"line":149,"column":15}},"23":{"start":{"line":161,"column":4},"end":{"line":161,"column":59}},"24":{"start":{"line":162,"column":4},"end":{"line":162,"column":36}},"25":{"start":{"line":163,"column":4},"end":{"line":163,"column":15}},"26":{"start":{"line":167,"column":4},"end":{"line":167,"column":59}},"27":{"start":{"line":168,"column":4},"end":{"line":168,"column":36}},"28":{"start":{"line":169,"column":4},"end":{"line":169,"column":15}},"29":{"start":{"line":173,"column":4},"end":{"line":173,"column":21}},"30":{"start":{"line":175,"column":4},"end":{"line":175,"column":92}},"31":{"start":{"line":176,"column":4},"end":{"line":176,"column":120}},"32":{"start":{"line":178,"column":4},"end":{"line":178,"column":21}},"33":{"start":{"line":179,"column":4},"end":{"line":179,"column":5349}},"34":{"start":{"line":180,"column":6},"end":{"line":180,"column":78}},"35":{"start":{"line":181,"column":6},"end":{"line":181,"column":31}},"36":{"start":{"line":183,"column":6},"end":{"line":183,"column":79}},"37":{"start":{"line":184,"column":6},"end":{"line":184,"column":68}},"38":{"start":{"line":203,"column":4},"end":{"line":203,"column":49}},"39":{"start":{"line":205,"column":4},"end":{"line":205,"column":79}},"40":{"start":{"line":207,"column":4},"end":{"line":207,"column":15}},"41":{"start":{"line":227,"column":4},"end":{"line":227,"column":44}},"42":{"start":{"line":236,"column":4},"end":{"line":236,"column":69}},"43":{"start":{"line":240,"column":4},"end":{"line":240,"column":65}},"44":{"start":{"line":242,"column":4},"end":{"line":242,"column":7627}},"45":{"start":{"line":252,"column":4},"end":{"line":252,"column":56}},"46":{"start":{"line":254,"column":4},"end":{"line":254,"column":77}},"47":{"start":{"line":256,"column":4},"end":{"line":256,"column":15}},"48":{"start":{"line":260,"column":4},"end":{"line":260,"column":46}},"49":{"start":{"line":264,"column":4},"end":{"line":264,"column":63}},"50":{"start":{"line":265,"column":4},"end":{"line":265,"column":107}},"51":{"start":{"line":267,"column":4},"end":{"line":267,"column":80}},"52":{"start":{"line":269,"column":4},"end":{"line":269,"column":98}},"53":{"start":{"line":274,"column":4},"end":{"line":274,"column":29}},"54":{"start":{"line":284,"column":4},"end":{"line":284,"column":9425}},"55":{"start":{"line":285,"column":6},"end":{"line":285,"column":67}},"56":{"start":{"line":287,"column":6},"end":{"line":287,"column":51}},"57":{"start":{"line":290,"column":4},"end":{"line":290,"column":56}},"58":{"start":{"line":291,"column":4},"end":{"line":291,"column":15}},"59":{"start":{"line":295,"column":4},"end":{"line":295,"column":75}},"60":{"start":{"line":296,"column":4},"end":{"line":296,"column":69}},"61":{"start":{"line":300,"column":4},"end":{"line":300,"column":9995}},"62":{"start":{"line":301,"column":6},"end":{"line":301,"column":49}},"63":{"start":{"line":303,"column":4},"end":{"line":303,"column":15}},"64":{"start":{"line":307,"column":4},"end":{"line":307,"column":54}},"65":{"start":{"line":311,"column":4},"end":{"line":311,"column":70}},"66":{"start":{"line":312,"column":4},"end":{"line":312,"column":60}},"67":{"start":{"line":314,"column":4},"end":{"line":314,"column":35}},"68":{"start":{"line":314,"column":27},"end":{"line":314,"column":35}},"69":{"start":{"line":316,"column":4},"end":{"line":316,"column":31}},"70":{"start":{"line":320,"column":4},"end":{"line":320,"column":49}},"71":{"start":{"line":324,"column":4},"end":{"line":324,"column":109}},"72":{"start":{"line":332,"column":52},"end":{"line":332,"column":64}},"73":{"start":{"line":333,"column":56},"end":{"line":333,"column":72}},"74":{"start":{"line":334,"column":59},"end":{"line":334,"column":78}},"75":{"start":{"line":336,"column":99},"end":{"line":336,"column":133}},"76":{"start":{"line":337,"column":88},"end":{"line":337,"column":119}},"77":{"start":{"line":338,"column":90},"end":{"line":338,"column":123}},"78":{"start":{"line":340,"column":105},"end":{"line":340,"column":145}},"79":{"start":{"line":341,"column":94},"end":{"line":341,"column":131}},"80":{"start":{"line":342,"column":96},"end":{"line":342,"column":135}},"81":{"start":{"line":344,"column":101},"end":{"line":344,"column":137}},"82":{"start":{"line":345,"column":90},"end":{"line":345,"column":123}},"83":{"start":{"line":346,"column":92},"end":{"line":346,"column":127}},"84":{"start":{"line":348,"column":107},"en
[...]
lumn":7046}},"26":{"start":{"line":165,"column":13},"end":{"line":165,"column":7122}},"27":{"start":{"line":166,"column":13},"end":{"line":166,"column":7196}},"28":{"start":{"line":167,"column":13},"end":{"line":167,"column":7272}},"29":{"start":{"line":168,"column":13},"end":{"line":168,"column":77}},"30":{"start":{"line":170,"column":8},"end":{"line":170,"column":7352}},"31":{"start":{"line":174,"column":8},"end":{"line":174,"column":7533}},"32":{"start":{"line":190,"column":8},"end":{"line":190,"column":8133}},"33":{"start":{"line":203,"column":8},"end":{"line":203,"column":22}},"34":{"start":{"line":208,"column":8},"end":{"line":208,"column":53}},"35":{"start":{"line":213,"column":8},"end":{"line":213,"column":141}},"36":{"start":{"line":241,"column":8},"end":{"line":241,"column":10712}},"37":{"start":{"line":243,"column":12},"end":{"line":243,"column":56}},"38":{"start":{"line":244,"column":12},"end":{"line":244,"column":40}},"39":{"start":{"line":245,"column":12},"end":{"line":245,"column":40}},"40":{"start":{"line":246,"column":12},"end":{"line":246,"column":56}},"41":{"start":{"line":247,"column":12},"end":{"line":247,"column":40}},"42":{"start":{"line":248,"column":12},"end":{"line":248,"column":40}},"43":{"start":{"line":251,"column":12},"end":{"line":251,"column":11172}},"44":{"start":{"line":253,"column":16},"end":{"line":253,"column":37}},"45":{"start":{"line":256,"column":12},"end":{"line":256,"column":11490}},"46":{"start":{"line":258,"column":16},"end":{"line":258,"column":37}},"47":{"start":{"line":261,"column":12},"end":{"line":261,"column":11840}},"48":{"start":{"line":262,"column":16},"end":{"line":262,"column":12084}},"49":{"start":{"line":264,"column":20},"end":{"line":264,"column":41}},"50":{"start":{"line":267,"column":20},"end":{"line":267,"column":41}},"51":{"start":{"line":271,"column":12},"end":{"line":271,"column":12639}},"52":{"start":{"line":272,"column":16},"end":{"line":272,"column":12883}},"53":{"start":{"line":274,"column":20},"end":{"line":274,"column":41}},"54":{"start":{"line":277,"column":20},"end":{"line":277,"column":41}},"55":{"start":{"line":281,"column":12},"end":{"line":281,"column":13633}},"56":{"start":{"line":283,"column":16},"end":{"line":283,"column":37}},"57":{"start":{"line":286,"column":12},"end":{"line":286,"column":14092}},"58":{"start":{"line":287,"column":16},"end":{"line":287,"column":14274}},"59":{"start":{"line":289,"column":20},"end":{"line":289,"column":41}},"60":{"start":{"line":290,"column":23},"end":{"line":290,"column":14511}},"61":{"start":{"line":292,"column":20},"end":{"line":292,"column":41}},"62":{"start":{"line":293,"column":23},"end":{"line":293,"column":14748}},"63":{"start":{"line":295,"column":20},"end":{"line":295,"column":41}},"64":{"start":{"line":296,"column":23},"end":{"line":296,"column":14985}},"65":{"start":{"line":298,"column":20},"end":{"line":298,"column":41}},"66":{"start":{"line":302,"column":12},"end":{"line":302,"column":15308}},"67":{"start":{"line":304,"column":16},"end":{"line":304,"column":37}},"68":{"start":{"line":308,"column":12},"end":{"line":308,"column":33}},"69":{"start":{"line":320,"column":8},"end":{"line":320,"column":37}}},"branchMap":{"1":{"line":71,"type":"if","locations":[{"start":{"line":71,"column":8},"end":{"line":71,"column":8}},{"start":{"line":71,"column":8},"end":{"line":71,"column":8}}]},"2":{"line":76,"type":"if","locations":[{"start":{"line":76,"column":8},"end":{"line":76,"column":8}},{"start":{"line":76,"column":8},"end":{"line":76,"column":8}}]},"3":{"line":77,"type":"if","locations":[{"start":{"line":77,"column":12},"end":{"line":77,"column":12}},{"start":{"line":77,"column":12},"end":{"line":77,"column":12}}]},"4":{"line":84,"type":"if","locations":[{"start":{"line":84,"column":15},"end":{"line":84,"column":15}},{"start":{"line":84,"column":15},"end":{"line":84,"column":15}}]},"5":{"line":85,"type":"if","locations":[{"start":{"line":85,"column":12},"end":{"line":85,"column":12}},{"start":{"line":85,"column":12},"end":{"line":85,"column":12}}]},"6":{"line":92,"type":"if","locations":[{"start":{"line":92,"column":15},"end":{"line":92,"column":15}},{"start":{"line":92,"column":15},"end":{"line":92,"column":15}}]},"7":{"line":93,"type":"if","locations":[{"start":{"line":93,"column":12},"end":{"line":93,"column":12}},{"start":{"line":93,"column":12},"end":{"line":93,"column":12}}]},"8":{"line":100,"type":"if","locations":[{"start":{"line":100,"column":15},"end":{"line":100,"column":15}},{"start":{"line":100,"column":15},"end":{"line":100,"column":15}}]},"9":{"line":101,"type":"if","locations":[{"start":{"line":101,"column":12},"end":{"line":101,"column":12}},{"start":{"line":101,"column":12},"end":{"line":101,"column":12}}]},"10":{"line":108,"type":"if","locations":[{"start":{"line":108,"column":15},"end":{"line":108,"column":15}},{"start":{"line":108,"column":15},"end":{"line":108,"column":15}}]},"11":{"line":109,"type":"if","locations":[{"start":{"line":109,"column":12},"end":{"line":109,"column":12}},{"start":{"line":109,"column":12},"end":{"line":109,"column":12}}]},"12":{"line":126,"type":"if","locations":[{"start":{"line":126,"column":12},"end":{"line":126,"column":12}},{"start":{"line":126,"column":12},"end":{"line":126,"column":12}}]},"13":{"line":129,"type":"if","locations":[{"start":{"line":129,"column":12},"end":{"line":129,"column":12}},{"start":{"line":129,"column":12},"end":{"line":129,"column":12}}]},"14":{"line":132,"type":"if","locations":[{"start":{"line":132,"column":12},"end":{"line":132,"column":12}},{"start":{"line":132,"column":12},"end":{"line":132,"column":12}}]},"15":{"line":144,"type":"if","locations":[{"start":{"line":144,"column":16},"end":{"line":144,"column":16}},{"start":{"line":144,"column":16},"end":{"line":144,"column":16}}]},"16":{"line":146,"type":"if","locations":[{"start":{"line":146,"column":20},"end":{"line":146,"column":20}},{"start":{"line":146,"column":20},"end":{"line":146,"column":20}}]},"17":{"line":153,"type":"if","locations":[{"start":{"line":153,"column":8},"end":{"line":153,"column":8}},{"start":{"line":153,"column":8},"end":{"line":153,"column":8}}]},"18":{"line":164,"type":"if","locations":[{"start":{"line":164,"column":8},"end":{"line":164,"column":8}},{"start":{"line":164,"column":8},"end":{"line":164,"column":8}}]},"19":{"line":165,"type":"if","locations":[{"start":{"line":165,"column":13},"end":{"line":165,"column":13}},{"start":{"line":165,"column":13},"end":{"line":165,"column":13}}]},"20":{"line":166,"type":"if","locations":[{"start":{"line":166,"column":13},"end":{"line":166,"column":13}},{"start":{"line":166,"column":13},"end":{"line":166,"column":13}}]},"21":{"line":167,"type":"if","locations":[{"start":{"line":167,"column":13},"end":{"line":167,"column":13}},{"start":{"line":167,"column":13},"end":{"line":167,"column":13}}]},"22":{"line":168,"type":"if","locations":[{"start":{"line":168,"column":13},"end":{"line":168,"column":13}},{"start":{"line":168,"column":13},"end":{"line":168,"column":13}}]},"23":{"line":174,"type":"if","locations":[{"start":{"line":174,"column":8},"end":{"line":174,"column":8}},{"start":{"line":174,"column":8},"end":{"line":174,"column":8}}]},"24":{"line":208,"type":"if","locations":[{"start":{"line":208,"column":8},"end":{"line":208,"column":8}},{"start":{"line":208,"column":8},"end":{"line":208,"column":8}}]},"25":{"line":241,"type":"if","locations":[{"start":{"line":241,"column":8},"end":{"line":241,"column":8}},{"start":{"line":241,"column":8},"end":{"line":241,"column":8}}]},"26":{"line":251,"type":"if","locations":[{"start":{"line":251,"column":12},"end":{"line":251,"column":12}},{"start":{"line":251,"column":12},"end":{"line":251,"column":12}}]},"27":{"line":256,"type":"if","locations":[{"start":{"line":256,"column":12},"end":{"line":256,"column":12}},{"start":{"line":256,"column":12},"end":{"line":256,"column":12}}]},"28":{"line":261,"type":"if","locations":[{"start":{"line":261,"column":12},"end":{"line":261,"column":12}},{"start":{"line":261,"column":12},"end":{"line":261,"column":12}}]},"29":{"line":261,"type":"cond-expr","locations":[{"start":{"line":261,"column":72},"end":{"line":261,"column":93}},{"start":{"line":261,"column":98},"end":{"line":261,"column":119}}]},"30":{"line":261,"type":"cond-expr","locations":[{"start":{"line":261,"column":182},"end":{"line":261,"column":203}},{"start":{"line":261,"column":208},"end":{"line":261,"column":229}}]},"31":{"line":261,"type":"cond-expr","locations":[{"start":{"line":261,"column":16},"end":{"line":261,"column":121}},{"start":{"line":261,"column":126},"end":{"line":261,"column":231}}]},"32":{"line":262,"type":"if","locations":[{"start":{"line":262,"column":16},"end":{"line":262,"column":16}},{"start":{"line":262,"column":16},"end":{"line":262,"column":16}}]},"33":{"line":271,"type":"if","locations":[{"start":{"line":271,"column":12},"end":{"line":271,"column":12}},{"start":{"line":271,"column":12},"end":{"line":271,"column":12}}]},"34":{"line":271,"type":"cond-expr","locations":[{"start":{"line":271,"column":16},"end":{"line":271,"column":121}},{"start":{"line":271,"column":126},"end":{"line":271,"column":231}}]},"35":{"line":272,"type":"if","locations":[{"start":{"line":272,"column":16},"end":{"line":272,"column":16}},{"start":{"line":272,"column":16},"end":{"line":272,"column":16}}]},"36":{"line":281,"type":"if","locations":[{"start":{"line":281,"column":12},"end":{"line":281,"column":12}},{"start":{"line":281,"column":12},"end":{"line":281,"column":12}}]},"37":{"line":281,"type":"cond-expr","locations":[{"start":{"line":281,"column":69},"end":{"line":281,"column":118}},{"start":{"line":281,"column":123},"end":{"line":281,"column":172}}]},"38":{"line":286,"type":"if","locations":[{"start":{"line":286,"column":12},"end":{"line":286,"column":12}},{"start":{"line":286,"column":12},"end":{"line":286,"column":12}}]},"39":{"line":286,"type":"cond-expr","locations":[{"start":{"line":286,"column":69},"end":{"line":286,"column":90}},{"start":{"line":286,"column":95},"end":{"line":286,"column":116}}]},"40":{"line":286,"type":"cond-expr","locations":[{"start":{"line":286,"column":69},"end":{"line":286,"column":116}},{"start":{"line":286,"column":121},"end":{"line":286,"column":142}}]},"41":{"line":286,"type":"cond-expr","locations":[{"start":{"line":286,"column":69},"end":{"line":286,"column":142}},{"start":{"line":286,"column":147},"end":{"line":286,"column":168}}]},"42":{"line":287,"type":"if","locations":[{"start":{"line":287,"column":16},"end":{"line":287,"column":16}},{"start":{"line":287,"column":16},"end":{"line":287,"column":16}}]},"43":{"line":290,"type":"if","locations":[{"start":{"line":290,"column":23},"end":{"line":290,"column":23}},{"start":{"line":290,"column":23},"end":{"line":290,"column":23}}]},"44":{"line":293,"type":"if","locations":[{"start":{"line":293,"column":23},"end":{"line":293,"column":23}},{"start":{"line":293,"column":23},"end":{"line":293,"column":23}}]},"45":{"line":296,"type":"if","locations":[{"start":{"line":296,"column":23},"end":{"line":296,"column":23}},{"start":{"line":296,"column":23},"end":{"line":296,"column":23}}]},"46":{"line":302,"type":"if","locations":[{"start":{"line":302,"column":12},"end":{"line":302,"column":12}},{"start":{"line":302,"column":12},"end":{"line":302,"column":12}}]}}},
"src/libraries/GemLibrary.sol":{"l":{"38":0,"52":0,"53":0,"54":0,"56":0,"57":0,"59":0,"78":0,"79":0,"80":0,"99":0,"100":0},"path":"/Users/mehdiberiane/Documents/tokamak/gem-nft-contract/src/libraries/GemLibrary.sol","s":{"1":0,"2":0,"3":0,"4":0,"5":0,"6":0},"b":{},"f":{"1":0,"2":0,"3":0},"fnMap":{"1":{"name":"createGem","line":24,"loc":{"start":{"line":24,"column":4},"end":{"line":60,"column":4}}},"2":{"name":"burnGem","line":71,"loc":{"start":{"line":71,"column":4},"end":{"line":81,"column":4}}},"3":{"name":"burnGems","line":92,"loc":{"start":{"line":92,"column":4},"end":{"line":102,"column":4}}}},"statementMap":{"1":{"start":{"line":38,"column":8},"end":{"line":38,"column":1572}},"2":{"start":{"line":52,"column":8},"end":{"line":52,"column":24}},"3":{"start":{"line":53,"column":8},"end":{"line":53,"column":42}},"4":{"start":{"line":59,"column":8},"end":{"line":59,"column":23}},"5":{"start":{"line":99,"column":8},"end":{"line":99,"column":3889}},"6":{"start":{"line":100,"column":12},"end":{"line":100,"column":82}}},"branchMap":{}},
"src/libraries/MiningLibrary.sol":{"l":{"23":0,"24":0,"25":0,"26":0,"44":0,"45":0,"46":0},"path":"/Users/mehdiberiane/Documents/tokamak/gem-nft-contract/src/libraries/MiningLibrary.sol","s":{},"b":{},"f":{"1":0,"2":0},"fnMap":{"1":{"name":"startMining","line":16,"loc":{"start":{"line":16,"column":4},"end":{"line":27,"column":4}}},"2":{"name":"cancelMining","line":37,"loc":{"start":{"line":37,"column":4},"end":{"line":47,"column":4}}}},"statementMap":{},"branchMap":{}},
"src/proxy/Proxy.sol":{"l":{"20":0,"27":0,"33":0,"34":0,"35":0,"36":0,"45":0,"53":0,"61":0,"62":0,"64":0,"65":0,"69":0,"70":0,"80":0,"87":0,"94":0,"95":0,"97":0,"103":0,"108":0,"119":0,"124":0,"126":0,"131":0,"164":0,"165":0,"166":0,"176":0,"177":0,"185":0},"path":"/Users/mehdiberiane/Documents/tokamak/gem-nft-contract/src/proxy/Proxy.sol","s":{"1":0,"2":0,"3":0,"4":0,"5":0,"6":0,"7":0,"8":0,"9":0,"10":0,"11":0,"12":0,"13":0,"14":0,"15":0,"16":0,"17":0,"18":0,"19":0,"20":0,"21":0,"22":0,"23":0,"24":0,"25":0,"26":0,"27":0,"28":0},"b":{"1":[0,0],"2":[0,0],"3":[0,0],"4":[0,0],"5":[0,0],"6":[0,0],"7":[0,0],"8":[0,0],"9":[0,0],"10":[0,0],"11":[0,0],"12":[0,0],"13":[0,0],"14":[0,0],"15":[0,0]},"f":{"1":0,"2":0,"3":0,"4":0,"5":0,"6":0,"7":0,"8":0,"9":0,"10":0,"11":0,"12":0,"13":0,"14":0,"15":0},"fnMap":{"1":{"name":"constructor","line":19,"loc":{"start":{"line":19,"column":4},"end":{"line":21,"column":4}}},"2":{"name":"setProxyPause","line":26,"loc":{"start":{"line":26,"column":4},"end":{"line":28,"column":4}}},"3":{"name":"upgradeTo","line":32,"loc":{"start":{"line":32,"column":4},"end":{"line":37,"column":4}}},"4":{"name":"setImplementation2","line":44,"loc":{"start":{"line":40,"column":4},"end":{"line":46,"column":4}}},"5":{"name":"setAliveImplementation2","line":52,"loc":{"start":{"line":49,"column":4},"end":{"line":54,"column":4}}},"6":{"name":"setSelectorImplementations2","line":60,"loc":{"start":{"line":57,"column":4},"end":{"line":72,"column":4}}},"7":{"name":"implementation","line":79,"loc":{"start":{"line":79,"column":4},"end":{"line":81,"column":4}}},"8":{"name":"implementation2","line":84,"loc":{"start":{"line":84,"column":4},"end":{"line":88,"column":4}}},"9":{"name":"getSelectorImplementation2","line":91,"loc":{"start":{"line":91,"column":4},"end":{"line":99,"column":4}}},"10":{"name":null,"line":107,"loc":{"start":{"line":107,"column":4},"end":{"line":109,"column":4}}},"11":{"name":"_implementation2","line":116,"loc":{"start":{"line":116,"column":4},"end":{"line":120,"column":4}}},"12":{"name":"_fallback","line":123,"loc":{"start":{"line":123,"column":4},"end":{"line":153,"column":4}}},"13":{"name":"_setImplementation2","line":159,"loc":{"start":{"line":159,"column":4},"end":{"line":167,"column":4}}},"14":{"name":"_setAliveImplementation2","line":172,"loc":{"start":{"line":172,"column":4},"end":{"line":178,"column":4}}},"15":{"name":"isContract","line":180,"loc":{"start":{"line":180,"column":4},"end":{"line":186,"column":4}}}},"statementMap":{"1":{"start":{"line":20,"column":8},"end":{"line":20,"column":49}},"2":{"start":{"line":33,"column":8},"end":{"line":33,"column":51}},"3":{"start":{"line":34,"column":8},"end":{"line":34,"column":56}},"4":{"start":{"line":35,"column":8},"end":{"line":35,"column":41}},"5":{"start":{"line":36,"column":8},"end":{"line":36,"column":27}},"6":{"start":{"line":45,"column":8},"end":{"line":45,"column":61}},"7":{"start":{"line":53,"column":8},"end":{"line":53,"column":58}},"8":{"start":{"line":61,"column":8},"end":{"line":61,"column":73}},"9":{"start":{"line":62,"column":8},"end":{"line":62,"column":69}},"10":{"start":{"line":64,"column":8},"end":{"line":64,"column":1851}},"11":{"start":{"line":65,"column":12},"end":{"line":65,"column":1917}},"12":{"start":{"line":70,"column":12},"end":{"line":70,"column":63}},"13":{"start":{"line":80,"column":8},"end":{"line":80,"column":34}},"14":{"start":{"line":87,"column":8},"end":{"line":87,"column":39}},"15":{"start":{"line":94,"column":8},"end":{"line":94,"column":2797}},"16":{"start":{"line":95,"column":12},"end":{"line":95,"column":41}},"17":{"start":{"line":96,"column":13},"end":{"line":96,"column":2906}},"18":{"start":{"line":97,"column":12},"end":{"line":97,"column":52}},"19":{"start":{"line":98,"column":15},"end":{"line":98,"column":44}},"20":{"start":{"line":108,"column":8},"end":{"line":108,"column":18}},"21":{"start":{"line":119,"column":8},"end":{"line":119,"column":42}},"22":{"start":{"line":124,"column":8},"end":{"line":124,"column":59}},"23":{"start":{"line":126,"column":8},"end":{"line":126,"column":3792}},"24":{"start":{"line":164,"column":8},"end":{"line":164,"column":76}},"25":{"start":{"line":165,"column":8},"end":{"line":165,"column":67}},"26":{"start":{"line":166,"column":8},"end":{"line":166,"column":58}},"27":{"start":{"line":177,"column":8},"end":{"line":177,"column":62}},"28":{"start":{"line":185,"column":8},"end":{"line":185,"column":38}}},"branchMap":{"1":{"line":26,"type":"if","locations":[{"start":{"line":26,"column":58},"end":{"line":26,"column":58}},{"start":{"line":26,"column":58},"end":{"line":26,"column":58}}]},"2":{"line":32,"type":"if","locations":[{"start":{"line":32,"column":46},"end":{"line":32,"column":46}},{"start":{"line":32,"column":46},"end":{"line":32,"column":46}}]},"3":{"line":33,"type":"if","locations":[{"start":{"line":33,"column":8},"end":{"line":33,"column":8}},{"start":{"line":33,"column":8},"end":{"line":33,"column":8}}]},"4":{"line":34,"type":"if","locations":[{"start":{"line":34,"column":8},"end":{"line":34,"column":8}},{"start":{"line":34,"column":8},"end":{"line":34,"column":8}}]},"5":{"line":44,"type":"if","locations":[{"start":{"line":44,"column":24},"end":{"line":44,"column":24}},{"start":{"line":44,"column":24},"end":{"line":44,"column":24}}]},"6":{"line":52,"type":"if","locations":[{"start":{"line":52,"column":22},"end":{"line":52,"column":22}},{"start":{"line":52,"column":22},"end":{"line":52,"column":22}}]},"7":{"line":60,"type":"if","locations":[{"start":{"line":60,"column":22},"end":{"line":60,"column":22}},{"start":{"line":60,"column":22},"end":{"line":60,"column":22}}]},"8":{"line":61,"type":"if","locations":[{"start":{"line":61,"column":8},"end":{"line":61,"column":8}},{"start":{"line":61,"column":8},"end":{"line":61,"column":8}}]},"9":{"line":62,"type":"if","locations":[{"start":{"line":62,"column":8},"end":{"line":62,"column":8}},{"start":{"line":62,"column":8},"end":{"line":62,"column":8}}]},"10":{"line":65,"type":"if","locations":[{"start":{"line":65,"column":12},"end":{"line":65,"column":12}},{"start":{"line":65,"column":12},"end":{"line":65,"column":12}}]},"11":{"line":94,"type":"if","locations":[{"start":{"line":94,"column":8},"end":{"line":94,"column":8}},{"start":{"line":94,"column":8},"end":{"line":94,"column":8}}]},"12":{"line":96,"type":"if","locations":[{"start":{"line":96,"column":13},"end":{"line":96,"column":13}},{"start":{"line":96,"column":13},"end":{"line":96,"column":13}}]},"13":{"line":126,"type":"if","locations":[{"start":{"line":126,"column":8},"end":{"line":126,"column":8}},{"start":{"line":126,"column":8},"end":{"line":126,"column":8}}]},"14":{"line":164,"type":"if","locations":[{"start":{"line":164,"column":8},"end":{"line":164,"column":8}},{"start":{"line":164,"column":8},"end":{"line":164,"column":8}}]},"15":{"line":165,"type":"if","locations":[{"start":{"line":165,"column":8},"end":{"line":165,"column":8}},{"start":{"line":165,"column":8},"end":{"line":165,"column":8}}]}}},
"src/proxy/ProxyStorage.sol":{"l":{},"path":"/Users/mehdiberiane/Documents/tokamak/gem-nft-contract/src/proxy/ProxyStorage.sol","s":{},"b":{},"f":{},"fnMap":{},"statementMap":{},"branchMap":{}}}
