TN:
SF:/Users/mehdiberiane/Documents/tokamak/gem-nft-contract/src/common/AuthControl.sol
FN:13,onlyAdmin
FN:18,onlyOwner
FN:23,onlyPauser
FN:31,onlyOwnerOrAdmin
FN:41,addAdmin
FN:45,addPauser
FN:51,removeAdmin
FN:55,removePauser
FN:61,transferAdmin
FN:74,transferOwnership
FN:78,renounceOwnership
FN:85,isAdmin
FN:89,isOwner
FN:93,supportsInterface
FNF:14
FNH:0
FNDA:0,onlyAdmin
FNDA:0,onlyOwner
FNDA:0,onlyPauser
FNDA:0,onlyOwnerOrAdmin
FNDA:0,addAdmin
FNDA:0,addPauser
FNDA:0,removeAdmin
FNDA:0,removePauser
FNDA:0,transferAdmin
FNDA:0,transferOwnership
FNDA:0,renounceOwnership
FNDA:0,isAdmin
FNDA:0,isOwner
FNDA:0,supportsInterface
DA:14,0
DA:15,0
DA:19,0
DA:20,0
DA:24,0
DA:28,0
DA:32,0
DA:36,0
DA:42,0
DA:46,0
DA:52,0
DA:56,0
DA:62,0
DA:63,0
DA:66,0
DA:67,0
DA:70,0
DA:71,0
DA:75,0
DA:79,0
DA:86,0
DA:90,0
DA:96,0
LF:23
LH:0
BRDA:14,1,0,0
BRDA:14,1,1,0
BRDA:19,2,0,0
BRDA:19,2,1,0
BRDA:24,3,0,0
BRDA:24,3,1,0
BRDA:32,4,0,0
BRDA:32,4,1,0
BRDA:33,5,0,0
BRDA:33,5,1,0
BRDA:41,6,0,0
BRDA:41,6,1,0
BRDA:45,7,0,0
BRDA:45,7,1,0
BRDA:51,8,0,0
BRDA:51,8,1,0
BRDA:55,9,0,0
BRDA:55,9,1,0
BRDA:61,10,0,0
BRDA:61,10,1,0
BRDA:62,11,0,0
BRDA:62,11,1,0
BRDA:66,12,0,0
BRDA:66,12,1,0
BRDA:74,13,0,0
BRDA:74,13,1,0
BRDA:78,14,0,0
BRDA:78,14,1,0
BRF:28
BRH:0
end_of_record
TN:
SF:/Users/mehdiberiane/Documents/tokamak/gem-nft-contract/src/common/AuthRole.sol
FNF:0
FNH:0
LF:0
LH:0
BRF:0
BRH:0
end_of_record
TN:
SF:/Users/mehdiberiane/Documents/tokamak/gem-nft-contract/src/interfaces/ICRRRNGCoordinator.sol
FNF:0
FNH:0
LF:0
LH:0
BRF:0
BRH:0
end_of_record
TN:
SF:/Users/mehdiberiane/Documents/tokamak/gem-nft-contract/src/interfaces/IDepositManager.sol
FNF:0
FNH:0
LF:0
LH:0
BRF:0
BRH:0
end_of_record
TN:
SF:/Users/mehdiberiane/Documents/tokamak/gem-nft-contract/src/interfaces/IDRBCoordinator.sol
FNF:0
FNH:0
LF:0
LH:0
BRF:0
BRH:0
end_of_record
TN:
SF:/Users/mehdiberiane/Documents/tokamak/gem-nft-contract/src/interfaces/IGemFactory.sol
FNF:0
FNH:0
LF:0
LH:0
BRF:0
BRH:0
end_of_record
TN:
SF:/Users/mehdiberiane/Documents/tokamak/gem-nft-contract/src/interfaces/IL1StandardBridge.sol
FNF:0
FNH:0
LF:0
LH:0
BRF:0
BRH:0
end_of_record
TN:
SF:/Users/mehdiberiane/Documents/tokamak/gem-nft-contract/src/interfaces/IL2StandardERC20.sol
FNF:0
FNH:0
LF:0
LH:0
BRF:0
BRH:0
end_of_record
TN:
SF:/Users/mehdiberiane/Documents/tokamak/gem-nft-contract/src/interfaces/IMockL2WSTON.sol
FNF:0
FNH:0
LF:0
LH:0
BRF:0
BRH:0
end_of_record
TN:
SF:/Users/mehdiberiane/Documents/tokamak/gem-nft-contract/src/interfaces/IProxyAction.sol
FNF:0
FNH:0
LF:0
LH:0
BRF:0
BRH:0
end_of_record
TN:
SF:/Users/mehdiberiane/Documents/tokamak/gem-nft-contract/src/interfaces/IProxyEvent.sol
FNF:0
FNH:0
LF:0
LH:0
BRF:0
BRH:0
end_of_record
TN:
SF:/Users/mehdiberiane/Documents/tokamak/gem-nft-contract/src/interfaces/ISeigManager.sol
FNF:0
FNH:0
LF:0
LH:0
BRF:0
BRH:0
end_of_record
TN:
SF:/Users/mehdiberiane/Documents/tokamak/gem-nft-contract/src/L1/L1WrappedStakedTON.sol
FN:30,whenNotPaused
FN:35,whenPaused
FN:40,constructor
FN:64,initialize
FN:79,decimals
FN:87,pause
FN:96,unpause
FN:108,onApprove
FN:133,_decodeDepositAndGetWSTONOnApproveData
FN:151,depositWTONAndGetWSTON
FN:166,depositWTONAndGetWSTONTo
FN:188,_depositAndGetWSTONTo
FN:261,requestWithdrawal
FN:272,_requestWithdrawal
FN:306,claimWithdrawalTotal
FN:310,_claimWithdrawalTotal
FN:344,claimWithdrawalIndex
FN:348,_claimWithdrawalIndex
FN:379,updateSeigniorage
FN:383,updateStakingIndex
FN:399,addUser
FN:406,getDepositWstonAmount
FN:412,setDepositManagerAddress
FN:416,setSeigManagerAddress
FN:420,stakeOf
FN:424,totalSupply
FN:428,getTotalWSTONSupply
FN:430,getLastWithdrawalRequest
FN:436,getWithdrawalRequest
FN:447,getTotalClaimableAmountByUser
FN:464,getDepositManager
FN:468,getSeigManager
FN:472,getStakingIndex
FNF:33
FNH:0
FNDA:0,whenNotPaused
FNDA:0,whenPaused
FNDA:0,constructor
FNDA:0,initialize
FNDA:0,decimals
FNDA:0,pause
FNDA:0,unpause
FNDA:0,onApprove
FNDA:0,_decodeDepositAndGetWSTONOnApproveData
FNDA:0,depositWTONAndGetWSTON
FNDA:0,depositWTONAndGetWSTONTo
FNDA:0,_depositAndGetWSTONTo
FNDA:0,requestWithdrawal
FNDA:0,_requestWithdrawal
FNDA:0,claimWithdrawalTotal
FNDA:0,_claimWithdrawalTotal
FNDA:0,claimWithdrawalIndex
FNDA:0,_claimWithdrawalIndex
FNDA:0,updateSeigniorage
FNDA:0,updateStakingIndex
FNDA:0,addUser
FNDA:0,getDepositWstonAmount
FNDA:0,setDepositManagerAddress
FNDA:0,setSeigManagerAddress
FNDA:0,stakeOf
FNDA:0,totalSupply
FNDA:0,getTotalWSTONSupply
FNDA:0,getLastWithdrawalRequest
FNDA:0,getWithdrawalRequest
FNDA:0,getTotalClaimableAmountByUser
FNDA:0,getDepositManager
FNDA:0,getSeigManager
FNDA:0,getStakingIndex
DA:31,0
DA:32,0
DA:36,0
DA:37,0
DA:41,0
DA:65,0
DA:66,0
DA:67,0
DA:68,0
DA:69,0
DA:70,0
DA:71,0
DA:72,0
DA:80,0
DA:88,0
DA:89,0
DA:97,0
DA:98,0
DA:113,0
DA:115,0
DA:116,0
DA:117,0
DA:118,0
DA:120,0
DA:121,0
DA:124,0
DA:134,0
DA:135,0
DA:152,0
DA:153,0
DA:167,0
DA:168,0
DA:195,0
DA:198,0
DA:199,0
DA:203,0
DA:204,0
DA:205,0
DA:207,0
DA:210,0
DA:211,0
DA:213,0
DA:215,0
DA:217,0
DA:220,0
DA:221,0
DA:225,0
DA:229,0
DA:230,0
DA:235,0
DA:238,0
DA:239,0
DA:243,0
DA:244,0
DA:247,0
DA:250,0
DA:252,0
DA:254,0
DA:262,0
DA:263,0
DA:273,0
DA:274,0
DA:278,0
DA:279,0
DA:281,0
DA:282,0
DA:284,0
DA:289,0
DA:295,0
DA:296,0
DA:300,0
DA:302,0
DA:303,0
DA:307,0
DA:311,0
DA:312,0
DA:315,0
DA:316,0
DA:319,0
DA:320,0
DA:321,0
DA:326,0
DA:327,0
DA:331,0
DA:332,0
DA:333,0
DA:334,0
DA:336,0
DA:337,0
DA:340,0
DA:341,0
DA:345,0
DA:349,0
DA:350,0
DA:353,0
DA:354,0
DA:355,0
DA:357,0
DA:358,0
DA:361,0
DA:363,0
DA:365,0
DA:366,0
DA:367,0
DA:368,0
DA:370,0
DA:371,0
DA:372,0
DA:375,0
DA:376,0
DA:380,0
DA:384,0
DA:385,0
DA:387,0
DA:389,0
DA:391,0
DA:394,0
DA:395,0
DA:396,0
DA:400,0
DA:401,0
DA:402,0
DA:407,0
DA:408,0
DA:413,0
DA:417,0
DA:421,0
DA:425,0
DA:431,0
DA:432,0
DA:433,0
DA:437,0
DA:438,0
DA:448,0
DA:449,0
DA:452,0
DA:453,0
DA:456,0
DA:457,0
DA:461,0
DA:465,0
DA:469,0
DA:473,0
LF:143
LH:0
BRDA:31,1,0,0
BRDA:31,1,1,0
BRDA:36,2,0,0
BRDA:36,2,1,0
BRDA:64,3,0,0
BRDA:64,3,1,0
BRDA:87,4,0,0
BRDA:87,4,1,0
BRDA:87,5,0,0
BRDA:87,5,1,0
BRDA:96,6,0,0
BRDA:96,6,1,0
BRDA:96,7,0,0
BRDA:96,7,1,0
BRDA:113,8,0,0
BRDA:113,8,1,0
BRDA:113,9,0,0
BRDA:113,9,1,0
BRDA:116,10,0,0
BRDA:116,10,1,0
BRDA:117,11,0,0
BRDA:117,11,1,0
BRDA:118,12,0,0
BRDA:118,12,1,0
BRDA:120,13,0,0
BRDA:120,13,1,0
BRDA:121,14,0,0
BRDA:121,14,1,0
BRDA:134,15,0,0
BRDA:134,15,1,0
BRDA:151,16,0,0
BRDA:151,16,1,0
BRDA:151,17,0,0
BRDA:151,17,1,0
BRDA:152,18,0,0
BRDA:152,18,1,0
BRDA:166,19,0,0
BRDA:166,19,1,0
BRDA:166,20,0,0
BRDA:166,20,1,0
BRDA:167,21,0,0
BRDA:167,21,1,0
BRDA:198,22,0,0
BRDA:198,22,1,0
BRDA:203,23,0,0
BRDA:203,23,1,0
BRDA:204,24,0,0
BRDA:204,24,1,0
BRDA:215,25,0,0
BRDA:215,25,1,0
BRDA:220,26,0,0
BRDA:220,26,1,0
BRDA:225,27,0,0
BRDA:225,27,1,0
BRDA:239,28,0,0
BRDA:239,28,1,0
BRDA:261,29,0,0
BRDA:261,29,1,0
BRDA:263,30,0,0
BRDA:263,30,1,0
BRDA:273,31,0,0
BRDA:273,31,1,0
BRDA:284,32,0,0
BRDA:284,32,1,0
BRDA:306,33,0,0
BRDA:306,33,1,0
BRDA:307,34,0,0
BRDA:307,34,1,0
BRDA:319,35,0,0
BRDA:319,35,1,0
BRDA:326,36,0,0
BRDA:326,36,1,0
BRDA:331,37,0,0
BRDA:331,37,1,0
BRDA:332,38,0,0
BRDA:332,38,1,0
BRDA:336,39,0,0
BRDA:336,39,1,0
BRDA:344,40,0,0
BRDA:344,40,1,0
BRDA:345,41,0,0
BRDA:345,41,1,0
BRDA:348,42,0,0
BRDA:348,42,1,0
BRDA:349,43,0,0
BRDA:349,43,1,0
BRDA:354,44,0,0
BRDA:354,44,1,0
BRDA:357,45,0,0
BRDA:357,45,1,0
BRDA:365,46,0,0
BRDA:365,46,1,0
BRDA:367,47,0,0
BRDA:367,47,1,0
BRDA:371,48,0,0
BRDA:371,48,1,0
BRDA:387,49,0,0
BRDA:387,49,1,0
BRDA:400,50,0,0
BRDA:400,50,1,0
BRDA:412,51,0,0
BRDA:412,51,1,0
BRDA:416,52,0,0
BRDA:416,52,1,0
BRDA:456,53,0,0
BRDA:456,53,1,0
BRF:106
BRH:0
end_of_record
TN:
SF:/Users/mehdiberiane/Documents/tokamak/gem-nft-contract/src/L1/L1WrappedStakedTONFactory.sol
FN:12,nonZeroAddress
FN:22,initialize
FN:51,createWSTONToken
FN:80,setWstonImplementation
FN:90,upgradeWstonTo
FNF:5
FNH:0
FNDA:0,nonZeroAddress
FNDA:0,initialize
FNDA:0,createWSTONToken
FNDA:0,setWstonImplementation
FNDA:0,upgradeWstonTo
DA:13,0
DA:14,0
DA:23,0
DA:24,0
DA:26,0
DA:27,0
DA:28,0
DA:29,0
DA:55,0
DA:57,0
DA:58,0
DA:59,0
DA:71,0
DA:73,0
DA:81,0
DA:91,0
DA:92,0
DA:94,0
DA:95,0
LF:19
LH:0
BRDA:13,1,0,0
BRDA:13,1,1,0
BRDA:23,2,0,0
BRDA:23,2,1,0
BRDA:48,3,0,0
BRDA:48,3,1,0
BRDA:49,4,0,0
BRDA:49,4,1,0
BRDA:50,5,0,0
BRDA:50,5,1,0
BRDA:51,6,0,0
BRDA:51,6,1,0
BRDA:80,7,0,0
BRDA:80,7,1,0
BRDA:91,8,0,0
BRDA:91,8,1,0
BRF:16
BRH:0
end_of_record
TN:
SF:/Users/mehdiberiane/Documents/tokamak/gem-nft-contract/src/L1/L1WrappedStakedTONFactoryProxy.sol
FNF:0
FNH:0
LF:0
LH:0
BRF:0
BRH:0
end_of_record
TN:
SF:/Users/mehdiberiane/Documents/tokamak/gem-nft-contract/src/L1/L1WrappedStakedTONFactoryStorage.sol
FNF:0
FNH:0
LF:0
LH:0
BRF:0
BRH:0
end_of_record
TN:
SF:/Users/mehdiberiane/Documents/tokamak/gem-nft-contract/src/L1/L1WrappedStakedTONProxy.sol
FNF:0
FNH:0
LF:0
LH:0
BRF:0
BRH:0
end_of_record
TN:
SF:/Users/mehdiberiane/Documents/tokamak/gem-nft-contract/src/L1/L1WrappedStakedTONStorage.sol
FNF:0
FNH:0
LF:0
LH:0
BRF:0
BRH:0
end_of_record
TN:
SF:/Users/mehdiberiane/Documents/tokamak/gem-nft-contract/src/L1/Mock/Candidate.sol
FN:34,onlyCandidate
FN:44,supportsInterface
FN:53,initialize
FN:74,setSeigManager
FN:81,setCommittee
FN:88,setMemo
FN:95,updateSeigniorage
FN:107,changeMember
FN:115,retireMember
FN:129,castVote
FN:136,claimActivityReward
FN:151,isCandidateContract
FN:155,isCandidateFwContract
FN:159,operator
FN:160,isLayer2
FN:161,currentFork
FN:162,lastEpoch
FN:163,changeOperator
FN:167,totalStaked
FN:179,stakedOf
FN:190,_getCoinageToken
FNF:21
FNH:0
FNDA:0,onlyCandidate
FNDA:0,supportsInterface
FNDA:0,initialize
FNDA:0,setSeigManager
FNDA:0,setCommittee
FNDA:0,setMemo
FNDA:0,updateSeigniorage
FNDA:0,changeMember
FNDA:0,retireMember
FNDA:0,castVote
FNDA:0,claimActivityReward
FNDA:0,isCandidateContract
FNDA:0,isCandidateFwContract
FNDA:0,operator
FNDA:0,isLayer2
FNDA:0,currentFork
FNDA:0,lastEpoch
FNDA:0,changeOperator
FNDA:0,totalStaked
FNDA:0,stakedOf
FNDA:0,_getCoinageToken
DA:35,0
DA:36,0
DA:37,0
DA:39,0
DA:41,0
DA:45,0
DA:60,0
DA:66,0
DA:67,0
DA:68,0
DA:69,0
DA:70,0
DA:75,0
DA:76,0
DA:82,0
DA:83,0
DA:89,0
DA:96,0
DA:98,0
DA:99,0
DA:110,0
DA:116,0
DA:131,0
DA:138,0
DA:140,0
DA:141,0
DA:142,0
DA:144,0
DA:146,0
DA:152,0
DA:156,0
DA:172,0
DA:173,0
DA:186,0
DA:187,0
DA:191,0
DA:192,0
DA:193,0
DA:195,0
DA:198,0
DA:200,0
LF:41
LH:0
BRDA:35,1,0,0
BRDA:35,1,1,0
BRDA:37,2,0,0
BRDA:37,2,1,0
BRDA:39,3,0,0
BRDA:39,3,1,0
BRDA:45,4,0,0
BRDA:45,4,1,0
BRDA:60,5,0,0
BRDA:60,5,1,0
BRDA:61,6,0,0
BRDA:61,6,1,0
BRDA:61,7,0,0
BRDA:61,7,1,0
BRDA:74,8,0,0
BRDA:74,8,1,0
BRDA:75,9,0,0
BRDA:75,9,1,0
BRDA:81,10,0,0
BRDA:81,10,1,0
BRDA:82,11,0,0
BRDA:82,11,1,0
BRDA:88,12,0,0
BRDA:88,12,1,0
BRDA:96,13,0,0
BRDA:96,13,1,0
BRDA:98,14,0,0
BRDA:98,14,1,0
BRDA:107,15,0,0
BRDA:107,15,1,0
BRDA:115,16,0,0
BRDA:115,16,1,0
BRDA:129,17,0,0
BRDA:129,17,1,0
BRDA:136,18,0,0
BRDA:136,18,1,0
BRDA:140,19,0,0
BRDA:140,19,1,0
BRDA:192,20,0,0
BRDA:192,20,1,0
BRDA:198,21,0,0
BRDA:198,21,1,0
BRF:42
BRH:0
end_of_record
TN:
SF:/Users/mehdiberiane/Documents/tokamak/gem-nft-contract/src/L1/Mock/CandidateStorage.sol
FNF:0
FNH:0
LF:0
LH:0
BRF:0
BRH:0
end_of_record
TN:
SF:/Users/mehdiberiane/Documents/tokamak/gem-nft-contract/src/L1/Mock/CoinageFactory.sol
FN:25,constructor
FN:27,setAutoCoinageLogic
FN:31,deploy
FNF:3
FNH:0
FNDA:0,constructor
FNDA:0,setAutoCoinageLogic
FNDA:0,deploy
DA:28,0
DA:32,0
DA:35,0
DA:42,0
LF:4
LH:0
BRDA:27,1,0,0
BRDA:27,1,1,0
BRF:2
BRH:0
end_of_record
TN:
SF:/Users/mehdiberiane/Documents/tokamak/gem-nft-contract/src/L1/Mock/common/AccessibleCommon.sol
FN:9,onlyOwner
FN:16,addAdmin
FN:22,removeAdmin
FN:28,transferAdmin
FN:36,transferOwnership
FN:40,renounceOwnership
FN:46,isAdmin
FN:50,isOwner
FN:54,supportsInterface
FNF:9
FNH:0
FNDA:0,onlyOwner
FNDA:0,addAdmin
FNDA:0,removeAdmin
FNDA:0,transferAdmin
FNDA:0,transferOwnership
FNDA:0,renounceOwnership
FNDA:0,isAdmin
FNDA:0,isOwner
FNDA:0,supportsInterface
DA:10,0
DA:11,0
DA:17,0
DA:23,0
DA:29,0
DA:30,0
DA:32,0
DA:33,0
DA:37,0
DA:41,0
DA:47,0
DA:51,0
DA:55,0
LF:13
LH:0
BRDA:10,1,0,0
BRDA:10,1,1,0
BRDA:16,2,0,0
BRDA:16,2,1,0
BRDA:22,3,0,0
BRDA:22,3,1,0
BRDA:28,4,0,0
BRDA:28,4,1,0
BRDA:29,5,0,0
BRDA:29,5,1,0
BRDA:30,6,0,0
BRDA:30,6,1,0
BRDA:36,7,0,0
BRDA:36,7,1,0
BRDA:40,8,0,0
BRDA:40,8,1,0
BRF:16
BRH:0
end_of_record
TN:
SF:/Users/mehdiberiane/Documents/tokamak/gem-nft-contract/src/L1/Mock/common/AccessRoleCommon.sol
FNF:0
FNH:0
LF:0
LH:0
BRF:0
BRH:0
end_of_record
TN:
SF:/Users/mehdiberiane/Documents/tokamak/gem-nft-contract/src/L1/Mock/common/AuthControlCoinage.sol
FN:9,onlyOwner
FN:14,onlyMinter
FN:19,onlyOperator
FN:27,addAdmin
FN:31,addMinter
FN:35,addOperator
FN:41,removeAdmin
FN:45,removeMinter
FN:49,removeOperator
FN:55,transferAdmin
FN:63,transferOwnership
FN:67,renounceOwnership
FN:71,renounceMinter
FN:75,renounceOperator
FN:79,revokeMinter
FN:83,revokeOperator
FN:89,isAdmin
FN:93,isOwner
FN:97,isMinter
FN:101,isOperator
FN:105,supportsInterface
FNF:21
FNH:0
FNDA:0,onlyOwner
FNDA:0,onlyMinter
FNDA:0,onlyOperator
FNDA:0,addAdmin
FNDA:0,addMinter
FNDA:0,addOperator
FNDA:0,removeAdmin
FNDA:0,removeMinter
FNDA:0,removeOperator
FNDA:0,transferAdmin
FNDA:0,transferOwnership
FNDA:0,renounceOwnership
FNDA:0,renounceMinter
FNDA:0,renounceOperator
FNDA:0,revokeMinter
FNDA:0,revokeOperator
FNDA:0,isAdmin
FNDA:0,isOwner
FNDA:0,isMinter
FNDA:0,isOperator
FNDA:0,supportsInterface
DA:10,0
DA:11,0
DA:15,0
DA:16,0
DA:20,0
DA:21,0
DA:28,0
DA:32,0
DA:36,0
DA:42,0
DA:46,0
DA:50,0
DA:56,0
DA:57,0
DA:59,0
DA:60,0
DA:64,0
DA:68,0
DA:72,0
DA:76,0
DA:80,0
DA:84,0
DA:90,0
DA:94,0
DA:98,0
DA:102,0
DA:106,0
LF:27
LH:0
BRDA:10,1,0,0
BRDA:10,1,1,0
BRDA:15,2,0,0
BRDA:15,2,1,0
BRDA:20,3,0,0
BRDA:20,3,1,0
BRDA:27,4,0,0
BRDA:27,4,1,0
BRDA:31,5,0,0
BRDA:31,5,1,0
BRDA:35,6,0,0
BRDA:35,6,1,0
BRDA:41,7,0,0
BRDA:41,7,1,0
BRDA:45,8,0,0
BRDA:45,8,1,0
BRDA:49,9,0,0
BRDA:49,9,1,0
BRDA:55,10,0,0
BRDA:55,10,1,0
BRDA:56,11,0,0
BRDA:56,11,1,0
BRDA:57,12,0,0
BRDA:57,12,1,0
BRDA:63,13,0,0
BRDA:63,13,1,0
BRDA:67,14,0,0
BRDA:67,14,1,0
BRDA:79,15,0,0
BRDA:79,15,1,0
BRDA:83,16,0,0
BRDA:83,16,1,0
BRF:32
BRH:0
end_of_record
TN:
SF:/Users/mehdiberiane/Documents/tokamak/gem-nft-contract/src/L1/Mock/common/AuthControlSeigManager.sol
FN:9,onlyOwner
FN:14,onlyMinter
FN:19,onlyOperator
FN:24,onlyChallenger
FN:29,onlyPauser
FN:34,onlyMinterOrAdmin
FN:41,addAdmin
FN:45,addMinter
FN:49,addOperator
FN:53,addChallenger
FN:59,removeAdmin
FN:63,removeMinter
FN:67,removeChallenger
FN:71,removeOperator
FN:76,transferAdmin
FN:84,transferOwnership
FN:88,renounceOwnership
FN:92,renounceMinter
FN:96,renounceOperator
FN:100,renounceChallenger
FN:104,revokeMinter
FN:108,revokeOperator
FN:112,revokeChallenger
FN:118,isAdmin
FN:122,isOwner
FN:126,isMinter
FN:130,isOperator
FN:134,isChallenger
FN:138,supportsInterface
FNF:29
FNH:0
FNDA:0,onlyOwner
FNDA:0,onlyMinter
FNDA:0,onlyOperator
FNDA:0,onlyChallenger
FNDA:0,onlyPauser
FNDA:0,onlyMinterOrAdmin
FNDA:0,addAdmin
FNDA:0,addMinter
FNDA:0,addOperator
FNDA:0,addChallenger
FNDA:0,removeAdmin
FNDA:0,removeMinter
FNDA:0,removeChallenger
FNDA:0,removeOperator
FNDA:0,transferAdmin
FNDA:0,transferOwnership
FNDA:0,renounceOwnership
FNDA:0,renounceMinter
FNDA:0,renounceOperator
FNDA:0,renounceChallenger
FNDA:0,revokeMinter
FNDA:0,revokeOperator
FNDA:0,revokeChallenger
FNDA:0,isAdmin
FNDA:0,isOwner
FNDA:0,isMinter
FNDA:0,isOperator
FNDA:0,isChallenger
FNDA:0,supportsInterface
DA:10,0
DA:11,0
DA:15,0
DA:16,0
DA:20,0
DA:21,0
DA:25,0
DA:26,0
DA:30,0
DA:31,0
DA:35,0
DA:36,0
DA:42,0
DA:46,0
DA:50,0
DA:54,0
DA:60,0
DA:64,0
DA:68,0
DA:72,0
DA:77,0
DA:78,0
DA:80,0
DA:81,0
DA:85,0
DA:89,0
DA:93,0
DA:97,0
DA:101,0
DA:105,0
DA:109,0
DA:113,0
DA:119,0
DA:123,0
DA:127,0
DA:131,0
DA:135,0
DA:139,0
LF:38
LH:0
BRDA:10,1,0,0
BRDA:10,1,1,0
BRDA:15,2,0,0
BRDA:15,2,1,0
BRDA:20,3,0,0
BRDA:20,3,1,0
BRDA:25,4,0,0
BRDA:25,4,1,0
BRDA:30,5,0,0
BRDA:30,5,1,0
BRDA:35,6,0,0
BRDA:35,6,1,0
BRDA:35,7,0,0
BRDA:35,7,1,0
BRDA:41,8,0,0
BRDA:41,8,1,0
BRDA:45,9,0,0
BRDA:45,9,1,0
BRDA:49,10,0,0
BRDA:49,10,1,0
BRDA:53,11,0,0
BRDA:53,11,1,0
BRDA:59,12,0,0
BRDA:59,12,1,0
BRDA:63,13,0,0
BRDA:63,13,1,0
BRDA:67,14,0,0
BRDA:67,14,1,0
BRDA:71,15,0,0
BRDA:71,15,1,0
BRDA:76,16,0,0
BRDA:76,16,1,0
BRDA:77,17,0,0
BRDA:77,17,1,0
BRDA:78,18,0,0
BRDA:78,18,1,0
BRDA:84,19,0,0
BRDA:84,19,1,0
BRDA:88,20,0,0
BRDA:88,20,1,0
BRDA:104,21,0,0
BRDA:104,21,1,0
BRDA:108,22,0,0
BRDA:108,22,1,0
BRDA:112,23,0,0
BRDA:112,23,1,0
BRF:46
BRH:0
end_of_record
TN:
SF:/Users/mehdiberiane/Documents/tokamak/gem-nft-contract/src/L1/Mock/common/AuthRoleCoinage.sol
FNF:0
FNH:0
LF:0
LH:0
BRF:0
BRH:0
end_of_record
TN:
SF:/Users/mehdiberiane/Documents/tokamak/gem-nft-contract/src/L1/Mock/common/AuthRoleSeigManager.sol
FNF:0
FNH:0
LF:0
LH:0
BRF:0
BRH:0
end_of_record
TN:
SF:/Users/mehdiberiane/Documents/tokamak/gem-nft-contract/src/L1/Mock/DepositManager.sol
FN:40,onlyLayer2
FN:45,onlySeigManager
FN:58,initialize
FN:76,setSeigManager
FN:84,onApprove
FN:98,_decodeDepositManagerOnApproveData
FN:116,deposit
FN:121,deposit
FN:126,deposit
FN:137,_deposit
FN:160,redeposit
FN:166,redepositMulti
FN:172,_redeposit
FN:214,slash
FN:222,setGlobalWithdrawalDelay
FN:226,setWithdrawalDelay
FN:235,requestWithdrawal
FN:239,_requestWithdrawal
FN:259,processRequest
FN:263,_processRequest
FN:294,requestWithdrawalAll
FN:299,processRequests
FN:306,numRequests
FN:310,numPendingRequests
FN:319,_isOperator
FN:323,getDelayBlocks
FN:332,wton
FN:333,registry
FN:334,seigManager
FN:336,accStaked
FN:337,accStakedLayer2
FN:338,accStakedAccount
FN:340,pendingUnstaked
FN:341,pendingUnstakedLayer2
FN:342,pendingUnstakedAccount
FN:344,accUnstaked
FN:345,accUnstakedLayer2
FN:346,accUnstakedAccount
FN:348,withdrawalRequestIndex
FN:349,withdrawalRequest
FNF:40
FNH:0
FNDA:0,onlyLayer2
FNDA:0,onlySeigManager
FNDA:0,initialize
FNDA:0,setSeigManager
FNDA:0,onApprove
FNDA:0,_decodeDepositManagerOnApproveData
FNDA:0,deposit
FNDA:0,deposit
FNDA:0,deposit
FNDA:0,_deposit
FNDA:0,redeposit
FNDA:0,redepositMulti
FNDA:0,_redeposit
FNDA:0,slash
FNDA:0,setGlobalWithdrawalDelay
FNDA:0,setWithdrawalDelay
FNDA:0,requestWithdrawal
FNDA:0,_requestWithdrawal
FNDA:0,processRequest
FNDA:0,_processRequest
FNDA:0,requestWithdrawalAll
FNDA:0,processRequests
FNDA:0,numRequests
FNDA:0,numPendingRequests
FNDA:0,_isOperator
FNDA:0,getDelayBlocks
FNDA:0,wton
FNDA:0,registry
FNDA:0,seigManager
FNDA:0,accStaked
FNDA:0,accStakedLayer2
FNDA:0,accStakedAccount
FNDA:0,pendingUnstaked
FNDA:0,pendingUnstakedLayer2
FNDA:0,pendingUnstakedAccount
FNDA:0,accUnstaked
FNDA:0,accUnstakedLayer2
FNDA:0,accUnstakedAccount
FNDA:0,withdrawalRequestIndex
FNDA:0,withdrawalRequest
DA:41,0
DA:42,0
DA:46,0
DA:47,0
DA:64,0
DA:66,0
DA:67,0
DA:68,0
DA:69,0
DA:77,0
DA:90,0
DA:92,0
DA:93,0
DA:95,0
DA:101,0
DA:103,0
DA:117,0
DA:118,0
DA:122,0
DA:123,0
DA:127,0
DA:128,0
DA:130,0
DA:131,0
DA:134,0
DA:138,0
DA:139,0
DA:140,0
DA:141,0
DA:143,0
DA:145,0
DA:147,0
DA:149,0
DA:161,0
DA:162,0
DA:163,0
DA:167,0
DA:168,0
DA:169,0
DA:173,0
DA:175,0
DA:176,0
DA:178,0
DA:179,0
DA:180,0
DA:181,0
DA:183,0
DA:184,0
DA:186,0
DA:187,0
DA:192,0
DA:193,0
DA:194,0
DA:197,0
DA:198,0
DA:199,0
DA:201,0
DA:203,0
DA:205,0
DA:207,0
DA:223,0
DA:227,0
DA:228,0
DA:236,0
DA:240,0
DA:242,0
DA:248,0
DA:249,0
DA:250,0
DA:252,0
DA:254,0
DA:256,0
DA:260,0
DA:264,0
DA:265,0
DA:267,0
DA:269,0
DA:270,0
DA:272,0
DA:274,0
DA:276,0
DA:277,0
DA:278,0
DA:280,0
DA:281,0
DA:282,0
DA:284,0
DA:285,0
DA:287,0
DA:290,0
DA:291,0
DA:295,0
DA:296,0
DA:300,0
DA:301,0
DA:303,0
DA:307,0
DA:311,0
DA:312,0
DA:314,0
DA:316,0
DA:320,0
DA:324,0
DA:350,0
DA:351,0
DA:352,0
LF:106
LH:0
BRDA:41,1,0,0
BRDA:41,1,1,0
BRDA:46,2,0,0
BRDA:46,2,1,0
BRDA:64,3,0,0
BRDA:64,3,1,0
BRDA:90,4,0,0
BRDA:90,4,1,0
BRDA:93,5,0,0
BRDA:93,5,1,0
BRDA:101,6,0,0
BRDA:101,6,1,0
BRDA:117,7,0,0
BRDA:117,7,1,0
BRDA:122,8,0,0
BRDA:122,8,1,0
BRDA:127,9,0,0
BRDA:127,9,1,0
BRDA:128,10,0,0
BRDA:128,10,1,0
BRDA:131,11,0,0
BRDA:131,11,1,0
BRDA:138,12,0,0
BRDA:138,12,1,0
BRDA:147,13,0,0
BRDA:147,13,1,0
BRDA:162,14,0,0
BRDA:162,14,1,0
BRDA:168,15,0,0
BRDA:168,15,1,0
BRDA:175,16,0,0
BRDA:175,16,1,0
BRDA:176,17,0,0
BRDA:176,17,1,0
BRDA:183,18,0,0
BRDA:183,18,1,0
BRDA:184,19,0,0
BRDA:184,19,1,0
BRDA:205,20,0,0
BRDA:205,20,1,0
BRDA:227,21,0,0
BRDA:227,21,1,0
BRDA:240,22,0,0
BRDA:240,22,1,0
BRDA:254,23,0,0
BRDA:254,23,1,0
BRDA:265,24,0,0
BRDA:265,24,1,0
BRDA:269,25,0,0
BRDA:269,25,1,0
BRDA:284,26,0,0
BRDA:284,26,1,0
BRDA:285,27,0,0
BRDA:285,27,1,0
BRDA:301,28,0,0
BRDA:301,28,1,0
BRDA:314,29,0,0
BRDA:314,29,1,0
BRDA:324,30,0,0
BRDA:324,30,1,0
BRF:60
BRH:0
end_of_record
TN:
SF:/Users/mehdiberiane/Documents/tokamak/gem-nft-contract/src/L1/Mock/DepositManagerStorage.sol
FNF:0
FNH:0
LF:0
LH:0
BRF:0
BRH:0
end_of_record
TN:
SF:/Users/mehdiberiane/Documents/tokamak/gem-nft-contract/src/L1/Mock/interfaces/AutoRefactorCoinageI.sol
FNF:0
FNH:0
LF:0
LH:0
BRF:0
BRH:0
end_of_record
TN:
SF:/Users/mehdiberiane/Documents/tokamak/gem-nft-contract/src/L1/Mock/interfaces/CoinageFactoryI.sol
FNF:0
FNH:0
LF:0
LH:0
BRF:0
BRH:0
end_of_record
TN:
SF:/Users/mehdiberiane/Documents/tokamak/gem-nft-contract/src/L1/Mock/interfaces/ICandidate.sol
FNF:0
FNH:0
LF:0
LH:0
BRF:0
BRH:0
end_of_record
TN:
SF:/Users/mehdiberiane/Documents/tokamak/gem-nft-contract/src/L1/Mock/interfaces/ICandidateFactory.sol
FNF:0
FNH:0
LF:0
LH:0
BRF:0
BRH:0
end_of_record
TN:
SF:/Users/mehdiberiane/Documents/tokamak/gem-nft-contract/src/L1/Mock/interfaces/IDAOAgendaManager.sol
FNF:0
FNH:0
LF:0
LH:0
BRF:0
BRH:0
end_of_record
TN:
SF:/Users/mehdiberiane/Documents/tokamak/gem-nft-contract/src/L1/Mock/interfaces/IDAOCommittee.sol
FNF:0
FNH:0
LF:0
LH:0
BRF:0
BRH:0
end_of_record
TN:
SF:/Users/mehdiberiane/Documents/tokamak/gem-nft-contract/src/L1/Mock/interfaces/IDAOVault.sol
FNF:0
FNH:0
LF:0
LH:0
BRF:0
BRH:0
end_of_record
TN:
SF:/Users/mehdiberiane/Documents/tokamak/gem-nft-contract/src/L1/Mock/interfaces/IProxyAction.sol
FNF:0
FNH:0
LF:0
LH:0
BRF:0
BRH:0
end_of_record
TN:
SF:/Users/mehdiberiane/Documents/tokamak/gem-nft-contract/src/L1/Mock/interfaces/IProxyEvent.sol
FNF:0
FNH:0
LF:0
LH:0
BRF:0
BRH:0
end_of_record
TN:
SF:/Users/mehdiberiane/Documents/tokamak/gem-nft-contract/src/L1/Mock/interfaces/IRefactor.sol
FNF:0
FNH:0
LF:0
LH:0
BRF:0
BRH:0
end_of_record
TN:
SF:/Users/mehdiberiane/Documents/tokamak/gem-nft-contract/src/L1/Mock/interfaces/IStorageStateCommittee.sol
FNF:0
FNH:0
LF:0
LH:0
BRF:0
BRH:0
end_of_record
TN:
SF:/Users/mehdiberiane/Documents/tokamak/gem-nft-contract/src/L1/Mock/interfaces/IWTON.sol
FNF:0
FNH:0
LF:0
LH:0
BRF:0
BRH:0
end_of_record
TN:
SF:/Users/mehdiberiane/Documents/tokamak/gem-nft-contract/src/L1/Mock/interfaces/Layer2I.sol
FNF:0
FNH:0
LF:0
LH:0
BRF:0
BRH:0
end_of_record
TN:
SF:/Users/mehdiberiane/Documents/tokamak/gem-nft-contract/src/L1/Mock/interfaces/Layer2RegistryI.sol
FNF:0
FNH:0
LF:0
LH:0
BRF:0
BRH:0
end_of_record
TN:
SF:/Users/mehdiberiane/Documents/tokamak/gem-nft-contract/src/L1/Mock/interfaces/RefactorCoinageSnapshotI.sol
FNF:0
FNH:0
LF:0
LH:0
BRF:0
BRH:0
end_of_record
TN:
SF:/Users/mehdiberiane/Documents/tokamak/gem-nft-contract/src/L1/Mock/interfaces/SeigManagerI.sol
FNF:0
FNH:0
LF:0
LH:0
BRF:0
BRH:0
end_of_record
TN:
SF:/Users/mehdiberiane/Documents/tokamak/gem-nft-contract/src/L1/Mock/Layer2Registry.sol
FN:23,onlyMinterOrOperator
FN:35,deployCoinage
FN:41,registerAndDeployCoinage
FN:60,registerAndDeployCoinageAndSetCommissionRate
FN:71,register
FN:77,unregister
FN:87,layer2s
FN:91,numLayer2s
FN:95,layer2ByIndex
FN:101,_register
FN:112,_deployCoinage
FN:122,_setCommissionRate
FNF:12
FNH:0
FNDA:0,onlyMinterOrOperator
FNDA:0,deployCoinage
FNDA:0,registerAndDeployCoinage
FNDA:0,registerAndDeployCoinageAndSetCommissionRate
FNDA:0,register
FNDA:0,unregister
FNDA:0,layer2s
FNDA:0,numLayer2s
FNDA:0,layer2ByIndex
FNDA:0,_register
FNDA:0,_deployCoinage
FNDA:0,_setCommissionRate
DA:24,0
DA:25,0
DA:38,0
DA:48,0
DA:49,0
DA:50,0
DA:63,0
DA:64,0
DA:65,0
DA:66,0
DA:74,0
DA:78,0
DA:80,0
DA:81,0
DA:88,0
DA:92,0
DA:96,0
DA:102,0
DA:103,0
DA:105,0
DA:106,0
DA:107,0
DA:109,0
DA:119,0
DA:131,0
LF:25
LH:0
BRDA:24,1,0,0
BRDA:24,1,1,0
BRDA:24,2,0,0
BRDA:24,2,1,0
BRDA:35,3,0,0
BRDA:35,3,1,0
BRDA:48,4,0,0
BRDA:48,4,1,0
BRDA:49,5,0,0
BRDA:49,5,1,0
BRDA:60,6,0,0
BRDA:60,6,1,0
BRDA:63,7,0,0
BRDA:63,7,1,0
BRDA:64,8,0,0
BRDA:64,8,1,0
BRDA:65,9,0,0
BRDA:65,9,1,0
BRDA:71,10,0,0
BRDA:71,10,1,0
BRDA:77,11,0,0
BRDA:77,11,1,0
BRDA:78,12,0,0
BRDA:78,12,1,0
BRDA:102,13,0,0
BRDA:102,13,1,0
BRDA:103,14,0,0
BRDA:103,14,1,0
BRF:28
BRH:0
end_of_record
TN:
SF:/Users/mehdiberiane/Documents/tokamak/gem-nft-contract/src/L1/Mock/Layer2RegistryStorage.sol
FNF:0
FNH:0
LF:0
LH:0
BRF:0
BRH:0
end_of_record
TN:
SF:/Users/mehdiberiane/Documents/tokamak/gem-nft-contract/src/L1/Mock/libraries/Agenda.sol
FNF:0
FNH:0
LF:0
LH:0
BRF:0
BRH:0
end_of_record
TN:
SF:/Users/mehdiberiane/Documents/tokamak/gem-nft-contract/src/L1/Mock/libraries/DSMath.sol
FN:5,add
FN:8,sub
FN:11,mul
FN:15,min
FN:18,max
FN:21,imin
FN:24,imax
FN:31,wmul
FN:34,rmul
FN:37,wdiv
FN:40,rdiv
FN:44,wmul2
FN:47,rmul2
FN:50,wdiv2
FN:53,rdiv2
FN:72,wpow
FN:84,rpow
FNF:17
FNH:0
FNDA:0,add
FNDA:0,sub
FNDA:0,mul
FNDA:0,min
FNDA:0,max
FNDA:0,imin
FNDA:0,imax
FNDA:0,wmul
FNDA:0,rmul
FNDA:0,wdiv
FNDA:0,rdiv
FNDA:0,wmul2
FNDA:0,rmul2
FNDA:0,wdiv2
FNDA:0,rdiv2
FNDA:0,wpow
FNDA:0,rpow
DA:6,0
DA:9,0
DA:12,0
DA:16,0
DA:19,0
DA:22,0
DA:25,0
DA:32,0
DA:35,0
DA:38,0
DA:41,0
DA:45,0
DA:48,0
DA:51,0
DA:54,0
DA:73,0
DA:75,0
DA:76,0
DA:78,0
DA:79,0
DA:85,0
DA:87,0
DA:88,0
DA:90,0
DA:91,0
LF:25
LH:0
BRDA:6,1,0,0
BRDA:6,1,1,0
BRDA:9,2,0,0
BRDA:9,2,1,0
BRDA:12,3,0,0
BRDA:12,3,1,0
BRDA:12,4,0,0
BRDA:12,4,1,0
BRDA:16,5,0,0
BRDA:16,5,1,0
BRDA:19,6,0,0
BRDA:19,6,1,0
BRDA:22,7,0,0
BRDA:22,7,1,0
BRDA:25,8,0,0
BRDA:25,8,1,0
BRDA:73,9,0,0
BRDA:73,9,1,0
BRDA:78,10,0,0
BRDA:78,10,1,0
BRDA:85,11,0,0
BRDA:85,11,1,0
BRDA:90,12,0,0
BRDA:90,12,1,0
BRF:24
BRH:0
end_of_record
TN:
SF:/Users/mehdiberiane/Documents/tokamak/gem-nft-contract/src/L1/Mock/libraries/SArrays.sol
FN:19,findUpperBound
FN:47,findIndex
FN:72,findValue
FNF:3
FNH:0
FNDA:0,findUpperBound
FNDA:0,findIndex
FNDA:0,findValue
DA:20,0
DA:21,0
DA:24,0
DA:25,0
DA:27,0
DA:28,0
DA:32,0
DA:33,0
DA:35,0
DA:40,0
DA:41,0
DA:43,0
DA:49,0
DA:52,0
DA:53,0
DA:54,0
DA:57,0
DA:58,0
DA:59,0
DA:60,0
DA:62,0
DA:63,0
DA:65,0
DA:69,0
DA:74,0
DA:77,0
DA:78,0
DA:79,0
DA:82,0
DA:83,0
DA:84,0
DA:85,0
DA:87,0
DA:88,0
DA:90,0
DA:94,0
LF:36
LH:0
BRDA:20,1,0,0
BRDA:20,1,1,0
BRDA:32,2,0,0
BRDA:32,2,1,0
BRDA:40,3,0,0
BRDA:40,3,1,0
BRDA:49,4,0,0
BRDA:49,4,1,0
BRDA:52,5,0,0
BRDA:52,5,1,0
BRDA:54,6,0,0
BRDA:54,6,1,0
BRDA:62,7,0,0
BRDA:62,7,1,0
BRDA:74,8,0,0
BRDA:74,8,1,0
BRDA:77,9,0,0
BRDA:77,9,1,0
BRDA:79,10,0,0
BRDA:79,10,1,0
BRDA:87,11,0,0
BRDA:87,11,1,0
BRF:22
BRH:0
end_of_record
TN:
SF:/Users/mehdiberiane/Documents/tokamak/gem-nft-contract/src/L1/Mock/MockToken.sol
FN:8,constructor
FN:12,decimals
FN:16,mint
FNF:3
FNH:0
FNDA:0,constructor
FNDA:0,decimals
FNDA:0,mint
DA:9,0
DA:13,0
DA:17,0
LF:3
LH:0
BRF:0
BRH:0
end_of_record
TN:
SF:/Users/mehdiberiane/Documents/tokamak/gem-nft-contract/src/L1/Mock/proxy/ProxyCoinage.sol
FN:18,constructor
FN:28,setProxyPause
FN:34,upgradeTo
FN:50,setImplementation2
FN:56,setAliveImplementation2
FN:65,setSelectorImplementations2
FN:89,implementation
FN:94,implementation2
FN:100,getSelectorImplementation2
FN:121,
FN:130,_implementation2
FN:139,_fallback
FN:175,_setImplementation2
FN:187,_setAliveImplementation2
FNF:14
FNH:0
FNDA:0,constructor
FNDA:0,setProxyPause
FNDA:0,upgradeTo
FNDA:0,setImplementation2
FNDA:0,setAliveImplementation2
FNDA:0,setSelectorImplementations2
FNDA:0,implementation
FNDA:0,implementation2
FNDA:0,getSelectorImplementation2
FNDA:0,
FNDA:0,_implementation2
FNDA:0,_fallback
FNDA:0,_setImplementation2
FNDA:0,_setAliveImplementation2
DA:19,0
DA:20,0
DA:21,0
DA:29,0
DA:35,0
DA:36,0
DA:40,0
DA:41,0
DA:51,0
DA:58,0
DA:66,0
DA:70,0
DA:72,0
DA:73,0
DA:77,0
DA:78,0
DA:90,0
DA:95,0
DA:105,0
DA:106,0
DA:107,0
DA:109,0
DA:111,0
DA:117,0
DA:122,0
DA:135,0
DA:140,0
DA:142,0
DA:147,0
DA:180,0
DA:181,0
DA:190,0
DA:191,0
LF:33
LH:0
BRDA:28,1,0,0
BRDA:28,1,1,0
BRDA:34,2,0,0
BRDA:34,2,1,0
BRDA:35,3,0,0
BRDA:35,3,1,0
BRDA:36,4,0,0
BRDA:36,4,1,0
BRDA:50,5,0,0
BRDA:50,5,1,0
BRDA:56,6,0,0
BRDA:56,6,1,0
BRDA:65,7,0,0
BRDA:65,7,1,0
BRDA:66,8,0,0
BRDA:66,8,1,0
BRDA:70,9,0,0
BRDA:70,9,1,0
BRDA:73,10,0,0
BRDA:73,10,1,0
BRDA:106,11,0,0
BRDA:106,11,1,0
BRDA:108,12,0,0
BRDA:108,12,1,0
BRDA:142,13,0,0
BRDA:142,13,1,0
BRDA:180,14,0,0
BRDA:180,14,1,0
BRF:28
BRH:0
end_of_record
TN:
SF:/Users/mehdiberiane/Documents/tokamak/gem-nft-contract/src/L1/Mock/proxy/RefactorCoinageSnapshot.sol
FN:39,initialize
FN:59,setFactor
FN:78,setSeigManager
FN:86,mint
FN:91,burnFrom
FN:97,burn
FN:101,decimals
FN:107,factor
FN:114,_mint
FN:137,_burn
FN:165,_applyFactor
FN:181,_applyFactorAt
FN:195,_toRAYBased
FN:202,_toRAYFactored
FN:206,_lastSnapshotId
FN:210,_updateFactor
FN:220,_update
FN:245,progressSnapshotId
FN:249,applyFactor
FN:254,totalSupply
FN:259,balanceOf
FN:264,totalSupplyAt
FN:270,balanceOfAt
FN:277,getTotalAndFactor
FN:282,getBalanceAndFactor
FN:287,getTotalAndFactorAt
FN:292,getBalanceAndFactorAt
FN:297,_valueAtTotalSupplyLast
FN:306,_valueAtFactorLast
FN:315,_valueAtAccountBalanceLast
FN:324,_valueAtTotalSupply
FN:332,_valueAtFactor
FN:340,_valueAtAccount
FNF:33
FNH:0
FNDA:0,initialize
FNDA:0,setFactor
FNDA:0,setSeigManager
FNDA:0,mint
FNDA:0,burnFrom
FNDA:0,burn
FNDA:0,decimals
FNDA:0,factor
FNDA:0,_mint
FNDA:0,_burn
FNDA:0,_applyFactor
FNDA:0,_applyFactorAt
FNDA:0,_toRAYBased
FNDA:0,_toRAYFactored
FNDA:0,_lastSnapshotId
FNDA:0,_updateFactor
FNDA:0,_update
FNDA:0,progressSnapshotId
FNDA:0,applyFactor
FNDA:0,totalSupply
FNDA:0,balanceOf
FNDA:0,totalSupplyAt
FNDA:0,balanceOfAt
FNDA:0,getTotalAndFactor
FNDA:0,getBalanceAndFactor
FNDA:0,getTotalAndFactorAt
FNDA:0,getBalanceAndFactorAt
FNDA:0,_valueAtTotalSupplyLast
FNDA:0,_valueAtFactorLast
FNDA:0,_valueAtAccountBalanceLast
FNDA:0,_valueAtTotalSupply
FNDA:0,_valueAtFactor
FNDA:0,_valueAtAccount
DA:46,0
DA:48,0
DA:49,0
DA:50,0
DA:51,0
DA:60,0
DA:63,0
DA:64,0
DA:66,0
DA:67,0
DA:70,0
DA:71,0
DA:74,0
DA:75,0
DA:79,0
DA:87,0
DA:88,0
DA:92,0
DA:98,0
DA:102,0
DA:108,0
DA:109,0
DA:115,0
DA:117,0
DA:118,0
DA:119,0
DA:121,0
DA:122,0
DA:124,0
DA:125,0
DA:127,0
DA:128,0
DA:130,0
DA:132,0
DA:134,0
DA:138,0
DA:139,0
DA:140,0
DA:141,0
DA:143,0
DA:144,0
DA:146,0
DA:149,0
DA:150,0
DA:152,0
DA:153,0
DA:155,0
DA:157,0
DA:159,0
DA:167,0
DA:168,0
DA:171,0
DA:173,0
DA:175,0
DA:176,0
DA:178,0
DA:182,0
DA:183,0
DA:185,0
DA:186,0
DA:187,0
DA:189,0
DA:196,0
DA:203,0
DA:207,0
DA:212,0
DA:213,0
DA:215,0
DA:216,0
DA:228,0
DA:229,0
DA:230,0
DA:232,0
DA:233,0
DA:234,0
DA:235,0
DA:238,0
DA:239,0
DA:240,0
DA:246,0
DA:251,0
DA:256,0
DA:261,0
DA:266,0
DA:267,0
DA:273,0
DA:274,0
DA:279,0
DA:284,0
DA:289,0
DA:294,0
DA:300,0
DA:301,0
DA:302,0
DA:303,0
DA:309,0
DA:310,0
DA:311,0
DA:312,0
DA:318,0
DA:319,0
DA:320,0
DA:321,0
DA:327,0
DA:328,0
DA:329,0
DA:335,0
DA:336,0
DA:337,0
DA:343,0
DA:344,0
DA:345,0
LF:112
LH:0
BRDA:46,1,0,0
BRDA:46,1,1,0
BRDA:115,2,0,0
BRDA:115,2,1,0
BRDA:138,3,0,0
BRDA:138,3,1,0
BRDA:146,4,0,0
BRDA:146,4,1,0
BRDA:167,5,0,0
BRDA:167,5,1,0
BRDA:175,6,0,0
BRDA:175,6,1,0
BRDA:182,7,0,0
BRDA:182,7,1,0
BRDA:186,8,0,0
BRDA:186,8,1,0
BRDA:207,9,0,0
BRDA:207,9,1,0
BRDA:215,10,0,0
BRDA:215,10,1,0
BRDA:232,11,0,0
BRDA:232,11,1,0
BRDA:233,12,0,0
BRDA:233,12,1,0
BRDA:234,13,0,0
BRDA:234,13,1,0
BRDA:238,14,0,0
BRDA:238,14,1,0
BRDA:239,15,0,0
BRDA:239,15,1,0
BRDA:302,16,0,0
BRDA:302,16,1,0
BRDA:311,17,0,0
BRDA:311,17,1,0
BRDA:320,18,0,0
BRDA:320,18,1,0
BRDA:327,19,0,0
BRDA:327,19,1,0
BRDA:335,20,0,0
BRDA:335,20,1,0
BRDA:343,21,0,0
BRDA:343,21,1,0
BRF:42
BRH:0
end_of_record
TN:
SF:/Users/mehdiberiane/Documents/tokamak/gem-nft-contract/src/L1/Mock/proxy/RefactorCoinageSnapshotProxy.sol
FNF:0
FNH:0
LF:0
LH:0
BRF:0
BRH:0
end_of_record
TN:
SF:/Users/mehdiberiane/Documents/tokamak/gem-nft-contract/src/L1/Mock/proxy/RefactorCoinageSnapshotStorage.sol
FNF:0
FNH:0
LF:0
LH:0
BRF:0
BRH:0
end_of_record
TN:
SF:/Users/mehdiberiane/Documents/tokamak/gem-nft-contract/src/L1/Mock/SeigManager.sol
FN:94,onlyRegistry
FN:99,onlyRegistryOrOperator
FN:104,onlyDepositManager
FN:109,onlyLayer2
FN:114,checkCoinage
FN:119,whenNotPaused
FN:127,whenPaused
FN:158,initialize
FN:188,pause
FN:197,unpause
FN:216,setData
FN:233,setPowerTON
FN:237,setDao
FN:241,setPowerTONSeigRate
FN:247,setDaoSeigRate
FN:253,setPseigRate
FN:259,setCoinageFactory
FN:263,transferCoinageOwnership
FN:272,renounceWTONMinter
FN:276,setAdjustDelay
FN:280,setMinimumAmount
FN:292,deployCoinage
FN:311,setCommissionRate
FN:342,slash
FN:358,onDeposit
FN:374,onWithdraw
FN:406,updateSeigniorage
FN:484,getOperatorAmount
FN:492,onTransfer
FN:504,additionalTotBurnAmount
FN:513,uncomittedStakeOf
FN:529,stakeOf
FN:533,stakeOfAt
FN:537,stakeOf
FN:546,stakeOfAt
FN:555,stakeOfTotal
FN:559,stakeOfTotalAt
FN:563,onSnapshot
FN:569,updateSeigniorageLayer
FN:584,_additionalTotBurnAmount
FN:608,_calcSeigsDistribution
FN:677,_calcNewFactor
FN:682,_calcNumSeigBlocks
FN:693,_isOperator
FN:698,_increaseTot
FN:774,registry
FN:775,depositManager
FN:776,ton
FN:777,wton
FN:778,powerton
FN:779,tot
FN:780,coinages
FN:781,commissionRates
FN:782,isCommissionRateNegative
FN:784,lastCommitBlock
FN:785,seigPerBlock
FN:786,lastSeigBlock
FN:787,pausedBlock
FN:788,unpausedBlock
FN:790,DEFAULT_FACTOR
FN:795,renounceMinter
FN:799,renouncePauser
FN:803,renounceOwnership
FN:807,transferOwnership
FN:813,progressSnapshotId
FN:819,totalSupplyOfTon
FNF:66
FNH:0
FNDA:0,onlyRegistry
FNDA:0,onlyRegistryOrOperator
FNDA:0,onlyDepositManager
FNDA:0,onlyLayer2
FNDA:0,checkCoinage
FNDA:0,whenNotPaused
FNDA:0,whenPaused
FNDA:0,initialize
FNDA:0,pause
FNDA:0,unpause
FNDA:0,setData
FNDA:0,setPowerTON
FNDA:0,setDao
FNDA:0,setPowerTONSeigRate
FNDA:0,setDaoSeigRate
FNDA:0,setPseigRate
FNDA:0,setCoinageFactory
FNDA:0,transferCoinageOwnership
FNDA:0,renounceWTONMinter
FNDA:0,setAdjustDelay
FNDA:0,setMinimumAmount
FNDA:0,deployCoinage
FNDA:0,setCommissionRate
FNDA:0,slash
FNDA:0,onDeposit
FNDA:0,onWithdraw
FNDA:0,updateSeigniorage
FNDA:0,getOperatorAmount
FNDA:0,onTransfer
FNDA:0,additionalTotBurnAmount
FNDA:0,uncomittedStakeOf
FNDA:0,stakeOf
FNDA:0,stakeOfAt
FNDA:0,stakeOf
FNDA:0,stakeOfAt
FNDA:0,stakeOfTotal
FNDA:0,stakeOfTotalAt
FNDA:0,onSnapshot
FNDA:0,updateSeigniorageLayer
FNDA:0,_additionalTotBurnAmount
FNDA:0,_calcSeigsDistribution
FNDA:0,_calcNewFactor
FNDA:0,_calcNumSeigBlocks
FNDA:0,_isOperator
FNDA:0,_increaseTot
FNDA:0,registry
FNDA:0,depositManager
FNDA:0,ton
FNDA:0,wton
FNDA:0,powerton
FNDA:0,tot
FNDA:0,coinages
FNDA:0,commissionRates
FNDA:0,isCommissionRateNegative
FNDA:0,lastCommitBlock
FNDA:0,seigPerBlock
FNDA:0,lastSeigBlock
FNDA:0,pausedBlock
FNDA:0,unpausedBlock
FNDA:0,DEFAULT_FACTOR
FNDA:0,renounceMinter
FNDA:0,renouncePauser
FNDA:0,renounceOwnership
FNDA:0,transferOwnership
FNDA:0,progressSnapshotId
FNDA:0,totalSupplyOfTon
DA:95,0
DA:96,0
DA:100,0
DA:101,0
DA:105,0
DA:106,0
DA:110,0
DA:111,0
DA:115,0
DA:116,0
DA:120,0
DA:121,0
DA:128,0
DA:129,0
DA:167,0
DA:169,0
DA:170,0
DA:171,0
DA:172,0
DA:173,0
DA:175,0
DA:176,0
DA:177,0
DA:178,0
DA:180,0
DA:189,0
DA:190,0
DA:191,0
DA:198,0
DA:199,0
DA:200,0
DA:217,0
DA:220,0
DA:221,0
DA:222,0
DA:223,0
DA:224,0
DA:225,0
DA:226,0
DA:228,0
DA:229,0
DA:230,0
DA:234,0
DA:238,0
DA:242,0
DA:243,0
DA:244,0
DA:248,0
DA:249,0
DA:250,0
DA:254,0
DA:255,0
DA:256,0
DA:260,0
DA:264,0
DA:265,0
DA:266,0
DA:267,0
DA:268,0
DA:273,0
DA:277,0
DA:281,0
DA:294,0
DA:295,0
DA:296,0
DA:298,0
DA:299,0
DA:302,0
DA:315,0
DA:321,0
DA:322,0
DA:323,0
DA:324,0
DA:326,0
DA:327,0
DA:328,0
DA:331,0
DA:333,0
DA:343,0
DA:345,0
DA:361,0
DA:362,0
DA:363,0
DA:365,0
DA:366,0
DA:368,0
DA:377,0
DA:379,0
DA:380,0
DA:381,0
DA:385,0
DA:386,0
DA:389,0
DA:391,0
DA:393,0
DA:410,0
DA:411,0
DA:413,0
DA:415,0
DA:416,0
DA:418,0
DA:420,0
DA:422,0
DA:424,0
DA:425,0
DA:430,0
DA:431,0
DA:432,0
DA:435,0
DA:436,0
DA:437,0
DA:441,0
DA:443,0
DA:454,0
DA:462,0
DA:463,0
DA:464,0
DA:466,0
DA:470,0
DA:471,0
DA:473,0
DA:474,0
DA:476,0
DA:485,0
DA:486,0
DA:493,0
DA:496,0
DA:497,0
DA:500,0
DA:509,0
DA:514,0
DA:516,0
DA:517,0
DA:518,0
DA:519,0
DA:521,0
DA:526,0
DA:530,0
DA:534,0
DA:538,0
DA:540,0
DA:541,0
DA:542,0
DA:547,0
DA:549,0
DA:550,0
DA:551,0
DA:556,0
DA:560,0
DA:564,0
DA:565,0
DA:566,0
DA:570,0
DA:571,0
DA:589,0
DA:590,0
DA:594,0
DA:595,0
DA:598,0
DA:619,0
DA:620,0
DA:621,0
DA:622,0
DA:625,0
DA:627,0
DA:630,0
DA:631,0
DA:635,0
DA:636,0
DA:637,0
DA:638,0
DA:642,0
DA:643,0
DA:647,0
DA:650,0
DA:651,0
DA:654,0
DA:657,0
DA:663,0
DA:668,0
DA:672,0
DA:674,0
DA:678,0
DA:683,0
DA:685,0
DA:686,0
DA:687,0
DA:690,0
DA:694,0
DA:700,0
DA:701,0
DA:704,0
DA:705,0
DA:706,0
DA:709,0
DA:710,0
DA:715,0
DA:718,0
DA:721,0
DA:724,0
DA:733,0
DA:735,0
DA:737,0
DA:739,0
DA:741,0
DA:743,0
DA:744,0
DA:745,0
DA:747,0
DA:748,0
DA:749,0
DA:750,0
DA:753,0
DA:754,0
DA:755,0
DA:758,0
DA:759,0
DA:760,0
DA:763,0
DA:765,0
DA:796,0
DA:800,0
DA:804,0
DA:808,0
DA:814,0
DA:821,0
LF:226
LH:0
BRDA:95,1,0,0
BRDA:95,1,1,0
BRDA:100,2,0,0
BRDA:100,2,1,0
BRDA:100,3,0,0
BRDA:100,3,1,0
BRDA:105,4,0,0
BRDA:105,4,1,0
BRDA:110,5,0,0
BRDA:110,5,1,0
BRDA:115,6,0,0
BRDA:115,6,1,0
BRDA:120,7,0,0
BRDA:120,7,1,0
BRDA:128,8,0,0
BRDA:128,8,1,0
BRDA:167,9,0,0
BRDA:167,9,1,0
BRDA:177,10,0,0
BRDA:177,10,1,0
BRDA:188,11,0,0
BRDA:188,11,1,0
BRDA:188,12,0,0
BRDA:188,12,1,0
BRDA:197,13,0,0
BRDA:197,13,1,0
BRDA:197,14,0,0
BRDA:197,14,1,0
BRDA:216,15,0,0
BRDA:216,15,1,0
BRDA:217,16,0,0
BRDA:217,16,1,0
BRDA:233,17,0,0
BRDA:233,17,1,0
BRDA:237,18,0,0
BRDA:237,18,1,0
BRDA:241,19,0,0
BRDA:241,19,1,0
BRDA:242,20,0,0
BRDA:242,20,1,0
BRDA:247,21,0,0
BRDA:247,21,1,0
BRDA:248,22,0,0
BRDA:248,22,1,0
BRDA:253,23,0,0
BRDA:253,23,1,0
BRDA:254,24,0,0
BRDA:254,24,1,0
BRDA:259,25,0,0
BRDA:259,25,1,0
BRDA:263,26,0,0
BRDA:263,26,1,0
BRDA:272,27,0,0
BRDA:272,27,1,0
BRDA:276,28,0,0
BRDA:276,28,1,0
BRDA:280,29,0,0
BRDA:280,29,1,0
BRDA:294,30,0,0
BRDA:294,30,1,0
BRDA:311,31,0,0
BRDA:311,31,1,0
BRDA:315,32,0,0
BRDA:315,32,1,0
BRDA:316,33,0,0
BRDA:316,33,1,0
BRDA:322,34,0,0
BRDA:322,34,1,0
BRDA:342,35,0,0
BRDA:342,35,1,0
BRDA:342,36,0,0
BRDA:342,36,1,0
BRDA:357,37,0,0
BRDA:357,37,1,0
BRDA:358,38,0,0
BRDA:358,38,1,0
BRDA:361,39,0,0
BRDA:361,39,1,0
BRDA:363,40,0,0
BRDA:363,40,1,0
BRDA:373,41,0,0
BRDA:373,41,1,0
BRDA:374,42,0,0
BRDA:374,42,1,0
BRDA:377,43,0,0
BRDA:377,43,1,0
BRDA:379,44,0,0
BRDA:379,44,1,0
BRDA:381,45,0,0
BRDA:381,45,1,0
BRDA:406,46,0,0
BRDA:406,46,1,0
BRDA:410,47,0,0
BRDA:410,47,1,0
BRDA:413,48,0,0
BRDA:413,48,1,0
BRDA:416,49,0,0
BRDA:416,49,1,0
BRDA:430,50,0,0
BRDA:430,50,1,0
BRDA:462,51,0,0
BRDA:462,51,1,0
BRDA:463,52,0,0
BRDA:463,52,1,0
BRDA:470,53,0,0
BRDA:470,53,1,0
BRDA:493,54,0,0
BRDA:493,54,1,0
BRDA:493,55,0,0
BRDA:493,55,1,0
BRDA:496,56,0,0
BRDA:496,56,1,0
BRDA:570,57,0,0
BRDA:570,57,1,0
BRDA:594,58,0,0
BRDA:594,58,1,0
BRDA:619,59,0,0
BRDA:619,59,1,0
BRDA:630,60,0,0
BRDA:630,60,1,0
BRDA:635,61,0,0
BRDA:635,61,1,0
BRDA:642,62,0,0
BRDA:642,62,1,0
BRDA:650,63,0,0
BRDA:650,63,1,0
BRDA:664,64,0,0
BRDA:664,64,1,0
BRDA:669,65,0,0
BRDA:669,65,1,0
BRDA:683,66,0,0
BRDA:683,66,1,0
BRDA:686,67,0,0
BRDA:686,67,1,0
BRDA:700,68,0,0
BRDA:700,68,1,0
BRDA:704,69,0,0
BRDA:704,69,1,0
BRDA:747,70,0,0
BRDA:747,70,1,0
BRDA:753,71,0,0
BRDA:753,71,1,0
BRDA:758,72,0,0
BRDA:758,72,1,0
BRDA:795,73,0,0
BRDA:795,73,1,0
BRDA:799,74,0,0
BRDA:799,74,1,0
BRDA:803,75,0,0
BRDA:803,75,1,0
BRDA:807,76,0,0
BRDA:807,76,1,0
BRF:152
BRH:0
end_of_record
TN:
SF:/Users/mehdiberiane/Documents/tokamak/gem-nft-contract/src/L1/Mock/SeigManagerStorage.sol
FNF:0
FNH:0
LF:0
LH:0
BRF:0
BRH:0
end_of_record
TN:
SF:/Users/mehdiberiane/Documents/tokamak/gem-nft-contract/src/L1/Mock/token/ERC20OnApprove.sol
FN:14,approveAndCall
FN:20,_callOnApprove
FNF:2
FNH:0
FNDA:0,approveAndCall
FNDA:0,_callOnApprove
DA:15,0
DA:16,0
DA:17,0
DA:21,0
DA:25,0
DA:36,0
DA:38,0
DA:43,0
LF:8
LH:0
BRDA:15,1,0,0
BRDA:15,1,1,0
BRDA:36,2,0,0
BRDA:36,2,1,0
BRDA:43,3,0,0
BRDA:43,3,1,0
BRF:6
BRH:0
end_of_record
TN:
SF:/Users/mehdiberiane/Documents/tokamak/gem-nft-contract/src/L1/Mock/token/OnApprove.sol
FN:8,constructor
FN:12,onApprove
FNF:2
FNH:0
FNDA:0,constructor
FNDA:0,onApprove
DA:9,0
LF:1
LH:0
BRF:0
BRH:0
end_of_record
TN:
SF:/Users/mehdiberiane/Documents/tokamak/gem-nft-contract/src/L1/Mock/token/SeigToken.sol
FN:17,constructor
FN:18,enableCallback
FN:22,setSeigManager
FNF:3
FNH:0
FNDA:0,constructor
FNDA:0,enableCallback
FNDA:0,setSeigManager
DA:19,0
DA:23,0
LF:2
LH:0
BRDA:18,1,0,0
BRDA:18,1,1,0
BRDA:22,2,0,0
BRDA:22,2,1,0
BRF:4
BRH:0
end_of_record
TN:
SF:/Users/mehdiberiane/Documents/tokamak/gem-nft-contract/src/L1/Mock/token/TON.sol
FN:17,constructor
FN:19,mint
FNF:2
FNH:0
FNDA:0,constructor
FNDA:0,mint
DA:20,0
LF:1
LH:0
BRF:0
BRH:0
end_of_record
TN:
SF:/Users/mehdiberiane/Documents/tokamak/gem-nft-contract/src/L1/Mock/token/WTON.sol
FN:33,constructor
FN:37,decimals
FN:41,mint
FN:51,onApprove
FN:79,_decodeTONApproveData
FN:90,_encodeDepositManagerOnApproveData
FN:105,burnFrom
FN:116,swapToTON
FN:123,swapFromTON
FN:131,swapToTONAndTransfer
FN:138,swapFromTONAndTransfer
FN:146,_swapToTON
FN:160,_swapFromTON
FN:169,_toRAY
FN:176,_toWAD
FNF:15
FNH:0
FNDA:0,constructor
FNDA:0,decimals
FNDA:0,mint
FNDA:0,onApprove
FNDA:0,_decodeTONApproveData
FNDA:0,_encodeDepositManagerOnApproveData
FNDA:0,burnFrom
FNDA:0,swapToTON
FNDA:0,swapFromTON
FNDA:0,swapToTONAndTransfer
FNDA:0,swapFromTONAndTransfer
FNDA:0,_swapToTON
FNDA:0,_swapFromTON
FNDA:0,_toRAY
FNDA:0,_toWAD
DA:34,0
DA:38,0
DA:42,0
DA:43,0
DA:44,0
DA:57,0
DA:60,0
DA:62,0
DA:63,0
DA:66,0
DA:69,0
DA:70,0
DA:71,0
DA:73,0
DA:82,0
DA:84,0
DA:93,0
DA:95,0
DA:106,0
DA:117,0
DA:124,0
DA:132,0
DA:139,0
DA:147,0
DA:150,0
DA:151,0
DA:152,0
DA:153,0
DA:156,0
DA:157,0
DA:161,0
DA:162,0
DA:163,0
DA:170,0
DA:177,0
LF:35
LH:0
BRDA:57,1,0,0
BRDA:57,1,1,0
BRDA:82,2,0,0
BRDA:82,2,1,0
BRDA:116,3,0,0
BRDA:116,3,1,0
BRDA:123,4,0,0
BRDA:123,4,1,0
BRDA:131,5,0,0
BRDA:131,5,1,0
BRDA:138,6,0,0
BRDA:138,6,1,0
BRDA:152,7,0,0
BRDA:152,7,1,0
BRF:14
BRH:0
end_of_record
TN:
SF:/Users/mehdiberiane/Documents/tokamak/gem-nft-contract/src/L2/Airdrop.sol
FN:26,whenNotPaused
FN:34,whenPaused
FN:43,pause
FN:51,unpause
FN:61,initialize
FN:84,assignGemForAirdrop
FN:124,claimAirdrop
FN:154,clearEligibleTokensList
FN:184,getTokensEligible
FN:193,getUserClaimed
FN:201,getTreasury
FN:209,getGemFactory
FN:217,getUsersWithEligibleTokens
FN:225,isPaused
FN:233,isInitialized
FN:242,hasEligibleTokens
FNF:16
FNH:0
FNDA:0,whenNotPaused
FNDA:0,whenPaused
FNDA:0,pause
FNDA:0,unpause
FNDA:0,initialize
FNDA:0,assignGemForAirdrop
FNDA:0,claimAirdrop
FNDA:0,clearEligibleTokensList
FNDA:0,getTokensEligible
FNDA:0,getUserClaimed
FNDA:0,getTreasury
FNDA:0,getGemFactory
FNDA:0,getUsersWithEligibleTokens
FNDA:0,isPaused
FNDA:0,isInitialized
FNDA:0,hasEligibleTokens
DA:27,0
DA:28,0
DA:35,0
DA:36,0
DA:44,0
DA:52,0
DA:62,0
DA:63,0
DA:65,0
DA:66,0
DA:67,0
DA:68,0
DA:85,0
DA:87,0
DA:88,0
DA:90,0
DA:91,0
DA:92,0
DA:96,0
DA:97,0
DA:99,0
DA:100,0
DA:104,0
DA:105,0
DA:108,0
DA:111,0
DA:112,0
DA:113,0
DA:116,0
DA:117,0
DA:125,0
DA:126,0
DA:128,0
DA:129,0
DA:130,0
DA:134,0
DA:135,0
DA:136,0
DA:138,0
DA:140,0
DA:141,0
DA:142,0
DA:146,0
DA:156,0
DA:157,0
DA:161,0
DA:162,0
DA:163,0
DA:164,0
DA:165,0
DA:169,0
DA:171,0
DA:172,0
DA:185,0
DA:194,0
DA:202,0
DA:210,0
DA:218,0
DA:226,0
DA:234,0
DA:243,0
LF:61
LH:0
BRDA:27,1,0,0
BRDA:27,1,1,0
BRDA:35,2,0,0
BRDA:35,2,1,0
BRDA:43,3,0,0
BRDA:43,3,1,0
BRDA:43,4,0,0
BRDA:43,4,1,0
BRDA:51,5,0,0
BRDA:51,5,1,0
BRDA:51,6,0,0
BRDA:51,6,1,0
BRDA:62,7,0,0
BRDA:62,7,1,0
BRDA:84,8,0,0
BRDA:84,8,1,0
BRDA:91,9,0,0
BRDA:91,9,1,0
BRDA:96,10,0,0
BRDA:96,10,1,0
BRDA:99,11,0,0
BRDA:99,11,1,0
BRDA:111,12,0,0
BRDA:111,12,1,0
BRDA:124,13,0,0
BRDA:124,13,1,0
BRDA:124,14,0,0
BRDA:124,14,1,0
BRDA:125,15,0,0
BRDA:125,15,1,0
BRDA:129,16,0,0
BRDA:129,16,1,0
BRDA:140,17,0,0
BRDA:140,17,1,0
BRDA:154,18,0,0
BRDA:154,18,1,0
BRDA:156,19,0,0
BRDA:156,19,1,0
BRF:38
BRH:0
end_of_record
TN:
SF:/Users/mehdiberiane/Documents/tokamak/gem-nft-contract/src/L2/AirdropProxy.sol
FNF:0
FNH:0
LF:0
LH:0
BRF:0
BRH:0
end_of_record
TN:
SF:/Users/mehdiberiane/Documents/tokamak/gem-nft-contract/src/L2/AirdropStorage.sol
FNF:0
FNH:0
LF:0
LH:0
BRF:0
BRH:0
end_of_record
TN:
SF:/Users/mehdiberiane/Documents/tokamak/gem-nft-contract/src/L2/GemFactory.sol
FN:62,whenNotPaused
FN:70,whenPaused
FN:78,onlyTreasury
FN:89,onlyMarketPlaceOrAirdrop
FN:102,pause
FN:111,unpause
FN:134,initialize
FN:157,setGemsMiningPeriods
FN:187,setGemsCooldownPeriods
FN:217,setMiningTries
FN:249,setGemsValue
FN:271,setTreasury
FN:279,setMarketPlaceAddress
FN:287,setAirdrop
FN:307,forgeTokens
FN:376,startMiningGEM
FN:417,cancelMining
FN:449,pickMinedGEM
FN:503,meltGEM
FN:539,createGEM
FN:677,createGEMPool
FN:708,transferFrom
FN:738,safeTransferFrom
FN:768,setIsLocked
FN:779,addColor
FN:793,setTokenURI
FN:806,burnTokens
FN:823,colorExists
FN:835,_transferGEM
FN:856,fulfillRandomWords
FN:908,_setTokenURI
FN:926,_checkOnERC721
FN:953,_getCooldownPeriod
FN:973,preMintedGemsAvailable
FN:983,balanceOf
FN:993,tokenURI
FN:1005,_exists
FN:1015,getGem
FN:1031,getValueBasedOnRarity
FN:1056,isTokenLocked
FN:1066,getRandomRequest
FN:1077,getColorName
FN:1090,countGemsByQuadrant
FN:1123,getGemListAvailableForRandomPack
FN:1155,tokensOfOwner
FN:1184,totalSupply
FN:1193,getGemsSupplyTotalValue
FN:1204,getTreasuryAddress
FN:1205,getTonAddress
FN:1206,getWstonAddress
FN:1207,getMarketPlaceAddress
FN:1208,getAirdropAddress
FN:1209,getCommonGemsValue
FN:1210,getRareGemsValue
FN:1211,getUniqueGemsValue
FN:1212,getEpicGemsValue
FN:1213,getLegendaryGemsValue
FN:1214,getMythicGemsValue
FN:1215,getRareminingTry
FN:1216,getUniqueminingTry
FN:1217,getEpicminingTry
FN:1218,getLegendaryminingTry
FN:1219,getMythicminingTry
FN:1220,getRareGemsMiningPeriod
FN:1221,getUniqueGemsMiningPeriod
FN:1222,getEpicGemsMiningPeriod
FN:1223,getLegendaryGemsMiningPeriod
FN:1224,getMythicGemsMiningPeriod
FN:1225,getRareGemsCooldownPeriod
FN:1226,getUniqueGemsCooldownPeriod
FN:1227,getEpicGemsCooldownPeriod
FN:1228,getLegendaryGemsCooldownPeriod
FN:1229,getMythicGemsCooldownPeriod
FN:1230,getRequestIds
FN:1231,getRequestCount
FN:1232,getOwnershipTokenCount
FNF:76
FNH:0
FNDA:0,whenNotPaused
FNDA:0,whenPaused
FNDA:0,onlyTreasury
FNDA:0,onlyMarketPlaceOrAirdrop
FNDA:0,pause
FNDA:0,unpause
FNDA:0,initialize
FNDA:0,setGemsMiningPeriods
FNDA:0,setGemsCooldownPeriods
FNDA:0,setMiningTries
FNDA:0,setGemsValue
FNDA:0,setTreasury
FNDA:0,setMarketPlaceAddress
FNDA:0,setAirdrop
FNDA:0,forgeTokens
FNDA:0,startMiningGEM
FNDA:0,cancelMining
FNDA:0,pickMinedGEM
FNDA:0,meltGEM
FNDA:0,createGEM
FNDA:0,createGEMPool
FNDA:0,transferFrom
FNDA:0,safeTransferFrom
FNDA:0,setIsLocked
FNDA:0,addColor
FNDA:0,setTokenURI
FNDA:0,burnTokens
FNDA:0,colorExists
FNDA:0,_transferGEM
FNDA:0,fulfillRandomWords
FNDA:0,_setTokenURI
FNDA:0,_checkOnERC721
FNDA:0,_getCooldownPeriod
FNDA:0,preMintedGemsAvailable
FNDA:0,balanceOf
FNDA:0,tokenURI
FNDA:0,_exists
FNDA:0,getGem
FNDA:0,getValueBasedOnRarity
FNDA:0,isTokenLocked
FNDA:0,getRandomRequest
FNDA:0,getColorName
FNDA:0,countGemsByQuadrant
FNDA:0,getGemListAvailableForRandomPack
FNDA:0,tokensOfOwner
FNDA:0,totalSupply
FNDA:0,getGemsSupplyTotalValue
FNDA:0,getTreasuryAddress
FNDA:0,getTonAddress
FNDA:0,getWstonAddress
FNDA:0,getMarketPlaceAddress
FNDA:0,getAirdropAddress
FNDA:0,getCommonGemsValue
FNDA:0,getRareGemsValue
FNDA:0,getUniqueGemsValue
FNDA:0,getEpicGemsValue
FNDA:0,getLegendaryGemsValue
FNDA:0,getMythicGemsValue
FNDA:0,getRareminingTry
FNDA:0,getUniqueminingTry
FNDA:0,getEpicminingTry
FNDA:0,getLegendaryminingTry
FNDA:0,getMythicminingTry
FNDA:0,getRareGemsMiningPeriod
FNDA:0,getUniqueGemsMiningPeriod
FNDA:0,getEpicGemsMiningPeriod
FNDA:0,getLegendaryGemsMiningPeriod
FNDA:0,getMythicGemsMiningPeriod
FNDA:0,getRareGemsCooldownPeriod
FNDA:0,getUniqueGemsCooldownPeriod
FNDA:0,getEpicGemsCooldownPeriod
FNDA:0,getLegendaryGemsCooldownPeriod
FNDA:0,getMythicGemsCooldownPeriod
FNDA:0,getRequestIds
FNDA:0,getRequestCount
FNDA:0,getOwnershipTokenCount
DA:63,0
DA:64,0
DA:71,0
DA:72,0
DA:79,0
DA:83,0
DA:90,0
DA:95,0
DA:103,0
DA:104,0
DA:112,0
DA:113,0
DA:135,0
DA:136,0
DA:137,0
DA:138,0
DA:139,0
DA:140,0
DA:158,0
DA:159,0
DA:160,0
DA:161,0
DA:162,0
DA:164,0
DA:188,0
DA:189,0
DA:190,0
DA:191,0
DA:192,0
DA:194,0
DA:218,0
DA:219,0
DA:220,0
DA:221,0
DA:222,0
DA:224,0
DA:250,0
DA:251,0
DA:252,0
DA:253,0
DA:254,0
DA:255,0
DA:257,0
DA:272,0
DA:280,0
DA:288,0
DA:309,0
DA:333,0
DA:334,0
DA:335,0
DA:336,0
DA:337,0
DA:338,0
DA:341,0
DA:352,0
DA:355,0
DA:358,0
DA:359,0
DA:362,0
DA:364,0
DA:378,0
DA:379,0
DA:382,0
DA:383,0
DA:386,0
DA:387,0
DA:390,0
DA:391,0
DA:394,0
DA:395,0
DA:398,0
DA:399,0
DA:403,0
DA:406,0
DA:407,0
DA:419,0
DA:420,0
DA:423,0
DA:424,0
DA:427,0
DA:428,0
DA:431,0
DA:432,0
DA:436,0
DA:439,0
DA:440,0
DA:451,0
DA:452,0
DA:455,0
DA:456,0
DA:459,0
DA:460,0
DA:463,0
DA:464,0
DA:468,0
DA:470,0
DA:473,0
DA:474,0
DA:475,0
DA:476,0
DA:478,0
DA:482,0
DA:483,0
DA:484,0
DA:485,0
DA:488,0
DA:492,0
DA:493,0
DA:505,0
DA:506,0
DA:509,0
DA:510,0
DA:513,0
DA:515,0
DA:517,0
DA:519,0
DA:520,0
DA:523,0
DA:542,0
DA:543,0
DA:547,0
DA:548,0
DA:549,0
DA:550,0
DA:553,0
DA:556,0
DA:558,0
DA:559,0
DA:560,0
DA:561,0
DA:562,0
DA:565,0
DA:566,0
DA:567,0
DA:568,0
DA:571,0
DA:572,0
DA:573,0
DA:574,0
DA:575,0
DA:578,0
DA:579,0
DA:580,0
DA:581,0
DA:584,0
DA:585,0
DA:586,0
DA:587,0
DA:588,0
DA:591,0
DA:592,0
DA:593,0
DA:594,0
DA:597,0
DA:598,0
DA:599,0
DA:600,0
DA:601,0
DA:604,0
DA:605,0
DA:606,0
DA:607,0
DA:610,0
DA:611,0
DA:612,0
DA:613,0
DA:614,0
DA:617,0
DA:618,0
DA:619,0
DA:620,0
DA:623,0
DA:624,0
DA:627,0
DA:628,0
DA:629,0
DA:630,0
DA:633,0
DA:637,0
DA:640,0
DA:655,0
DA:656,0
DA:659,0
DA:660,0
DA:680,0
DA:683,0
DA:684,0
DA:688,0
DA:691,0
DA:693,0
DA:697,0
DA:710,0
DA:711,0
DA:715,0
DA:716,0
DA:720,0
DA:723,0
DA:726,0
DA:740,0
DA:741,0
DA:745,0
DA:746,0
DA:750,0
DA:753,0
DA:756,0
DA:759,0
DA:769,0
DA:780,0
DA:781,0
DA:782,0
DA:784,0
DA:794,0
DA:807,0
DA:809,0
DA:810,0
DA:811,0
DA:813,0
DA:825,0
DA:837,0
DA:839,0
DA:841,0
DA:843,0
DA:858,0
DA:859,0
DA:862,0
DA:863,0
DA:864,0
DA:867,0
DA:870,0
DA:871,0
DA:873,0
DA:875,0
DA:876,0
DA:879,0
DA:880,0
DA:881,0
DA:884,0
DA:885,0
DA:888,0
DA:891,0
DA:894,0
DA:897,0
DA:898,0
DA:910,0
DA:911,0
DA:914,0
DA:928,0
DA:929,0
DA:931,0
DA:932,0
DA:936,0
DA:937,0
DA:940,0
DA:955,0
DA:956,0
DA:957,0
DA:958,0
DA:959,0
DA:960,0
DA:962,0
DA:975,0
DA:985,0
DA:995,0
DA:997,0
DA:1007,0
DA:1017,0
DA:1018,0
DA:1019,0
DA:1023,0
DA:1033,0
DA:1034,0
DA:1036,0
DA:1038,0
DA:1040,0
DA:1042,0
DA:1044,0
DA:1047,0
DA:1058,0
DA:1068,0
DA:1079,0
DA:1091,0
DA:1092,0
DA:1093,0
DA:1094,0
DA:1097,0
DA:1098,0
DA:1099,0
DA:1103,0
DA:1104,0
DA:1105,0
DA:1106,0
DA:1111,0
DA:1112,0
DA:1113,0
DA:1116,0
DA:1124,0
DA:1125,0
DA:1126,0
DA:1129,0
DA:1130,0
DA:1133,0
DA:1134,0
DA:1135,0
DA:1136,0
DA:1142,0
DA:1143,0
DA:1144,0
DA:1147,0
DA:1156,0
DA:1158,0
DA:1160,0
DA:1162,0
DA:1163,0
DA:1164,0
DA:1167,0
DA:1169,0
DA:1170,0
DA:1171,0
DA:1172,0
DA:1176,0
DA:1186,0
DA:1195,0
DA:1196,0
LF:323
LH:0
BRDA:63,1,0,0
BRDA:63,1,1,0
BRDA:71,2,0,0
BRDA:71,2,1,0
BRDA:79,3,0,0
BRDA:79,3,1,0
BRDA:90,4,0,0
BRDA:90,4,1,0
BRDA:91,5,0,0
BRDA:91,5,1,0
BRDA:102,6,0,0
BRDA:102,6,1,0
BRDA:102,7,0,0
BRDA:102,7,1,0
BRDA:111,8,0,0
BRDA:111,8,1,0
BRDA:111,9,0,0
BRDA:111,9,1,0
BRDA:134,10,0,0
BRDA:134,10,1,0
BRDA:157,11,0,0
BRDA:157,11,1,0
BRDA:187,12,0,0
BRDA:187,12,1,0
BRDA:217,13,0,0
BRDA:217,13,1,0
BRDA:249,14,0,0
BRDA:249,14,1,0
BRDA:271,15,0,0
BRDA:271,15,1,0
BRDA:279,16,0,0
BRDA:279,16,1,0
BRDA:287,17,0,0
BRDA:287,17,1,0
BRDA:307,18,0,0
BRDA:307,18,1,0
BRDA:376,19,0,0
BRDA:376,19,1,0
BRDA:378,20,0,0
BRDA:378,20,1,0
BRDA:382,21,0,0
BRDA:382,21,1,0
BRDA:386,22,0,0
BRDA:386,22,1,0
BRDA:390,23,0,0
BRDA:390,23,1,0
BRDA:394,24,0,0
BRDA:394,24,1,0
BRDA:398,25,0,0
BRDA:398,25,1,0
BRDA:417,26,0,0
BRDA:417,26,1,0
BRDA:419,27,0,0
BRDA:419,27,1,0
BRDA:423,28,0,0
BRDA:423,28,1,0
BRDA:427,29,0,0
BRDA:427,29,1,0
BRDA:431,30,0,0
BRDA:431,30,1,0
BRDA:449,31,0,0
BRDA:449,31,1,0
BRDA:449,32,0,0
BRDA:449,32,1,0
BRDA:451,33,0,0
BRDA:451,33,1,0
BRDA:455,34,0,0
BRDA:455,34,1,0
BRDA:459,35,0,0
BRDA:459,35,1,0
BRDA:463,36,0,0
BRDA:463,36,1,0
BRDA:482,37,0,0
BRDA:482,37,1,0
BRDA:484,38,0,0
BRDA:484,38,1,0
BRDA:503,39,0,0
BRDA:503,39,1,0
BRDA:505,40,0,0
BRDA:505,40,1,0
BRDA:509,41,0,0
BRDA:509,41,1,0
BRDA:519,42,0,0
BRDA:519,42,1,0
BRDA:539,43,0,0
BRDA:539,43,1,0
BRDA:539,44,0,0
BRDA:539,44,1,0
BRDA:542,45,0,0
BRDA:542,45,1,0
BRDA:556,46,0,0
BRDA:556,46,1,0
BRDA:558,47,0,0
BRDA:558,47,1,0
BRDA:559,48,0,0
BRDA:559,48,1,0
BRDA:560,49,0,0
BRDA:560,49,1,0
BRDA:561,50,0,0
BRDA:561,50,1,0
BRDA:562,51,0,0
BRDA:562,51,1,0
BRDA:569,52,0,0
BRDA:569,52,1,0
BRDA:571,53,0,0
BRDA:571,53,1,0
BRDA:572,54,0,0
BRDA:572,54,1,0
BRDA:573,55,0,0
BRDA:573,55,1,0
BRDA:574,56,0,0
BRDA:574,56,1,0
BRDA:575,57,0,0
BRDA:575,57,1,0
BRDA:582,58,0,0
BRDA:582,58,1,0
BRDA:584,59,0,0
BRDA:584,59,1,0
BRDA:585,60,0,0
BRDA:585,60,1,0
BRDA:586,61,0,0
BRDA:586,61,1,0
BRDA:587,62,0,0
BRDA:587,62,1,0
BRDA:588,63,0,0
BRDA:588,63,1,0
BRDA:595,64,0,0
BRDA:595,64,1,0
BRDA:597,65,0,0
BRDA:597,65,1,0
BRDA:598,66,0,0
BRDA:598,66,1,0
BRDA:599,67,0,0
BRDA:599,67,1,0
BRDA:600,68,0,0
BRDA:600,68,1,0
BRDA:601,69,0,0
BRDA:601,69,1,0
BRDA:608,70,0,0
BRDA:608,70,1,0
BRDA:610,71,0,0
BRDA:610,71,1,0
BRDA:611,72,0,0
BRDA:611,72,1,0
BRDA:612,73,0,0
BRDA:612,73,1,0
BRDA:613,74,0,0
BRDA:613,74,1,0
BRDA:614,75,0,0
BRDA:614,75,1,0
BRDA:621,76,0,0
BRDA:621,76,1,0
BRDA:623,77,0,0
BRDA:623,77,1,0
BRDA:623,78,0,0
BRDA:623,78,1,0
BRDA:623,79,0,0
BRDA:623,79,1,0
BRDA:623,80,0,0
BRDA:623,80,1,0
BRDA:677,81,0,0
BRDA:677,81,1,0
BRDA:677,82,0,0
BRDA:677,82,1,0
BRDA:683,83,0,0
BRDA:683,83,1,0
BRDA:683,84,0,0
BRDA:683,84,1,0
BRDA:683,85,0,0
BRDA:683,85,1,0
BRDA:708,86,0,0
BRDA:708,86,1,0
BRDA:710,87,0,0
BRDA:710,87,1,0
BRDA:715,88,0,0
BRDA:715,88,1,0
BRDA:738,89,0,0
BRDA:738,89,1,0
BRDA:740,90,0,0
BRDA:740,90,1,0
BRDA:745,91,0,0
BRDA:745,91,1,0
BRDA:768,92,0,0
BRDA:768,92,1,0
BRDA:779,93,0,0
BRDA:779,93,1,0
BRDA:858,94,0,0
BRDA:858,94,1,0
BRDA:873,95,0,0
BRDA:873,95,1,0
BRDA:891,96,0,0
BRDA:891,96,1,0
BRDA:910,97,0,0
BRDA:910,97,1,0
BRDA:928,98,0,0
BRDA:928,98,1,0
BRDA:931,99,0,0
BRDA:931,99,1,0
BRDA:936,100,0,0
BRDA:936,100,1,0
BRDA:955,101,0,0
BRDA:955,101,1,0
BRDA:956,102,0,0
BRDA:956,102,1,0
BRDA:957,103,0,0
BRDA:957,103,1,0
BRDA:958,104,0,0
BRDA:958,104,1,0
BRDA:959,105,0,0
BRDA:959,105,1,0
BRDA:960,106,0,0
BRDA:960,106,1,0
BRDA:995,107,0,0
BRDA:995,107,1,0
BRDA:1018,108,0,0
BRDA:1018,108,1,0
BRDA:1033,109,0,0
BRDA:1033,109,1,0
BRDA:1035,110,0,0
BRDA:1035,110,1,0
BRDA:1037,111,0,0
BRDA:1037,111,1,0
BRDA:1039,112,0,0
BRDA:1039,112,1,0
BRDA:1041,113,0,0
BRDA:1041,113,1,0
BRDA:1043,114,0,0
BRDA:1043,114,1,0
BRDA:1099,115,0,0
BRDA:1099,115,1,0
BRDA:1130,116,0,0
BRDA:1130,116,1,0
BRDA:1158,117,0,0
BRDA:1158,117,1,0
BRDA:1170,118,0,0
BRDA:1170,118,1,0
BRF:236
BRH:0
end_of_record
TN:
SF:/Users/mehdiberiane/Documents/tokamak/gem-nft-contract/src/L2/GemFactoryProxy.sol
FNF:0
FNH:0
LF:0
LH:0
BRF:0
BRH:0
end_of_record
TN:
SF:/Users/mehdiberiane/Documents/tokamak/gem-nft-contract/src/L2/GemFactoryStorage.sol
FNF:0
FNH:0
LF:0
LH:0
BRF:0
BRH:0
end_of_record
TN:
SF:/Users/mehdiberiane/Documents/tokamak/gem-nft-contract/src/L2/L2StandardERC20.sol
FN:22,constructor
FN:27,onlyL2Bridge
FN:33,supportsInterface
FN:41,decimals
FN:46,mint
FN:53,burn
FNF:6
FNH:0
FNDA:0,constructor
FNDA:0,onlyL2Bridge
FNDA:0,supportsInterface
FNDA:0,decimals
FNDA:0,mint
FNDA:0,burn
DA:23,0
DA:24,0
DA:28,0
DA:29,0
DA:34,0
DA:35,0
DA:38,0
DA:42,0
DA:47,0
DA:49,0
DA:54,0
DA:56,0
LF:12
LH:0
BRDA:28,1,0,0
BRDA:28,1,1,0
BRDA:38,2,0,0
BRDA:38,2,1,0
BRDA:46,3,0,0
BRDA:46,3,1,0
BRDA:53,4,0,0
BRDA:53,4,1,0
BRF:8
BRH:0
end_of_record
TN:
SF:/Users/mehdiberiane/Documents/tokamak/gem-nft-contract/src/L2/MarketPlace.sol
FN:43,whenNotPaused
FN:51,whenPaused
FN:60,pause
FN:68,unpause
FN:80,initialize
FN:102,setDiscountRate
FN:112,setStakingIndex
FN:132,buyGem
FN:143,putGemForSale
FN:156,putGemListForSale
FN:180,removeGemForSale
FN:208,_putGemForSale
FN:243,_buyGem
FN:304,_toRAY
FN:313,_toWAD
FN:321,getStakingIndex
FN:322,getTonFeesRate
FN:323,getGemFactoryAddress
FN:324,getTreasuryAddress
FN:325,getTonAddress
FN:326,getWstonAddress
FN:327,getPauseStatus
FN:328,getGemForSale
FNF:23
FNH:0
FNDA:0,whenNotPaused
FNDA:0,whenPaused
FNDA:0,pause
FNDA:0,unpause
FNDA:0,initialize
FNDA:0,setDiscountRate
FNDA:0,setStakingIndex
FNDA:0,buyGem
FNDA:0,putGemForSale
FNDA:0,putGemListForSale
FNDA:0,removeGemForSale
FNDA:0,_putGemForSale
FNDA:0,_buyGem
FNDA:0,_toRAY
FNDA:0,_toWAD
FNDA:0,getStakingIndex
FNDA:0,getTonFeesRate
FNDA:0,getGemFactoryAddress
FNDA:0,getTreasuryAddress
FNDA:0,getTonAddress
FNDA:0,getWstonAddress
FNDA:0,getPauseStatus
FNDA:0,getGemForSale
DA:44,0
DA:45,0
DA:52,0
DA:53,0
DA:61,0
DA:69,0
DA:87,0
DA:88,0
DA:89,0
DA:90,0
DA:91,0
DA:92,0
DA:93,0
DA:94,0
DA:104,0
DA:105,0
DA:113,0
DA:114,0
DA:117,0
DA:118,0
DA:134,0
DA:145,0
DA:147,0
DA:158,0
DA:159,0
DA:162,0
DA:163,0
DA:167,0
DA:169,0
DA:171,0
DA:182,0
DA:183,0
DA:186,0
DA:187,0
DA:191,0
DA:192,0
DA:193,0
DA:210,0
DA:211,0
DA:214,0
DA:215,0
DA:218,0
DA:219,0
DA:223,0
DA:224,0
DA:231,0
DA:232,0
DA:245,0
DA:246,0
DA:249,0
DA:250,0
DA:253,0
DA:255,0
DA:256,0
DA:259,0
DA:261,0
DA:262,0
DA:266,0
DA:267,0
DA:271,0
DA:273,0
DA:276,0
DA:278,0
DA:280,0
DA:281,0
DA:283,0
DA:284,0
DA:289,0
DA:290,0
DA:292,0
DA:295,0
DA:296,0
DA:305,0
DA:314,0
LF:74
LH:0
BRDA:44,1,0,0
BRDA:44,1,1,0
BRDA:52,2,0,0
BRDA:52,2,1,0
BRDA:60,3,0,0
BRDA:60,3,1,0
BRDA:60,4,0,0
BRDA:60,4,1,0
BRDA:68,5,0,0
BRDA:68,5,1,0
BRDA:68,6,0,0
BRDA:68,6,1,0
BRDA:87,7,0,0
BRDA:87,7,1,0
BRDA:102,8,0,0
BRDA:102,8,1,0
BRDA:112,9,0,0
BRDA:112,9,1,0
BRDA:113,10,0,0
BRDA:113,10,1,0
BRDA:132,11,0,0
BRDA:132,11,1,0
BRDA:134,12,0,0
BRDA:134,12,1,0
BRDA:143,13,0,0
BRDA:143,13,1,0
BRDA:145,14,0,0
BRDA:145,14,1,0
BRDA:147,15,0,0
BRDA:147,15,1,0
BRDA:156,16,0,0
BRDA:156,16,1,0
BRDA:158,17,0,0
BRDA:158,17,1,0
BRDA:162,18,0,0
BRDA:162,18,1,0
BRDA:169,19,0,0
BRDA:169,19,1,0
BRDA:171,20,0,0
BRDA:171,20,1,0
BRDA:180,21,0,0
BRDA:180,21,1,0
BRDA:182,22,0,0
BRDA:182,22,1,0
BRDA:186,23,0,0
BRDA:186,23,1,0
BRDA:210,24,0,0
BRDA:210,24,1,0
BRDA:214,25,0,0
BRDA:214,25,1,0
BRDA:218,26,0,0
BRDA:218,26,1,0
BRDA:243,27,0,0
BRDA:243,27,1,0
BRDA:245,28,0,0
BRDA:245,28,1,0
BRDA:249,29,0,0
BRDA:249,29,1,0
BRDA:255,30,0,0
BRDA:255,30,1,0
BRDA:261,31,0,0
BRDA:261,31,1,0
BRDA:266,32,0,0
BRDA:266,32,1,0
BRDA:271,33,0,0
BRDA:271,33,1,0
BRDA:281,34,0,0
BRDA:281,34,1,0
BRF:68
BRH:0
end_of_record
TN:
SF:/Users/mehdiberiane/Documents/tokamak/gem-nft-contract/src/L2/MarketPlaceProxy.sol
FNF:0
FNH:0
LF:0
LH:0
BRF:0
BRH:0
end_of_record
TN:
SF:/Users/mehdiberiane/Documents/tokamak/gem-nft-contract/src/L2/MarketPlaceStorage.sol
FNF:0
FNH:0
LF:0
LH:0
BRF:0
BRH:0
end_of_record
TN:
SF:/Users/mehdiberiane/Documents/tokamak/gem-nft-contract/src/L2/Mock/DRBCoordinatorMock.sol
FN:53,constructor
FN:62,requestRandomWordDirectFunding
FN:76,fulfillRandomness
FN:116,calculateDirectFundingPrice
FN:122,estimateDirectFundingPrice
FN:129,_calculateDirectFundingPrice
FN:140,_call
FNF:7
FNH:0
FNDA:0,constructor
FNDA:0,requestRandomWordDirectFunding
FNDA:0,fulfillRandomness
FNDA:0,calculateDirectFundingPrice
FNDA:0,estimateDirectFundingPrice
FNDA:0,_calculateDirectFundingPrice
FNDA:0,_call
DA:54,0
DA:55,0
DA:56,0
DA:57,0
DA:63,0
DA:64,0
DA:65,0
DA:66,0
DA:67,0
DA:73,0
DA:78,0
DA:81,0
DA:84,0
DA:95,0
DA:106,0
DA:113,0
DA:119,0
DA:126,0
DA:133,0
DA:145,0
DA:179,0
LF:21
LH:0
BRDA:62,1,0,0
BRDA:62,1,1,0
BRDA:64,2,0,0
BRDA:64,2,1,0
BRDA:76,3,0,0
BRDA:76,3,1,0
BRDA:78,4,0,0
BRDA:78,4,1,0
BRDA:81,5,0,0
BRDA:81,5,1,0
BRF:10
BRH:0
end_of_record
TN:
SF:/Users/mehdiberiane/Documents/tokamak/gem-nft-contract/src/L2/Mock/IOVM_GasPriceOracle.sol
FNF:0
FNH:0
LF:0
LH:0
BRF:0
BRH:0
end_of_record
TN:
SF:/Users/mehdiberiane/Documents/tokamak/gem-nft-contract/src/L2/Mock/MockTON.sol
FN:22,constructor
FN:27,onlyL2Bridge
FN:33,supportsInterface
FN:41,decimals
FN:46,mint
FN:53,burn
FNF:6
FNH:0
FNDA:0,constructor
FNDA:0,onlyL2Bridge
FNDA:0,supportsInterface
FNDA:0,decimals
FNDA:0,mint
FNDA:0,burn
DA:23,0
DA:24,0
DA:28,0
DA:29,0
DA:34,0
DA:35,0
DA:38,0
DA:42,0
DA:47,0
DA:49,0
DA:54,0
DA:56,0
LF:12
LH:0
BRDA:28,1,0,0
BRDA:28,1,1,0
BRDA:38,2,0,0
BRDA:38,2,1,0
BRDA:46,3,0,0
BRDA:46,3,1,0
BRDA:53,4,0,0
BRDA:53,4,1,0
BRF:8
BRH:0
end_of_record
TN:
SF:/Users/mehdiberiane/Documents/tokamak/gem-nft-contract/src/L2/Mock/OptimismL1Fees.sol
FN:43,setL1FeeCalculation
FN:47,_setL1FeeCalculationInternal
FN:64,_getL1CostWeiForCalldataSize
FN:85,_getOptimismL1UpperBoundDataFee
FN:96,_calculateOptimismL1DataFee
FN:116,_calculateLegacyL1DataFee
FNF:6
FNH:0
FNDA:0,setL1FeeCalculation
FNDA:0,_setL1FeeCalculationInternal
FNDA:0,_getL1CostWeiForCalldataSize
FNDA:0,_getOptimismL1UpperBoundDataFee
FNDA:0,_calculateOptimismL1DataFee
FNDA:0,_calculateLegacyL1DataFee
DA:44,0
DA:51,0
DA:52,0
DA:54,0
DA:55,0
DA:58,0
DA:59,0
DA:61,0
DA:67,0
DA:68,0
DA:70,0
DA:76,0
DA:81,0
DA:89,0
DA:103,0
DA:105,0
DA:108,0
DA:110,0
DA:111,0
DA:119,0
DA:123,0
DA:124,0
DA:125,0
DA:126,0
DA:127,0
LF:25
LH:0
BRDA:43,1,0,0
BRDA:43,1,1,0
BRDA:51,2,0,0
BRDA:51,2,1,0
BRDA:54,3,0,0
BRDA:54,3,1,0
BRDA:54,4,0,0
BRDA:54,4,1,0
BRDA:68,5,0,0
BRDA:68,5,1,0
BRDA:74,6,0,0
BRDA:74,6,1,0
BRDA:80,7,0,0
BRDA:80,7,1,0
BRF:14
BRH:0
end_of_record
TN:
SF:/Users/mehdiberiane/Documents/tokamak/gem-nft-contract/src/L2/Mock/ReentrancyGuardTransient.sol
FN:29,nonReentrant
FN:35,_nonReentrantBefore
FN:48,_nonReentrantAfter
FN:59,_reentrancyGuardEntered
FNF:4
FNH:0
FNDA:0,nonReentrant
FNDA:0,_nonReentrantBefore
FNDA:0,_nonReentrantAfter
FNDA:0,_reentrancyGuardEntered
DA:30,0
DA:31,0
DA:32,0
DA:37,0
DA:38,0
DA:42,0
DA:49,0
DA:60,0
LF:8
LH:0
BRDA:37,1,0,0
BRDA:37,1,1,0
BRF:2
BRH:0
end_of_record
TN:
SF:/Users/mehdiberiane/Documents/tokamak/gem-nft-contract/src/L2/Mock/StorageSlot.sol
FN:84,getAddressSlot
FN:96,getBooleanSlot
FN:108,getBytes32Slot
FN:120,getUint256Slot
FN:132,getInt256Slot
FN:144,getStringSlot
FN:156,getStringSlot
FN:168,getBytesSlot
FN:180,getBytesSlot
FN:197,asAddress
FN:209,asBoolean
FN:221,asBytes32
FN:233,asUint256
FN:245,asInt256
FN:252,tload
FN:262,tstore
FN:272,tload
FN:282,tstore
FN:292,tload
FN:302,tstore
FN:312,tload
FN:322,tstore
FN:332,tload
FN:342,tstore
FNF:24
FNH:0
FNDA:0,getAddressSlot
FNDA:0,getBooleanSlot
FNDA:0,getBytes32Slot
FNDA:0,getUint256Slot
FNDA:0,getInt256Slot
FNDA:0,getStringSlot
FNDA:0,getStringSlot
FNDA:0,getBytesSlot
FNDA:0,getBytesSlot
FNDA:0,asAddress
FNDA:0,asBoolean
FNDA:0,asBytes32
FNDA:0,asUint256
FNDA:0,asInt256
FNDA:0,tload
FNDA:0,tstore
FNDA:0,tload
FNDA:0,tstore
FNDA:0,tload
FNDA:0,tstore
FNDA:0,tload
FNDA:0,tstore
FNDA:0,tload
FNDA:0,tstore
DA:88,0
DA:100,0
DA:112,0
DA:124,0
DA:136,0
DA:148,0
DA:160,0
DA:172,0
DA:184,0
DA:198,0
DA:210,0
DA:222,0
DA:234,0
DA:246,0
DA:254,0
DA:264,0
DA:274,0
DA:284,0
DA:294,0
DA:304,0
DA:314,0
DA:324,0
DA:334,0
DA:344,0
LF:24
LH:0
BRF:0
BRH:0
end_of_record
TN:
SF:/Users/mehdiberiane/Documents/tokamak/gem-nft-contract/src/L2/Randomness/DRBConsumerBase.sol
FN:23,__DRBConsumerBase_init
FN:32,requestRandomness
FN:56,rawFulfillRandomWords
FNF:3
FNH:0
FNDA:0,__DRBConsumerBase_init
FNDA:0,requestRandomness
FNDA:0,rawFulfillRandomWords
DA:24,0
DA:33,0
DA:36,0
DA:60,0
DA:61,0
DA:66,0
LF:6
LH:0
BRDA:60,1,0,0
BRDA:60,1,1,0
BRF:2
BRH:0
end_of_record
TN:
SF:/Users/mehdiberiane/Documents/tokamak/gem-nft-contract/src/L2/RandomPack.sol
FN:43,whenNotPaused
FN:51,whenPaused
FN:60,pause
FN:68,unpause
FN:84,initialize
FN:105,setGemFactory
FN:117,setRandomPackFees
FN:129,setTreasury
FN:141,setPerfectCommonGemURI
FN:150,setCallbackGasLimit
FN:164,requestRandomGem
FN:202,onERC721Received
FN:222,fulfillRandomWords
FN:251,getTreasuryAddress
FN:252,getGemFactoryAddress
FN:253,getTonAddress
FN:254,getCallbackGasLimit
FN:255,getRequestCount
FN:256,getRandomPackFees
FN:257,getPerfectCommonGemURI
FNF:20
FNH:0
FNDA:0,whenNotPaused
FNDA:0,whenPaused
FNDA:0,pause
FNDA:0,unpause
FNDA:0,initialize
FNDA:0,setGemFactory
FNDA:0,setRandomPackFees
FNDA:0,setTreasury
FNDA:0,setPerfectCommonGemURI
FNDA:0,setCallbackGasLimit
FNDA:0,requestRandomGem
FNDA:0,onERC721Received
FNDA:0,fulfillRandomWords
FNDA:0,getTreasuryAddress
FNDA:0,getGemFactoryAddress
FNDA:0,getTonAddress
FNDA:0,getCallbackGasLimit
FNDA:0,getRequestCount
FNDA:0,getRandomPackFees
FNDA:0,getPerfectCommonGemURI
DA:44,0
DA:45,0
DA:52,0
DA:53,0
DA:61,0
DA:69,0
DA:91,0
DA:92,0
DA:93,0
DA:94,0
DA:95,0
DA:96,0
DA:97,0
DA:98,0
DA:106,0
DA:107,0
DA:109,0
DA:110,0
DA:118,0
DA:119,0
DA:121,0
DA:122,0
DA:130,0
DA:131,0
DA:133,0
DA:134,0
DA:142,0
DA:143,0
DA:151,0
DA:152,0
DA:165,0
DA:166,0
DA:170,0
DA:173,0
DA:176,0
DA:177,0
DA:178,0
DA:180,0
DA:184,0
DA:185,0
DA:186,0
DA:187,0
DA:190,0
DA:194,0
DA:195,0
DA:208,0
DA:223,0
DA:224,0
DA:226,0
DA:227,0
DA:229,0
DA:231,0
DA:233,0
DA:234,0
DA:236,0
DA:237,0
DA:240,0
DA:241,0
DA:242,0
LF:59
LH:0
BRDA:44,1,0,0
BRDA:44,1,1,0
BRDA:52,2,0,0
BRDA:52,2,1,0
BRDA:60,3,0,0
BRDA:60,3,1,0
BRDA:60,4,0,0
BRDA:60,4,1,0
BRDA:68,5,0,0
BRDA:68,5,1,0
BRDA:68,6,0,0
BRDA:68,6,1,0
BRDA:105,7,0,0
BRDA:105,7,1,0
BRDA:106,8,0,0
BRDA:106,8,1,0
BRDA:117,9,0,0
BRDA:117,9,1,0
BRDA:118,10,0,0
BRDA:118,10,1,0
BRDA:129,11,0,0
BRDA:129,11,1,0
BRDA:130,12,0,0
BRDA:130,12,1,0
BRDA:141,13,0,0
BRDA:141,13,1,0
BRDA:150,14,0,0
BRDA:150,14,1,0
BRDA:164,15,0,0
BRDA:164,15,1,0
BRDA:164,16,0,0
BRDA:164,16,1,0
BRDA:165,17,0,0
BRDA:165,17,1,0
BRDA:184,18,0,0
BRDA:184,18,1,0
BRDA:186,19,0,0
BRDA:186,19,1,0
BRDA:223,20,0,0
BRDA:223,20,1,0
BRDA:231,21,0,0
BRDA:231,21,1,0
BRF:42
BRH:0
end_of_record
TN:
SF:/Users/mehdiberiane/Documents/tokamak/gem-nft-contract/src/L2/RandomPackProxy.sol
FNF:0
FNH:0
LF:0
LH:0
BRF:0
BRH:0
end_of_record
TN:
SF:/Users/mehdiberiane/Documents/tokamak/gem-nft-contract/src/L2/RandomPackStorage.sol
FNF:0
FNH:0
LF:0
LH:0
BRF:0
BRH:0
end_of_record
TN:
SF:/Users/mehdiberiane/Documents/tokamak/gem-nft-contract/src/L2/Treasury.sol
FN:39,whenNotPaused
FN:45,whenPaused
FN:50,onlyMarketPlace
FN:55,onlyWstonSwapPoolOrOwner
FN:61,onlyOwnerOrRandomPackOrMarketplace
FN:70,onlyGemFactoryOrMarketPlaceOrRandomPackOrAirdropOrOwner
FN:81,pause
FN:85,unpause
FN:99,initialize
FN:112,setGemFactory
FN:121,setRandomPack
FN:130,setMarketPlace
FN:139,setAirdrop
FN:148,setWstonSwapPool
FN:156,tonApproveWstonSwapPool
FN:167,approveGem
FN:175,approveWstonForMarketplace
FN:190,transferWSTON
FN:212,transferTON
FN:241,createPreminedGEM
FN:270,createPreminedGEMPool
FN:298,transferTreasuryGEMto
FN:309,putGemForSale
FN:322,putGemListForSale
FN:333,removeGemFromSale
FN:342,buyGem
FN:350,swapTONforWSTON
FN:358,onERC721Received
FN:375,_checkNonAddress
FN:384,getTONBalance
FN:389,getWSTONBalance
FN:393,getGemFactoryAddress
FN:394,getMarketPlaceAddress
FN:395,getRandomPackAddress
FN:396,getAirdropAddress
FN:397,getTonAddress
FN:398,getWstonAddress
FN:399,getSwapPoolAddress
FNF:38
FNH:0
FNDA:0,whenNotPaused
FNDA:0,whenPaused
FNDA:0,onlyMarketPlace
FNDA:0,onlyWstonSwapPoolOrOwner
FNDA:0,onlyOwnerOrRandomPackOrMarketplace
FNDA:0,onlyGemFactoryOrMarketPlaceOrRandomPackOrAirdropOrOwner
FNDA:0,pause
FNDA:0,unpause
FNDA:0,initialize
FNDA:0,setGemFactory
FNDA:0,setRandomPack
FNDA:0,setMarketPlace
FNDA:0,setAirdrop
FNDA:0,setWstonSwapPool
FNDA:0,tonApproveWstonSwapPool
FNDA:0,approveGem
FNDA:0,approveWstonForMarketplace
FNDA:0,transferWSTON
FNDA:0,transferTON
FNDA:0,createPreminedGEM
FNDA:0,createPreminedGEMPool
FNDA:0,transferTreasuryGEMto
FNDA:0,putGemForSale
FNDA:0,putGemListForSale
FNDA:0,removeGemFromSale
FNDA:0,buyGem
FNDA:0,swapTONforWSTON
FNDA:0,onERC721Received
FNDA:0,_checkNonAddress
FNDA:0,getTONBalance
FNDA:0,getWSTONBalance
FNDA:0,getGemFactoryAddress
FNDA:0,getMarketPlaceAddress
FNDA:0,getRandomPackAddress
FNDA:0,getAirdropAddress
FNDA:0,getTonAddress
FNDA:0,getWstonAddress
FNDA:0,getSwapPoolAddress
DA:40,0
DA:41,0
DA:46,0
DA:47,0
DA:51,0
DA:52,0
DA:56,0
DA:58,0
DA:62,0
DA:67,0
DA:71,0
DA:78,0
DA:82,0
DA:86,0
DA:100,0
DA:101,0
DA:102,0
DA:103,0
DA:104,0
DA:105,0
DA:113,0
DA:114,0
DA:122,0
DA:123,0
DA:131,0
DA:132,0
DA:140,0
DA:141,0
DA:149,0
DA:150,0
DA:157,0
DA:158,0
DA:159,0
DA:168,0
DA:176,0
DA:192,0
DA:195,0
DA:196,0
DA:197,0
DA:201,0
DA:202,0
DA:214,0
DA:217,0
DA:218,0
DA:219,0
DA:223,0
DA:224,0
DA:243,0
DA:244,0
DA:248,0
DA:272,0
DA:273,0
DA:274,0
DA:278,0
DA:279,0
DA:283,0
DA:299,0
DA:300,0
DA:310,0
DA:311,0
DA:313,0
DA:323,0
DA:324,0
DA:326,0
DA:334,0
DA:343,0
DA:351,0
DA:364,0
DA:376,0
DA:385,0
DA:390,0
LF:71
LH:0
BRDA:40,1,0,0
BRDA:40,1,1,0
BRDA:46,2,0,0
BRDA:46,2,1,0
BRDA:51,3,0,0
BRDA:51,3,1,0
BRDA:56,4,0,0
BRDA:56,4,1,0
BRDA:56,5,0,0
BRDA:56,5,1,0
BRDA:62,6,0,0
BRDA:62,6,1,0
BRDA:63,7,0,0
BRDA:63,7,1,0
BRDA:63,8,0,0
BRDA:63,8,1,0
BRDA:71,9,0,0
BRDA:71,9,1,0
BRDA:72,10,0,0
BRDA:72,10,1,0
BRDA:72,11,0,0
BRDA:72,11,1,0
BRDA:72,12,0,0
BRDA:72,12,1,0
BRDA:72,13,0,0
BRDA:72,13,1,0
BRDA:81,14,0,0
BRDA:81,14,1,0
BRDA:81,15,0,0
BRDA:81,15,1,0
BRDA:85,16,0,0
BRDA:85,16,1,0
BRDA:85,17,0,0
BRDA:85,17,1,0
BRDA:100,18,0,0
BRDA:100,18,1,0
BRDA:112,19,0,0
BRDA:112,19,1,0
BRDA:121,20,0,0
BRDA:121,20,1,0
BRDA:130,21,0,0
BRDA:130,21,1,0
BRDA:139,22,0,0
BRDA:139,22,1,0
BRDA:148,23,0,0
BRDA:148,23,1,0
BRDA:156,24,0,0
BRDA:156,24,1,0
BRDA:167,25,0,0
BRDA:167,25,1,0
BRDA:175,26,0,0
BRDA:175,26,1,0
BRDA:190,27,0,0
BRDA:190,27,1,0
BRDA:190,28,0,0
BRDA:190,28,1,0
BRDA:196,29,0,0
BRDA:196,29,1,0
BRDA:212,30,0,0
BRDA:212,30,1,0
BRDA:218,31,0,0
BRDA:218,31,1,0
BRDA:241,32,0,0
BRDA:241,32,1,0
BRDA:243,33,0,0
BRDA:243,33,1,0
BRDA:270,34,0,0
BRDA:270,34,1,0
BRDA:278,35,0,0
BRDA:278,35,1,0
BRDA:298,36,0,0
BRDA:298,36,1,0
BRDA:309,37,0,0
BRDA:309,37,1,0
BRDA:310,38,0,0
BRDA:310,38,1,0
BRDA:322,39,0,0
BRDA:322,39,1,0
BRDA:323,40,0,0
BRDA:323,40,1,0
BRDA:333,41,0,0
BRDA:333,41,1,0
BRDA:342,42,0,0
BRDA:342,42,1,0
BRDA:350,43,0,0
BRDA:350,43,1,0
BRDA:376,44,0,0
BRDA:376,44,1,0
BRF:88
BRH:0
end_of_record
TN:
SF:/Users/mehdiberiane/Documents/tokamak/gem-nft-contract/src/L2/TreasuryProxy.sol
FNF:0
FNH:0
LF:0
LH:0
BRF:0
BRH:0
end_of_record
TN:
SF:/Users/mehdiberiane/Documents/tokamak/gem-nft-contract/src/L2/TreasuryStorage.sol
FNF:0
FNH:0
LF:0
LH:0
BRF:0
BRH:0
end_of_record
TN:
SF:/Users/mehdiberiane/Documents/tokamak/gem-nft-contract/src/L2/WstonSwapPool.sol
FN:13,whenNotPaused
FN:18,whenPaused
FN:23,onlyTreasury
FN:31,pause
FN:35,unpause
FN:48,initialize
FN:76,addLiquidity
FN:117,removeLiquidity
FN:138,swapWSTONforTON
FN:166,swapTONforWSTON
FN:202,distributeFees
FN:232,updateStakingIndex
FN:240,updateFeeRate
FN:248,_safeTransferFrom
FN:253,_safeTransfer
FN:262,getLpShares
FN:263,getWstonReserve
FN:264,getTonReserve
FN:265,getTotalShares
FN:266,getStakingIndex
FN:267,getTonFeesBalance
FN:268,getWstonFeesBalance
FNF:22
FNH:0
FNDA:0,whenNotPaused
FNDA:0,whenPaused
FNDA:0,onlyTreasury
FNDA:0,pause
FNDA:0,unpause
FNDA:0,initialize
FNDA:0,addLiquidity
FNDA:0,removeLiquidity
FNDA:0,swapWSTONforTON
FNDA:0,swapTONforWSTON
FNDA:0,distributeFees
FNDA:0,updateStakingIndex
FNDA:0,updateFeeRate
FNDA:0,_safeTransferFrom
FNDA:0,_safeTransfer
FNDA:0,getLpShares
FNDA:0,getWstonReserve
FNDA:0,getTonReserve
FNDA:0,getTotalShares
FNDA:0,getStakingIndex
FNDA:0,getTonFeesBalance
FNDA:0,getWstonFeesBalance
DA:14,0
DA:15,0
DA:19,0
DA:20,0
DA:24,0
DA:28,0
DA:32,0
DA:36,0
DA:55,0
DA:56,0
DA:57,0
DA:58,0
DA:59,0
DA:60,0
DA:61,0
DA:62,0
DA:77,0
DA:78,0
DA:80,0
DA:81,0
DA:83,0
DA:84,0
DA:86,0
DA:87,0
DA:89,0
DA:90,0
DA:94,0
DA:95,0
DA:97,0
DA:98,0
DA:102,0
DA:103,0
DA:107,0
DA:108,0
DA:109,0
DA:111,0
DA:112,0
DA:114,0
DA:118,0
DA:119,0
DA:122,0
DA:123,0
DA:125,0
DA:126,0
DA:128,0
DA:129,0
DA:131,0
DA:132,0
DA:134,0
DA:139,0
DA:140,0
DA:142,0
DA:143,0
DA:146,0
DA:147,0
DA:148,0
DA:150,0
DA:152,0
DA:153,0
DA:156,0
DA:157,0
DA:160,0
DA:161,0
DA:163,0
DA:167,0
DA:168,0
DA:170,0
DA:171,0
DA:174,0
DA:175,0
DA:176,0
DA:178,0
DA:180,0
DA:181,0
DA:184,0
DA:185,0
DA:188,0
DA:189,0
DA:191,0
DA:203,0
DA:204,0
DA:205,0
DA:208,0
DA:209,0
DA:211,0
DA:213,0
DA:214,0
DA:215,0
DA:216,0
DA:217,0
DA:218,0
DA:220,0
DA:221,0
DA:223,0
DA:224,0
DA:229,0
DA:233,0
DA:234,0
DA:236,0
DA:237,0
DA:241,0
DA:249,0
DA:250,0
DA:254,0
DA:255,0
LF:105
LH:0
BRDA:14,1,0,0
BRDA:14,1,1,0
BRDA:19,2,0,0
BRDA:19,2,1,0
BRDA:24,3,0,0
BRDA:24,3,1,0
BRDA:31,4,0,0
BRDA:31,4,1,0
BRDA:31,5,0,0
BRDA:31,5,1,0
BRDA:35,6,0,0
BRDA:35,6,1,0
BRDA:35,7,0,0
BRDA:35,7,1,0
BRDA:55,8,0,0
BRDA:55,8,1,0
BRDA:76,9,0,0
BRDA:76,9,1,0
BRDA:77,10,0,0
BRDA:77,10,1,0
BRDA:80,11,0,0
BRDA:80,11,1,0
BRDA:83,12,0,0
BRDA:83,12,1,0
BRDA:86,13,0,0
BRDA:86,13,1,0
BRDA:89,14,0,0
BRDA:89,14,1,0
BRDA:94,15,0,0
BRDA:94,15,1,0
BRDA:97,16,0,0
BRDA:97,16,1,0
BRDA:102,17,0,0
BRDA:102,17,1,0
BRDA:117,18,0,0
BRDA:117,18,1,0
BRDA:118,19,0,0
BRDA:118,19,1,0
BRDA:138,20,0,0
BRDA:138,20,1,0
BRDA:139,21,0,0
BRDA:139,21,1,0
BRDA:142,22,0,0
BRDA:142,22,1,0
BRDA:152,23,0,0
BRDA:152,23,1,0
BRDA:166,24,0,0
BRDA:166,24,1,0
BRDA:167,25,0,0
BRDA:167,25,1,0
BRDA:170,26,0,0
BRDA:170,26,1,0
BRDA:180,27,0,0
BRDA:180,27,1,0
BRDA:202,28,0,0
BRDA:202,28,1,0
BRDA:205,29,0,0
BRDA:205,29,1,0
BRDA:205,30,0,0
BRDA:205,30,1,0
BRDA:211,31,0,0
BRDA:211,31,1,0
BRDA:216,32,0,0
BRDA:216,32,1,0
BRDA:220,33,0,0
BRDA:220,33,1,0
BRDA:223,34,0,0
BRDA:223,34,1,0
BRDA:232,35,0,0
BRDA:232,35,1,0
BRDA:233,36,0,0
BRDA:233,36,1,0
BRDA:240,37,0,0
BRDA:240,37,1,0
BRDA:250,38,0,0
BRDA:250,38,1,0
BRDA:255,39,0,0
BRDA:255,39,1,0
BRF:78
BRH:0
end_of_record
TN:
SF:/Users/mehdiberiane/Documents/tokamak/gem-nft-contract/src/L2/WstonSwapPoolProxy.sol
FNF:0
FNH:0
LF:0
LH:0
BRF:0
BRH:0
end_of_record
TN:
SF:/Users/mehdiberiane/Documents/tokamak/gem-nft-contract/src/L2/WstonSwapPoolProxyV2.sol
FNF:0
FNH:0
LF:0
LH:0
BRF:0
BRH:0
end_of_record
TN:
SF:/Users/mehdiberiane/Documents/tokamak/gem-nft-contract/src/L2/WstonSwapPoolStorage.sol
FNF:0
FNH:0
LF:0
LH:0
BRF:0
BRH:0
end_of_record
TN:
SF:/Users/mehdiberiane/Documents/tokamak/gem-nft-contract/src/L2/WstonSwapPoolStorageV2.sol
FNF:0
FNH:0
LF:0
LH:0
BRF:0
BRH:0
end_of_record
TN:
SF:/Users/mehdiberiane/Documents/tokamak/gem-nft-contract/src/L2/WstonSwapPoolV2.sol
FN:28,whenNotPaused
FN:36,whenPaused
FN:44,onlyTreasury
FN:56,pause
FN:64,unpause
FN:76,initialize
FN:102,swap
FN:140,updateStakingIndex
FN:152,_safeTransferFrom
FN:161,getStakingIndex
FNF:10
FNH:0
FNDA:0,whenNotPaused
FNDA:0,whenPaused
FNDA:0,onlyTreasury
FNDA:0,pause
FNDA:0,unpause
FNDA:0,initialize
FNDA:0,swap
FNDA:0,updateStakingIndex
FNDA:0,_safeTransferFrom
FNDA:0,getStakingIndex
DA:29,0
DA:30,0
DA:37,0
DA:38,0
DA:45,0
DA:49,0
DA:57,0
DA:65,0
DA:82,0
DA:83,0
DA:84,0
DA:85,0
DA:86,0
DA:87,0
DA:88,0
DA:104,0
DA:105,0
DA:109,0
DA:110,0
DA:114,0
DA:117,0
DA:118,0
DA:122,0
DA:123,0
DA:127,0
DA:129,0
DA:131,0
DA:141,0
DA:142,0
DA:144,0
DA:145,0
DA:153,0
DA:154,0
LF:33
LH:0
BRDA:29,1,0,0
BRDA:29,1,1,0
BRDA:37,2,0,0
BRDA:37,2,1,0
BRDA:45,3,0,0
BRDA:45,3,1,0
BRDA:56,4,0,0
BRDA:56,4,1,0
BRDA:56,5,0,0
BRDA:56,5,1,0
BRDA:64,6,0,0
BRDA:64,6,1,0
BRDA:64,7,0,0
BRDA:64,7,1,0
BRDA:82,8,0,0
BRDA:82,8,1,0
BRDA:102,9,0,0
BRDA:102,9,1,0
BRDA:104,10,0,0
BRDA:104,10,1,0
BRDA:109,11,0,0
BRDA:109,11,1,0
BRDA:117,12,0,0
BRDA:117,12,1,0
BRDA:122,13,0,0
BRDA:122,13,1,0
BRDA:140,14,0,0
BRDA:140,14,1,0
BRDA:141,15,0,0
BRDA:141,15,1,0
BRDA:154,16,0,0
BRDA:154,16,1,0
BRF:32
BRH:0
end_of_record
TN:
SF:/Users/mehdiberiane/Documents/tokamak/gem-nft-contract/src/libraries/ForgeLibrary.sol
FN:60,forgeTokens
FN:232,_checkColor
FN:319,isTokenLocked
FNF:3
FNH:0
FNDA:0,forgeTokens
FNDA:0,_checkColor
FNDA:0,isTokenLocked
DA:71,0
DA:72,0
DA:76,0
DA:77,0
DA:78,0
DA:80,0
DA:81,0
DA:82,0
DA:83,0
DA:85,0
DA:86,0
DA:88,0
DA:89,0
DA:90,0
DA:91,0
DA:93,0
DA:94,0
DA:96,0
DA:97,0
DA:98,0
DA:99,0
DA:101,0
DA:102,0
DA:104,0
DA:105,0
DA:106,0
DA:107,0
DA:109,0
DA:110,0
DA:112,0
DA:113,0
DA:114,0
DA:115,0
DA:117,0
DA:121,0
DA:122,0
DA:125,0
DA:126,0
DA:127,0
DA:129,0
DA:130,0
DA:132,0
DA:133,0
DA:137,0
DA:138,0
DA:139,0
DA:140,0
DA:143,0
DA:144,0
DA:145,0
DA:146,0
DA:147,0
DA:153,0
DA:154,0
DA:158,0
DA:159,0
DA:160,0
DA:161,0
DA:163,0
DA:164,0
DA:170,0
DA:171,0
DA:174,0
DA:180,0
DA:181,0
DA:182,0
DA:183,0
DA:187,0
DA:190,0
DA:203,0
DA:204,0
DA:205,0
DA:208,0
DA:209,0
DA:210,0
DA:213,0
DA:239,0
DA:241,0
DA:243,0
DA:244,0
DA:245,0
DA:246,0
DA:247,0
DA:248,0
DA:251,0
DA:252,0
DA:253,0
DA:256,0
DA:257,0
DA:258,0
DA:261,0
DA:262,0
DA:263,0
DA:264,0
DA:266,0
DA:267,0
DA:271,0
DA:272,0
DA:273,0
DA:274,0
DA:276,0
DA:277,0
DA:281,0
DA:282,0
DA:283,0
DA:286,0
DA:287,0
DA:288,0
DA:289,0
DA:291,0
DA:292,0
DA:294,0
DA:295,0
DA:297,0
DA:298,0
DA:302,0
DA:303,0
DA:304,0
DA:308,0
DA:320,0
LF:120
LH:0
BRDA:71,1,0,0
BRDA:71,1,1,0
BRDA:76,2,0,0
BRDA:76,2,1,0
BRDA:77,3,0,0
BRDA:77,3,1,0
BRDA:84,4,0,0
BRDA:84,4,1,0
BRDA:85,5,0,0
BRDA:85,5,1,0
BRDA:92,6,0,0
BRDA:92,6,1,0
BRDA:93,7,0,0
BRDA:93,7,1,0
BRDA:100,8,0,0
BRDA:100,8,1,0
BRDA:101,9,0,0
BRDA:101,9,1,0
BRDA:108,10,0,0
BRDA:108,10,1,0
BRDA:109,11,0,0
BRDA:109,11,1,0
BRDA:126,12,0,0
BRDA:126,12,1,0
BRDA:129,13,0,0
BRDA:129,13,1,0
BRDA:132,14,0,0
BRDA:132,14,1,0
BRDA:144,15,0,0
BRDA:144,15,1,0
BRDA:146,16,0,0
BRDA:146,16,1,0
BRDA:153,17,0,0
BRDA:153,17,1,0
BRDA:164,18,0,0
BRDA:164,18,1,0
BRDA:165,19,0,0
BRDA:165,19,1,0
BRDA:166,20,0,0
BRDA:166,20,1,0
BRDA:167,21,0,0
BRDA:167,21,1,0
BRDA:168,22,0,0
BRDA:168,22,1,0
BRDA:174,23,0,0
BRDA:174,23,1,0
BRDA:208,24,0,0
BRDA:208,24,1,0
BRDA:241,25,0,0
BRDA:241,25,1,0
BRDA:251,26,0,0
BRDA:251,26,1,0
BRDA:256,27,0,0
BRDA:256,27,1,0
BRDA:261,28,0,0
BRDA:261,28,1,0
BRDA:261,29,0,0
BRDA:261,29,1,0
BRDA:261,30,0,0
BRDA:261,30,1,0
BRDA:261,31,0,0
BRDA:261,31,1,0
BRDA:262,32,0,0
BRDA:262,32,1,0
BRDA:271,33,0,0
BRDA:271,33,1,0
BRDA:271,34,0,0
BRDA:271,34,1,0
BRDA:272,35,0,0
BRDA:272,35,1,0
BRDA:281,36,0,0
BRDA:281,36,1,0
BRDA:281,37,0,0
BRDA:281,37,1,0
BRDA:286,38,0,0
BRDA:286,38,1,0
BRDA:286,39,0,0
BRDA:286,39,1,0
BRDA:286,40,0,0
BRDA:286,40,1,0
BRDA:286,41,0,0
BRDA:286,41,1,0
BRDA:287,42,0,0
BRDA:287,42,1,0
BRDA:290,43,0,0
BRDA:290,43,1,0
BRDA:293,44,0,0
BRDA:293,44,1,0
BRDA:296,45,0,0
BRDA:296,45,1,0
BRDA:302,46,0,0
BRDA:302,46,1,0
BRF:92
BRH:0
end_of_record
TN:
SF:/Users/mehdiberiane/Documents/tokamak/gem-nft-contract/src/libraries/GemLibrary.sol
FN:24,createGem
FN:71,burnGem
FN:92,burnGems
FNF:3
FNH:0
FNDA:0,createGem
FNDA:0,burnGem
FNDA:0,burnGems
DA:38,0
DA:52,0
DA:53,0
DA:54,0
DA:56,0
DA:57,0
DA:59,0
DA:78,0
DA:79,0
DA:80,0
DA:99,0
DA:100,0
LF:12
LH:0
BRF:0
BRH:0
end_of_record
TN:
SF:/Users/mehdiberiane/Documents/tokamak/gem-nft-contract/src/libraries/MiningLibrary.sol
FN:16,startMining
FN:37,cancelMining
FNF:2
FNH:0
FNDA:0,startMining
FNDA:0,cancelMining
DA:23,0
DA:24,0
DA:25,0
DA:26,0
DA:44,0
DA:45,0
DA:46,0
LF:7
LH:0
BRF:0
BRH:0
end_of_record
TN:
SF:/Users/mehdiberiane/Documents/tokamak/gem-nft-contract/src/proxy/Proxy.sol
FN:19,constructor
FN:26,setProxyPause
FN:32,upgradeTo
FN:44,setImplementation2
FN:52,setAliveImplementation2
FN:60,setSelectorImplementations2
FN:79,implementation
FN:84,implementation2
FN:91,getSelectorImplementation2
FN:107,
FN:116,_implementation2
FN:123,_fallback
FN:159,_setImplementation2
FN:172,_setAliveImplementation2
FN:180,isContract
FNF:15
FNH:0
FNDA:0,constructor
FNDA:0,setProxyPause
FNDA:0,upgradeTo
FNDA:0,setImplementation2
FNDA:0,setAliveImplementation2
FNDA:0,setSelectorImplementations2
FNDA:0,implementation
FNDA:0,implementation2
FNDA:0,getSelectorImplementation2
FNDA:0,
FNDA:0,_implementation2
FNDA:0,_fallback
FNDA:0,_setImplementation2
FNDA:0,_setAliveImplementation2
FNDA:0,isContract
DA:20,0
DA:27,0
DA:33,0
DA:34,0
DA:35,0
DA:36,0
DA:45,0
DA:53,0
DA:61,0
DA:62,0
DA:64,0
DA:65,0
DA:69,0
DA:70,0
DA:80,0
DA:87,0
DA:94,0
DA:95,0
DA:97,0
DA:103,0
DA:108,0
DA:119,0
DA:124,0
DA:126,0
DA:131,0
DA:164,0
DA:165,0
DA:166,0
DA:176,0
DA:177,0
DA:185,0
LF:31
LH:0
BRDA:26,1,0,0
BRDA:26,1,1,0
BRDA:32,2,0,0
BRDA:32,2,1,0
BRDA:33,3,0,0
BRDA:33,3,1,0
BRDA:34,4,0,0
BRDA:34,4,1,0
BRDA:44,5,0,0
BRDA:44,5,1,0
BRDA:52,6,0,0
BRDA:52,6,1,0
BRDA:60,7,0,0
BRDA:60,7,1,0
BRDA:61,8,0,0
BRDA:61,8,1,0
BRDA:62,9,0,0
BRDA:62,9,1,0
BRDA:65,10,0,0
BRDA:65,10,1,0
BRDA:94,11,0,0
BRDA:94,11,1,0
BRDA:96,12,0,0
BRDA:96,12,1,0
BRDA:126,13,0,0
BRDA:126,13,1,0
BRDA:164,14,0,0
BRDA:164,14,1,0
BRDA:165,15,0,0
BRDA:165,15,1,0
BRF:30
BRH:0
end_of_record
TN:
SF:/Users/mehdiberiane/Documents/tokamak/gem-nft-contract/src/proxy/ProxyStorage.sol
FNF:0
FNH:0
LF:0
LH:0
BRF:0
BRH:0
end_of_record
